Performing C SOURCE FILE Test WITH_WPEDANTIC_FLAG failed with the following output:
Change Dir: /home/mo/share/netconf2_new/libssh-0.9.2/lib/debug/CMakeFiles/CMakeTmp

Run Build Command(s):/usr/bin/make cmTC_b09b4/fast && /usr/bin/make  -f CMakeFiles/cmTC_b09b4.dir/build.make CMakeFiles/cmTC_b09b4.dir/build
make[1]: Entering directory '/home/mo/share/netconf2_new/libssh-0.9.2/lib/debug/CMakeFiles/CMakeTmp'
Building C object CMakeFiles/cmTC_b09b4.dir/src.c.o
/home/mo/share/gcc-4.4.4-glibc-2.11.1-multilib-1.0/arm-fsl-linux-gnueabi/bin/arm-linux-gcc   -DWITH_WPEDANTIC_FLAG -Werror -fPIE   -Wpedantic -o CMakeFiles/cmTC_b09b4.dir/src.c.o   -c /home/mo/share/netconf2_new/libssh-0.9.2/lib/debug/CMakeFiles/CMakeTmp/src.c
cc1: error: unrecognized command line option "-Wpedantic"
CMakeFiles/cmTC_b09b4.dir/build.make:85: recipe for target 'CMakeFiles/cmTC_b09b4.dir/src.c.o' failed
make[1]: *** [CMakeFiles/cmTC_b09b4.dir/src.c.o] Error 1
make[1]: Leaving directory '/home/mo/share/netconf2_new/libssh-0.9.2/lib/debug/CMakeFiles/CMakeTmp'
Makefile:141: recipe for target 'cmTC_b09b4/fast' failed
make: *** [cmTC_b09b4/fast] Error 2


Source file was:
int main(void) { return 0; }
Performing C SOURCE FILE Test WITH_WIMPLICIT_FALLTHROUGH_FLAG failed with the following output:
Change Dir: /home/mo/share/netconf2_new/libssh-0.9.2/lib/debug/CMakeFiles/CMakeTmp

Run Build Command(s):/usr/bin/make cmTC_947c4/fast && /usr/bin/make  -f CMakeFiles/cmTC_947c4.dir/build.make CMakeFiles/cmTC_947c4.dir/build
make[1]: Entering directory '/home/mo/share/netconf2_new/libssh-0.9.2/lib/debug/CMakeFiles/CMakeTmp'
Building C object CMakeFiles/cmTC_947c4.dir/src.c.o
/home/mo/share/gcc-4.4.4-glibc-2.11.1-multilib-1.0/arm-fsl-linux-gnueabi/bin/arm-linux-gcc   -DWITH_WIMPLICIT_FALLTHROUGH_FLAG -Werror -fPIE   -Wimplicit-fallthrough -o CMakeFiles/cmTC_947c4.dir/src.c.o   -c /home/mo/share/netconf2_new/libssh-0.9.2/lib/debug/CMakeFiles/CMakeTmp/src.c
cc1: error: unrecognized command line option "-Wimplicit-fallthrough"
CMakeFiles/cmTC_947c4.dir/build.make:85: recipe for target 'CMakeFiles/cmTC_947c4.dir/src.c.o' failed
make[1]: *** [CMakeFiles/cmTC_947c4.dir/src.c.o] Error 1
make[1]: Leaving directory '/home/mo/share/netconf2_new/libssh-0.9.2/lib/debug/CMakeFiles/CMakeTmp'
Makefile:141: recipe for target 'cmTC_947c4/fast' failed
make: *** [cmTC_947c4/fast] Error 2


Source file was:
int main(void) { return 0; }
Performing C SOURCE FILE Test WITH_STACK_PROTECTOR_STRONG failed with the following output:
Change Dir: /home/mo/share/netconf2_new/libssh-0.9.2/lib/debug/CMakeFiles/CMakeTmp

Run Build Command(s):/usr/bin/make cmTC_1ac28/fast && /usr/bin/make  -f CMakeFiles/cmTC_1ac28.dir/build.make CMakeFiles/cmTC_1ac28.dir/build
make[1]: Entering directory '/home/mo/share/netconf2_new/libssh-0.9.2/lib/debug/CMakeFiles/CMakeTmp'
Building C object CMakeFiles/cmTC_1ac28.dir/src.c.o
/home/mo/share/gcc-4.4.4-glibc-2.11.1-multilib-1.0/arm-fsl-linux-gnueabi/bin/arm-linux-gcc   -DWITH_STACK_PROTECTOR_STRONG -fstack-protector-strong -fPIE   -o CMakeFiles/cmTC_1ac28.dir/src.c.o   -c /home/mo/share/netconf2_new/libssh-0.9.2/lib/debug/CMakeFiles/CMakeTmp/src.c
cc1: error: unrecognized command line option "-fstack-protector-strong"
CMakeFiles/cmTC_1ac28.dir/build.make:85: recipe for target 'CMakeFiles/cmTC_1ac28.dir/src.c.o' failed
make[1]: *** [CMakeFiles/cmTC_1ac28.dir/src.c.o] Error 1
make[1]: Leaving directory '/home/mo/share/netconf2_new/libssh-0.9.2/lib/debug/CMakeFiles/CMakeTmp'
Makefile:141: recipe for target 'cmTC_1ac28/fast' failed
make: *** [cmTC_1ac28/fast] Error 2


Source file was:
int main(int argc, char **argv) { char buffer[256]; return buffer[argc]=0;}
Performing C SOURCE FILE Test WITH_STACK_CLASH_PROTECTION failed with the following output:
Change Dir: /home/mo/share/netconf2_new/libssh-0.9.2/lib/debug/CMakeFiles/CMakeTmp

Run Build Command(s):/usr/bin/make cmTC_8636b/fast && /usr/bin/make  -f CMakeFiles/cmTC_8636b.dir/build.make CMakeFiles/cmTC_8636b.dir/build
make[1]: Entering directory '/home/mo/share/netconf2_new/libssh-0.9.2/lib/debug/CMakeFiles/CMakeTmp'
Building C object CMakeFiles/cmTC_8636b.dir/src.c.o
/home/mo/share/gcc-4.4.4-glibc-2.11.1-multilib-1.0/arm-fsl-linux-gnueabi/bin/arm-linux-gcc   -DWITH_STACK_CLASH_PROTECTION -fstack-clash-protection -fPIE   -o CMakeFiles/cmTC_8636b.dir/src.c.o   -c /home/mo/share/netconf2_new/libssh-0.9.2/lib/debug/CMakeFiles/CMakeTmp/src.c
cc1: error: unrecognized command line option "-fstack-clash-protection"
CMakeFiles/cmTC_8636b.dir/build.make:85: recipe for target 'CMakeFiles/cmTC_8636b.dir/src.c.o' failed
make[1]: *** [CMakeFiles/cmTC_8636b.dir/src.c.o] Error 1
make[1]: Leaving directory '/home/mo/share/netconf2_new/libssh-0.9.2/lib/debug/CMakeFiles/CMakeTmp'
Makefile:141: recipe for target 'cmTC_8636b/fast' failed
make: *** [cmTC_8636b/fast] Error 2


Source file was:
int main(int argc, char **argv) { char buffer[256]; return buffer[argc]=0;}
Performing C SOURCE FILE Test CMAKE_HAVE_LIBC_PTHREAD failed with the following output:
Change Dir: /home/mo/share/netconf2_new/libssh-0.9.2/lib/debug/CMakeFiles/CMakeTmp

Run Build Command(s):/usr/bin/make cmTC_5ccab/fast && /usr/bin/make  -f CMakeFiles/cmTC_5ccab.dir/build.make CMakeFiles/cmTC_5ccab.dir/build
make[1]: Entering directory '/home/mo/share/netconf2_new/libssh-0.9.2/lib/debug/CMakeFiles/CMakeTmp'
Building C object CMakeFiles/cmTC_5ccab.dir/src.c.o
/home/mo/share/gcc-4.4.4-glibc-2.11.1-multilib-1.0/arm-fsl-linux-gnueabi/bin/arm-linux-gcc   -DCMAKE_HAVE_LIBC_PTHREAD -fPIE   -o CMakeFiles/cmTC_5ccab.dir/src.c.o   -c /home/mo/share/netconf2_new/libssh-0.9.2/lib/debug/CMakeFiles/CMakeTmp/src.c
Linking C executable cmTC_5ccab
/usr/local/bin/cmake -E cmake_link_script CMakeFiles/cmTC_5ccab.dir/link.txt --verbose=1
/home/mo/share/gcc-4.4.4-glibc-2.11.1-multilib-1.0/arm-fsl-linux-gnueabi/bin/arm-linux-gcc  -DCMAKE_HAVE_LIBC_PTHREAD    -rdynamic CMakeFiles/cmTC_5ccab.dir/src.c.o  -o cmTC_5ccab 
CMakeFiles/cmTC_5ccab.dir/src.c.o: In function `main':
src.c:(.text+0x54): undefined reference to `pthread_create'
src.c:(.text+0x60): undefined reference to `pthread_detach'
src.c:(.text+0x6c): undefined reference to `pthread_cancel'
src.c:(.text+0x7c): undefined reference to `pthread_join'
src.c:(.text+0x8c): undefined reference to `pthread_atfork'
collect2: ld returned 1 exit status
CMakeFiles/cmTC_5ccab.dir/build.make:106: recipe for target 'cmTC_5ccab' failed
make[1]: *** [cmTC_5ccab] Error 1
make[1]: Leaving directory '/home/mo/share/netconf2_new/libssh-0.9.2/lib/debug/CMakeFiles/CMakeTmp'
Makefile:141: recipe for target 'cmTC_5ccab/fast' failed
make: *** [cmTC_5ccab/fast] Error 2


Source file was:
#include <pthread.h>

void* test_func(void* data)
{
  return data;
}

int main(void)
{
  pthread_t thread;
  pthread_create(&thread, NULL, test_func, NULL);
  pthread_detach(thread);
  pthread_cancel(thread);
  pthread_join(thread, NULL);
  pthread_atfork(NULL, NULL, NULL);
  pthread_exit(NULL);

  return 0;
}

Determining if the include file util.h exists failed with the following output:
Change Dir: /home/mo/share/netconf2_new/libssh-0.9.2/lib/debug/CMakeFiles/CMakeTmp

Run Build Command(s):/usr/bin/make cmTC_bb2d2/fast && /usr/bin/make  -f CMakeFiles/cmTC_bb2d2.dir/build.make CMakeFiles/cmTC_bb2d2.dir/build
make[1]: Entering directory '/home/mo/share/netconf2_new/libssh-0.9.2/lib/debug/CMakeFiles/CMakeTmp'
Building C object CMakeFiles/cmTC_bb2d2.dir/CheckIncludeFile.c.o
/home/mo/share/gcc-4.4.4-glibc-2.11.1-multilib-1.0/arm-fsl-linux-gnueabi/bin/arm-linux-gcc   -fPIE   -o CMakeFiles/cmTC_bb2d2.dir/CheckIncludeFile.c.o   -c /home/mo/share/netconf2_new/libssh-0.9.2/lib/debug/CMakeFiles/CMakeTmp/CheckIncludeFile.c
/home/mo/share/netconf2_new/libssh-0.9.2/lib/debug/CMakeFiles/CMakeTmp/CheckIncludeFile.c:1:18: error: util.h: No such file or directory
CMakeFiles/cmTC_bb2d2.dir/build.make:85: recipe for target 'CMakeFiles/cmTC_bb2d2.dir/CheckIncludeFile.c.o' failed
make[1]: *** [CMakeFiles/cmTC_bb2d2.dir/CheckIncludeFile.c.o] Error 1
make[1]: Leaving directory '/home/mo/share/netconf2_new/libssh-0.9.2/lib/debug/CMakeFiles/CMakeTmp'
Makefile:141: recipe for target 'cmTC_bb2d2/fast' failed
make: *** [cmTC_bb2d2/fast] Error 2



Determining if the include file libutil.h exists failed with the following output:
Change Dir: /home/mo/share/netconf2_new/libssh-0.9.2/lib/debug/CMakeFiles/CMakeTmp

Run Build Command(s):/usr/bin/make cmTC_ecd45/fast && /usr/bin/make  -f CMakeFiles/cmTC_ecd45.dir/build.make CMakeFiles/cmTC_ecd45.dir/build
make[1]: Entering directory '/home/mo/share/netconf2_new/libssh-0.9.2/lib/debug/CMakeFiles/CMakeTmp'
Building C object CMakeFiles/cmTC_ecd45.dir/CheckIncludeFile.c.o
/home/mo/share/gcc-4.4.4-glibc-2.11.1-multilib-1.0/arm-fsl-linux-gnueabi/bin/arm-linux-gcc   -fPIE   -o CMakeFiles/cmTC_ecd45.dir/CheckIncludeFile.c.o   -c /home/mo/share/netconf2_new/libssh-0.9.2/lib/debug/CMakeFiles/CMakeTmp/CheckIncludeFile.c
/home/mo/share/netconf2_new/libssh-0.9.2/lib/debug/CMakeFiles/CMakeTmp/CheckIncludeFile.c:1:21: error: libutil.h: No such file or directory
CMakeFiles/cmTC_ecd45.dir/build.make:85: recipe for target 'CMakeFiles/cmTC_ecd45.dir/CheckIncludeFile.c.o' failed
make[1]: *** [CMakeFiles/cmTC_ecd45.dir/CheckIncludeFile.c.o] Error 1
make[1]: Leaving directory '/home/mo/share/netconf2_new/libssh-0.9.2/lib/debug/CMakeFiles/CMakeTmp'
Makefile:141: recipe for target 'cmTC_ecd45/fast' failed
make: *** [cmTC_ecd45/fast] Error 2



Determining if the include file sys/utime.h exists failed with the following output:
Change Dir: /home/mo/share/netconf2_new/libssh-0.9.2/lib/debug/CMakeFiles/CMakeTmp

Run Build Command(s):/usr/bin/make cmTC_07c95/fast && /usr/bin/make  -f CMakeFiles/cmTC_07c95.dir/build.make CMakeFiles/cmTC_07c95.dir/build
make[1]: Entering directory '/home/mo/share/netconf2_new/libssh-0.9.2/lib/debug/CMakeFiles/CMakeTmp'
Building C object CMakeFiles/cmTC_07c95.dir/CheckIncludeFile.c.o
/home/mo/share/gcc-4.4.4-glibc-2.11.1-multilib-1.0/arm-fsl-linux-gnueabi/bin/arm-linux-gcc   -fPIE   -o CMakeFiles/cmTC_07c95.dir/CheckIncludeFile.c.o   -c /home/mo/share/netconf2_new/libssh-0.9.2/lib/debug/CMakeFiles/CMakeTmp/CheckIncludeFile.c
/home/mo/share/netconf2_new/libssh-0.9.2/lib/debug/CMakeFiles/CMakeTmp/CheckIncludeFile.c:1:23: error: sys/utime.h: No such file or directory
CMakeFiles/cmTC_07c95.dir/build.make:85: recipe for target 'CMakeFiles/cmTC_07c95.dir/CheckIncludeFile.c.o' failed
make[1]: *** [CMakeFiles/cmTC_07c95.dir/CheckIncludeFile.c.o] Error 1
make[1]: Leaving directory '/home/mo/share/netconf2_new/libssh-0.9.2/lib/debug/CMakeFiles/CMakeTmp'
Makefile:141: recipe for target 'cmTC_07c95/fast' failed
make: *** [cmTC_07c95/fast] Error 2



Determining if the include file valgrind/valgrind.h exists failed with the following output:
Change Dir: /home/mo/share/netconf2_new/libssh-0.9.2/lib/debug/CMakeFiles/CMakeTmp

Run Build Command(s):/usr/bin/make cmTC_0fde7/fast && /usr/bin/make  -f CMakeFiles/cmTC_0fde7.dir/build.make CMakeFiles/cmTC_0fde7.dir/build
make[1]: Entering directory '/home/mo/share/netconf2_new/libssh-0.9.2/lib/debug/CMakeFiles/CMakeTmp'
Building C object CMakeFiles/cmTC_0fde7.dir/CheckIncludeFile.c.o
/home/mo/share/gcc-4.4.4-glibc-2.11.1-multilib-1.0/arm-fsl-linux-gnueabi/bin/arm-linux-gcc   -fPIE   -o CMakeFiles/cmTC_0fde7.dir/CheckIncludeFile.c.o   -c /home/mo/share/netconf2_new/libssh-0.9.2/lib/debug/CMakeFiles/CMakeTmp/CheckIncludeFile.c
/home/mo/share/netconf2_new/libssh-0.9.2/lib/debug/CMakeFiles/CMakeTmp/CheckIncludeFile.c:1:31: error: valgrind/valgrind.h: No such file or directory
CMakeFiles/cmTC_0fde7.dir/build.make:85: recipe for target 'CMakeFiles/cmTC_0fde7.dir/CheckIncludeFile.c.o' failed
make[1]: *** [CMakeFiles/cmTC_0fde7.dir/CheckIncludeFile.c.o] Error 1
make[1]: Leaving directory '/home/mo/share/netconf2_new/libssh-0.9.2/lib/debug/CMakeFiles/CMakeTmp'
Makefile:141: recipe for target 'cmTC_0fde7/fast' failed
make: *** [cmTC_0fde7/fast] Error 2



Determining if the function CRYPTO_THREADID_set_callback exists failed with the following output:
Change Dir: /home/mo/share/netconf2_new/libssh-0.9.2/lib/debug/CMakeFiles/CMakeTmp

Run Build Command(s):/usr/bin/make cmTC_68f3e/fast && /usr/bin/make  -f CMakeFiles/cmTC_68f3e.dir/build.make CMakeFiles/cmTC_68f3e.dir/build
make[1]: Entering directory '/home/mo/share/netconf2_new/libssh-0.9.2/lib/debug/CMakeFiles/CMakeTmp'
Building C object CMakeFiles/cmTC_68f3e.dir/CheckFunctionExists.c.o
/home/mo/share/gcc-4.4.4-glibc-2.11.1-multilib-1.0/arm-fsl-linux-gnueabi/bin/arm-linux-gcc  -I/home/mo/share/netconf2/lib/openssl/debug/output/include  -DCHECK_FUNCTION_EXISTS=CRYPTO_THREADID_set_callback -fPIE   -o CMakeFiles/cmTC_68f3e.dir/CheckFunctionExists.c.o   -c /usr/local/share/cmake-3.17/Modules/CheckFunctionExists.c
Linking C executable cmTC_68f3e
/usr/local/bin/cmake -E cmake_link_script CMakeFiles/cmTC_68f3e.dir/link.txt --verbose=1
/home/mo/share/gcc-4.4.4-glibc-2.11.1-multilib-1.0/arm-fsl-linux-gnueabi/bin/arm-linux-gcc  -DCHECK_FUNCTION_EXISTS=CRYPTO_THREADID_set_callback    -rdynamic CMakeFiles/cmTC_68f3e.dir/CheckFunctionExists.c.o  -o cmTC_68f3e  -Wl,-rpath,/home/mo/share/netconf2/lib/openssl/debug/output/lib /home/mo/share/netconf2/lib/openssl/debug/output/lib/libcrypto.so 
CMakeFiles/cmTC_68f3e.dir/CheckFunctionExists.c.o: In function `main':
CheckFunctionExists.c:(.text+0x14): undefined reference to `CRYPTO_THREADID_set_callback'
collect2: ld returned 1 exit status
CMakeFiles/cmTC_68f3e.dir/build.make:107: recipe for target 'cmTC_68f3e' failed
make[1]: *** [cmTC_68f3e] Error 1
make[1]: Leaving directory '/home/mo/share/netconf2_new/libssh-0.9.2/lib/debug/CMakeFiles/CMakeTmp'
Makefile:141: recipe for target 'cmTC_68f3e/fast' failed
make: *** [cmTC_68f3e/fast] Error 2



Determining if the function EVP_KDF_CTX_new_id exists failed with the following output:
Change Dir: /home/mo/share/netconf2_new/libssh-0.9.2/lib/debug/CMakeFiles/CMakeTmp

Run Build Command(s):/usr/bin/make cmTC_5e3f8/fast && /usr/bin/make  -f CMakeFiles/cmTC_5e3f8.dir/build.make CMakeFiles/cmTC_5e3f8.dir/build
make[1]: Entering directory '/home/mo/share/netconf2_new/libssh-0.9.2/lib/debug/CMakeFiles/CMakeTmp'
Building C object CMakeFiles/cmTC_5e3f8.dir/CheckFunctionExists.c.o
/home/mo/share/gcc-4.4.4-glibc-2.11.1-multilib-1.0/arm-fsl-linux-gnueabi/bin/arm-linux-gcc  -I/home/mo/share/netconf2/lib/openssl/debug/output/include  -DCHECK_FUNCTION_EXISTS=EVP_KDF_CTX_new_id -fPIE   -o CMakeFiles/cmTC_5e3f8.dir/CheckFunctionExists.c.o   -c /usr/local/share/cmake-3.17/Modules/CheckFunctionExists.c
Linking C executable cmTC_5e3f8
/usr/local/bin/cmake -E cmake_link_script CMakeFiles/cmTC_5e3f8.dir/link.txt --verbose=1
/home/mo/share/gcc-4.4.4-glibc-2.11.1-multilib-1.0/arm-fsl-linux-gnueabi/bin/arm-linux-gcc  -DCHECK_FUNCTION_EXISTS=EVP_KDF_CTX_new_id    -rdynamic CMakeFiles/cmTC_5e3f8.dir/CheckFunctionExists.c.o  -o cmTC_5e3f8  -Wl,-rpath,/home/mo/share/netconf2/lib/openssl/debug/output/lib /home/mo/share/netconf2/lib/openssl/debug/output/lib/libcrypto.so 
CMakeFiles/cmTC_5e3f8.dir/CheckFunctionExists.c.o: In function `main':
CheckFunctionExists.c:(.text+0x14): undefined reference to `EVP_KDF_CTX_new_id'
collect2: ld returned 1 exit status
CMakeFiles/cmTC_5e3f8.dir/build.make:107: recipe for target 'cmTC_5e3f8' failed
make[1]: *** [cmTC_5e3f8] Error 1
make[1]: Leaving directory '/home/mo/share/netconf2_new/libssh-0.9.2/lib/debug/CMakeFiles/CMakeTmp'
Makefile:141: recipe for target 'cmTC_5e3f8/fast' failed
make: *** [cmTC_5e3f8/fast] Error 2



Determining if the function RAND_priv_bytes exists failed with the following output:
Change Dir: /home/mo/share/netconf2_new/libssh-0.9.2/lib/debug/CMakeFiles/CMakeTmp

Run Build Command(s):/usr/bin/make cmTC_6ea2d/fast && /usr/bin/make  -f CMakeFiles/cmTC_6ea2d.dir/build.make CMakeFiles/cmTC_6ea2d.dir/build
make[1]: Entering directory '/home/mo/share/netconf2_new/libssh-0.9.2/lib/debug/CMakeFiles/CMakeTmp'
Building C object CMakeFiles/cmTC_6ea2d.dir/CheckFunctionExists.c.o
/home/mo/share/gcc-4.4.4-glibc-2.11.1-multilib-1.0/arm-fsl-linux-gnueabi/bin/arm-linux-gcc  -I/home/mo/share/netconf2/lib/openssl/debug/output/include  -DCHECK_FUNCTION_EXISTS=RAND_priv_bytes -fPIE   -o CMakeFiles/cmTC_6ea2d.dir/CheckFunctionExists.c.o   -c /usr/local/share/cmake-3.17/Modules/CheckFunctionExists.c
Linking C executable cmTC_6ea2d
/usr/local/bin/cmake -E cmake_link_script CMakeFiles/cmTC_6ea2d.dir/link.txt --verbose=1
/home/mo/share/gcc-4.4.4-glibc-2.11.1-multilib-1.0/arm-fsl-linux-gnueabi/bin/arm-linux-gcc  -DCHECK_FUNCTION_EXISTS=RAND_priv_bytes    -rdynamic CMakeFiles/cmTC_6ea2d.dir/CheckFunctionExists.c.o  -o cmTC_6ea2d  -Wl,-rpath,/home/mo/share/netconf2/lib/openssl/debug/output/lib /home/mo/share/netconf2/lib/openssl/debug/output/lib/libcrypto.so 
CMakeFiles/cmTC_6ea2d.dir/CheckFunctionExists.c.o: In function `main':
CheckFunctionExists.c:(.text+0x14): undefined reference to `RAND_priv_bytes'
collect2: ld returned 1 exit status
CMakeFiles/cmTC_6ea2d.dir/build.make:107: recipe for target 'cmTC_6ea2d' failed
make[1]: *** [cmTC_6ea2d] Error 1
make[1]: Leaving directory '/home/mo/share/netconf2_new/libssh-0.9.2/lib/debug/CMakeFiles/CMakeTmp'
Makefile:141: recipe for target 'cmTC_6ea2d/fast' failed
make: *** [cmTC_6ea2d/fast] Error 2



Determining if the function EVP_DigestSign exists failed with the following output:
Change Dir: /home/mo/share/netconf2_new/libssh-0.9.2/lib/debug/CMakeFiles/CMakeTmp

Run Build Command(s):/usr/bin/make cmTC_c5422/fast && /usr/bin/make  -f CMakeFiles/cmTC_c5422.dir/build.make CMakeFiles/cmTC_c5422.dir/build
make[1]: Entering directory '/home/mo/share/netconf2_new/libssh-0.9.2/lib/debug/CMakeFiles/CMakeTmp'
Building C object CMakeFiles/cmTC_c5422.dir/CheckFunctionExists.c.o
/home/mo/share/gcc-4.4.4-glibc-2.11.1-multilib-1.0/arm-fsl-linux-gnueabi/bin/arm-linux-gcc  -I/home/mo/share/netconf2/lib/openssl/debug/output/include  -DCHECK_FUNCTION_EXISTS=EVP_DigestSign -fPIE   -o CMakeFiles/cmTC_c5422.dir/CheckFunctionExists.c.o   -c /usr/local/share/cmake-3.17/Modules/CheckFunctionExists.c
Linking C executable cmTC_c5422
/usr/local/bin/cmake -E cmake_link_script CMakeFiles/cmTC_c5422.dir/link.txt --verbose=1
/home/mo/share/gcc-4.4.4-glibc-2.11.1-multilib-1.0/arm-fsl-linux-gnueabi/bin/arm-linux-gcc  -DCHECK_FUNCTION_EXISTS=EVP_DigestSign    -rdynamic CMakeFiles/cmTC_c5422.dir/CheckFunctionExists.c.o  -o cmTC_c5422  -Wl,-rpath,/home/mo/share/netconf2/lib/openssl/debug/output/lib /home/mo/share/netconf2/lib/openssl/debug/output/lib/libcrypto.so 
CMakeFiles/cmTC_c5422.dir/CheckFunctionExists.c.o: In function `main':
CheckFunctionExists.c:(.text+0x14): undefined reference to `EVP_DigestSign'
collect2: ld returned 1 exit status
CMakeFiles/cmTC_c5422.dir/build.make:107: recipe for target 'cmTC_c5422' failed
make[1]: *** [cmTC_c5422] Error 1
make[1]: Leaving directory '/home/mo/share/netconf2_new/libssh-0.9.2/lib/debug/CMakeFiles/CMakeTmp'
Makefile:141: recipe for target 'cmTC_c5422/fast' failed
make: *** [cmTC_c5422/fast] Error 2



Determining if the function EVP_DigestVerify exists failed with the following output:
Change Dir: /home/mo/share/netconf2_new/libssh-0.9.2/lib/debug/CMakeFiles/CMakeTmp

Run Build Command(s):/usr/bin/make cmTC_3d894/fast && /usr/bin/make  -f CMakeFiles/cmTC_3d894.dir/build.make CMakeFiles/cmTC_3d894.dir/build
make[1]: Entering directory '/home/mo/share/netconf2_new/libssh-0.9.2/lib/debug/CMakeFiles/CMakeTmp'
Building C object CMakeFiles/cmTC_3d894.dir/CheckFunctionExists.c.o
/home/mo/share/gcc-4.4.4-glibc-2.11.1-multilib-1.0/arm-fsl-linux-gnueabi/bin/arm-linux-gcc  -I/home/mo/share/netconf2/lib/openssl/debug/output/include  -DCHECK_FUNCTION_EXISTS=EVP_DigestVerify -fPIE   -o CMakeFiles/cmTC_3d894.dir/CheckFunctionExists.c.o   -c /usr/local/share/cmake-3.17/Modules/CheckFunctionExists.c
Linking C executable cmTC_3d894
/usr/local/bin/cmake -E cmake_link_script CMakeFiles/cmTC_3d894.dir/link.txt --verbose=1
/home/mo/share/gcc-4.4.4-glibc-2.11.1-multilib-1.0/arm-fsl-linux-gnueabi/bin/arm-linux-gcc  -DCHECK_FUNCTION_EXISTS=EVP_DigestVerify    -rdynamic CMakeFiles/cmTC_3d894.dir/CheckFunctionExists.c.o  -o cmTC_3d894  -Wl,-rpath,/home/mo/share/netconf2/lib/openssl/debug/output/lib /home/mo/share/netconf2/lib/openssl/debug/output/lib/libcrypto.so 
CMakeFiles/cmTC_3d894.dir/CheckFunctionExists.c.o: In function `main':
CheckFunctionExists.c:(.text+0x14): undefined reference to `EVP_DigestVerify'
collect2: ld returned 1 exit status
CMakeFiles/cmTC_3d894.dir/build.make:107: recipe for target 'cmTC_3d894' failed
make[1]: *** [cmTC_3d894] Error 1
make[1]: Leaving directory '/home/mo/share/netconf2_new/libssh-0.9.2/lib/debug/CMakeFiles/CMakeTmp'
Makefile:141: recipe for target 'cmTC_3d894/fast' failed
make: *** [cmTC_3d894/fast] Error 2



Determining if the function OPENSSL_ia32cap_loc exists failed with the following output:
Change Dir: /home/mo/share/netconf2_new/libssh-0.9.2/lib/debug/CMakeFiles/CMakeTmp

Run Build Command(s):/usr/bin/make cmTC_08b0a/fast && /usr/bin/make  -f CMakeFiles/cmTC_08b0a.dir/build.make CMakeFiles/cmTC_08b0a.dir/build
make[1]: Entering directory '/home/mo/share/netconf2_new/libssh-0.9.2/lib/debug/CMakeFiles/CMakeTmp'
Building C object CMakeFiles/cmTC_08b0a.dir/CheckFunctionExists.c.o
/home/mo/share/gcc-4.4.4-glibc-2.11.1-multilib-1.0/arm-fsl-linux-gnueabi/bin/arm-linux-gcc  -I/home/mo/share/netconf2/lib/openssl/debug/output/include  -DCHECK_FUNCTION_EXISTS=OPENSSL_ia32cap_loc -fPIE   -o CMakeFiles/cmTC_08b0a.dir/CheckFunctionExists.c.o   -c /usr/local/share/cmake-3.17/Modules/CheckFunctionExists.c
Linking C executable cmTC_08b0a
/usr/local/bin/cmake -E cmake_link_script CMakeFiles/cmTC_08b0a.dir/link.txt --verbose=1
/home/mo/share/gcc-4.4.4-glibc-2.11.1-multilib-1.0/arm-fsl-linux-gnueabi/bin/arm-linux-gcc  -DCHECK_FUNCTION_EXISTS=OPENSSL_ia32cap_loc    -rdynamic CMakeFiles/cmTC_08b0a.dir/CheckFunctionExists.c.o  -o cmTC_08b0a  -Wl,-rpath,/home/mo/share/netconf2/lib/openssl/debug/output/lib /home/mo/share/netconf2/lib/openssl/debug/output/lib/libcrypto.so 
CMakeFiles/cmTC_08b0a.dir/CheckFunctionExists.c.o: In function `main':
CheckFunctionExists.c:(.text+0x14): undefined reference to `OPENSSL_ia32cap_loc'
collect2: ld returned 1 exit status
CMakeFiles/cmTC_08b0a.dir/build.make:107: recipe for target 'cmTC_08b0a' failed
make[1]: *** [cmTC_08b0a] Error 1
make[1]: Leaving directory '/home/mo/share/netconf2_new/libssh-0.9.2/lib/debug/CMakeFiles/CMakeTmp'
Makefile:141: recipe for target 'cmTC_08b0a/fast' failed
make: *** [cmTC_08b0a/fast] Error 2



Determining if the EVP_PKEY_ED25519 exist failed with the following output:
Change Dir: /home/mo/share/netconf2_new/libssh-0.9.2/lib/debug/CMakeFiles/CMakeTmp

Run Build Command(s):/usr/bin/make cmTC_51339/fast && /usr/bin/make  -f CMakeFiles/cmTC_51339.dir/build.make CMakeFiles/cmTC_51339.dir/build
make[1]: Entering directory '/home/mo/share/netconf2_new/libssh-0.9.2/lib/debug/CMakeFiles/CMakeTmp'
Building C object CMakeFiles/cmTC_51339.dir/CheckSymbolExists.c.o
/home/mo/share/gcc-4.4.4-glibc-2.11.1-multilib-1.0/arm-fsl-linux-gnueabi/bin/arm-linux-gcc  -I/home/mo/share/netconf2/lib/openssl/debug/output/include  -fPIE   -o CMakeFiles/cmTC_51339.dir/CheckSymbolExists.c.o   -c /home/mo/share/netconf2_new/libssh-0.9.2/lib/debug/CMakeFiles/CMakeTmp/CheckSymbolExists.c
/home/mo/share/netconf2_new/libssh-0.9.2/lib/debug/CMakeFiles/CMakeTmp/CheckSymbolExists.c: In function 'main':
/home/mo/share/netconf2_new/libssh-0.9.2/lib/debug/CMakeFiles/CMakeTmp/CheckSymbolExists.c:8: error: 'EVP_PKEY_ED25519' undeclared (first use in this function)
/home/mo/share/netconf2_new/libssh-0.9.2/lib/debug/CMakeFiles/CMakeTmp/CheckSymbolExists.c:8: error: (Each undeclared identifier is reported only once
/home/mo/share/netconf2_new/libssh-0.9.2/lib/debug/CMakeFiles/CMakeTmp/CheckSymbolExists.c:8: error: for each function it appears in.)
CMakeFiles/cmTC_51339.dir/build.make:85: recipe for target 'CMakeFiles/cmTC_51339.dir/CheckSymbolExists.c.o' failed
make[1]: *** [CMakeFiles/cmTC_51339.dir/CheckSymbolExists.c.o] Error 1
make[1]: Leaving directory '/home/mo/share/netconf2_new/libssh-0.9.2/lib/debug/CMakeFiles/CMakeTmp'
Makefile:141: recipe for target 'cmTC_51339/fast' failed
make: *** [cmTC_51339/fast] Error 2


File /home/mo/share/netconf2_new/libssh-0.9.2/lib/debug/CMakeFiles/CMakeTmp/CheckSymbolExists.c:
/* */
#include <openssl/evp.h>

int main(int argc, char** argv)
{
  (void)argv;
#ifndef EVP_PKEY_ED25519
  return ((int*)(&EVP_PKEY_ED25519))[argc];
#else
  (void)argc;
  return 0;
#endif
}
Determining if the EVP_PKEY_X25519 exist failed with the following output:
Change Dir: /home/mo/share/netconf2_new/libssh-0.9.2/lib/debug/CMakeFiles/CMakeTmp

Run Build Command(s):/usr/bin/make cmTC_22187/fast && /usr/bin/make  -f CMakeFiles/cmTC_22187.dir/build.make CMakeFiles/cmTC_22187.dir/build
make[1]: Entering directory '/home/mo/share/netconf2_new/libssh-0.9.2/lib/debug/CMakeFiles/CMakeTmp'
Building C object CMakeFiles/cmTC_22187.dir/CheckSymbolExists.c.o
/home/mo/share/gcc-4.4.4-glibc-2.11.1-multilib-1.0/arm-fsl-linux-gnueabi/bin/arm-linux-gcc  -I/home/mo/share/netconf2/lib/openssl/debug/output/include  -fPIE   -o CMakeFiles/cmTC_22187.dir/CheckSymbolExists.c.o   -c /home/mo/share/netconf2_new/libssh-0.9.2/lib/debug/CMakeFiles/CMakeTmp/CheckSymbolExists.c
/home/mo/share/netconf2_new/libssh-0.9.2/lib/debug/CMakeFiles/CMakeTmp/CheckSymbolExists.c: In function 'main':
/home/mo/share/netconf2_new/libssh-0.9.2/lib/debug/CMakeFiles/CMakeTmp/CheckSymbolExists.c:8: error: 'EVP_PKEY_X25519' undeclared (first use in this function)
/home/mo/share/netconf2_new/libssh-0.9.2/lib/debug/CMakeFiles/CMakeTmp/CheckSymbolExists.c:8: error: (Each undeclared identifier is reported only once
/home/mo/share/netconf2_new/libssh-0.9.2/lib/debug/CMakeFiles/CMakeTmp/CheckSymbolExists.c:8: error: for each function it appears in.)
CMakeFiles/cmTC_22187.dir/build.make:85: recipe for target 'CMakeFiles/cmTC_22187.dir/CheckSymbolExists.c.o' failed
make[1]: *** [CMakeFiles/cmTC_22187.dir/CheckSymbolExists.c.o] Error 1
make[1]: Leaving directory '/home/mo/share/netconf2_new/libssh-0.9.2/lib/debug/CMakeFiles/CMakeTmp'
Makefile:141: recipe for target 'cmTC_22187/fast' failed
make: *** [cmTC_22187/fast] Error 2


File /home/mo/share/netconf2_new/libssh-0.9.2/lib/debug/CMakeFiles/CMakeTmp/CheckSymbolExists.c:
/* */
#include <openssl/evp.h>

int main(int argc, char** argv)
{
  (void)argv;
#ifndef EVP_PKEY_X25519
  return ((int*)(&EVP_PKEY_X25519))[argc];
#else
  (void)argc;
  return 0;
#endif
}
Determining if the function explicit_bzero exists failed with the following output:
Change Dir: /home/mo/share/netconf2_new/libssh-0.9.2/lib/debug/CMakeFiles/CMakeTmp

Run Build Command(s):/usr/bin/make cmTC_b0d29/fast && /usr/bin/make  -f CMakeFiles/cmTC_b0d29.dir/build.make CMakeFiles/cmTC_b0d29.dir/build
make[1]: Entering directory '/home/mo/share/netconf2_new/libssh-0.9.2/lib/debug/CMakeFiles/CMakeTmp'
Building C object CMakeFiles/cmTC_b0d29.dir/CheckFunctionExists.c.o
/home/mo/share/gcc-4.4.4-glibc-2.11.1-multilib-1.0/arm-fsl-linux-gnueabi/bin/arm-linux-gcc   -DCHECK_FUNCTION_EXISTS=explicit_bzero -fPIE   -o CMakeFiles/cmTC_b0d29.dir/CheckFunctionExists.c.o   -c /usr/local/share/cmake-3.17/Modules/CheckFunctionExists.c
Linking C executable cmTC_b0d29
/usr/local/bin/cmake -E cmake_link_script CMakeFiles/cmTC_b0d29.dir/link.txt --verbose=1
/home/mo/share/gcc-4.4.4-glibc-2.11.1-multilib-1.0/arm-fsl-linux-gnueabi/bin/arm-linux-gcc  -DCHECK_FUNCTION_EXISTS=explicit_bzero    -rdynamic CMakeFiles/cmTC_b0d29.dir/CheckFunctionExists.c.o  -o cmTC_b0d29 
CMakeFiles/cmTC_b0d29.dir/CheckFunctionExists.c.o: In function `main':
CheckFunctionExists.c:(.text+0x14): undefined reference to `explicit_bzero'
collect2: ld returned 1 exit status
CMakeFiles/cmTC_b0d29.dir/build.make:106: recipe for target 'cmTC_b0d29' failed
make[1]: *** [cmTC_b0d29] Error 1
make[1]: Leaving directory '/home/mo/share/netconf2_new/libssh-0.9.2/lib/debug/CMakeFiles/CMakeTmp'
Makefile:141: recipe for target 'cmTC_b0d29/fast' failed
make: *** [cmTC_b0d29/fast] Error 2



Determining if the function memset_s exists failed with the following output:
Change Dir: /home/mo/share/netconf2_new/libssh-0.9.2/lib/debug/CMakeFiles/CMakeTmp

Run Build Command(s):/usr/bin/make cmTC_e8b4a/fast && /usr/bin/make  -f CMakeFiles/cmTC_e8b4a.dir/build.make CMakeFiles/cmTC_e8b4a.dir/build
make[1]: Entering directory '/home/mo/share/netconf2_new/libssh-0.9.2/lib/debug/CMakeFiles/CMakeTmp'
Building C object CMakeFiles/cmTC_e8b4a.dir/CheckFunctionExists.c.o
/home/mo/share/gcc-4.4.4-glibc-2.11.1-multilib-1.0/arm-fsl-linux-gnueabi/bin/arm-linux-gcc   -DCHECK_FUNCTION_EXISTS=memset_s -fPIE   -o CMakeFiles/cmTC_e8b4a.dir/CheckFunctionExists.c.o   -c /usr/local/share/cmake-3.17/Modules/CheckFunctionExists.c
Linking C executable cmTC_e8b4a
/usr/local/bin/cmake -E cmake_link_script CMakeFiles/cmTC_e8b4a.dir/link.txt --verbose=1
/home/mo/share/gcc-4.4.4-glibc-2.11.1-multilib-1.0/arm-fsl-linux-gnueabi/bin/arm-linux-gcc  -DCHECK_FUNCTION_EXISTS=memset_s    -rdynamic CMakeFiles/cmTC_e8b4a.dir/CheckFunctionExists.c.o  -o cmTC_e8b4a 
CMakeFiles/cmTC_e8b4a.dir/CheckFunctionExists.c.o: In function `main':
CheckFunctionExists.c:(.text+0x14): undefined reference to `memset_s'
collect2: ld returned 1 exit status
CMakeFiles/cmTC_e8b4a.dir/build.make:106: recipe for target 'cmTC_e8b4a' failed
make[1]: *** [cmTC_e8b4a] Error 1
make[1]: Leaving directory '/home/mo/share/netconf2_new/libssh-0.9.2/lib/debug/CMakeFiles/CMakeTmp'
Makefile:141: recipe for target 'cmTC_e8b4a/fast' failed
make: *** [cmTC_e8b4a/fast] Error 2



Determining if the ntohll exist failed with the following output:
Change Dir: /home/mo/share/netconf2_new/libssh-0.9.2/lib/debug/CMakeFiles/CMakeTmp

Run Build Command(s):/usr/bin/make cmTC_eac28/fast && /usr/bin/make  -f CMakeFiles/cmTC_eac28.dir/build.make CMakeFiles/cmTC_eac28.dir/build
make[1]: Entering directory '/home/mo/share/netconf2_new/libssh-0.9.2/lib/debug/CMakeFiles/CMakeTmp'
Building C object CMakeFiles/cmTC_eac28.dir/CheckSymbolExists.c.o
/home/mo/share/gcc-4.4.4-glibc-2.11.1-multilib-1.0/arm-fsl-linux-gnueabi/bin/arm-linux-gcc   -fPIE   -o CMakeFiles/cmTC_eac28.dir/CheckSymbolExists.c.o   -c /home/mo/share/netconf2_new/libssh-0.9.2/lib/debug/CMakeFiles/CMakeTmp/CheckSymbolExists.c
/home/mo/share/netconf2_new/libssh-0.9.2/lib/debug/CMakeFiles/CMakeTmp/CheckSymbolExists.c: In function 'main':
/home/mo/share/netconf2_new/libssh-0.9.2/lib/debug/CMakeFiles/CMakeTmp/CheckSymbolExists.c:8: error: 'ntohll' undeclared (first use in this function)
/home/mo/share/netconf2_new/libssh-0.9.2/lib/debug/CMakeFiles/CMakeTmp/CheckSymbolExists.c:8: error: (Each undeclared identifier is reported only once
/home/mo/share/netconf2_new/libssh-0.9.2/lib/debug/CMakeFiles/CMakeTmp/CheckSymbolExists.c:8: error: for each function it appears in.)
CMakeFiles/cmTC_eac28.dir/build.make:85: recipe for target 'CMakeFiles/cmTC_eac28.dir/CheckSymbolExists.c.o' failed
make[1]: *** [CMakeFiles/cmTC_eac28.dir/CheckSymbolExists.c.o] Error 1
make[1]: Leaving directory '/home/mo/share/netconf2_new/libssh-0.9.2/lib/debug/CMakeFiles/CMakeTmp'
Makefile:141: recipe for target 'cmTC_eac28/fast' failed
make: *** [cmTC_eac28/fast] Error 2


File /home/mo/share/netconf2_new/libssh-0.9.2/lib/debug/CMakeFiles/CMakeTmp/CheckSymbolExists.c:
/* */
#include <arpa/inet.h>

int main(int argc, char** argv)
{
  (void)argv;
#ifndef ntohll
  return ((int*)(&ntohll))[argc];
#else
  (void)argc;
  return 0;
#endif
}
Determining if the htonll exist failed with the following output:
Change Dir: /home/mo/share/netconf2_new/libssh-0.9.2/lib/debug/CMakeFiles/CMakeTmp

Run Build Command(s):/usr/bin/make cmTC_119c3/fast && /usr/bin/make  -f CMakeFiles/cmTC_119c3.dir/build.make CMakeFiles/cmTC_119c3.dir/build
make[1]: Entering directory '/home/mo/share/netconf2_new/libssh-0.9.2/lib/debug/CMakeFiles/CMakeTmp'
Building C object CMakeFiles/cmTC_119c3.dir/CheckSymbolExists.c.o
/home/mo/share/gcc-4.4.4-glibc-2.11.1-multilib-1.0/arm-fsl-linux-gnueabi/bin/arm-linux-gcc   -fPIE   -o CMakeFiles/cmTC_119c3.dir/CheckSymbolExists.c.o   -c /home/mo/share/netconf2_new/libssh-0.9.2/lib/debug/CMakeFiles/CMakeTmp/CheckSymbolExists.c
/home/mo/share/netconf2_new/libssh-0.9.2/lib/debug/CMakeFiles/CMakeTmp/CheckSymbolExists.c: In function 'main':
/home/mo/share/netconf2_new/libssh-0.9.2/lib/debug/CMakeFiles/CMakeTmp/CheckSymbolExists.c:8: error: 'htonll' undeclared (first use in this function)
/home/mo/share/netconf2_new/libssh-0.9.2/lib/debug/CMakeFiles/CMakeTmp/CheckSymbolExists.c:8: error: (Each undeclared identifier is reported only once
/home/mo/share/netconf2_new/libssh-0.9.2/lib/debug/CMakeFiles/CMakeTmp/CheckSymbolExists.c:8: error: for each function it appears in.)
CMakeFiles/cmTC_119c3.dir/build.make:85: recipe for target 'CMakeFiles/cmTC_119c3.dir/CheckSymbolExists.c.o' failed
make[1]: *** [CMakeFiles/cmTC_119c3.dir/CheckSymbolExists.c.o] Error 1
make[1]: Leaving directory '/home/mo/share/netconf2_new/libssh-0.9.2/lib/debug/CMakeFiles/CMakeTmp'
Makefile:141: recipe for target 'cmTC_119c3/fast' failed
make: *** [cmTC_119c3/fast] Error 2


File /home/mo/share/netconf2_new/libssh-0.9.2/lib/debug/CMakeFiles/CMakeTmp/CheckSymbolExists.c:
/* */
#include <arpa/inet.h>

int main(int argc, char** argv)
{
  (void)argv;
#ifndef htonll
  return ((int*)(&htonll))[argc];
#else
  (void)argc;
  return 0;
#endif
}
Determining if the function __strtoull exists failed with the following output:
Change Dir: /home/mo/share/netconf2_new/libssh-0.9.2/lib/debug/CMakeFiles/CMakeTmp

Run Build Command(s):/usr/bin/make cmTC_50a23/fast && /usr/bin/make  -f CMakeFiles/cmTC_50a23.dir/build.make CMakeFiles/cmTC_50a23.dir/build
make[1]: Entering directory '/home/mo/share/netconf2_new/libssh-0.9.2/lib/debug/CMakeFiles/CMakeTmp'
Building C object CMakeFiles/cmTC_50a23.dir/CheckFunctionExists.c.o
/home/mo/share/gcc-4.4.4-glibc-2.11.1-multilib-1.0/arm-fsl-linux-gnueabi/bin/arm-linux-gcc   -DCHECK_FUNCTION_EXISTS=__strtoull -fPIE   -o CMakeFiles/cmTC_50a23.dir/CheckFunctionExists.c.o   -c /usr/local/share/cmake-3.17/Modules/CheckFunctionExists.c
Linking C executable cmTC_50a23
/usr/local/bin/cmake -E cmake_link_script CMakeFiles/cmTC_50a23.dir/link.txt --verbose=1
/home/mo/share/gcc-4.4.4-glibc-2.11.1-multilib-1.0/arm-fsl-linux-gnueabi/bin/arm-linux-gcc  -DCHECK_FUNCTION_EXISTS=__strtoull    -rdynamic CMakeFiles/cmTC_50a23.dir/CheckFunctionExists.c.o  -o cmTC_50a23 
CMakeFiles/cmTC_50a23.dir/CheckFunctionExists.c.o: In function `main':
CheckFunctionExists.c:(.text+0x14): undefined reference to `__strtoull'
collect2: ld returned 1 exit status
CMakeFiles/cmTC_50a23.dir/build.make:106: recipe for target 'cmTC_50a23' failed
make[1]: *** [cmTC_50a23] Error 1
make[1]: Leaving directory '/home/mo/share/netconf2_new/libssh-0.9.2/lib/debug/CMakeFiles/CMakeTmp'
Makefile:141: recipe for target 'cmTC_50a23/fast' failed
make: *** [cmTC_50a23/fast] Error 2



Performing C SOURCE FILE Test HAVE_MSC_THREAD_LOCAL_STORAGE failed with the following output:
Change Dir: /home/mo/share/netconf2_new/libssh-0.9.2/lib/debug/CMakeFiles/CMakeTmp

Run Build Command(s):/usr/bin/make cmTC_70042/fast && /usr/bin/make  -f CMakeFiles/cmTC_70042.dir/build.make CMakeFiles/cmTC_70042.dir/build
make[1]: Entering directory '/home/mo/share/netconf2_new/libssh-0.9.2/lib/debug/CMakeFiles/CMakeTmp'
Building C object CMakeFiles/cmTC_70042.dir/src.c.o
/home/mo/share/gcc-4.4.4-glibc-2.11.1-multilib-1.0/arm-fsl-linux-gnueabi/bin/arm-linux-gcc   -DHAVE_MSC_THREAD_LOCAL_STORAGE -fPIE   -o CMakeFiles/cmTC_70042.dir/src.c.o   -c /home/mo/share/netconf2_new/libssh-0.9.2/lib/debug/CMakeFiles/CMakeTmp/src.c
/home/mo/share/netconf2_new/libssh-0.9.2/lib/debug/CMakeFiles/CMakeTmp/src.c: In function '__declspec':
/home/mo/share/netconf2_new/libssh-0.9.2/lib/debug/CMakeFiles/CMakeTmp/src.c:4: error: expected '=', ',', ';', 'asm' or '__attribute__' before '{' token
/home/mo/share/netconf2_new/libssh-0.9.2/lib/debug/CMakeFiles/CMakeTmp/src.c:2: error: declaration for parameter 'tls' but no such parameter
/home/mo/share/netconf2_new/libssh-0.9.2/lib/debug/CMakeFiles/CMakeTmp/src.c:6: error: expected '{' at end of input
CMakeFiles/cmTC_70042.dir/build.make:85: recipe for target 'CMakeFiles/cmTC_70042.dir/src.c.o' failed
make[1]: *** [CMakeFiles/cmTC_70042.dir/src.c.o] Error 1
make[1]: Leaving directory '/home/mo/share/netconf2_new/libssh-0.9.2/lib/debug/CMakeFiles/CMakeTmp'
Makefile:141: recipe for target 'cmTC_70042/fast' failed
make: *** [cmTC_70042/fast] Error 2


Source file was:

__declspec(thread) int tls;

int main(void) {
    return 0;
}
Performing C SOURCE FILE Test HAVE_FALLTHROUGH_ATTRIBUTE failed with the following output:
Change Dir: /home/mo/share/netconf2_new/libssh-0.9.2/lib/debug/CMakeFiles/CMakeTmp

Run Build Command(s):/usr/bin/make cmTC_1d34d/fast && /usr/bin/make  -f CMakeFiles/cmTC_1d34d.dir/build.make CMakeFiles/cmTC_1d34d.dir/build
make[1]: Entering directory '/home/mo/share/netconf2_new/libssh-0.9.2/lib/debug/CMakeFiles/CMakeTmp'
Building C object CMakeFiles/cmTC_1d34d.dir/src.c.o
/home/mo/share/gcc-4.4.4-glibc-2.11.1-multilib-1.0/arm-fsl-linux-gnueabi/bin/arm-linux-gcc   -DHAVE_FALLTHROUGH_ATTRIBUTE -Wattributes -Werror -fPIE   -o CMakeFiles/cmTC_1d34d.dir/src.c.o   -c /home/mo/share/netconf2_new/libssh-0.9.2/lib/debug/CMakeFiles/CMakeTmp/src.c
/home/mo/share/netconf2_new/libssh-0.9.2/lib/debug/CMakeFiles/CMakeTmp/src.c: In function 'main':
/home/mo/share/netconf2_new/libssh-0.9.2/lib/debug/CMakeFiles/CMakeTmp/src.c:9: error: a label can only be part of a statement and a declaration is not a statement
cc1: warnings being treated as errors
/home/mo/share/netconf2_new/libssh-0.9.2/lib/debug/CMakeFiles/CMakeTmp/src.c:9: error: empty declaration
CMakeFiles/cmTC_1d34d.dir/build.make:85: recipe for target 'CMakeFiles/cmTC_1d34d.dir/src.c.o' failed
make[1]: *** [CMakeFiles/cmTC_1d34d.dir/src.c.o] Error 1
make[1]: Leaving directory '/home/mo/share/netconf2_new/libssh-0.9.2/lib/debug/CMakeFiles/CMakeTmp'
Makefile:141: recipe for target 'cmTC_1d34d/fast' failed
make: *** [cmTC_1d34d/fast] Error 2


Source file was:

#define FALL_THROUGH __attribute__((fallthrough))

int main(void) {
    int i = 2;

    switch (i) {
    case 0:
        FALL_THROUGH;
    case 1:
        break;
    default:
        break;
    }

    return 0;
}
