Performing C SOURCE FILE Test CMAKE_HAVE_LIBC_PTHREAD failed with the following output:
Change Dir: /home/mo/share/netconf2_new/netopeer2/debug/CMakeFiles/CMakeTmp

Run Build Command(s):/usr/bin/make cmTC_56d73/fast && /usr/bin/make  -f CMakeFiles/cmTC_56d73.dir/build.make CMakeFiles/cmTC_56d73.dir/build
make[1]: Entering directory '/home/mo/share/netconf2_new/netopeer2/debug/CMakeFiles/CMakeTmp'
Building C object CMakeFiles/cmTC_56d73.dir/src.c.o
/home/mo/share/gcc-4.4.4-glibc-2.11.1-multilib-1.0/arm-fsl-linux-gnueabi/bin/arm-linux-gcc -D_GNU_SOURCE -D_POSIX_C_SOURCE=200809L -D__BSD_VISIBLE=1  -DCMAKE_HAVE_LIBC_PTHREAD   -o CMakeFiles/cmTC_56d73.dir/src.c.o   -c /home/mo/share/netconf2_new/netopeer2/debug/CMakeFiles/CMakeTmp/src.c
Linking C executable cmTC_56d73
/usr/local/bin/cmake -E cmake_link_script CMakeFiles/cmTC_56d73.dir/link.txt --verbose=1
/home/mo/share/gcc-4.4.4-glibc-2.11.1-multilib-1.0/arm-fsl-linux-gnueabi/bin/arm-linux-gcc  -DCMAKE_HAVE_LIBC_PTHREAD    -rdynamic CMakeFiles/cmTC_56d73.dir/src.c.o  -o cmTC_56d73 
CMakeFiles/cmTC_56d73.dir/src.c.o: In function `main':
src.c:(.text+0x44): undefined reference to `pthread_create'
src.c:(.text+0x50): undefined reference to `pthread_detach'
src.c:(.text+0x5c): undefined reference to `pthread_cancel'
src.c:(.text+0x6c): undefined reference to `pthread_join'
src.c:(.text+0x7c): undefined reference to `pthread_atfork'
collect2: ld returned 1 exit status
CMakeFiles/cmTC_56d73.dir/build.make:106: recipe for target 'cmTC_56d73' failed
make[1]: *** [cmTC_56d73] Error 1
make[1]: Leaving directory '/home/mo/share/netconf2_new/netopeer2/debug/CMakeFiles/CMakeTmp'
Makefile:141: recipe for target 'cmTC_56d73/fast' failed
make: *** [cmTC_56d73/fast] Error 2


Source file was:
#include <pthread.h>

void* test_func(void* data)
{
  return data;
}

int main(void)
{
  pthread_t thread;
  pthread_create(&thread, NULL, test_func, NULL);
  pthread_detach(thread);
  pthread_cancel(thread);
  pthread_join(thread, NULL);
  pthread_atfork(NULL, NULL, NULL);
  pthread_exit(NULL);

  return 0;
}

Determining if the function pthread_create exists in the pthreads failed with the following output:
Change Dir: /home/mo/share/netconf2_new/netopeer2/debug/CMakeFiles/CMakeTmp

Run Build Command(s):/usr/bin/make cmTC_87d97/fast && /usr/bin/make  -f CMakeFiles/cmTC_87d97.dir/build.make CMakeFiles/cmTC_87d97.dir/build
make[1]: Entering directory '/home/mo/share/netconf2_new/netopeer2/debug/CMakeFiles/CMakeTmp'
Building C object CMakeFiles/cmTC_87d97.dir/CheckFunctionExists.c.o
/home/mo/share/gcc-4.4.4-glibc-2.11.1-multilib-1.0/arm-fsl-linux-gnueabi/bin/arm-linux-gcc -D_GNU_SOURCE -D_POSIX_C_SOURCE=200809L -D__BSD_VISIBLE=1  -DCHECK_FUNCTION_EXISTS=pthread_create   -o CMakeFiles/cmTC_87d97.dir/CheckFunctionExists.c.o   -c /usr/local/share/cmake-3.17/Modules/CheckFunctionExists.c
Linking C executable cmTC_87d97
/usr/local/bin/cmake -E cmake_link_script CMakeFiles/cmTC_87d97.dir/link.txt --verbose=1
/home/mo/share/gcc-4.4.4-glibc-2.11.1-multilib-1.0/arm-fsl-linux-gnueabi/bin/arm-linux-gcc  -DCHECK_FUNCTION_EXISTS=pthread_create    -rdynamic CMakeFiles/cmTC_87d97.dir/CheckFunctionExists.c.o  -o cmTC_87d97  -lpthreads 
/home/mo/share/gcc-4.4.4-glibc-2.11.1-multilib-1.0/arm-fsl-linux-gnueabi/bin/../lib/gcc/arm-fsl-linux-gnueabi/4.4.4/../../../../arm-fsl-linux-gnueabi/bin/ld: cannot find -lpthreads
collect2: ld returned 1 exit status
CMakeFiles/cmTC_87d97.dir/build.make:106: recipe for target 'cmTC_87d97' failed
make[1]: *** [cmTC_87d97] Error 1
make[1]: Leaving directory '/home/mo/share/netconf2_new/netopeer2/debug/CMakeFiles/CMakeTmp'
Makefile:141: recipe for target 'cmTC_87d97/fast' failed
make: *** [cmTC_87d97/fast] Error 2



Determining if the include file stdatomic.h exists failed with the following output:
Change Dir: /home/mo/share/netconf2_new/netopeer2/debug/CMakeFiles/CMakeTmp

Run Build Command(s):/usr/bin/make cmTC_4e266/fast && /usr/bin/make  -f CMakeFiles/cmTC_4e266.dir/build.make CMakeFiles/cmTC_4e266.dir/build
make[1]: Entering directory '/home/mo/share/netconf2_new/netopeer2/debug/CMakeFiles/CMakeTmp'
Building C object CMakeFiles/cmTC_4e266.dir/CheckIncludeFile.c.o
/home/mo/share/gcc-4.4.4-glibc-2.11.1-multilib-1.0/arm-fsl-linux-gnueabi/bin/arm-linux-gcc -D_GNU_SOURCE -D_POSIX_C_SOURCE=200809L -D__BSD_VISIBLE=1  -lpthread   -o CMakeFiles/cmTC_4e266.dir/CheckIncludeFile.c.o   -c /home/mo/share/netconf2_new/netopeer2/debug/CMakeFiles/CMakeTmp/CheckIncludeFile.c
/home/mo/share/netconf2_new/netopeer2/debug/CMakeFiles/CMakeTmp/CheckIncludeFile.c:1:23: error: stdatomic.h: No such file or directory
CMakeFiles/cmTC_4e266.dir/build.make:85: recipe for target 'CMakeFiles/cmTC_4e266.dir/CheckIncludeFile.c.o' failed
make[1]: *** [CMakeFiles/cmTC_4e266.dir/CheckIncludeFile.c.o] Error 1
make[1]: Leaving directory '/home/mo/share/netconf2_new/netopeer2/debug/CMakeFiles/CMakeTmp'
Makefile:141: recipe for target 'cmTC_4e266/fast' failed
make: *** [cmTC_4e266/fast] Error 2



Determining if the function eaccess exists failed with the following output:
Change Dir: /home/mo/share/netconf2_new/netopeer2/debug/CMakeFiles/CMakeTmp

Run Build Command(s):/usr/bin/make cmTC_29218/fast && /usr/bin/make  -f CMakeFiles/cmTC_29218.dir/build.make CMakeFiles/cmTC_29218.dir/build
make[1]: Entering directory '/home/mo/share/netconf2_new/netopeer2/debug/CMakeFiles/CMakeTmp'
Building C object CMakeFiles/cmTC_29218.dir/CheckFunctionExists.c.o
/home/mo/share/gcc-4.4.4-glibc-2.11.1-multilib-1.0/arm-fsl-linux-gnueabi/bin/arm-linux-gcc -D_GNU_SOURCE -D_POSIX_C_SOURCE=200809L -D__BSD_VISIBLE=1 -I/home/mo/share/netconf2/lib/libssh/_install/include -I/home/mo/share/netconf2/lib/openssl/debug/output/include -I/home/mo/share/netconf2_new/libyang/_install/include -I/home/mo/share/netconf2_new/libnetconf2/_install/include  -DCHECK_FUNCTION_EXISTS=eaccess -lpthread   -o CMakeFiles/cmTC_29218.dir/CheckFunctionExists.c.o   -c /usr/local/share/cmake-3.17/Modules/CheckFunctionExists.c
Linking C executable cmTC_29218
/usr/local/bin/cmake -E cmake_link_script CMakeFiles/cmTC_29218.dir/link.txt --verbose=1
/home/mo/share/gcc-4.4.4-glibc-2.11.1-multilib-1.0/arm-fsl-linux-gnueabi/bin/arm-linux-gcc  -DCHECK_FUNCTION_EXISTS=eaccess -lpthread    -rdynamic CMakeFiles/cmTC_29218.dir/CheckFunctionExists.c.o  -o cmTC_29218  -Wl,-rpath,/home/mo/share/netconf2/lib/libssh/_install/lib:/home/mo/share/netconf2_new/libyang/_install/lib:/home/mo/share/netconf2_new/libnetconf2/_install/lib /home/mo/share/netconf2/lib/libssh/_install/lib/libssh.so.4.8.1 /home/mo/share/netconf2/lib/openssl/debug/output/lib/libssl.a /home/mo/share/netconf2_new/libyang/_install/lib/libyang.so.1.8.4 /home/mo/share/netconf2_new/libnetconf2/_install/lib/libnetconf2.so.1.3.5 
/home/mo/share/gcc-4.4.4-glibc-2.11.1-multilib-1.0/arm-fsl-linux-gnueabi/bin/../lib/gcc/arm-fsl-linux-gnueabi/4.4.4/../../../../arm-fsl-linux-gnueabi/bin/ld: warning: libcrypto.so.1.1, needed by /home/mo/share/netconf2/lib/libssh/_install/lib/libssh.so.4.8.1, not found (try using -rpath or -rpath-link)
/home/mo/share/gcc-4.4.4-glibc-2.11.1-multilib-1.0/arm-fsl-linux-gnueabi/bin/../lib/gcc/arm-fsl-linux-gnueabi/4.4.4/../../../../arm-fsl-linux-gnueabi/bin/ld: warning: libssl.so.1.1, needed by /home/mo/share/netconf2_new/libnetconf2/_install/lib/libnetconf2.so.1.3.5, not found (try using -rpath or -rpath-link)
/home/mo/share/netconf2/lib/libssh/_install/lib/libssh.so.4.8.1: undefined reference to `EVP_aes_192_cbc@OPENSSL_1_1_0'
/home/mo/share/netconf2/lib/libssh/_install/lib/libssh.so.4.8.1: undefined reference to `EVP_PKEY_set1_DSA@OPENSSL_1_1_0'
/home/mo/share/netconf2/lib/libssh/_install/lib/libssh.so.4.8.1: undefined reference to `RSA_free@OPENSSL_1_1_0'
/home/mo/share/netconf2_new/libnetconf2/_install/lib/libnetconf2.so.1.3.5: undefined reference to `ASN1_TIME_print@OPENSSL_1_1_0'
/home/mo/share/netconf2/lib/libssh/_install/lib/libssh.so.4.8.1: undefined reference to `EC_GROUP_get_curve_name@OPENSSL_1_1_0'
/home/mo/share/netconf2_new/libnetconf2/_install/lib/libnetconf2.so.1.3.5: undefined reference to `X509_CRL_get_REVOKED@OPENSSL_1_1_0'
/home/mo/share/netconf2_new/libnetconf2/_install/lib/libnetconf2.so.1.3.5: undefined reference to `GENERAL_NAME_free@OPENSSL_1_1_0'
/home/mo/share/netconf2/lib/libssh/_install/lib/libssh.so.4.8.1: undefined reference to `EC_POINT_oct2point@OPENSSL_1_1_0'
/home/mo/share/netconf2/lib/libssh/_install/lib/libssh.so.4.8.1: undefined reference to `DH_get0_key@OPENSSL_1_1_0'
/home/mo/share/netconf2_new/libnetconf2/_install/lib/libnetconf2.so.1.3.5: undefined reference to `SSL_get_error@OPENSSL_1_1_0'
/home/mo/share/netconf2/lib/libssh/_install/lib/libssh.so.4.8.1: undefined reference to `ECDH_compute_key@OPENSSL_1_1_0'
/home/mo/share/netconf2_new/libnetconf2/_install/lib/libnetconf2.so.1.3.5: undefined reference to `SSL_CTX_set_verify@OPENSSL_1_1_0'
/home/mo/share/netconf2/lib/libssh/_install/lib/libssh.so.4.8.1: undefined reference to `ECDSA_SIG_free@OPENSSL_1_1_0'
/home/mo/share/netconf2/lib/libssh/_install/lib/libssh.so.4.8.1: undefined reference to `EVP_aes_128_ctr@OPENSSL_1_1_0'
/home/mo/share/netconf2_new/libnetconf2/_install/lib/libnetconf2.so.1.3.5: undefined reference to `SSL_new@OPENSSL_1_1_0'
/home/mo/share/netconf2_new/libnetconf2/_install/lib/libnetconf2.so.1.3.5: undefined reference to `SSL_CTX_free@OPENSSL_1_1_0'
/home/mo/share/netconf2/lib/libssh/_install/lib/libssh.so.4.8.1: undefined reference to `RAND_add@OPENSSL_1_1_0'
/home/mo/share/netconf2/lib/libssh/_install/lib/libssh.so.4.8.1: undefined reference to `EVP_CIPHER_CTX_new@OPENSSL_1_1_0'
/home/mo/share/netconf2_new/libnetconf2/_install/lib/libnetconf2.so.1.3.5: undefined reference to `X509_OBJECT_free@OPENSSL_1_1_0'
/home/mo/share/netconf2/lib/libssh/_install/lib/libssh.so.4.8.1: undefined reference to `EVP_sha384@OPENSSL_1_1_0'
/home/mo/share/netconf2/lib/libssh/_install/lib/libssh.so.4.8.1: undefined reference to `DSA_SIG_get0@OPENSSL_1_1_0'
/home/mo/share/netconf2/lib/libssh/_install/lib/libssh.so.4.8.1: undefined reference to `EVP_DigestUpdate@OPENSSL_1_1_0'
/home/mo/share/netconf2_new/libnetconf2/_install/lib/libnetconf2.so.1.3.5: undefined reference to `X509_STORE_CTX_get_error_depth@OPENSSL_1_1_0'
/home/mo/share/netconf2_new/libnetconf2/_install/lib/libnetconf2.so.1.3.5: undefined reference to `X509_LOOKUP_hash_dir@OPENSSL_1_1_0'
/home/mo/share/netconf2/lib/libssh/_install/lib/libssh.so.4.8.1: undefined reference to `RSA_set0_crt_params@OPENSSL_1_1_0'
/home/mo/share/netconf2_new/libnetconf2/_install/lib/libnetconf2.so.1.3.5: undefined reference to `X509_up_ref@OPENSSL_1_1_0'
/home/mo/share/netconf2/lib/libssh/_install/lib/libssh.so.4.8.1: undefined reference to `DSA_SIG_set0@OPENSSL_1_1_0'
/home/mo/share/netconf2/lib/libssh/_install/lib/libssh.so.4.8.1: undefined reference to `RSA_get0_crt_params@OPENSSL_1_1_0'
/home/mo/share/netconf2/lib/libssh/_install/lib/libssh.so.4.8.1: undefined reference to `d2i_DSA_SIG@OPENSSL_1_1_0'
/home/mo/share/netconf2_new/libnetconf2/_install/lib/libnetconf2.so.1.3.5: undefined reference to `X509_STORE_add_lookup@OPENSSL_1_1_0'
/home/mo/share/netconf2/lib/libssh/_install/lib/libssh.so.4.8.1: undefined reference to `OpenSSL_version_num@OPENSSL_1_1_0'
/home/mo/share/netconf2/lib/libssh/_install/lib/libssh.so.4.8.1: undefined reference to `ECDSA_SIG_new@OPENSSL_1_1_0'
/home/mo/share/netconf2/lib/libssh/_install/lib/libssh.so.4.8.1: undefined reference to `BN_num_bits@OPENSSL_1_1_0'
/home/mo/share/netconf2/lib/libssh/_install/lib/libssh.so.4.8.1: undefined reference to `BN_hex2bn@OPENSSL_1_1_0'
/home/mo/share/netconf2_new/libnetconf2/_install/lib/libnetconf2.so.1.3.5: undefined reference to `SSL_get_fd@OPENSSL_1_1_0'
/home/mo/share/netconf2_new/libnetconf2/_install/lib/libnetconf2.so.1.3.5: undefined reference to `SSL_CTX_use_certificate@OPENSSL_1_1_0'
/home/mo/share/netconf2_new/libnetconf2/_install/lib/libnetconf2.so.1.3.5: undefined reference to `X509_STORE_add_cert@OPENSSL_1_1_0'
/home/mo/share/netconf2_new/libnetconf2/_install/lib/libnetconf2.so.1.3.5: undefined reference to `X509_free@OPENSSL_1_1_0'
/home/mo/share/netconf2_new/libnetconf2/_install/lib/libnetconf2.so.1.3.5: undefined reference to `OPENSSL_sk_pop_free@OPENSSL_1_1_0'
/home/mo/share/netconf2/lib/libssh/_install/lib/libssh.so.4.8.1: undefined reference to `EC_POINT_free@OPENSSL_1_1_0'
/home/mo/share/netconf2/lib/libssh/_install/lib/libssh.so.4.8.1: undefined reference to `EVP_DigestVerifyFinal@OPENSSL_1_1_0'
/home/mo/share/netconf2_new/libnetconf2/_install/lib/libnetconf2.so.1.3.5: undefined reference to `ASN1_INTEGER_cmp@OPENSSL_1_1_0'
/home/mo/share/netconf2/lib/libssh/_install/lib/libssh.so.4.8.1: undefined reference to `HMAC_Init_ex@OPENSSL_1_1_0'
/home/mo/share/netconf2/lib/libssh/_install/lib/libssh.so.4.8.1: undefined reference to `BN_CTX_free@OPENSSL_1_1_0'
/home/mo/share/netconf2/lib/libssh/_install/lib/libssh.so.4.8.1: undefined reference to `EC_KEY_new_by_curve_name@OPENSSL_1_1_0'
/home/mo/share/netconf2/lib/libssh/_install/lib/libssh.so.4.8.1: undefined reference to `ECDSA_SIG_set0@OPENSSL_1_1_0'
/home/mo/share/netconf2/lib/libssh/_install/lib/libssh.so.4.8.1: undefined reference to `EVP_CIPHER_CTX_free@OPENSSL_1_1_0'
/home/mo/share/netconf2/lib/libssh/_install/lib/libssh.so.4.8.1: undefined reference to `EVP_MD_CTX_free@OPENSSL_1_1_0'
/home/mo/share/netconf2_new/libnetconf2/_install/lib/libnetconf2.so.1.3.5: undefined reference to `X509_STORE_CTX_set_error@OPENSSL_1_1_0'
/home/mo/share/netconf2/lib/libssh/_install/lib/libssh.so.4.8.1: undefined reference to `BN_cmp@OPENSSL_1_1_0'
/home/mo/share/netconf2/lib/libssh/_install/lib/libssh.so.4.8.1: undefined reference to `EVP_EncryptFinal@OPENSSL_1_1_0'
/home/mo/share/netconf2/lib/libssh/_install/lib/libssh.so.4.8.1: undefined reference to `ENGINE_load_public_key@OPENSSL_1_1_0'
/home/mo/share/netconf2/lib/libssh/_install/lib/libssh.so.4.8.1: undefined reference to `ENGINE_init@OPENSSL_1_1_0'
/home/mo/share/netconf2/lib/libssh/_install/lib/libssh.so.4.8.1: undefined reference to `EVP_DigestSignInit@OPENSSL_1_1_0'
/home/mo/share/netconf2/lib/libssh/_install/lib/libssh.so.4.8.1: undefined reference to `EVP_sha1@OPENSSL_1_1_0'
/home/mo/share/netconf2/lib/libssh/_install/lib/libssh.so.4.8.1: undefined reference to `EVP_CIPHER_CTX_ctrl@OPENSSL_1_1_0'
/home/mo/share/netconf2/lib/libssh/_install/lib/libssh.so.4.8.1: undefined reference to `DH_generate_key@OPENSSL_1_1_0'
/home/mo/share/netconf2/lib/libssh/_install/lib/libssh.so.4.8.1: undefined reference to `DSA_size@OPENSSL_1_1_0'
/home/mo/share/netconf2/lib/libssh/_install/lib/libssh.so.4.8.1: undefined reference to `DH_size@OPENSSL_1_1_0'
/home/mo/share/netconf2/lib/libssh/_install/lib/libssh.so.4.8.1: undefined reference to `BN_clear_free@OPENSSL_1_1_0'
/home/mo/share/netconf2/lib/libssh/_install/lib/libssh.so.4.8.1: undefined reference to `EVP_CIPHER_CTX_reset@OPENSSL_1_1_0'
/home/mo/share/netconf2_new/libnetconf2/_install/lib/libnetconf2.so.1.3.5: undefined reference to `X509_get_subject_name@OPENSSL_1_1_0'
/home/mo/share/netconf2/lib/libssh/_install/lib/libssh.so.4.8.1: undefined reference to `EC_GROUP_get_degree@OPENSSL_1_1_0'
/home/mo/share/netconf2/lib/libssh/_install/lib/libssh.so.4.8.1: undefined reference to `OpenSSL_version@OPENSSL_1_1_0'
/home/mo/share/netconf2_new/libnetconf2/_install/lib/libnetconf2.so.1.3.5: undefined reference to `X509_digest@OPENSSL_1_1_0'
/home/mo/share/netconf2/lib/libssh/_install/lib/libssh.so.4.8.1: undefined reference to `EVP_PKEY_get1_EC_KEY@OPENSSL_1_1_0'
/home/mo/share/netconf2/lib/libssh/_install/lib/libssh.so.4.8.1: undefined reference to `EVP_MD_CTX_reset@OPENSSL_1_1_0'
/home/mo/share/netconf2/lib/libssh/_install/lib/libssh.so.4.8.1: undefined reference to `EC_POINT_clear_free@OPENSSL_1_1_0'
/home/mo/share/netconf2/lib/libssh/_install/lib/libssh.so.4.8.1: undefined reference to `DH_compute_key@OPENSSL_1_1_0'
/home/mo/share/netconf2/lib/libssh/_install/lib/libssh.so.4.8.1: undefined reference to `ERR_error_string@OPENSSL_1_1_0'
/home/mo/share/netconf2_new/libnetconf2/_install/lib/libnetconf2.so.1.3.5: undefined reference to `SSL_CTX_set_cert_store@OPENSSL_1_1_0'
/home/mo/share/netconf2_new/libnetconf2/_install/lib/libnetconf2.so.1.3.5: undefined reference to `SSL_connect@OPENSSL_1_1_0'
/home/mo/share/netconf2/lib/libssh/_install/lib/libssh.so.4.8.1: undefined reference to `PEM_read_bio_PrivateKey@OPENSSL_1_1_0'
/home/mo/share/netconf2/lib/libssh/_install/lib/libssh.so.4.8.1: undefined reference to `DSA_generate_parameters_ex@OPENSSL_1_1_0'
/home/mo/share/netconf2/lib/libssh/_install/lib/libssh.so.4.8.1: undefined reference to `EVP_PKEY_set1_RSA@OPENSSL_1_1_0'
/home/mo/share/netconf2/lib/libssh/_install/lib/libssh.so.4.8.1: undefined reference to `CRYPTO_free@OPENSSL_1_1_0'
/home/mo/share/netconf2/lib/libssh/_install/lib/libssh.so.4.8.1: undefined reference to `RSA_new@OPENSSL_1_1_0'
/home/mo/share/netconf2_new/libnetconf2/_install/lib/libnetconf2.so.1.3.5: undefined reference to `SSL_is_init_finished@OPENSSL_1_1_0'
/home/mo/share/netconf2/lib/libssh/_install/lib/libssh.so.4.8.1: undefined reference to `EC_KEY_get0_group@OPENSSL_1_1_0'
/home/mo/share/netconf2_new/libnetconf2/_install/lib/libnetconf2.so.1.3.5: undefined reference to `ERR_reason_error_string@OPENSSL_1_1_0'
/home/mo/share/netconf2/lib/libssh/_install/lib/libssh.so.4.8.1: undefined reference to `EVP_PKEY_size@OPENSSL_1_1_0'
/home/mo/share/netconf2_new/libnetconf2/_install/lib/libnetconf2.so.1.3.5: undefined reference to `TLS_server_method@OPENSSL_1_1_0'
/home/mo/share/netconf2/lib/libssh/_install/lib/libssh.so.4.8.1: undefined reference to `RAND_bytes@OPENSSL_1_1_0'
/home/mo/share/netconf2_new/libnetconf2/_install/lib/libnetconf2.so.1.3.5: undefined reference to `SSL_CTX_load_verify_locations@OPENSSL_1_1_0'
/home/mo/share/netconf2/lib/libssh/_install/lib/libssh.so.4.8.1: undefined reference to `ECDSA_SIG_get0@OPENSSL_1_1_0'
/home/mo/share/netconf2_new/libnetconf2/_install/lib/libnetconf2.so.1.3.5: undefined reference to `X509_CRL_get0_lastUpdate@OPENSSL_1_1_0'
/home/mo/share/netconf2/lib/libssh/_install/lib/libssh.so.4.8.1: undefined reference to `BIO_ctrl@OPENSSL_1_1_0'
/home/mo/share/netconf2/lib/libssh/_install/lib/libssh.so.4.8.1: undefined reference to `DSA_SIG_free@OPENSSL_1_1_0'
/home/mo/share/netconf2_new/libnetconf2/_install/lib/libnetconf2.so.1.3.5: undefined reference to `ERR_clear_error@OPENSSL_1_1_0'
/home/mo/share/netconf2/lib/libssh/_install/lib/libssh.so.4.8.1: undefined reference to `ENGINE_load_builtin_engines@OPENSSL_1_1_0'
/home/mo/share/netconf2/lib/libssh/_install/lib/libssh.so.4.8.1: undefined reference to `EVP_DecryptFinal@OPENSSL_1_1_0'
/home/mo/share/netconf2/lib/libssh/_install/lib/libssh.so.4.8.1: undefined reference to `BN_copy@OPENSSL_1_1_0'
/home/mo/share/netconf2_new/libnetconf2/_install/lib/libnetconf2.so.1.3.5: undefined reference to `SSL_CTX_ctrl@OPENSSL_1_1_0'
/home/mo/share/netconf2_new/libnetconf2/_install/lib/libnetconf2.so.1.3.5: undefined reference to `SSL_set_fd@OPENSSL_1_1_0'
/home/mo/share/netconf2_new/libnetconf2/_install/lib/libnetconf2.so.1.3.5: undefined reference to `SSL_shutdown@OPENSSL_1_1_0'
/home/mo/share/netconf2/lib/libssh/_install/lib/libssh.so.4.8.1: undefined reference to `BN_is_bit_set@OPENSSL_1_1_0'
/home/mo/share/netconf2/lib/libssh/_install/lib/libssh.so.4.8.1: undefined reference to `ERR_get_error@OPENSSL_1_1_0'
/home/mo/share/netconf2_new/libnetconf2/_install/lib/libnetconf2.so.1.3.5: undefined reference to `X509_LOOKUP_ctrl@OPENSSL_1_1_0'
/home/mo/share/netconf2/lib/libssh/_install/lib/libssh.so.4.8.1: undefined reference to `DSA_generate_key@OPENSSL_1_1_0'
/home/mo/share/netconf2_new/libnetconf2/_install/lib/libnetconf2.so.1.3.5: undefined reference to `X509_get_pubkey@OPENSSL_1_1_0'
/home/mo/share/netconf2/lib/libssh/_install/lib/libssh.so.4.8.1: undefined reference to `EVP_sha256@OPENSSL_1_1_0'
/home/mo/share/netconf2_new/libnetconf2/_install/lib/libnetconf2.so.1.3.5: undefined reference to `BIO_read@OPENSSL_1_1_0'
/home/mo/share/netconf2/lib/libssh/_install/lib/libssh.so.4.8.1: undefined reference to `EVP_DigestSignFinal@OPENSSL_1_1_0'
/home/mo/share/netconf2_new/libnetconf2/_install/lib/libnetconf2.so.1.3.5: undefined reference to `SSL_ctrl@OPENSSL_1_1_0'
/home/mo/share/netconf2/lib/libssh/_install/lib/libssh.so.4.8.1: undefined reference to `EC_KEY_dup@OPENSSL_1_1_0'
/home/mo/share/netconf2/lib/libssh/_install/lib/libssh.so.4.8.1: undefined reference to `EC_KEY_get0_private_key@OPENSSL_1_1_0'
/home/mo/share/netconf2/lib/libssh/_install/lib/libssh.so.4.8.1: undefined reference to `EVP_PKEY_new@OPENSSL_1_1_0'
/home/mo/share/netconf2/lib/libssh/_install/lib/libssh.so.4.8.1: undefined reference to `BN_new@OPENSSL_1_1_0'
/home/mo/share/netconf2/lib/libssh/_install/lib/libssh.so.4.8.1: undefined reference to `EVP_aes_256_cbc@OPENSSL_1_1_0'
/home/mo/share/netconf2/lib/libssh/_install/lib/libssh.so.4.8.1: undefined reference to `BN_dup@OPENSSL_1_1_0'
/home/mo/share/netconf2/lib/libssh/_install/lib/libssh.so.4.8.1: undefined reference to `EC_KEY_free@OPENSSL_1_1_0'
/home/mo/share/netconf2/lib/libssh/_install/lib/libssh.so.4.8.1: undefined reference to `d2i_ECDSA_SIG@OPENSSL_1_1_0'
/home/mo/share/netconf2/lib/libssh/_install/lib/libssh.so.4.8.1: undefined reference to `EC_GROUP_cmp@OPENSSL_1_1_0'
/home/mo/share/netconf2_new/libnetconf2/_install/lib/libnetconf2.so.1.3.5: undefined reference to `X509_STORE_CTX_new@OPENSSL_1_1_0'
/home/mo/share/netconf2_new/libnetconf2/_install/lib/libnetconf2.so.1.3.5: undefined reference to `X509_LOOKUP_file@OPENSSL_1_1_0'
/home/mo/share/netconf2/lib/libssh/_install/lib/libssh.so.4.8.1: undefined reference to `HMAC_CTX_free@OPENSSL_1_1_0'
/home/mo/share/netconf2_new/libnetconf2/_install/lib/libnetconf2.so.1.3.5: undefined reference to `SSL_get_verify_result@OPENSSL_1_1_0'
/home/mo/share/netconf2/lib/libssh/_install/lib/libssh.so.4.8.1: undefined reference to `ENGINE_free@OPENSSL_1_1_0'
/home/mo/share/netconf2/lib/libssh/_install/lib/libssh.so.4.8.1: undefined reference to `BIO_s_mem@OPENSSL_1_1_0'
/home/mo/share/netconf2/lib/libssh/_install/lib/libssh.so.4.8.1: undefined reference to `BN_free@OPENSSL_1_1_0'
/home/mo/share/netconf2/lib/libssh/_install/lib/libssh.so.4.8.1: undefined reference to `RSA_get0_key@OPENSSL_1_1_0'
/home/mo/share/netconf2_new/libnetconf2/_install/lib/libnetconf2.so.1.3.5: undefined reference to `X509_get_issuer_name@OPENSSL_1_1_0'
/home/mo/share/netconf2/lib/libssh/_install/lib/libssh.so.4.8.1: undefined reference to `BN_sub@OPENSSL_1_1_0'
/home/mo/share/netconf2/lib/libssh/_install/lib/libssh.so.4.8.1: undefined reference to `EC_POINT_new@OPENSSL_1_1_0'
/home/mo/share/netconf2_new/libnetconf2/_install/lib/libnetconf2.so.1.3.5: undefined reference to `SSL_CTX_use_certificate_file@OPENSSL_1_1_0'
/home/mo/share/netconf2/lib/libssh/_install/lib/libssh.so.4.8.1: undefined reference to `EVP_MD_CTX_new@OPENSSL_1_1_0'
/home/mo/share/netconf2/lib/libssh/_install/lib/libssh.so.4.8.1: undefined reference to `DSA_get0_pqg@OPENSSL_1_1_0'
/home/mo/share/netconf2/lib/libssh/_install/lib/libssh.so.4.8.1: undefined reference to `DH_free@OPENSSL_1_1_0'
/home/mo/share/netconf2_new/libnetconf2/_install/lib/libnetconf2.so.1.3.5: undefined reference to `X509_cmp_current_time@OPENSSL_1_1_0'
/home/mo/share/netconf2_new/libnetconf2/_install/lib/libnetconf2.so.1.3.5: undefined reference to `X509_STORE_free@OPENSSL_1_1_0'
/home/mo/share/netconf2_new/libnetconf2/_install/lib/libnetconf2.so.1.3.5: undefined reference to `X509_STORE_CTX_init@OPENSSL_1_1_0'
/home/mo/share/netconf2_new/libnetconf2/_install/lib/libnetconf2.so.1.3.5: undefined reference to `X509_NAME_oneline@OPENSSL_1_1_0'
/home/mo/share/netconf2_new/libnetconf2/_install/lib/libnetconf2.so.1.3.5: undefined reference to `X509_REVOKED_get0_serialNumber@OPENSSL_1_1_0'
/home/mo/share/netconf2_new/libnetconf2/_install/lib/libnetconf2.so.1.3.5: undefined reference to `X509_STORE_CTX_free@OPENSSL_1_1_0'
/home/mo/share/netconf2/lib/libssh/_install/lib/libssh.so.4.8.1: undefined reference to `DSA_set0_pqg@OPENSSL_1_1_0'
/home/mo/share/netconf2_new/libnetconf2/_install/lib/libnetconf2.so.1.3.5: undefined reference to `X509_CRL_verify@OPENSSL_1_1_0'
/home/mo/share/netconf2_new/libnetconf2/_install/lib/libnetconf2.so.1.3.5: undefined reference to `SSL_CTX_use_PrivateKey_file@OPENSSL_1_1_0'
/home/mo/share/netconf2_new/libnetconf2/_install/lib/libnetconf2.so.1.3.5: undefined reference to `X509_CRL_get0_nextUpdate@OPENSSL_1_1_0'
/home/mo/share/netconf2/lib/libssh/_install/lib/libssh.so.4.8.1: undefined reference to `DSA_set0_key@OPENSSL_1_1_0'
/home/mo/share/netconf2/lib/libssh/_install/lib/libssh.so.4.8.1: undefined reference to `EVP_DecryptInit_ex@OPENSSL_1_1_0'
/home/mo/share/netconf2/lib/libssh/_install/lib/libssh.so.4.8.1: undefined reference to `EVP_DecryptUpdate@OPENSSL_1_1_0'
/home/mo/share/netconf2/lib/libssh/_install/lib/libssh.so.4.8.1: undefined reference to `BN_bin2bn@OPENSSL_1_1_0'
/home/mo/share/netconf2/lib/libssh/_install/lib/libssh.so.4.8.1: undefined reference to `EVP_CIPHER_CTX_set_padding@OPENSSL_1_1_0'
/home/mo/share/netconf2/lib/libssh/_install/lib/libssh.so.4.8.1: undefined reference to `EVP_DigestInit@OPENSSL_1_1_0'
/home/mo/share/netconf2/lib/libssh/_install/lib/libssh.so.4.8.1: undefined reference to `HMAC_CTX_new@OPENSSL_1_1_0'
/home/mo/share/netconf2_new/libnetconf2/_install/lib/libnetconf2.so.1.3.5: undefined reference to `X509_get_serialNumber@OPENSSL_1_1_0'
/home/mo/share/netconf2/lib/libssh/_install/lib/libssh.so.4.8.1: undefined reference to `BIO_free@OPENSSL_1_1_0'
/home/mo/share/netconf2_new/libnetconf2/_install/lib/libnetconf2.so.1.3.5: undefined reference to `ASN1_STRING_get0_data@OPENSSL_1_1_0'
/home/mo/share/netconf2/lib/libssh/_install/lib/libssh.so.4.8.1: undefined reference to `BN_CTX_new@OPENSSL_1_1_0'
/home/mo/share/netconf2/lib/libssh/_install/lib/libssh.so.4.8.1: undefined reference to `EVP_aes_256_gcm@OPENSSL_1_1_0'
/home/mo/share/netconf2_new/libnetconf2/_install/lib/libnetconf2.so.1.3.5: undefined reference to `SSL_CTX_use_PrivateKey@OPENSSL_1_1_0'
/home/mo/share/netconf2/lib/libssh/_install/lib/libssh.so.4.8.1: undefined reference to `EVP_PKEY_get1_RSA@OPENSSL_1_1_0'
/home/mo/share/netconf2/lib/libssh/_install/lib/libssh.so.4.8.1: undefined reference to `EC_KEY_set_asn1_flag@OPENSSL_1_1_0'
/home/mo/share/netconf2_new/libnetconf2/_install/lib/libnetconf2.so.1.3.5: undefined reference to `PEM_read_bio_X509@OPENSSL_1_1_0'
/home/mo/share/netconf2_new/libnetconf2/_install/lib/libnetconf2.so.1.3.5: undefined reference to `OPENSSL_sk_value@OPENSSL_1_1_0'
/home/mo/share/netconf2_new/libnetconf2/_install/lib/libnetconf2.so.1.3.5: undefined reference to `X509_STORE_CTX_get_current_cert@OPENSSL_1_1_0'
/home/mo/share/netconf2_new/libnetconf2/_install/lib/libnetconf2.so.1.3.5: undefined reference to `X509_get0_pubkey_bitstr@OPENSSL_1_1_0'
/home/mo/share/netconf2_new/libnetconf2/_install/lib/libnetconf2.so.1.3.5: undefined reference to `X509_verify_cert_error_string@OPENSSL_1_1_0'
/home/mo/share/netconf2/lib/libssh/_install/lib/libssh.so.4.8.1: undefined reference to `EVP_PKEY_set1_EC_KEY@OPENSSL_1_1_0'
/home/mo/share/netconf2/lib/libssh/_install/lib/libssh.so.4.8.1: undefined reference to `EVP_PKEY_base_id@OPENSSL_1_1_0'
/home/mo/share/netconf2/lib/libssh/_install/lib/libssh.so.4.8.1: undefined reference to `EVP_aes_256_ctr@OPENSSL_1_1_0'
/home/mo/share/netconf2/lib/libssh/_install/lib/libssh.so.4.8.1: undefined reference to `DSA_new@OPENSSL_1_1_0'
/home/mo/share/netconf2/lib/libssh/_install/lib/libssh.so.4.8.1: undefined reference to `RSA_size@OPENSSL_1_1_0'
/home/mo/share/netconf2_new/libnetconf2/_install/lib/libnetconf2.so.1.3.5: undefined reference to `X509_STORE_CTX_get1_certs@OPENSSL_1_1_0'
/home/mo/share/netconf2/lib/libssh/_install/lib/libssh.so.4.8.1: undefined reference to `ENGINE_load_private_key@OPENSSL_1_1_0'
/home/mo/share/netconf2/lib/libssh/_install/lib/libssh.so.4.8.1: undefined reference to `RSA_generate_key_ex@OPENSSL_1_1_0'
/home/mo/share/netconf2/lib/libssh/_install/lib/libssh.so.4.8.1: undefined reference to `RSA_set0_key@OPENSSL_1_1_0'
/home/mo/share/netconf2/lib/libssh/_install/lib/libssh.so.4.8.1: undefined reference to `EVP_EncryptUpdate@OPENSSL_1_1_0'
/home/mo/share/netconf2/lib/libssh/_install/lib/libssh.so.4.8.1: undefined reference to `EVP_md5@OPENSSL_1_1_0'
/home/mo/share/netconf2/lib/libssh/_install/lib/libssh.so.4.8.1: undefined reference to `EVP_DigestVerifyInit@OPENSSL_1_1_0'
/home/mo/share/netconf2_new/libnetconf2/_install/lib/libnetconf2.so.1.3.5: undefined reference to `SSL_free@OPENSSL_1_1_0'
/home/mo/share/netconf2/lib/libssh/_install/lib/libssh.so.4.8.1: undefined reference to `DH_set0_pqg@OPENSSL_1_1_0'
/home/mo/share/netconf2/lib/libssh/_install/lib/libssh.so.4.8.1: undefined reference to `ENGINE_finish@OPENSSL_1_1_0'
/home/mo/share/netconf2/lib/libssh/_install/lib/libssh.so.4.8.1: undefined reference to `RSA_get0_factors@OPENSSL_1_1_0'
/home/mo/share/netconf2/lib/libssh/_install/lib/libssh.so.4.8.1: undefined reference to `DH_set0_key@OPENSSL_1_1_0'
/home/mo/share/netconf2/lib/libssh/_install/lib/libssh.so.4.8.1: undefined reference to `BIO_new_mem_buf@OPENSSL_1_1_0'
/home/mo/share/netconf2_new/libnetconf2/_install/lib/libnetconf2.so.1.3.5: undefined reference to `PEM_read_X509@OPENSSL_1_1_0'
/home/mo/share/netconf2/lib/libssh/_install/lib/libssh.so.4.8.1: undefined reference to `EC_POINT_cmp@OPENSSL_1_1_0'
/home/mo/share/netconf2/lib/libssh/_install/lib/libssh.so.4.8.1: undefined reference to `DSA_free@OPENSSL_1_1_0'
/home/mo/share/netconf2/lib/libssh/_install/lib/libssh.so.4.8.1: undefined reference to `DSA_get0_key@OPENSSL_1_1_0'
/home/mo/share/netconf2/lib/libssh/_install/lib/libssh.so.4.8.1: undefined reference to `EVP_EncryptInit_ex@OPENSSL_1_1_0'
/home/mo/share/netconf2_new/libnetconf2/_install/lib/libnetconf2.so.1.3.5: undefined reference to `X509_STORE_CTX_get_by_subject@OPENSSL_1_1_0'
/home/mo/share/netconf2/lib/libssh/_install/lib/libssh.so.4.8.1: undefined reference to `ENGINE_by_id@OPENSSL_1_1_0'
/home/mo/share/netconf2/lib/libssh/_install/lib/libssh.so.4.8.1: undefined reference to `EVP_aes_128_cbc@OPENSSL_1_1_0'
/home/mo/share/netconf2_new/libnetconf2/_install/lib/libnetconf2.so.1.3.5: undefined reference to `SSL_write@OPENSSL_1_1_0'
/home/mo/share/netconf2/lib/libssh/_install/lib/libssh.so.4.8.1: undefined reference to `i2d_ECDSA_SIG@OPENSSL_1_1_0'
/home/mo/share/netconf2/lib/libssh/_install/lib/libssh.so.4.8.1: undefined reference to `RSA_set0_factors@OPENSSL_1_1_0'
/home/mo/share/netconf2/lib/libssh/_install/lib/libssh.so.4.8.1: undefined reference to `BN_set_word@OPENSSL_1_1_0'
/home/mo/share/netconf2_new/libnetconf2/_install/lib/libnetconf2.so.1.3.5: undefined reference to `SSL_accept@OPENSSL_1_1_0'
/home/mo/share/netconf2_new/libnetconf2/_install/lib/libnetconf2.so.1.3.5: undefined reference to `OPENSSL_sk_num@OPENSSL_1_1_0'
/home/mo/share/netconf2_new/libnetconf2/_install/lib/libnetconf2.so.1.3.5: undefined reference to `X509_OBJECT_get0_X509_CRL@OPENSSL_1_1_0'
/home/mo/share/netconf2/lib/libssh/_install/lib/libssh.so.4.8.1: undefined reference to `EC_KEY_set_public_key@OPENSSL_1_1_0'
/home/mo/share/netconf2/lib/libssh/_install/lib/libssh.so.4.8.1: undefined reference to `BIO_new@OPENSSL_1_1_0'
/home/mo/share/netconf2_new/libnetconf2/_install/lib/libnetconf2.so.1.3.5: undefined reference to `X509_STORE_CTX_get1_chain@OPENSSL_1_1_0'
/home/mo/share/netconf2/lib/libssh/_install/lib/libssh.so.4.8.1: undefined reference to `EVP_DigestFinal@OPENSSL_1_1_0'
/home/mo/share/netconf2/lib/libssh/_install/lib/libssh.so.4.8.1: undefined reference to `EVP_sha512@OPENSSL_1_1_0'
/home/mo/share/netconf2_new/libnetconf2/_install/lib/libnetconf2.so.1.3.5: undefined reference to `SSL_read@OPENSSL_1_1_0'
/home/mo/share/netconf2_new/libnetconf2/_install/lib/libnetconf2.so.1.3.5: undefined reference to `SSL_CTX_new@OPENSSL_1_1_0'
/home/mo/share/netconf2_new/libnetconf2/_install/lib/libnetconf2.so.1.3.5: undefined reference to `X509_STORE_new@OPENSSL_1_1_0'
/home/mo/share/netconf2/lib/libssh/_install/lib/libssh.so.4.8.1: undefined reference to `EVP_aes_128_gcm@OPENSSL_1_1_0'
/home/mo/share/netconf2/lib/libssh/_install/lib/libssh.so.4.8.1: undefined reference to `DH_get0_pqg@OPENSSL_1_1_0'
/home/mo/share/netconf2/lib/libssh/_install/lib/libssh.so.4.8.1: undefined reference to `BN_bn2hex@OPENSSL_1_1_0'
/home/mo/share/netconf2/lib/libssh/_install/lib/libssh.so.4.8.1: undefined reference to `EVP_des_ede3_cbc@OPENSSL_1_1_0'
/home/mo/share/netconf2_new/libnetconf2/_install/lib/libnetconf2.so.1.3.5: undefined reference to `EVP_sha224@OPENSSL_1_1_0'
/home/mo/share/netconf2/lib/libssh/_install/lib/libssh.so.4.8.1: undefined reference to `EVP_PKEY_free@OPENSSL_1_1_0'
/home/mo/share/netconf2/lib/libssh/_install/lib/libssh.so.4.8.1: undefined reference to `EVP_aes_192_ctr@OPENSSL_1_1_0'
/home/mo/share/netconf2/lib/libssh/_install/lib/libssh.so.4.8.1: undefined reference to `EC_KEY_generate_key@OPENSSL_1_1_0'
/home/mo/share/netconf2/lib/libssh/_install/lib/libssh.so.4.8.1: undefined reference to `DH_new@OPENSSL_1_1_0'
/home/mo/share/netconf2/lib/libssh/_install/lib/libssh.so.4.8.1: undefined reference to `FIPS_mode@OPENSSL_1_1_0'
/home/mo/share/netconf2/lib/libssh/_install/lib/libssh.so.4.8.1: undefined reference to `EVP_DigestInit_ex@OPENSSL_1_1_0'
/home/mo/share/netconf2/lib/libssh/_install/lib/libssh.so.4.8.1: undefined reference to `HMAC_Final@OPENSSL_1_1_0'
/home/mo/share/netconf2_new/libnetconf2/_install/lib/libnetconf2.so.1.3.5: undefined reference to `X509_get_ext_d2i@OPENSSL_1_1_0'
/home/mo/share/netconf2/lib/libssh/_install/lib/libssh.so.4.8.1: undefined reference to `PEM_write_bio_PrivateKey@OPENSSL_1_1_0'
/home/mo/share/netconf2/lib/libssh/_install/lib/libssh.so.4.8.1: undefined reference to `EC_KEY_get0_public_key@OPENSSL_1_1_0'
/home/mo/share/netconf2/lib/libssh/_install/lib/libssh.so.4.8.1: undefined reference to `BN_bn2bin@OPENSSL_1_1_0'
/home/mo/share/netconf2/lib/libssh/_install/lib/libssh.so.4.8.1: undefined reference to `HMAC_Update@OPENSSL_1_1_0'
/home/mo/share/netconf2_new/libnetconf2/_install/lib/libnetconf2.so.1.3.5: undefined reference to `X509_STORE_CTX_get_error@OPENSSL_1_1_0'
/home/mo/share/netconf2_new/libnetconf2/_install/lib/libnetconf2.so.1.3.5: undefined reference to `TLS_client_method@OPENSSL_1_1_0'
/home/mo/share/netconf2_new/libnetconf2/_install/lib/libnetconf2.so.1.3.5: undefined reference to `X509_OBJECT_new@OPENSSL_1_1_0'
/home/mo/share/netconf2/lib/libssh/_install/lib/libssh.so.4.8.1: undefined reference to `EC_POINT_point2oct@OPENSSL_1_1_0'
/home/mo/share/netconf2_new/libnetconf2/_install/lib/libnetconf2.so.1.3.5: undefined reference to `SSL_get_rfd@OPENSSL_1_1_0'
/home/mo/share/netconf2/lib/libssh/_install/lib/libssh.so.4.8.1: undefined reference to `DSA_SIG_new@OPENSSL_1_1_0'
/home/mo/share/netconf2/lib/libssh/_install/lib/libssh.so.4.8.1: undefined reference to `i2d_DSA_SIG@OPENSSL_1_1_0'
/home/mo/share/netconf2_new/libnetconf2/_install/lib/libnetconf2.so.1.3.5: undefined reference to `SSL_pending@OPENSSL_1_1_0'
/home/mo/share/netconf2/lib/libssh/_install/lib/libssh.so.4.8.1: undefined reference to `EC_KEY_set_private_key@OPENSSL_1_1_0'
/home/mo/share/netconf2/lib/libssh/_install/lib/libssh.so.4.8.1: undefined reference to `EVP_PKEY_get1_DSA@OPENSSL_1_1_0'
collect2: ld returned 1 exit status
CMakeFiles/cmTC_29218.dir/build.make:110: recipe for target 'cmTC_29218' failed
make[1]: *** [cmTC_29218] Error 1
make[1]: Leaving directory '/home/mo/share/netconf2_new/netopeer2/debug/CMakeFiles/CMakeTmp'
Makefile:141: recipe for target 'cmTC_29218/fast' failed
make: *** [cmTC_29218/fast] Error 2



Determining if the function mkstemps exists failed with the following output:
Change Dir: /home/mo/share/netconf2_new/netopeer2/debug/CMakeFiles/CMakeTmp

Run Build Command(s):/usr/bin/make cmTC_26042/fast && /usr/bin/make  -f CMakeFiles/cmTC_26042.dir/build.make CMakeFiles/cmTC_26042.dir/build
make[1]: Entering directory '/home/mo/share/netconf2_new/netopeer2/debug/CMakeFiles/CMakeTmp'
Building C object CMakeFiles/cmTC_26042.dir/CheckFunctionExists.c.o
/home/mo/share/gcc-4.4.4-glibc-2.11.1-multilib-1.0/arm-fsl-linux-gnueabi/bin/arm-linux-gcc -D_GNU_SOURCE -D_POSIX_C_SOURCE=200809L -D__BSD_VISIBLE=1 -I/home/mo/share/netconf2/lib/libssh/_install/include -I/home/mo/share/netconf2/lib/openssl/debug/output/include -I/home/mo/share/netconf2_new/libyang/_install/include -I/home/mo/share/netconf2_new/libnetconf2/_install/include  -DCHECK_FUNCTION_EXISTS=mkstemps -lpthread   -o CMakeFiles/cmTC_26042.dir/CheckFunctionExists.c.o   -c /usr/local/share/cmake-3.17/Modules/CheckFunctionExists.c
Linking C executable cmTC_26042
/usr/local/bin/cmake -E cmake_link_script CMakeFiles/cmTC_26042.dir/link.txt --verbose=1
/home/mo/share/gcc-4.4.4-glibc-2.11.1-multilib-1.0/arm-fsl-linux-gnueabi/bin/arm-linux-gcc  -DCHECK_FUNCTION_EXISTS=mkstemps -lpthread    -rdynamic CMakeFiles/cmTC_26042.dir/CheckFunctionExists.c.o  -o cmTC_26042  -Wl,-rpath,/home/mo/share/netconf2/lib/libssh/_install/lib:/home/mo/share/netconf2_new/libyang/_install/lib:/home/mo/share/netconf2_new/libnetconf2/_install/lib /home/mo/share/netconf2/lib/libssh/_install/lib/libssh.so.4.8.1 /home/mo/share/netconf2/lib/openssl/debug/output/lib/libssl.a /home/mo/share/netconf2_new/libyang/_install/lib/libyang.so.1.8.4 /home/mo/share/netconf2_new/libnetconf2/_install/lib/libnetconf2.so.1.3.5 
/home/mo/share/gcc-4.4.4-glibc-2.11.1-multilib-1.0/arm-fsl-linux-gnueabi/bin/../lib/gcc/arm-fsl-linux-gnueabi/4.4.4/../../../../arm-fsl-linux-gnueabi/bin/ld: warning: libcrypto.so.1.1, needed by /home/mo/share/netconf2/lib/libssh/_install/lib/libssh.so.4.8.1, not found (try using -rpath or -rpath-link)
/home/mo/share/gcc-4.4.4-glibc-2.11.1-multilib-1.0/arm-fsl-linux-gnueabi/bin/../lib/gcc/arm-fsl-linux-gnueabi/4.4.4/../../../../arm-fsl-linux-gnueabi/bin/ld: warning: libssl.so.1.1, needed by /home/mo/share/netconf2_new/libnetconf2/_install/lib/libnetconf2.so.1.3.5, not found (try using -rpath or -rpath-link)
/home/mo/share/netconf2/lib/libssh/_install/lib/libssh.so.4.8.1: undefined reference to `EVP_aes_192_cbc@OPENSSL_1_1_0'
/home/mo/share/netconf2/lib/libssh/_install/lib/libssh.so.4.8.1: undefined reference to `EVP_PKEY_set1_DSA@OPENSSL_1_1_0'
/home/mo/share/netconf2/lib/libssh/_install/lib/libssh.so.4.8.1: undefined reference to `RSA_free@OPENSSL_1_1_0'
/home/mo/share/netconf2_new/libnetconf2/_install/lib/libnetconf2.so.1.3.5: undefined reference to `ASN1_TIME_print@OPENSSL_1_1_0'
/home/mo/share/netconf2/lib/libssh/_install/lib/libssh.so.4.8.1: undefined reference to `EC_GROUP_get_curve_name@OPENSSL_1_1_0'
/home/mo/share/netconf2_new/libnetconf2/_install/lib/libnetconf2.so.1.3.5: undefined reference to `X509_CRL_get_REVOKED@OPENSSL_1_1_0'
/home/mo/share/netconf2_new/libnetconf2/_install/lib/libnetconf2.so.1.3.5: undefined reference to `GENERAL_NAME_free@OPENSSL_1_1_0'
/home/mo/share/netconf2/lib/libssh/_install/lib/libssh.so.4.8.1: undefined reference to `EC_POINT_oct2point@OPENSSL_1_1_0'
/home/mo/share/netconf2/lib/libssh/_install/lib/libssh.so.4.8.1: undefined reference to `DH_get0_key@OPENSSL_1_1_0'
/home/mo/share/netconf2_new/libnetconf2/_install/lib/libnetconf2.so.1.3.5: undefined reference to `SSL_get_error@OPENSSL_1_1_0'
/home/mo/share/netconf2/lib/libssh/_install/lib/libssh.so.4.8.1: undefined reference to `ECDH_compute_key@OPENSSL_1_1_0'
/home/mo/share/netconf2_new/libnetconf2/_install/lib/libnetconf2.so.1.3.5: undefined reference to `SSL_CTX_set_verify@OPENSSL_1_1_0'
/home/mo/share/netconf2/lib/libssh/_install/lib/libssh.so.4.8.1: undefined reference to `ECDSA_SIG_free@OPENSSL_1_1_0'
/home/mo/share/netconf2/lib/libssh/_install/lib/libssh.so.4.8.1: undefined reference to `EVP_aes_128_ctr@OPENSSL_1_1_0'
/home/mo/share/netconf2_new/libnetconf2/_install/lib/libnetconf2.so.1.3.5: undefined reference to `SSL_new@OPENSSL_1_1_0'
/home/mo/share/netconf2_new/libnetconf2/_install/lib/libnetconf2.so.1.3.5: undefined reference to `SSL_CTX_free@OPENSSL_1_1_0'
/home/mo/share/netconf2/lib/libssh/_install/lib/libssh.so.4.8.1: undefined reference to `RAND_add@OPENSSL_1_1_0'
/home/mo/share/netconf2/lib/libssh/_install/lib/libssh.so.4.8.1: undefined reference to `EVP_CIPHER_CTX_new@OPENSSL_1_1_0'
/home/mo/share/netconf2_new/libnetconf2/_install/lib/libnetconf2.so.1.3.5: undefined reference to `X509_OBJECT_free@OPENSSL_1_1_0'
/home/mo/share/netconf2/lib/libssh/_install/lib/libssh.so.4.8.1: undefined reference to `EVP_sha384@OPENSSL_1_1_0'
/home/mo/share/netconf2/lib/libssh/_install/lib/libssh.so.4.8.1: undefined reference to `DSA_SIG_get0@OPENSSL_1_1_0'
/home/mo/share/netconf2/lib/libssh/_install/lib/libssh.so.4.8.1: undefined reference to `EVP_DigestUpdate@OPENSSL_1_1_0'
/home/mo/share/netconf2_new/libnetconf2/_install/lib/libnetconf2.so.1.3.5: undefined reference to `X509_STORE_CTX_get_error_depth@OPENSSL_1_1_0'
/home/mo/share/netconf2_new/libnetconf2/_install/lib/libnetconf2.so.1.3.5: undefined reference to `X509_LOOKUP_hash_dir@OPENSSL_1_1_0'
/home/mo/share/netconf2/lib/libssh/_install/lib/libssh.so.4.8.1: undefined reference to `RSA_set0_crt_params@OPENSSL_1_1_0'
/home/mo/share/netconf2_new/libnetconf2/_install/lib/libnetconf2.so.1.3.5: undefined reference to `X509_up_ref@OPENSSL_1_1_0'
/home/mo/share/netconf2/lib/libssh/_install/lib/libssh.so.4.8.1: undefined reference to `DSA_SIG_set0@OPENSSL_1_1_0'
/home/mo/share/netconf2/lib/libssh/_install/lib/libssh.so.4.8.1: undefined reference to `RSA_get0_crt_params@OPENSSL_1_1_0'
/home/mo/share/netconf2/lib/libssh/_install/lib/libssh.so.4.8.1: undefined reference to `d2i_DSA_SIG@OPENSSL_1_1_0'
/home/mo/share/netconf2_new/libnetconf2/_install/lib/libnetconf2.so.1.3.5: undefined reference to `X509_STORE_add_lookup@OPENSSL_1_1_0'
/home/mo/share/netconf2/lib/libssh/_install/lib/libssh.so.4.8.1: undefined reference to `OpenSSL_version_num@OPENSSL_1_1_0'
/home/mo/share/netconf2/lib/libssh/_install/lib/libssh.so.4.8.1: undefined reference to `ECDSA_SIG_new@OPENSSL_1_1_0'
/home/mo/share/netconf2/lib/libssh/_install/lib/libssh.so.4.8.1: undefined reference to `BN_num_bits@OPENSSL_1_1_0'
/home/mo/share/netconf2/lib/libssh/_install/lib/libssh.so.4.8.1: undefined reference to `BN_hex2bn@OPENSSL_1_1_0'
/home/mo/share/netconf2_new/libnetconf2/_install/lib/libnetconf2.so.1.3.5: undefined reference to `SSL_get_fd@OPENSSL_1_1_0'
/home/mo/share/netconf2_new/libnetconf2/_install/lib/libnetconf2.so.1.3.5: undefined reference to `SSL_CTX_use_certificate@OPENSSL_1_1_0'
/home/mo/share/netconf2_new/libnetconf2/_install/lib/libnetconf2.so.1.3.5: undefined reference to `X509_STORE_add_cert@OPENSSL_1_1_0'
/home/mo/share/netconf2_new/libnetconf2/_install/lib/libnetconf2.so.1.3.5: undefined reference to `X509_free@OPENSSL_1_1_0'
/home/mo/share/netconf2_new/libnetconf2/_install/lib/libnetconf2.so.1.3.5: undefined reference to `OPENSSL_sk_pop_free@OPENSSL_1_1_0'
/home/mo/share/netconf2/lib/libssh/_install/lib/libssh.so.4.8.1: undefined reference to `EC_POINT_free@OPENSSL_1_1_0'
/home/mo/share/netconf2/lib/libssh/_install/lib/libssh.so.4.8.1: undefined reference to `EVP_DigestVerifyFinal@OPENSSL_1_1_0'
/home/mo/share/netconf2_new/libnetconf2/_install/lib/libnetconf2.so.1.3.5: undefined reference to `ASN1_INTEGER_cmp@OPENSSL_1_1_0'
/home/mo/share/netconf2/lib/libssh/_install/lib/libssh.so.4.8.1: undefined reference to `HMAC_Init_ex@OPENSSL_1_1_0'
/home/mo/share/netconf2/lib/libssh/_install/lib/libssh.so.4.8.1: undefined reference to `BN_CTX_free@OPENSSL_1_1_0'
/home/mo/share/netconf2/lib/libssh/_install/lib/libssh.so.4.8.1: undefined reference to `EC_KEY_new_by_curve_name@OPENSSL_1_1_0'
/home/mo/share/netconf2/lib/libssh/_install/lib/libssh.so.4.8.1: undefined reference to `ECDSA_SIG_set0@OPENSSL_1_1_0'
/home/mo/share/netconf2/lib/libssh/_install/lib/libssh.so.4.8.1: undefined reference to `EVP_CIPHER_CTX_free@OPENSSL_1_1_0'
/home/mo/share/netconf2/lib/libssh/_install/lib/libssh.so.4.8.1: undefined reference to `EVP_MD_CTX_free@OPENSSL_1_1_0'
/home/mo/share/netconf2_new/libnetconf2/_install/lib/libnetconf2.so.1.3.5: undefined reference to `X509_STORE_CTX_set_error@OPENSSL_1_1_0'
/home/mo/share/netconf2/lib/libssh/_install/lib/libssh.so.4.8.1: undefined reference to `BN_cmp@OPENSSL_1_1_0'
/home/mo/share/netconf2/lib/libssh/_install/lib/libssh.so.4.8.1: undefined reference to `EVP_EncryptFinal@OPENSSL_1_1_0'
/home/mo/share/netconf2/lib/libssh/_install/lib/libssh.so.4.8.1: undefined reference to `ENGINE_load_public_key@OPENSSL_1_1_0'
/home/mo/share/netconf2/lib/libssh/_install/lib/libssh.so.4.8.1: undefined reference to `ENGINE_init@OPENSSL_1_1_0'
/home/mo/share/netconf2/lib/libssh/_install/lib/libssh.so.4.8.1: undefined reference to `EVP_DigestSignInit@OPENSSL_1_1_0'
/home/mo/share/netconf2/lib/libssh/_install/lib/libssh.so.4.8.1: undefined reference to `EVP_sha1@OPENSSL_1_1_0'
/home/mo/share/netconf2/lib/libssh/_install/lib/libssh.so.4.8.1: undefined reference to `EVP_CIPHER_CTX_ctrl@OPENSSL_1_1_0'
/home/mo/share/netconf2/lib/libssh/_install/lib/libssh.so.4.8.1: undefined reference to `DH_generate_key@OPENSSL_1_1_0'
/home/mo/share/netconf2/lib/libssh/_install/lib/libssh.so.4.8.1: undefined reference to `DSA_size@OPENSSL_1_1_0'
/home/mo/share/netconf2/lib/libssh/_install/lib/libssh.so.4.8.1: undefined reference to `DH_size@OPENSSL_1_1_0'
/home/mo/share/netconf2/lib/libssh/_install/lib/libssh.so.4.8.1: undefined reference to `BN_clear_free@OPENSSL_1_1_0'
/home/mo/share/netconf2/lib/libssh/_install/lib/libssh.so.4.8.1: undefined reference to `EVP_CIPHER_CTX_reset@OPENSSL_1_1_0'
/home/mo/share/netconf2_new/libnetconf2/_install/lib/libnetconf2.so.1.3.5: undefined reference to `X509_get_subject_name@OPENSSL_1_1_0'
/home/mo/share/netconf2/lib/libssh/_install/lib/libssh.so.4.8.1: undefined reference to `EC_GROUP_get_degree@OPENSSL_1_1_0'
/home/mo/share/netconf2/lib/libssh/_install/lib/libssh.so.4.8.1: undefined reference to `OpenSSL_version@OPENSSL_1_1_0'
/home/mo/share/netconf2_new/libnetconf2/_install/lib/libnetconf2.so.1.3.5: undefined reference to `X509_digest@OPENSSL_1_1_0'
/home/mo/share/netconf2/lib/libssh/_install/lib/libssh.so.4.8.1: undefined reference to `EVP_PKEY_get1_EC_KEY@OPENSSL_1_1_0'
/home/mo/share/netconf2/lib/libssh/_install/lib/libssh.so.4.8.1: undefined reference to `EVP_MD_CTX_reset@OPENSSL_1_1_0'
/home/mo/share/netconf2/lib/libssh/_install/lib/libssh.so.4.8.1: undefined reference to `EC_POINT_clear_free@OPENSSL_1_1_0'
/home/mo/share/netconf2/lib/libssh/_install/lib/libssh.so.4.8.1: undefined reference to `DH_compute_key@OPENSSL_1_1_0'
/home/mo/share/netconf2/lib/libssh/_install/lib/libssh.so.4.8.1: undefined reference to `ERR_error_string@OPENSSL_1_1_0'
/home/mo/share/netconf2_new/libnetconf2/_install/lib/libnetconf2.so.1.3.5: undefined reference to `SSL_CTX_set_cert_store@OPENSSL_1_1_0'
/home/mo/share/netconf2_new/libnetconf2/_install/lib/libnetconf2.so.1.3.5: undefined reference to `SSL_connect@OPENSSL_1_1_0'
/home/mo/share/netconf2/lib/libssh/_install/lib/libssh.so.4.8.1: undefined reference to `PEM_read_bio_PrivateKey@OPENSSL_1_1_0'
/home/mo/share/netconf2/lib/libssh/_install/lib/libssh.so.4.8.1: undefined reference to `DSA_generate_parameters_ex@OPENSSL_1_1_0'
/home/mo/share/netconf2/lib/libssh/_install/lib/libssh.so.4.8.1: undefined reference to `EVP_PKEY_set1_RSA@OPENSSL_1_1_0'
/home/mo/share/netconf2/lib/libssh/_install/lib/libssh.so.4.8.1: undefined reference to `CRYPTO_free@OPENSSL_1_1_0'
/home/mo/share/netconf2/lib/libssh/_install/lib/libssh.so.4.8.1: undefined reference to `RSA_new@OPENSSL_1_1_0'
/home/mo/share/netconf2_new/libnetconf2/_install/lib/libnetconf2.so.1.3.5: undefined reference to `SSL_is_init_finished@OPENSSL_1_1_0'
/home/mo/share/netconf2/lib/libssh/_install/lib/libssh.so.4.8.1: undefined reference to `EC_KEY_get0_group@OPENSSL_1_1_0'
/home/mo/share/netconf2_new/libnetconf2/_install/lib/libnetconf2.so.1.3.5: undefined reference to `ERR_reason_error_string@OPENSSL_1_1_0'
/home/mo/share/netconf2/lib/libssh/_install/lib/libssh.so.4.8.1: undefined reference to `EVP_PKEY_size@OPENSSL_1_1_0'
/home/mo/share/netconf2_new/libnetconf2/_install/lib/libnetconf2.so.1.3.5: undefined reference to `TLS_server_method@OPENSSL_1_1_0'
/home/mo/share/netconf2/lib/libssh/_install/lib/libssh.so.4.8.1: undefined reference to `RAND_bytes@OPENSSL_1_1_0'
/home/mo/share/netconf2_new/libnetconf2/_install/lib/libnetconf2.so.1.3.5: undefined reference to `SSL_CTX_load_verify_locations@OPENSSL_1_1_0'
/home/mo/share/netconf2/lib/libssh/_install/lib/libssh.so.4.8.1: undefined reference to `ECDSA_SIG_get0@OPENSSL_1_1_0'
/home/mo/share/netconf2_new/libnetconf2/_install/lib/libnetconf2.so.1.3.5: undefined reference to `X509_CRL_get0_lastUpdate@OPENSSL_1_1_0'
/home/mo/share/netconf2/lib/libssh/_install/lib/libssh.so.4.8.1: undefined reference to `BIO_ctrl@OPENSSL_1_1_0'
/home/mo/share/netconf2/lib/libssh/_install/lib/libssh.so.4.8.1: undefined reference to `DSA_SIG_free@OPENSSL_1_1_0'
/home/mo/share/netconf2_new/libnetconf2/_install/lib/libnetconf2.so.1.3.5: undefined reference to `ERR_clear_error@OPENSSL_1_1_0'
/home/mo/share/netconf2/lib/libssh/_install/lib/libssh.so.4.8.1: undefined reference to `ENGINE_load_builtin_engines@OPENSSL_1_1_0'
/home/mo/share/netconf2/lib/libssh/_install/lib/libssh.so.4.8.1: undefined reference to `EVP_DecryptFinal@OPENSSL_1_1_0'
/home/mo/share/netconf2/lib/libssh/_install/lib/libssh.so.4.8.1: undefined reference to `BN_copy@OPENSSL_1_1_0'
/home/mo/share/netconf2_new/libnetconf2/_install/lib/libnetconf2.so.1.3.5: undefined reference to `SSL_CTX_ctrl@OPENSSL_1_1_0'
/home/mo/share/netconf2_new/libnetconf2/_install/lib/libnetconf2.so.1.3.5: undefined reference to `SSL_set_fd@OPENSSL_1_1_0'
/home/mo/share/netconf2_new/libnetconf2/_install/lib/libnetconf2.so.1.3.5: undefined reference to `SSL_shutdown@OPENSSL_1_1_0'
/home/mo/share/netconf2/lib/libssh/_install/lib/libssh.so.4.8.1: undefined reference to `BN_is_bit_set@OPENSSL_1_1_0'
/home/mo/share/netconf2/lib/libssh/_install/lib/libssh.so.4.8.1: undefined reference to `ERR_get_error@OPENSSL_1_1_0'
/home/mo/share/netconf2_new/libnetconf2/_install/lib/libnetconf2.so.1.3.5: undefined reference to `X509_LOOKUP_ctrl@OPENSSL_1_1_0'
/home/mo/share/netconf2/lib/libssh/_install/lib/libssh.so.4.8.1: undefined reference to `DSA_generate_key@OPENSSL_1_1_0'
/home/mo/share/netconf2_new/libnetconf2/_install/lib/libnetconf2.so.1.3.5: undefined reference to `X509_get_pubkey@OPENSSL_1_1_0'
/home/mo/share/netconf2/lib/libssh/_install/lib/libssh.so.4.8.1: undefined reference to `EVP_sha256@OPENSSL_1_1_0'
/home/mo/share/netconf2_new/libnetconf2/_install/lib/libnetconf2.so.1.3.5: undefined reference to `BIO_read@OPENSSL_1_1_0'
/home/mo/share/netconf2/lib/libssh/_install/lib/libssh.so.4.8.1: undefined reference to `EVP_DigestSignFinal@OPENSSL_1_1_0'
/home/mo/share/netconf2_new/libnetconf2/_install/lib/libnetconf2.so.1.3.5: undefined reference to `SSL_ctrl@OPENSSL_1_1_0'
/home/mo/share/netconf2/lib/libssh/_install/lib/libssh.so.4.8.1: undefined reference to `EC_KEY_dup@OPENSSL_1_1_0'
/home/mo/share/netconf2/lib/libssh/_install/lib/libssh.so.4.8.1: undefined reference to `EC_KEY_get0_private_key@OPENSSL_1_1_0'
/home/mo/share/netconf2/lib/libssh/_install/lib/libssh.so.4.8.1: undefined reference to `EVP_PKEY_new@OPENSSL_1_1_0'
/home/mo/share/netconf2/lib/libssh/_install/lib/libssh.so.4.8.1: undefined reference to `BN_new@OPENSSL_1_1_0'
/home/mo/share/netconf2/lib/libssh/_install/lib/libssh.so.4.8.1: undefined reference to `EVP_aes_256_cbc@OPENSSL_1_1_0'
/home/mo/share/netconf2/lib/libssh/_install/lib/libssh.so.4.8.1: undefined reference to `BN_dup@OPENSSL_1_1_0'
/home/mo/share/netconf2/lib/libssh/_install/lib/libssh.so.4.8.1: undefined reference to `EC_KEY_free@OPENSSL_1_1_0'
/home/mo/share/netconf2/lib/libssh/_install/lib/libssh.so.4.8.1: undefined reference to `d2i_ECDSA_SIG@OPENSSL_1_1_0'
/home/mo/share/netconf2/lib/libssh/_install/lib/libssh.so.4.8.1: undefined reference to `EC_GROUP_cmp@OPENSSL_1_1_0'
/home/mo/share/netconf2_new/libnetconf2/_install/lib/libnetconf2.so.1.3.5: undefined reference to `X509_STORE_CTX_new@OPENSSL_1_1_0'
/home/mo/share/netconf2_new/libnetconf2/_install/lib/libnetconf2.so.1.3.5: undefined reference to `X509_LOOKUP_file@OPENSSL_1_1_0'
/home/mo/share/netconf2/lib/libssh/_install/lib/libssh.so.4.8.1: undefined reference to `HMAC_CTX_free@OPENSSL_1_1_0'
/home/mo/share/netconf2_new/libnetconf2/_install/lib/libnetconf2.so.1.3.5: undefined reference to `SSL_get_verify_result@OPENSSL_1_1_0'
/home/mo/share/netconf2/lib/libssh/_install/lib/libssh.so.4.8.1: undefined reference to `ENGINE_free@OPENSSL_1_1_0'
/home/mo/share/netconf2/lib/libssh/_install/lib/libssh.so.4.8.1: undefined reference to `BIO_s_mem@OPENSSL_1_1_0'
/home/mo/share/netconf2/lib/libssh/_install/lib/libssh.so.4.8.1: undefined reference to `BN_free@OPENSSL_1_1_0'
/home/mo/share/netconf2/lib/libssh/_install/lib/libssh.so.4.8.1: undefined reference to `RSA_get0_key@OPENSSL_1_1_0'
/home/mo/share/netconf2_new/libnetconf2/_install/lib/libnetconf2.so.1.3.5: undefined reference to `X509_get_issuer_name@OPENSSL_1_1_0'
/home/mo/share/netconf2/lib/libssh/_install/lib/libssh.so.4.8.1: undefined reference to `BN_sub@OPENSSL_1_1_0'
/home/mo/share/netconf2/lib/libssh/_install/lib/libssh.so.4.8.1: undefined reference to `EC_POINT_new@OPENSSL_1_1_0'
/home/mo/share/netconf2_new/libnetconf2/_install/lib/libnetconf2.so.1.3.5: undefined reference to `SSL_CTX_use_certificate_file@OPENSSL_1_1_0'
/home/mo/share/netconf2/lib/libssh/_install/lib/libssh.so.4.8.1: undefined reference to `EVP_MD_CTX_new@OPENSSL_1_1_0'
/home/mo/share/netconf2/lib/libssh/_install/lib/libssh.so.4.8.1: undefined reference to `DSA_get0_pqg@OPENSSL_1_1_0'
/home/mo/share/netconf2/lib/libssh/_install/lib/libssh.so.4.8.1: undefined reference to `DH_free@OPENSSL_1_1_0'
/home/mo/share/netconf2_new/libnetconf2/_install/lib/libnetconf2.so.1.3.5: undefined reference to `X509_cmp_current_time@OPENSSL_1_1_0'
/home/mo/share/netconf2_new/libnetconf2/_install/lib/libnetconf2.so.1.3.5: undefined reference to `X509_STORE_free@OPENSSL_1_1_0'
/home/mo/share/netconf2_new/libnetconf2/_install/lib/libnetconf2.so.1.3.5: undefined reference to `X509_STORE_CTX_init@OPENSSL_1_1_0'
/home/mo/share/netconf2_new/libnetconf2/_install/lib/libnetconf2.so.1.3.5: undefined reference to `X509_NAME_oneline@OPENSSL_1_1_0'
/home/mo/share/netconf2_new/libnetconf2/_install/lib/libnetconf2.so.1.3.5: undefined reference to `X509_REVOKED_get0_serialNumber@OPENSSL_1_1_0'
/home/mo/share/netconf2_new/libnetconf2/_install/lib/libnetconf2.so.1.3.5: undefined reference to `X509_STORE_CTX_free@OPENSSL_1_1_0'
/home/mo/share/netconf2/lib/libssh/_install/lib/libssh.so.4.8.1: undefined reference to `DSA_set0_pqg@OPENSSL_1_1_0'
/home/mo/share/netconf2_new/libnetconf2/_install/lib/libnetconf2.so.1.3.5: undefined reference to `X509_CRL_verify@OPENSSL_1_1_0'
/home/mo/share/netconf2_new/libnetconf2/_install/lib/libnetconf2.so.1.3.5: undefined reference to `SSL_CTX_use_PrivateKey_file@OPENSSL_1_1_0'
/home/mo/share/netconf2_new/libnetconf2/_install/lib/libnetconf2.so.1.3.5: undefined reference to `X509_CRL_get0_nextUpdate@OPENSSL_1_1_0'
/home/mo/share/netconf2/lib/libssh/_install/lib/libssh.so.4.8.1: undefined reference to `DSA_set0_key@OPENSSL_1_1_0'
/home/mo/share/netconf2/lib/libssh/_install/lib/libssh.so.4.8.1: undefined reference to `EVP_DecryptInit_ex@OPENSSL_1_1_0'
/home/mo/share/netconf2/lib/libssh/_install/lib/libssh.so.4.8.1: undefined reference to `EVP_DecryptUpdate@OPENSSL_1_1_0'
/home/mo/share/netconf2/lib/libssh/_install/lib/libssh.so.4.8.1: undefined reference to `BN_bin2bn@OPENSSL_1_1_0'
/home/mo/share/netconf2/lib/libssh/_install/lib/libssh.so.4.8.1: undefined reference to `EVP_CIPHER_CTX_set_padding@OPENSSL_1_1_0'
/home/mo/share/netconf2/lib/libssh/_install/lib/libssh.so.4.8.1: undefined reference to `EVP_DigestInit@OPENSSL_1_1_0'
/home/mo/share/netconf2/lib/libssh/_install/lib/libssh.so.4.8.1: undefined reference to `HMAC_CTX_new@OPENSSL_1_1_0'
/home/mo/share/netconf2_new/libnetconf2/_install/lib/libnetconf2.so.1.3.5: undefined reference to `X509_get_serialNumber@OPENSSL_1_1_0'
/home/mo/share/netconf2/lib/libssh/_install/lib/libssh.so.4.8.1: undefined reference to `BIO_free@OPENSSL_1_1_0'
/home/mo/share/netconf2_new/libnetconf2/_install/lib/libnetconf2.so.1.3.5: undefined reference to `ASN1_STRING_get0_data@OPENSSL_1_1_0'
/home/mo/share/netconf2/lib/libssh/_install/lib/libssh.so.4.8.1: undefined reference to `BN_CTX_new@OPENSSL_1_1_0'
/home/mo/share/netconf2/lib/libssh/_install/lib/libssh.so.4.8.1: undefined reference to `EVP_aes_256_gcm@OPENSSL_1_1_0'
/home/mo/share/netconf2_new/libnetconf2/_install/lib/libnetconf2.so.1.3.5: undefined reference to `SSL_CTX_use_PrivateKey@OPENSSL_1_1_0'
/home/mo/share/netconf2/lib/libssh/_install/lib/libssh.so.4.8.1: undefined reference to `EVP_PKEY_get1_RSA@OPENSSL_1_1_0'
/home/mo/share/netconf2/lib/libssh/_install/lib/libssh.so.4.8.1: undefined reference to `EC_KEY_set_asn1_flag@OPENSSL_1_1_0'
/home/mo/share/netconf2_new/libnetconf2/_install/lib/libnetconf2.so.1.3.5: undefined reference to `PEM_read_bio_X509@OPENSSL_1_1_0'
/home/mo/share/netconf2_new/libnetconf2/_install/lib/libnetconf2.so.1.3.5: undefined reference to `OPENSSL_sk_value@OPENSSL_1_1_0'
/home/mo/share/netconf2_new/libnetconf2/_install/lib/libnetconf2.so.1.3.5: undefined reference to `X509_STORE_CTX_get_current_cert@OPENSSL_1_1_0'
/home/mo/share/netconf2_new/libnetconf2/_install/lib/libnetconf2.so.1.3.5: undefined reference to `X509_get0_pubkey_bitstr@OPENSSL_1_1_0'
/home/mo/share/netconf2_new/libnetconf2/_install/lib/libnetconf2.so.1.3.5: undefined reference to `X509_verify_cert_error_string@OPENSSL_1_1_0'
/home/mo/share/netconf2/lib/libssh/_install/lib/libssh.so.4.8.1: undefined reference to `EVP_PKEY_set1_EC_KEY@OPENSSL_1_1_0'
/home/mo/share/netconf2/lib/libssh/_install/lib/libssh.so.4.8.1: undefined reference to `EVP_PKEY_base_id@OPENSSL_1_1_0'
/home/mo/share/netconf2/lib/libssh/_install/lib/libssh.so.4.8.1: undefined reference to `EVP_aes_256_ctr@OPENSSL_1_1_0'
/home/mo/share/netconf2/lib/libssh/_install/lib/libssh.so.4.8.1: undefined reference to `DSA_new@OPENSSL_1_1_0'
/home/mo/share/netconf2/lib/libssh/_install/lib/libssh.so.4.8.1: undefined reference to `RSA_size@OPENSSL_1_1_0'
/home/mo/share/netconf2_new/libnetconf2/_install/lib/libnetconf2.so.1.3.5: undefined reference to `X509_STORE_CTX_get1_certs@OPENSSL_1_1_0'
/home/mo/share/netconf2/lib/libssh/_install/lib/libssh.so.4.8.1: undefined reference to `ENGINE_load_private_key@OPENSSL_1_1_0'
/home/mo/share/netconf2/lib/libssh/_install/lib/libssh.so.4.8.1: undefined reference to `RSA_generate_key_ex@OPENSSL_1_1_0'
/home/mo/share/netconf2/lib/libssh/_install/lib/libssh.so.4.8.1: undefined reference to `RSA_set0_key@OPENSSL_1_1_0'
/home/mo/share/netconf2/lib/libssh/_install/lib/libssh.so.4.8.1: undefined reference to `EVP_EncryptUpdate@OPENSSL_1_1_0'
/home/mo/share/netconf2/lib/libssh/_install/lib/libssh.so.4.8.1: undefined reference to `EVP_md5@OPENSSL_1_1_0'
/home/mo/share/netconf2/lib/libssh/_install/lib/libssh.so.4.8.1: undefined reference to `EVP_DigestVerifyInit@OPENSSL_1_1_0'
/home/mo/share/netconf2_new/libnetconf2/_install/lib/libnetconf2.so.1.3.5: undefined reference to `SSL_free@OPENSSL_1_1_0'
/home/mo/share/netconf2/lib/libssh/_install/lib/libssh.so.4.8.1: undefined reference to `DH_set0_pqg@OPENSSL_1_1_0'
/home/mo/share/netconf2/lib/libssh/_install/lib/libssh.so.4.8.1: undefined reference to `ENGINE_finish@OPENSSL_1_1_0'
/home/mo/share/netconf2/lib/libssh/_install/lib/libssh.so.4.8.1: undefined reference to `RSA_get0_factors@OPENSSL_1_1_0'
/home/mo/share/netconf2/lib/libssh/_install/lib/libssh.so.4.8.1: undefined reference to `DH_set0_key@OPENSSL_1_1_0'
/home/mo/share/netconf2/lib/libssh/_install/lib/libssh.so.4.8.1: undefined reference to `BIO_new_mem_buf@OPENSSL_1_1_0'
/home/mo/share/netconf2_new/libnetconf2/_install/lib/libnetconf2.so.1.3.5: undefined reference to `PEM_read_X509@OPENSSL_1_1_0'
/home/mo/share/netconf2/lib/libssh/_install/lib/libssh.so.4.8.1: undefined reference to `EC_POINT_cmp@OPENSSL_1_1_0'
/home/mo/share/netconf2/lib/libssh/_install/lib/libssh.so.4.8.1: undefined reference to `DSA_free@OPENSSL_1_1_0'
/home/mo/share/netconf2/lib/libssh/_install/lib/libssh.so.4.8.1: undefined reference to `DSA_get0_key@OPENSSL_1_1_0'
/home/mo/share/netconf2/lib/libssh/_install/lib/libssh.so.4.8.1: undefined reference to `EVP_EncryptInit_ex@OPENSSL_1_1_0'
/home/mo/share/netconf2_new/libnetconf2/_install/lib/libnetconf2.so.1.3.5: undefined reference to `X509_STORE_CTX_get_by_subject@OPENSSL_1_1_0'
/home/mo/share/netconf2/lib/libssh/_install/lib/libssh.so.4.8.1: undefined reference to `ENGINE_by_id@OPENSSL_1_1_0'
/home/mo/share/netconf2/lib/libssh/_install/lib/libssh.so.4.8.1: undefined reference to `EVP_aes_128_cbc@OPENSSL_1_1_0'
/home/mo/share/netconf2_new/libnetconf2/_install/lib/libnetconf2.so.1.3.5: undefined reference to `SSL_write@OPENSSL_1_1_0'
/home/mo/share/netconf2/lib/libssh/_install/lib/libssh.so.4.8.1: undefined reference to `i2d_ECDSA_SIG@OPENSSL_1_1_0'
/home/mo/share/netconf2/lib/libssh/_install/lib/libssh.so.4.8.1: undefined reference to `RSA_set0_factors@OPENSSL_1_1_0'
/home/mo/share/netconf2/lib/libssh/_install/lib/libssh.so.4.8.1: undefined reference to `BN_set_word@OPENSSL_1_1_0'
/home/mo/share/netconf2_new/libnetconf2/_install/lib/libnetconf2.so.1.3.5: undefined reference to `SSL_accept@OPENSSL_1_1_0'
/home/mo/share/netconf2_new/libnetconf2/_install/lib/libnetconf2.so.1.3.5: undefined reference to `OPENSSL_sk_num@OPENSSL_1_1_0'
/home/mo/share/netconf2_new/libnetconf2/_install/lib/libnetconf2.so.1.3.5: undefined reference to `X509_OBJECT_get0_X509_CRL@OPENSSL_1_1_0'
/home/mo/share/netconf2/lib/libssh/_install/lib/libssh.so.4.8.1: undefined reference to `EC_KEY_set_public_key@OPENSSL_1_1_0'
/home/mo/share/netconf2/lib/libssh/_install/lib/libssh.so.4.8.1: undefined reference to `BIO_new@OPENSSL_1_1_0'
/home/mo/share/netconf2_new/libnetconf2/_install/lib/libnetconf2.so.1.3.5: undefined reference to `X509_STORE_CTX_get1_chain@OPENSSL_1_1_0'
/home/mo/share/netconf2/lib/libssh/_install/lib/libssh.so.4.8.1: undefined reference to `EVP_DigestFinal@OPENSSL_1_1_0'
/home/mo/share/netconf2/lib/libssh/_install/lib/libssh.so.4.8.1: undefined reference to `EVP_sha512@OPENSSL_1_1_0'
/home/mo/share/netconf2_new/libnetconf2/_install/lib/libnetconf2.so.1.3.5: undefined reference to `SSL_read@OPENSSL_1_1_0'
/home/mo/share/netconf2_new/libnetconf2/_install/lib/libnetconf2.so.1.3.5: undefined reference to `SSL_CTX_new@OPENSSL_1_1_0'
/home/mo/share/netconf2_new/libnetconf2/_install/lib/libnetconf2.so.1.3.5: undefined reference to `X509_STORE_new@OPENSSL_1_1_0'
/home/mo/share/netconf2/lib/libssh/_install/lib/libssh.so.4.8.1: undefined reference to `EVP_aes_128_gcm@OPENSSL_1_1_0'
/home/mo/share/netconf2/lib/libssh/_install/lib/libssh.so.4.8.1: undefined reference to `DH_get0_pqg@OPENSSL_1_1_0'
/home/mo/share/netconf2/lib/libssh/_install/lib/libssh.so.4.8.1: undefined reference to `BN_bn2hex@OPENSSL_1_1_0'
/home/mo/share/netconf2/lib/libssh/_install/lib/libssh.so.4.8.1: undefined reference to `EVP_des_ede3_cbc@OPENSSL_1_1_0'
/home/mo/share/netconf2_new/libnetconf2/_install/lib/libnetconf2.so.1.3.5: undefined reference to `EVP_sha224@OPENSSL_1_1_0'
/home/mo/share/netconf2/lib/libssh/_install/lib/libssh.so.4.8.1: undefined reference to `EVP_PKEY_free@OPENSSL_1_1_0'
/home/mo/share/netconf2/lib/libssh/_install/lib/libssh.so.4.8.1: undefined reference to `EVP_aes_192_ctr@OPENSSL_1_1_0'
/home/mo/share/netconf2/lib/libssh/_install/lib/libssh.so.4.8.1: undefined reference to `EC_KEY_generate_key@OPENSSL_1_1_0'
/home/mo/share/netconf2/lib/libssh/_install/lib/libssh.so.4.8.1: undefined reference to `DH_new@OPENSSL_1_1_0'
/home/mo/share/netconf2/lib/libssh/_install/lib/libssh.so.4.8.1: undefined reference to `FIPS_mode@OPENSSL_1_1_0'
/home/mo/share/netconf2/lib/libssh/_install/lib/libssh.so.4.8.1: undefined reference to `EVP_DigestInit_ex@OPENSSL_1_1_0'
/home/mo/share/netconf2/lib/libssh/_install/lib/libssh.so.4.8.1: undefined reference to `HMAC_Final@OPENSSL_1_1_0'
/home/mo/share/netconf2_new/libnetconf2/_install/lib/libnetconf2.so.1.3.5: undefined reference to `X509_get_ext_d2i@OPENSSL_1_1_0'
/home/mo/share/netconf2/lib/libssh/_install/lib/libssh.so.4.8.1: undefined reference to `PEM_write_bio_PrivateKey@OPENSSL_1_1_0'
/home/mo/share/netconf2/lib/libssh/_install/lib/libssh.so.4.8.1: undefined reference to `EC_KEY_get0_public_key@OPENSSL_1_1_0'
/home/mo/share/netconf2/lib/libssh/_install/lib/libssh.so.4.8.1: undefined reference to `BN_bn2bin@OPENSSL_1_1_0'
/home/mo/share/netconf2/lib/libssh/_install/lib/libssh.so.4.8.1: undefined reference to `HMAC_Update@OPENSSL_1_1_0'
/home/mo/share/netconf2_new/libnetconf2/_install/lib/libnetconf2.so.1.3.5: undefined reference to `X509_STORE_CTX_get_error@OPENSSL_1_1_0'
/home/mo/share/netconf2_new/libnetconf2/_install/lib/libnetconf2.so.1.3.5: undefined reference to `TLS_client_method@OPENSSL_1_1_0'
/home/mo/share/netconf2_new/libnetconf2/_install/lib/libnetconf2.so.1.3.5: undefined reference to `X509_OBJECT_new@OPENSSL_1_1_0'
/home/mo/share/netconf2/lib/libssh/_install/lib/libssh.so.4.8.1: undefined reference to `EC_POINT_point2oct@OPENSSL_1_1_0'
/home/mo/share/netconf2_new/libnetconf2/_install/lib/libnetconf2.so.1.3.5: undefined reference to `SSL_get_rfd@OPENSSL_1_1_0'
/home/mo/share/netconf2/lib/libssh/_install/lib/libssh.so.4.8.1: undefined reference to `DSA_SIG_new@OPENSSL_1_1_0'
/home/mo/share/netconf2/lib/libssh/_install/lib/libssh.so.4.8.1: undefined reference to `i2d_DSA_SIG@OPENSSL_1_1_0'
/home/mo/share/netconf2_new/libnetconf2/_install/lib/libnetconf2.so.1.3.5: undefined reference to `SSL_pending@OPENSSL_1_1_0'
/home/mo/share/netconf2/lib/libssh/_install/lib/libssh.so.4.8.1: undefined reference to `EC_KEY_set_private_key@OPENSSL_1_1_0'
/home/mo/share/netconf2/lib/libssh/_install/lib/libssh.so.4.8.1: undefined reference to `EVP_PKEY_get1_DSA@OPENSSL_1_1_0'
collect2: ld returned 1 exit status
CMakeFiles/cmTC_26042.dir/build.make:110: recipe for target 'cmTC_26042' failed
make[1]: *** [cmTC_26042] Error 1
make[1]: Leaving directory '/home/mo/share/netconf2_new/netopeer2/debug/CMakeFiles/CMakeTmp'
Makefile:141: recipe for target 'cmTC_26042/fast' failed
make: *** [cmTC_26042/fast] Error 2



