Performing C SOURCE FILE Test CMAKE_HAVE_LIBC_PTHREAD failed with the following output:
Change Dir: /home/mo/share/netconf2_new/libnetconf2/build/CMakeFiles/CMakeTmp

Run Build Command(s):/usr/bin/make cmTC_ccf7d/fast && /usr/bin/make  -f CMakeFiles/cmTC_ccf7d.dir/build.make CMakeFiles/cmTC_ccf7d.dir/build
make[1]: Entering directory '/home/mo/share/netconf2_new/libnetconf2/build/CMakeFiles/CMakeTmp'
Building C object CMakeFiles/cmTC_ccf7d.dir/src.c.o
/home/mo/share/gcc-4.4.4-glibc-2.11.1-multilib-1.0/arm-fsl-linux-gnueabi/bin/arm-linux-gcc -D_GNU_SOURCE -D_POSIX_C_SOURCE=200809L -D__BSD_VISIBLE=1  -DCMAKE_HAVE_LIBC_PTHREAD   -o CMakeFiles/cmTC_ccf7d.dir/src.c.o   -c /home/mo/share/netconf2_new/libnetconf2/build/CMakeFiles/CMakeTmp/src.c
Linking C executable cmTC_ccf7d
/usr/local/bin/cmake -E cmake_link_script CMakeFiles/cmTC_ccf7d.dir/link.txt --verbose=1
/home/mo/share/gcc-4.4.4-glibc-2.11.1-multilib-1.0/arm-fsl-linux-gnueabi/bin/arm-linux-gcc  -DCMAKE_HAVE_LIBC_PTHREAD    -rdynamic CMakeFiles/cmTC_ccf7d.dir/src.c.o  -o cmTC_ccf7d 
CMakeFiles/cmTC_ccf7d.dir/src.c.o: In function `main':
src.c:(.text+0x44): undefined reference to `pthread_create'
src.c:(.text+0x50): undefined reference to `pthread_detach'
src.c:(.text+0x5c): undefined reference to `pthread_cancel'
src.c:(.text+0x6c): undefined reference to `pthread_join'
src.c:(.text+0x7c): undefined reference to `pthread_atfork'
collect2: ld returned 1 exit status
CMakeFiles/cmTC_ccf7d.dir/build.make:106: recipe for target 'cmTC_ccf7d' failed
make[1]: *** [cmTC_ccf7d] Error 1
make[1]: Leaving directory '/home/mo/share/netconf2_new/libnetconf2/build/CMakeFiles/CMakeTmp'
Makefile:141: recipe for target 'cmTC_ccf7d/fast' failed
make: *** [cmTC_ccf7d/fast] Error 2


Source file was:
#include <pthread.h>

void* test_func(void* data)
{
  return data;
}

int main(void)
{
  pthread_t thread;
  pthread_create(&thread, NULL, test_func, NULL);
  pthread_detach(thread);
  pthread_cancel(thread);
  pthread_join(thread, NULL);
  pthread_atfork(NULL, NULL, NULL);
  pthread_exit(NULL);

  return 0;
}

Determining if the function pthread_create exists in the pthreads failed with the following output:
Change Dir: /home/mo/share/netconf2_new/libnetconf2/build/CMakeFiles/CMakeTmp

Run Build Command(s):/usr/bin/make cmTC_0ce31/fast && /usr/bin/make  -f CMakeFiles/cmTC_0ce31.dir/build.make CMakeFiles/cmTC_0ce31.dir/build
make[1]: Entering directory '/home/mo/share/netconf2_new/libnetconf2/build/CMakeFiles/CMakeTmp'
Building C object CMakeFiles/cmTC_0ce31.dir/CheckFunctionExists.c.o
/home/mo/share/gcc-4.4.4-glibc-2.11.1-multilib-1.0/arm-fsl-linux-gnueabi/bin/arm-linux-gcc -D_GNU_SOURCE -D_POSIX_C_SOURCE=200809L -D__BSD_VISIBLE=1  -DCHECK_FUNCTION_EXISTS=pthread_create   -o CMakeFiles/cmTC_0ce31.dir/CheckFunctionExists.c.o   -c /usr/local/share/cmake-3.17/Modules/CheckFunctionExists.c
Linking C executable cmTC_0ce31
/usr/local/bin/cmake -E cmake_link_script CMakeFiles/cmTC_0ce31.dir/link.txt --verbose=1
/home/mo/share/gcc-4.4.4-glibc-2.11.1-multilib-1.0/arm-fsl-linux-gnueabi/bin/arm-linux-gcc  -DCHECK_FUNCTION_EXISTS=pthread_create    -rdynamic CMakeFiles/cmTC_0ce31.dir/CheckFunctionExists.c.o  -o cmTC_0ce31  -lpthreads 
/home/mo/share/gcc-4.4.4-glibc-2.11.1-multilib-1.0/arm-fsl-linux-gnueabi/bin/../lib/gcc/arm-fsl-linux-gnueabi/4.4.4/../../../../arm-fsl-linux-gnueabi/bin/ld: cannot find -lpthreads
collect2: ld returned 1 exit status
CMakeFiles/cmTC_0ce31.dir/build.make:106: recipe for target 'cmTC_0ce31' failed
make[1]: *** [cmTC_0ce31] Error 1
make[1]: Leaving directory '/home/mo/share/netconf2_new/libnetconf2/build/CMakeFiles/CMakeTmp'
Makefile:141: recipe for target 'cmTC_0ce31/fast' failed
make: *** [cmTC_0ce31/fast] Error 2



Determining if the include file stdatomic.h exists failed with the following output:
Change Dir: /home/mo/share/netconf2_new/libnetconf2/build/CMakeFiles/CMakeTmp

Run Build Command(s):/usr/bin/make cmTC_f7580/fast && /usr/bin/make  -f CMakeFiles/cmTC_f7580.dir/build.make CMakeFiles/cmTC_f7580.dir/build
make[1]: Entering directory '/home/mo/share/netconf2_new/libnetconf2/build/CMakeFiles/CMakeTmp'
Building C object CMakeFiles/cmTC_f7580.dir/CheckIncludeFile.c.o
/home/mo/share/gcc-4.4.4-glibc-2.11.1-multilib-1.0/arm-fsl-linux-gnueabi/bin/arm-linux-gcc -D_GNU_SOURCE -D_POSIX_C_SOURCE=200809L -D__BSD_VISIBLE=1   -o CMakeFiles/cmTC_f7580.dir/CheckIncludeFile.c.o   -c /home/mo/share/netconf2_new/libnetconf2/build/CMakeFiles/CMakeTmp/CheckIncludeFile.c
/home/mo/share/netconf2_new/libnetconf2/build/CMakeFiles/CMakeTmp/CheckIncludeFile.c:1:23: error: stdatomic.h: No such file or directory
CMakeFiles/cmTC_f7580.dir/build.make:85: recipe for target 'CMakeFiles/cmTC_f7580.dir/CheckIncludeFile.c.o' failed
make[1]: *** [CMakeFiles/cmTC_f7580.dir/CheckIncludeFile.c.o] Error 1
make[1]: Leaving directory '/home/mo/share/netconf2_new/libnetconf2/build/CMakeFiles/CMakeTmp'
Makefile:141: recipe for target 'cmTC_f7580/fast' failed
make: *** [cmTC_f7580/fast] Error 2



Determining if the include file shadow.h exists failed with the following output:
Change Dir: /home/mo/share/netconf2_new/libnetconf2/build/CMakeFiles/CMakeTmp

Run Build Command(s):/usr/bin/make cmTC_ace03/fast && /usr/bin/make  -f CMakeFiles/cmTC_ace03.dir/build.make CMakeFiles/cmTC_ace03.dir/build
make[1]: Entering directory '/home/mo/share/netconf2_new/libnetconf2/build/CMakeFiles/CMakeTmp'
Building C object CMakeFiles/cmTC_ace03.dir/CheckIncludeFile.c.o
/home/mo/share/gcc-4.4.4-glibc-2.11.1-multilib-1.0/arm-fsl-linux-gnueabi/bin/arm-linux-gcc -D_GNU_SOURCE -D_POSIX_C_SOURCE=200809L -D__BSD_VISIBLE=1  -DNC_ENABLED_TLS -DNC_ENABLED_SSH    -o CMakeFiles/cmTC_ace03.dir/CheckIncludeFile.c.o   -c /home/mo/share/netconf2_new/libnetconf2/build/CMakeFiles/CMakeTmp/CheckIncludeFile.c
Linking C executable cmTC_ace03
/usr/local/bin/cmake -E cmake_link_script CMakeFiles/cmTC_ace03.dir/link.txt --verbose=1
/home/mo/share/gcc-4.4.4-glibc-2.11.1-multilib-1.0/arm-fsl-linux-gnueabi/bin/arm-linux-gcc  -DNC_ENABLED_TLS -DNC_ENABLED_SSH     -rdynamic CMakeFiles/cmTC_ace03.dir/CheckIncludeFile.c.o  -o cmTC_ace03  -Wl,-rpath,/opt/libssh/lib -lpthread /opt/libssh/lib/libssh.so.4.8.3 -lcrypt 
/home/mo/share/gcc-4.4.4-glibc-2.11.1-multilib-1.0/arm-fsl-linux-gnueabi/bin/../lib/gcc/arm-fsl-linux-gnueabi/4.4.4/../../../../arm-fsl-linux-gnueabi/bin/ld: warning: libcrypto.so.1.1, needed by /opt/libssh/lib/libssh.so.4.8.3, not found (try using -rpath or -rpath-link)
/opt/libssh/lib/libssh.so.4.8.3: undefined reference to `EVP_aes_192_cbc@OPENSSL_1_1_0'
/opt/libssh/lib/libssh.so.4.8.3: undefined reference to `EVP_PKEY_set1_DSA@OPENSSL_1_1_0'
/opt/libssh/lib/libssh.so.4.8.3: undefined reference to `RSA_free@OPENSSL_1_1_0'
/opt/libssh/lib/libssh.so.4.8.3: undefined reference to `EC_GROUP_get_curve_name@OPENSSL_1_1_0'
/opt/libssh/lib/libssh.so.4.8.3: undefined reference to `EC_POINT_oct2point@OPENSSL_1_1_0'
/opt/libssh/lib/libssh.so.4.8.3: undefined reference to `DH_get0_key@OPENSSL_1_1_0'
/opt/libssh/lib/libssh.so.4.8.3: undefined reference to `ECDH_compute_key@OPENSSL_1_1_0'
/opt/libssh/lib/libssh.so.4.8.3: undefined reference to `ECDSA_SIG_free@OPENSSL_1_1_0'
/opt/libssh/lib/libssh.so.4.8.3: undefined reference to `EVP_aes_128_ctr@OPENSSL_1_1_0'
/opt/libssh/lib/libssh.so.4.8.3: undefined reference to `RAND_add@OPENSSL_1_1_0'
/opt/libssh/lib/libssh.so.4.8.3: undefined reference to `EVP_CIPHER_CTX_new@OPENSSL_1_1_0'
/opt/libssh/lib/libssh.so.4.8.3: undefined reference to `EVP_sha384@OPENSSL_1_1_0'
/opt/libssh/lib/libssh.so.4.8.3: undefined reference to `DSA_SIG_get0@OPENSSL_1_1_0'
/opt/libssh/lib/libssh.so.4.8.3: undefined reference to `EVP_DigestUpdate@OPENSSL_1_1_0'
/opt/libssh/lib/libssh.so.4.8.3: undefined reference to `RSA_set0_crt_params@OPENSSL_1_1_0'
/opt/libssh/lib/libssh.so.4.8.3: undefined reference to `DSA_SIG_set0@OPENSSL_1_1_0'
/opt/libssh/lib/libssh.so.4.8.3: undefined reference to `RSA_get0_crt_params@OPENSSL_1_1_0'
/opt/libssh/lib/libssh.so.4.8.3: undefined reference to `d2i_DSA_SIG@OPENSSL_1_1_0'
/opt/libssh/lib/libssh.so.4.8.3: undefined reference to `OpenSSL_version_num@OPENSSL_1_1_0'
/opt/libssh/lib/libssh.so.4.8.3: undefined reference to `ECDSA_SIG_new@OPENSSL_1_1_0'
/opt/libssh/lib/libssh.so.4.8.3: undefined reference to `BN_num_bits@OPENSSL_1_1_0'
/opt/libssh/lib/libssh.so.4.8.3: undefined reference to `BN_hex2bn@OPENSSL_1_1_0'
/opt/libssh/lib/libssh.so.4.8.3: undefined reference to `EC_POINT_free@OPENSSL_1_1_0'
/opt/libssh/lib/libssh.so.4.8.3: undefined reference to `EVP_DigestVerifyFinal@OPENSSL_1_1_0'
/opt/libssh/lib/libssh.so.4.8.3: undefined reference to `HMAC_Init_ex@OPENSSL_1_1_0'
/opt/libssh/lib/libssh.so.4.8.3: undefined reference to `BN_CTX_free@OPENSSL_1_1_0'
/opt/libssh/lib/libssh.so.4.8.3: undefined reference to `EC_KEY_new_by_curve_name@OPENSSL_1_1_0'
/opt/libssh/lib/libssh.so.4.8.3: undefined reference to `ECDSA_SIG_set0@OPENSSL_1_1_0'
/opt/libssh/lib/libssh.so.4.8.3: undefined reference to `EVP_CIPHER_CTX_free@OPENSSL_1_1_0'
/opt/libssh/lib/libssh.so.4.8.3: undefined reference to `EVP_MD_CTX_free@OPENSSL_1_1_0'
/opt/libssh/lib/libssh.so.4.8.3: undefined reference to `BN_cmp@OPENSSL_1_1_0'
/opt/libssh/lib/libssh.so.4.8.3: undefined reference to `EVP_EncryptFinal@OPENSSL_1_1_0'
/opt/libssh/lib/libssh.so.4.8.3: undefined reference to `EVP_DigestSignInit@OPENSSL_1_1_0'
/opt/libssh/lib/libssh.so.4.8.3: undefined reference to `EVP_sha1@OPENSSL_1_1_0'
/opt/libssh/lib/libssh.so.4.8.3: undefined reference to `EVP_CIPHER_CTX_ctrl@OPENSSL_1_1_0'
/opt/libssh/lib/libssh.so.4.8.3: undefined reference to `DH_generate_key@OPENSSL_1_1_0'
/opt/libssh/lib/libssh.so.4.8.3: undefined reference to `DSA_size@OPENSSL_1_1_0'
/opt/libssh/lib/libssh.so.4.8.3: undefined reference to `DH_size@OPENSSL_1_1_0'
/opt/libssh/lib/libssh.so.4.8.3: undefined reference to `BN_clear_free@OPENSSL_1_1_0'
/opt/libssh/lib/libssh.so.4.8.3: undefined reference to `EVP_CIPHER_CTX_reset@OPENSSL_1_1_0'
/opt/libssh/lib/libssh.so.4.8.3: undefined reference to `EC_GROUP_get_degree@OPENSSL_1_1_0'
/opt/libssh/lib/libssh.so.4.8.3: undefined reference to `OpenSSL_version@OPENSSL_1_1_0'
/opt/libssh/lib/libssh.so.4.8.3: undefined reference to `EVP_PKEY_get1_EC_KEY@OPENSSL_1_1_0'
/opt/libssh/lib/libssh.so.4.8.3: undefined reference to `EVP_MD_CTX_reset@OPENSSL_1_1_0'
/opt/libssh/lib/libssh.so.4.8.3: undefined reference to `EC_POINT_clear_free@OPENSSL_1_1_0'
/opt/libssh/lib/libssh.so.4.8.3: undefined reference to `DH_compute_key@OPENSSL_1_1_0'
/opt/libssh/lib/libssh.so.4.8.3: undefined reference to `ERR_error_string@OPENSSL_1_1_0'
/opt/libssh/lib/libssh.so.4.8.3: undefined reference to `PEM_read_bio_PrivateKey@OPENSSL_1_1_0'
/opt/libssh/lib/libssh.so.4.8.3: undefined reference to `DSA_generate_parameters_ex@OPENSSL_1_1_0'
/opt/libssh/lib/libssh.so.4.8.3: undefined reference to `EVP_PKEY_set1_RSA@OPENSSL_1_1_0'
/opt/libssh/lib/libssh.so.4.8.3: undefined reference to `CRYPTO_free@OPENSSL_1_1_0'
/opt/libssh/lib/libssh.so.4.8.3: undefined reference to `RSA_new@OPENSSL_1_1_0'
/opt/libssh/lib/libssh.so.4.8.3: undefined reference to `EC_KEY_get0_group@OPENSSL_1_1_0'
/opt/libssh/lib/libssh.so.4.8.3: undefined reference to `EVP_PKEY_size@OPENSSL_1_1_0'
/opt/libssh/lib/libssh.so.4.8.3: undefined reference to `RAND_bytes@OPENSSL_1_1_0'
/opt/libssh/lib/libssh.so.4.8.3: undefined reference to `ECDSA_SIG_get0@OPENSSL_1_1_0'
/opt/libssh/lib/libssh.so.4.8.3: undefined reference to `BIO_ctrl@OPENSSL_1_1_0'
/opt/libssh/lib/libssh.so.4.8.3: undefined reference to `DSA_SIG_free@OPENSSL_1_1_0'
/opt/libssh/lib/libssh.so.4.8.3: undefined reference to `EVP_DecryptFinal@OPENSSL_1_1_0'
/opt/libssh/lib/libssh.so.4.8.3: undefined reference to `BN_copy@OPENSSL_1_1_0'
/opt/libssh/lib/libssh.so.4.8.3: undefined reference to `BN_is_bit_set@OPENSSL_1_1_0'
/opt/libssh/lib/libssh.so.4.8.3: undefined reference to `ERR_get_error@OPENSSL_1_1_0'
/opt/libssh/lib/libssh.so.4.8.3: undefined reference to `DSA_generate_key@OPENSSL_1_1_0'
/opt/libssh/lib/libssh.so.4.8.3: undefined reference to `EVP_sha256@OPENSSL_1_1_0'
/opt/libssh/lib/libssh.so.4.8.3: undefined reference to `EVP_DigestSignFinal@OPENSSL_1_1_0'
/opt/libssh/lib/libssh.so.4.8.3: undefined reference to `EC_KEY_dup@OPENSSL_1_1_0'
/opt/libssh/lib/libssh.so.4.8.3: undefined reference to `EC_KEY_get0_private_key@OPENSSL_1_1_0'
/opt/libssh/lib/libssh.so.4.8.3: undefined reference to `EVP_PKEY_new@OPENSSL_1_1_0'
/opt/libssh/lib/libssh.so.4.8.3: undefined reference to `BN_new@OPENSSL_1_1_0'
/opt/libssh/lib/libssh.so.4.8.3: undefined reference to `EVP_aes_256_cbc@OPENSSL_1_1_0'
/opt/libssh/lib/libssh.so.4.8.3: undefined reference to `BN_dup@OPENSSL_1_1_0'
/opt/libssh/lib/libssh.so.4.8.3: undefined reference to `EC_KEY_free@OPENSSL_1_1_0'
/opt/libssh/lib/libssh.so.4.8.3: undefined reference to `d2i_ECDSA_SIG@OPENSSL_1_1_0'
/opt/libssh/lib/libssh.so.4.8.3: undefined reference to `EC_GROUP_cmp@OPENSSL_1_1_0'
/opt/libssh/lib/libssh.so.4.8.3: undefined reference to `HMAC_CTX_free@OPENSSL_1_1_0'
/opt/libssh/lib/libssh.so.4.8.3: undefined reference to `BIO_s_mem@OPENSSL_1_1_0'
/opt/libssh/lib/libssh.so.4.8.3: undefined reference to `BN_free@OPENSSL_1_1_0'
/opt/libssh/lib/libssh.so.4.8.3: undefined reference to `RSA_get0_key@OPENSSL_1_1_0'
/opt/libssh/lib/libssh.so.4.8.3: undefined reference to `BN_sub@OPENSSL_1_1_0'
/opt/libssh/lib/libssh.so.4.8.3: undefined reference to `EC_POINT_new@OPENSSL_1_1_0'
/opt/libssh/lib/libssh.so.4.8.3: undefined reference to `EVP_MD_CTX_new@OPENSSL_1_1_0'
/opt/libssh/lib/libssh.so.4.8.3: undefined reference to `DSA_get0_pqg@OPENSSL_1_1_0'
/opt/libssh/lib/libssh.so.4.8.3: undefined reference to `DH_free@OPENSSL_1_1_0'
/opt/libssh/lib/libssh.so.4.8.3: undefined reference to `DSA_set0_pqg@OPENSSL_1_1_0'
/opt/libssh/lib/libssh.so.4.8.3: undefined reference to `DSA_set0_key@OPENSSL_1_1_0'
/opt/libssh/lib/libssh.so.4.8.3: undefined reference to `EVP_DecryptInit_ex@OPENSSL_1_1_0'
/opt/libssh/lib/libssh.so.4.8.3: undefined reference to `EVP_DecryptUpdate@OPENSSL_1_1_0'
/opt/libssh/lib/libssh.so.4.8.3: undefined reference to `BN_bin2bn@OPENSSL_1_1_0'
/opt/libssh/lib/libssh.so.4.8.3: undefined reference to `EVP_CIPHER_CTX_set_padding@OPENSSL_1_1_0'
/opt/libssh/lib/libssh.so.4.8.3: undefined reference to `EVP_DigestInit@OPENSSL_1_1_0'
/opt/libssh/lib/libssh.so.4.8.3: undefined reference to `HMAC_CTX_new@OPENSSL_1_1_0'
/opt/libssh/lib/libssh.so.4.8.3: undefined reference to `BIO_free@OPENSSL_1_1_0'
/opt/libssh/lib/libssh.so.4.8.3: undefined reference to `BN_CTX_new@OPENSSL_1_1_0'
/opt/libssh/lib/libssh.so.4.8.3: undefined reference to `EVP_aes_256_gcm@OPENSSL_1_1_0'
/opt/libssh/lib/libssh.so.4.8.3: undefined reference to `EVP_PKEY_get1_RSA@OPENSSL_1_1_0'
/opt/libssh/lib/libssh.so.4.8.3: undefined reference to `EC_KEY_set_asn1_flag@OPENSSL_1_1_0'
/opt/libssh/lib/libssh.so.4.8.3: undefined reference to `EVP_PKEY_set1_EC_KEY@OPENSSL_1_1_0'
/opt/libssh/lib/libssh.so.4.8.3: undefined reference to `EVP_PKEY_base_id@OPENSSL_1_1_0'
/opt/libssh/lib/libssh.so.4.8.3: undefined reference to `EVP_aes_256_ctr@OPENSSL_1_1_0'
/opt/libssh/lib/libssh.so.4.8.3: undefined reference to `DSA_new@OPENSSL_1_1_0'
/opt/libssh/lib/libssh.so.4.8.3: undefined reference to `RSA_size@OPENSSL_1_1_0'
/opt/libssh/lib/libssh.so.4.8.3: undefined reference to `RSA_generate_key_ex@OPENSSL_1_1_0'
/opt/libssh/lib/libssh.so.4.8.3: undefined reference to `RSA_set0_key@OPENSSL_1_1_0'
/opt/libssh/lib/libssh.so.4.8.3: undefined reference to `EVP_EncryptUpdate@OPENSSL_1_1_0'
/opt/libssh/lib/libssh.so.4.8.3: undefined reference to `EVP_md5@OPENSSL_1_1_0'
/opt/libssh/lib/libssh.so.4.8.3: undefined reference to `EVP_DigestVerifyInit@OPENSSL_1_1_0'
/opt/libssh/lib/libssh.so.4.8.3: undefined reference to `DH_set0_pqg@OPENSSL_1_1_0'
/opt/libssh/lib/libssh.so.4.8.3: undefined reference to `RSA_get0_factors@OPENSSL_1_1_0'
/opt/libssh/lib/libssh.so.4.8.3: undefined reference to `DH_set0_key@OPENSSL_1_1_0'
/opt/libssh/lib/libssh.so.4.8.3: undefined reference to `BIO_new_mem_buf@OPENSSL_1_1_0'
/opt/libssh/lib/libssh.so.4.8.3: undefined reference to `EC_POINT_cmp@OPENSSL_1_1_0'
/opt/libssh/lib/libssh.so.4.8.3: undefined reference to `DSA_free@OPENSSL_1_1_0'
/opt/libssh/lib/libssh.so.4.8.3: undefined reference to `DSA_get0_key@OPENSSL_1_1_0'
/opt/libssh/lib/libssh.so.4.8.3: undefined reference to `EVP_EncryptInit_ex@OPENSSL_1_1_0'
/opt/libssh/lib/libssh.so.4.8.3: undefined reference to `EVP_aes_128_cbc@OPENSSL_1_1_0'
/opt/libssh/lib/libssh.so.4.8.3: undefined reference to `i2d_ECDSA_SIG@OPENSSL_1_1_0'
/opt/libssh/lib/libssh.so.4.8.3: undefined reference to `RSA_set0_factors@OPENSSL_1_1_0'
/opt/libssh/lib/libssh.so.4.8.3: undefined reference to `BN_set_word@OPENSSL_1_1_0'
/opt/libssh/lib/libssh.so.4.8.3: undefined reference to `EC_KEY_set_public_key@OPENSSL_1_1_0'
/opt/libssh/lib/libssh.so.4.8.3: undefined reference to `BIO_new@OPENSSL_1_1_0'
/opt/libssh/lib/libssh.so.4.8.3: undefined reference to `EVP_DigestFinal@OPENSSL_1_1_0'
/opt/libssh/lib/libssh.so.4.8.3: undefined reference to `EVP_sha512@OPENSSL_1_1_0'
/opt/libssh/lib/libssh.so.4.8.3: undefined reference to `EVP_aes_128_gcm@OPENSSL_1_1_0'
/opt/libssh/lib/libssh.so.4.8.3: undefined reference to `DH_get0_pqg@OPENSSL_1_1_0'
/opt/libssh/lib/libssh.so.4.8.3: undefined reference to `BN_bn2hex@OPENSSL_1_1_0'
/opt/libssh/lib/libssh.so.4.8.3: undefined reference to `EVP_des_ede3_cbc@OPENSSL_1_1_0'
/opt/libssh/lib/libssh.so.4.8.3: undefined reference to `EVP_PKEY_free@OPENSSL_1_1_0'
/opt/libssh/lib/libssh.so.4.8.3: undefined reference to `EVP_aes_192_ctr@OPENSSL_1_1_0'
/opt/libssh/lib/libssh.so.4.8.3: undefined reference to `EC_KEY_generate_key@OPENSSL_1_1_0'
/opt/libssh/lib/libssh.so.4.8.3: undefined reference to `DH_new@OPENSSL_1_1_0'
/opt/libssh/lib/libssh.so.4.8.3: undefined reference to `FIPS_mode@OPENSSL_1_1_0'
/opt/libssh/lib/libssh.so.4.8.3: undefined reference to `EVP_DigestInit_ex@OPENSSL_1_1_0'
/opt/libssh/lib/libssh.so.4.8.3: undefined reference to `HMAC_Final@OPENSSL_1_1_0'
/opt/libssh/lib/libssh.so.4.8.3: undefined reference to `PEM_write_bio_PrivateKey@OPENSSL_1_1_0'
/opt/libssh/lib/libssh.so.4.8.3: undefined reference to `EC_KEY_get0_public_key@OPENSSL_1_1_0'
/opt/libssh/lib/libssh.so.4.8.3: undefined reference to `BN_bn2bin@OPENSSL_1_1_0'
/opt/libssh/lib/libssh.so.4.8.3: undefined reference to `HMAC_Update@OPENSSL_1_1_0'
/opt/libssh/lib/libssh.so.4.8.3: undefined reference to `EC_POINT_point2oct@OPENSSL_1_1_0'
/opt/libssh/lib/libssh.so.4.8.3: undefined reference to `DSA_SIG_new@OPENSSL_1_1_0'
/opt/libssh/lib/libssh.so.4.8.3: undefined reference to `i2d_DSA_SIG@OPENSSL_1_1_0'
/opt/libssh/lib/libssh.so.4.8.3: undefined reference to `EC_KEY_set_private_key@OPENSSL_1_1_0'
/opt/libssh/lib/libssh.so.4.8.3: undefined reference to `EVP_PKEY_get1_DSA@OPENSSL_1_1_0'
collect2: ld returned 1 exit status
CMakeFiles/cmTC_ace03.dir/build.make:107: recipe for target 'cmTC_ace03' failed
make[1]: *** [cmTC_ace03] Error 1
make[1]: Leaving directory '/home/mo/share/netconf2_new/libnetconf2/build/CMakeFiles/CMakeTmp'
Makefile:141: recipe for target 'cmTC_ace03/fast' failed
make: *** [cmTC_ace03/fast] Error 2



Determining if the include file crypt.h exists failed with the following output:
Change Dir: /home/mo/share/netconf2_new/libnetconf2/build/CMakeFiles/CMakeTmp

Run Build Command(s):/usr/bin/make cmTC_036a2/fast && /usr/bin/make  -f CMakeFiles/cmTC_036a2.dir/build.make CMakeFiles/cmTC_036a2.dir/build
make[1]: Entering directory '/home/mo/share/netconf2_new/libnetconf2/build/CMakeFiles/CMakeTmp'
Building C object CMakeFiles/cmTC_036a2.dir/CheckIncludeFile.c.o
/home/mo/share/gcc-4.4.4-glibc-2.11.1-multilib-1.0/arm-fsl-linux-gnueabi/bin/arm-linux-gcc -D_GNU_SOURCE -D_POSIX_C_SOURCE=200809L -D__BSD_VISIBLE=1  -DNC_ENABLED_TLS -DNC_ENABLED_SSH    -o CMakeFiles/cmTC_036a2.dir/CheckIncludeFile.c.o   -c /home/mo/share/netconf2_new/libnetconf2/build/CMakeFiles/CMakeTmp/CheckIncludeFile.c
Linking C executable cmTC_036a2
/usr/local/bin/cmake -E cmake_link_script CMakeFiles/cmTC_036a2.dir/link.txt --verbose=1
/home/mo/share/gcc-4.4.4-glibc-2.11.1-multilib-1.0/arm-fsl-linux-gnueabi/bin/arm-linux-gcc  -DNC_ENABLED_TLS -DNC_ENABLED_SSH     -rdynamic CMakeFiles/cmTC_036a2.dir/CheckIncludeFile.c.o  -o cmTC_036a2  -Wl,-rpath,/opt/libssh/lib -lpthread /opt/libssh/lib/libssh.so.4.8.3 -lcrypt 
/home/mo/share/gcc-4.4.4-glibc-2.11.1-multilib-1.0/arm-fsl-linux-gnueabi/bin/../lib/gcc/arm-fsl-linux-gnueabi/4.4.4/../../../../arm-fsl-linux-gnueabi/bin/ld: warning: libcrypto.so.1.1, needed by /opt/libssh/lib/libssh.so.4.8.3, not found (try using -rpath or -rpath-link)
/opt/libssh/lib/libssh.so.4.8.3: undefined reference to `EVP_aes_192_cbc@OPENSSL_1_1_0'
/opt/libssh/lib/libssh.so.4.8.3: undefined reference to `EVP_PKEY_set1_DSA@OPENSSL_1_1_0'
/opt/libssh/lib/libssh.so.4.8.3: undefined reference to `RSA_free@OPENSSL_1_1_0'
/opt/libssh/lib/libssh.so.4.8.3: undefined reference to `EC_GROUP_get_curve_name@OPENSSL_1_1_0'
/opt/libssh/lib/libssh.so.4.8.3: undefined reference to `EC_POINT_oct2point@OPENSSL_1_1_0'
/opt/libssh/lib/libssh.so.4.8.3: undefined reference to `DH_get0_key@OPENSSL_1_1_0'
/opt/libssh/lib/libssh.so.4.8.3: undefined reference to `ECDH_compute_key@OPENSSL_1_1_0'
/opt/libssh/lib/libssh.so.4.8.3: undefined reference to `ECDSA_SIG_free@OPENSSL_1_1_0'
/opt/libssh/lib/libssh.so.4.8.3: undefined reference to `EVP_aes_128_ctr@OPENSSL_1_1_0'
/opt/libssh/lib/libssh.so.4.8.3: undefined reference to `RAND_add@OPENSSL_1_1_0'
/opt/libssh/lib/libssh.so.4.8.3: undefined reference to `EVP_CIPHER_CTX_new@OPENSSL_1_1_0'
/opt/libssh/lib/libssh.so.4.8.3: undefined reference to `EVP_sha384@OPENSSL_1_1_0'
/opt/libssh/lib/libssh.so.4.8.3: undefined reference to `DSA_SIG_get0@OPENSSL_1_1_0'
/opt/libssh/lib/libssh.so.4.8.3: undefined reference to `EVP_DigestUpdate@OPENSSL_1_1_0'
/opt/libssh/lib/libssh.so.4.8.3: undefined reference to `RSA_set0_crt_params@OPENSSL_1_1_0'
/opt/libssh/lib/libssh.so.4.8.3: undefined reference to `DSA_SIG_set0@OPENSSL_1_1_0'
/opt/libssh/lib/libssh.so.4.8.3: undefined reference to `RSA_get0_crt_params@OPENSSL_1_1_0'
/opt/libssh/lib/libssh.so.4.8.3: undefined reference to `d2i_DSA_SIG@OPENSSL_1_1_0'
/opt/libssh/lib/libssh.so.4.8.3: undefined reference to `OpenSSL_version_num@OPENSSL_1_1_0'
/opt/libssh/lib/libssh.so.4.8.3: undefined reference to `ECDSA_SIG_new@OPENSSL_1_1_0'
/opt/libssh/lib/libssh.so.4.8.3: undefined reference to `BN_num_bits@OPENSSL_1_1_0'
/opt/libssh/lib/libssh.so.4.8.3: undefined reference to `BN_hex2bn@OPENSSL_1_1_0'
/opt/libssh/lib/libssh.so.4.8.3: undefined reference to `EC_POINT_free@OPENSSL_1_1_0'
/opt/libssh/lib/libssh.so.4.8.3: undefined reference to `EVP_DigestVerifyFinal@OPENSSL_1_1_0'
/opt/libssh/lib/libssh.so.4.8.3: undefined reference to `HMAC_Init_ex@OPENSSL_1_1_0'
/opt/libssh/lib/libssh.so.4.8.3: undefined reference to `BN_CTX_free@OPENSSL_1_1_0'
/opt/libssh/lib/libssh.so.4.8.3: undefined reference to `EC_KEY_new_by_curve_name@OPENSSL_1_1_0'
/opt/libssh/lib/libssh.so.4.8.3: undefined reference to `ECDSA_SIG_set0@OPENSSL_1_1_0'
/opt/libssh/lib/libssh.so.4.8.3: undefined reference to `EVP_CIPHER_CTX_free@OPENSSL_1_1_0'
/opt/libssh/lib/libssh.so.4.8.3: undefined reference to `EVP_MD_CTX_free@OPENSSL_1_1_0'
/opt/libssh/lib/libssh.so.4.8.3: undefined reference to `BN_cmp@OPENSSL_1_1_0'
/opt/libssh/lib/libssh.so.4.8.3: undefined reference to `EVP_EncryptFinal@OPENSSL_1_1_0'
/opt/libssh/lib/libssh.so.4.8.3: undefined reference to `EVP_DigestSignInit@OPENSSL_1_1_0'
/opt/libssh/lib/libssh.so.4.8.3: undefined reference to `EVP_sha1@OPENSSL_1_1_0'
/opt/libssh/lib/libssh.so.4.8.3: undefined reference to `EVP_CIPHER_CTX_ctrl@OPENSSL_1_1_0'
/opt/libssh/lib/libssh.so.4.8.3: undefined reference to `DH_generate_key@OPENSSL_1_1_0'
/opt/libssh/lib/libssh.so.4.8.3: undefined reference to `DSA_size@OPENSSL_1_1_0'
/opt/libssh/lib/libssh.so.4.8.3: undefined reference to `DH_size@OPENSSL_1_1_0'
/opt/libssh/lib/libssh.so.4.8.3: undefined reference to `BN_clear_free@OPENSSL_1_1_0'
/opt/libssh/lib/libssh.so.4.8.3: undefined reference to `EVP_CIPHER_CTX_reset@OPENSSL_1_1_0'
/opt/libssh/lib/libssh.so.4.8.3: undefined reference to `EC_GROUP_get_degree@OPENSSL_1_1_0'
/opt/libssh/lib/libssh.so.4.8.3: undefined reference to `OpenSSL_version@OPENSSL_1_1_0'
/opt/libssh/lib/libssh.so.4.8.3: undefined reference to `EVP_PKEY_get1_EC_KEY@OPENSSL_1_1_0'
/opt/libssh/lib/libssh.so.4.8.3: undefined reference to `EVP_MD_CTX_reset@OPENSSL_1_1_0'
/opt/libssh/lib/libssh.so.4.8.3: undefined reference to `EC_POINT_clear_free@OPENSSL_1_1_0'
/opt/libssh/lib/libssh.so.4.8.3: undefined reference to `DH_compute_key@OPENSSL_1_1_0'
/opt/libssh/lib/libssh.so.4.8.3: undefined reference to `ERR_error_string@OPENSSL_1_1_0'
/opt/libssh/lib/libssh.so.4.8.3: undefined reference to `PEM_read_bio_PrivateKey@OPENSSL_1_1_0'
/opt/libssh/lib/libssh.so.4.8.3: undefined reference to `DSA_generate_parameters_ex@OPENSSL_1_1_0'
/opt/libssh/lib/libssh.so.4.8.3: undefined reference to `EVP_PKEY_set1_RSA@OPENSSL_1_1_0'
/opt/libssh/lib/libssh.so.4.8.3: undefined reference to `CRYPTO_free@OPENSSL_1_1_0'
/opt/libssh/lib/libssh.so.4.8.3: undefined reference to `RSA_new@OPENSSL_1_1_0'
/opt/libssh/lib/libssh.so.4.8.3: undefined reference to `EC_KEY_get0_group@OPENSSL_1_1_0'
/opt/libssh/lib/libssh.so.4.8.3: undefined reference to `EVP_PKEY_size@OPENSSL_1_1_0'
/opt/libssh/lib/libssh.so.4.8.3: undefined reference to `RAND_bytes@OPENSSL_1_1_0'
/opt/libssh/lib/libssh.so.4.8.3: undefined reference to `ECDSA_SIG_get0@OPENSSL_1_1_0'
/opt/libssh/lib/libssh.so.4.8.3: undefined reference to `BIO_ctrl@OPENSSL_1_1_0'
/opt/libssh/lib/libssh.so.4.8.3: undefined reference to `DSA_SIG_free@OPENSSL_1_1_0'
/opt/libssh/lib/libssh.so.4.8.3: undefined reference to `EVP_DecryptFinal@OPENSSL_1_1_0'
/opt/libssh/lib/libssh.so.4.8.3: undefined reference to `BN_copy@OPENSSL_1_1_0'
/opt/libssh/lib/libssh.so.4.8.3: undefined reference to `BN_is_bit_set@OPENSSL_1_1_0'
/opt/libssh/lib/libssh.so.4.8.3: undefined reference to `ERR_get_error@OPENSSL_1_1_0'
/opt/libssh/lib/libssh.so.4.8.3: undefined reference to `DSA_generate_key@OPENSSL_1_1_0'
/opt/libssh/lib/libssh.so.4.8.3: undefined reference to `EVP_sha256@OPENSSL_1_1_0'
/opt/libssh/lib/libssh.so.4.8.3: undefined reference to `EVP_DigestSignFinal@OPENSSL_1_1_0'
/opt/libssh/lib/libssh.so.4.8.3: undefined reference to `EC_KEY_dup@OPENSSL_1_1_0'
/opt/libssh/lib/libssh.so.4.8.3: undefined reference to `EC_KEY_get0_private_key@OPENSSL_1_1_0'
/opt/libssh/lib/libssh.so.4.8.3: undefined reference to `EVP_PKEY_new@OPENSSL_1_1_0'
/opt/libssh/lib/libssh.so.4.8.3: undefined reference to `BN_new@OPENSSL_1_1_0'
/opt/libssh/lib/libssh.so.4.8.3: undefined reference to `EVP_aes_256_cbc@OPENSSL_1_1_0'
/opt/libssh/lib/libssh.so.4.8.3: undefined reference to `BN_dup@OPENSSL_1_1_0'
/opt/libssh/lib/libssh.so.4.8.3: undefined reference to `EC_KEY_free@OPENSSL_1_1_0'
/opt/libssh/lib/libssh.so.4.8.3: undefined reference to `d2i_ECDSA_SIG@OPENSSL_1_1_0'
/opt/libssh/lib/libssh.so.4.8.3: undefined reference to `EC_GROUP_cmp@OPENSSL_1_1_0'
/opt/libssh/lib/libssh.so.4.8.3: undefined reference to `HMAC_CTX_free@OPENSSL_1_1_0'
/opt/libssh/lib/libssh.so.4.8.3: undefined reference to `BIO_s_mem@OPENSSL_1_1_0'
/opt/libssh/lib/libssh.so.4.8.3: undefined reference to `BN_free@OPENSSL_1_1_0'
/opt/libssh/lib/libssh.so.4.8.3: undefined reference to `RSA_get0_key@OPENSSL_1_1_0'
/opt/libssh/lib/libssh.so.4.8.3: undefined reference to `BN_sub@OPENSSL_1_1_0'
/opt/libssh/lib/libssh.so.4.8.3: undefined reference to `EC_POINT_new@OPENSSL_1_1_0'
/opt/libssh/lib/libssh.so.4.8.3: undefined reference to `EVP_MD_CTX_new@OPENSSL_1_1_0'
/opt/libssh/lib/libssh.so.4.8.3: undefined reference to `DSA_get0_pqg@OPENSSL_1_1_0'
/opt/libssh/lib/libssh.so.4.8.3: undefined reference to `DH_free@OPENSSL_1_1_0'
/opt/libssh/lib/libssh.so.4.8.3: undefined reference to `DSA_set0_pqg@OPENSSL_1_1_0'
/opt/libssh/lib/libssh.so.4.8.3: undefined reference to `DSA_set0_key@OPENSSL_1_1_0'
/opt/libssh/lib/libssh.so.4.8.3: undefined reference to `EVP_DecryptInit_ex@OPENSSL_1_1_0'
/opt/libssh/lib/libssh.so.4.8.3: undefined reference to `EVP_DecryptUpdate@OPENSSL_1_1_0'
/opt/libssh/lib/libssh.so.4.8.3: undefined reference to `BN_bin2bn@OPENSSL_1_1_0'
/opt/libssh/lib/libssh.so.4.8.3: undefined reference to `EVP_CIPHER_CTX_set_padding@OPENSSL_1_1_0'
/opt/libssh/lib/libssh.so.4.8.3: undefined reference to `EVP_DigestInit@OPENSSL_1_1_0'
/opt/libssh/lib/libssh.so.4.8.3: undefined reference to `HMAC_CTX_new@OPENSSL_1_1_0'
/opt/libssh/lib/libssh.so.4.8.3: undefined reference to `BIO_free@OPENSSL_1_1_0'
/opt/libssh/lib/libssh.so.4.8.3: undefined reference to `BN_CTX_new@OPENSSL_1_1_0'
/opt/libssh/lib/libssh.so.4.8.3: undefined reference to `EVP_aes_256_gcm@OPENSSL_1_1_0'
/opt/libssh/lib/libssh.so.4.8.3: undefined reference to `EVP_PKEY_get1_RSA@OPENSSL_1_1_0'
/opt/libssh/lib/libssh.so.4.8.3: undefined reference to `EC_KEY_set_asn1_flag@OPENSSL_1_1_0'
/opt/libssh/lib/libssh.so.4.8.3: undefined reference to `EVP_PKEY_set1_EC_KEY@OPENSSL_1_1_0'
/opt/libssh/lib/libssh.so.4.8.3: undefined reference to `EVP_PKEY_base_id@OPENSSL_1_1_0'
/opt/libssh/lib/libssh.so.4.8.3: undefined reference to `EVP_aes_256_ctr@OPENSSL_1_1_0'
/opt/libssh/lib/libssh.so.4.8.3: undefined reference to `DSA_new@OPENSSL_1_1_0'
/opt/libssh/lib/libssh.so.4.8.3: undefined reference to `RSA_size@OPENSSL_1_1_0'
/opt/libssh/lib/libssh.so.4.8.3: undefined reference to `RSA_generate_key_ex@OPENSSL_1_1_0'
/opt/libssh/lib/libssh.so.4.8.3: undefined reference to `RSA_set0_key@OPENSSL_1_1_0'
/opt/libssh/lib/libssh.so.4.8.3: undefined reference to `EVP_EncryptUpdate@OPENSSL_1_1_0'
/opt/libssh/lib/libssh.so.4.8.3: undefined reference to `EVP_md5@OPENSSL_1_1_0'
/opt/libssh/lib/libssh.so.4.8.3: undefined reference to `EVP_DigestVerifyInit@OPENSSL_1_1_0'
/opt/libssh/lib/libssh.so.4.8.3: undefined reference to `DH_set0_pqg@OPENSSL_1_1_0'
/opt/libssh/lib/libssh.so.4.8.3: undefined reference to `RSA_get0_factors@OPENSSL_1_1_0'
/opt/libssh/lib/libssh.so.4.8.3: undefined reference to `DH_set0_key@OPENSSL_1_1_0'
/opt/libssh/lib/libssh.so.4.8.3: undefined reference to `BIO_new_mem_buf@OPENSSL_1_1_0'
/opt/libssh/lib/libssh.so.4.8.3: undefined reference to `EC_POINT_cmp@OPENSSL_1_1_0'
/opt/libssh/lib/libssh.so.4.8.3: undefined reference to `DSA_free@OPENSSL_1_1_0'
/opt/libssh/lib/libssh.so.4.8.3: undefined reference to `DSA_get0_key@OPENSSL_1_1_0'
/opt/libssh/lib/libssh.so.4.8.3: undefined reference to `EVP_EncryptInit_ex@OPENSSL_1_1_0'
/opt/libssh/lib/libssh.so.4.8.3: undefined reference to `EVP_aes_128_cbc@OPENSSL_1_1_0'
/opt/libssh/lib/libssh.so.4.8.3: undefined reference to `i2d_ECDSA_SIG@OPENSSL_1_1_0'
/opt/libssh/lib/libssh.so.4.8.3: undefined reference to `RSA_set0_factors@OPENSSL_1_1_0'
/opt/libssh/lib/libssh.so.4.8.3: undefined reference to `BN_set_word@OPENSSL_1_1_0'
/opt/libssh/lib/libssh.so.4.8.3: undefined reference to `EC_KEY_set_public_key@OPENSSL_1_1_0'
/opt/libssh/lib/libssh.so.4.8.3: undefined reference to `BIO_new@OPENSSL_1_1_0'
/opt/libssh/lib/libssh.so.4.8.3: undefined reference to `EVP_DigestFinal@OPENSSL_1_1_0'
/opt/libssh/lib/libssh.so.4.8.3: undefined reference to `EVP_sha512@OPENSSL_1_1_0'
/opt/libssh/lib/libssh.so.4.8.3: undefined reference to `EVP_aes_128_gcm@OPENSSL_1_1_0'
/opt/libssh/lib/libssh.so.4.8.3: undefined reference to `DH_get0_pqg@OPENSSL_1_1_0'
/opt/libssh/lib/libssh.so.4.8.3: undefined reference to `BN_bn2hex@OPENSSL_1_1_0'
/opt/libssh/lib/libssh.so.4.8.3: undefined reference to `EVP_des_ede3_cbc@OPENSSL_1_1_0'
/opt/libssh/lib/libssh.so.4.8.3: undefined reference to `EVP_PKEY_free@OPENSSL_1_1_0'
/opt/libssh/lib/libssh.so.4.8.3: undefined reference to `EVP_aes_192_ctr@OPENSSL_1_1_0'
/opt/libssh/lib/libssh.so.4.8.3: undefined reference to `EC_KEY_generate_key@OPENSSL_1_1_0'
/opt/libssh/lib/libssh.so.4.8.3: undefined reference to `DH_new@OPENSSL_1_1_0'
/opt/libssh/lib/libssh.so.4.8.3: undefined reference to `FIPS_mode@OPENSSL_1_1_0'
/opt/libssh/lib/libssh.so.4.8.3: undefined reference to `EVP_DigestInit_ex@OPENSSL_1_1_0'
/opt/libssh/lib/libssh.so.4.8.3: undefined reference to `HMAC_Final@OPENSSL_1_1_0'
/opt/libssh/lib/libssh.so.4.8.3: undefined reference to `PEM_write_bio_PrivateKey@OPENSSL_1_1_0'
/opt/libssh/lib/libssh.so.4.8.3: undefined reference to `EC_KEY_get0_public_key@OPENSSL_1_1_0'
/opt/libssh/lib/libssh.so.4.8.3: undefined reference to `BN_bn2bin@OPENSSL_1_1_0'
/opt/libssh/lib/libssh.so.4.8.3: undefined reference to `HMAC_Update@OPENSSL_1_1_0'
/opt/libssh/lib/libssh.so.4.8.3: undefined reference to `EC_POINT_point2oct@OPENSSL_1_1_0'
/opt/libssh/lib/libssh.so.4.8.3: undefined reference to `DSA_SIG_new@OPENSSL_1_1_0'
/opt/libssh/lib/libssh.so.4.8.3: undefined reference to `i2d_DSA_SIG@OPENSSL_1_1_0'
/opt/libssh/lib/libssh.so.4.8.3: undefined reference to `EC_KEY_set_private_key@OPENSSL_1_1_0'
/opt/libssh/lib/libssh.so.4.8.3: undefined reference to `EVP_PKEY_get1_DSA@OPENSSL_1_1_0'
collect2: ld returned 1 exit status
CMakeFiles/cmTC_036a2.dir/build.make:107: recipe for target 'cmTC_036a2' failed
make[1]: *** [cmTC_036a2] Error 1
make[1]: Leaving directory '/home/mo/share/netconf2_new/libnetconf2/build/CMakeFiles/CMakeTmp'
Makefile:141: recipe for target 'cmTC_036a2/fast' failed
make: *** [cmTC_036a2/fast] Error 2



