Determining if the function __atomic_fetch_add_4 exists in the atomic failed with the following output:
Change Dir: /home/mo/share/netconf2_new/sysrepo/build/CMakeFiles/CMakeTmp

Run Build Command(s):/usr/bin/make cmTC_dc732/fast && /usr/bin/make  -f CMakeFiles/cmTC_dc732.dir/build.make CMakeFiles/cmTC_dc732.dir/build
make[1]: Entering directory '/home/mo/share/netconf2_new/sysrepo/build/CMakeFiles/CMakeTmp'
Building C object CMakeFiles/cmTC_dc732.dir/CheckFunctionExists.c.o
/home/mo/share/gcc-4.4.4-glibc-2.11.1-multilib-1.0/arm-fsl-linux-gnueabi/bin/arm-linux-gcc -D_GNU_SOURCE -D_POSIX_C_SOURCE=200809L -D__BSD_VISIBLE=1  -Wall -lrt -pthread -Wextra  -std=c99 -DCHECK_FUNCTION_EXISTS=__atomic_fetch_add_4 -fPIE   -o CMakeFiles/cmTC_dc732.dir/CheckFunctionExists.c.o   -c /usr/local/share/cmake-3.17/Modules/CheckFunctionExists.c
Linking C executable cmTC_dc732
/usr/local/bin/cmake -E cmake_link_script CMakeFiles/cmTC_dc732.dir/link.txt --verbose=1
/home/mo/share/gcc-4.4.4-glibc-2.11.1-multilib-1.0/arm-fsl-linux-gnueabi/bin/arm-linux-gcc   -Wall -lrt -pthread -Wextra  -std=c99 -DCHECK_FUNCTION_EXISTS=__atomic_fetch_add_4    -rdynamic CMakeFiles/cmTC_dc732.dir/CheckFunctionExists.c.o  -o cmTC_dc732  -latomic 
/home/mo/share/gcc-4.4.4-glibc-2.11.1-multilib-1.0/arm-fsl-linux-gnueabi/bin/../lib/gcc/arm-fsl-linux-gnueabi/4.4.4/../../../../arm-fsl-linux-gnueabi/bin/ld: cannot find -latomic
collect2: ld returned 1 exit status
CMakeFiles/cmTC_dc732.dir/build.make:106: recipe for target 'cmTC_dc732' failed
make[1]: *** [cmTC_dc732] Error 1
make[1]: Leaving directory '/home/mo/share/netconf2_new/sysrepo/build/CMakeFiles/CMakeTmp'
Makefile:141: recipe for target 'cmTC_dc732/fast' failed
make: *** [cmTC_dc732/fast] Error 2



Determining if the include file stdatomic.h exists failed with the following output:
Change Dir: /home/mo/share/netconf2_new/sysrepo/build/CMakeFiles/CMakeTmp

Run Build Command(s):/usr/bin/make cmTC_9b92b/fast && /usr/bin/make  -f CMakeFiles/cmTC_9b92b.dir/build.make CMakeFiles/cmTC_9b92b.dir/build
make[1]: Entering directory '/home/mo/share/netconf2_new/sysrepo/build/CMakeFiles/CMakeTmp'
Building C object CMakeFiles/cmTC_9b92b.dir/CheckIncludeFile.c.o
/home/mo/share/gcc-4.4.4-glibc-2.11.1-multilib-1.0/arm-fsl-linux-gnueabi/bin/arm-linux-gcc -D_DEFAULT_SOURCE -D_GNU_SOURCE  -Wall -lrt -pthread -Wextra  -std=c99  -fPIE   -o CMakeFiles/cmTC_9b92b.dir/CheckIncludeFile.c.o   -c /home/mo/share/netconf2_new/sysrepo/build/CMakeFiles/CMakeTmp/CheckIncludeFile.c
/home/mo/share/netconf2_new/sysrepo/build/CMakeFiles/CMakeTmp/CheckIncludeFile.c:1:23: error: stdatomic.h: No such file or directory
CMakeFiles/cmTC_9b92b.dir/build.make:85: recipe for target 'CMakeFiles/cmTC_9b92b.dir/CheckIncludeFile.c.o' failed
make[1]: *** [CMakeFiles/cmTC_9b92b.dir/CheckIncludeFile.c.o] Error 1
make[1]: Leaving directory '/home/mo/share/netconf2_new/sysrepo/build/CMakeFiles/CMakeTmp'
Makefile:141: recipe for target 'cmTC_9b92b/fast' failed
make: *** [cmTC_9b92b/fast] Error 2



