The system is: Linux - 4.15.0-112-generic - x86_64
Compiling the C compiler identification source file "CMakeCCompilerId.c" succeeded.
Compiler: /home/mo/share/gcc-4.4.4-glibc-2.11.1-multilib-1.0/arm-fsl-linux-gnueabi/bin/arm-linux-gcc 
Build flags: 
Id flags:  

The output was:
0


Compilation of the C compiler identification source "CMakeCCompilerId.c" produced "a.out"

The C compiler identification is GNU, found in "/home/mo/share/netconf2_new/sysrepo/build/CMakeFiles/3.17.3/CompilerIdC/a.out"

Compiling the CXX compiler identification source file "CMakeCXXCompilerId.cpp" succeeded.
Compiler: /home/mo/share/gcc-4.4.4-glibc-2.11.1-multilib-1.0/arm-fsl-linux-gnueabi/bin/arm-linux-g++ 
Build flags: 
Id flags:  

The output was:
0


Compilation of the CXX compiler identification source "CMakeCXXCompilerId.cpp" produced "a.out"

The CXX compiler identification is GNU, found in "/home/mo/share/netconf2_new/sysrepo/build/CMakeFiles/3.17.3/CompilerIdCXX/a.out"

Determining if the C compiler works passed with the following output:
Change Dir: /home/mo/share/netconf2_new/sysrepo/build/CMakeFiles/CMakeTmp

Run Build Command(s):/usr/bin/make cmTC_a89b7/fast && /usr/bin/make  -f CMakeFiles/cmTC_a89b7.dir/build.make CMakeFiles/cmTC_a89b7.dir/build
make[1]: Entering directory '/home/mo/share/netconf2_new/sysrepo/build/CMakeFiles/CMakeTmp'
Building C object CMakeFiles/cmTC_a89b7.dir/testCCompiler.c.o
/home/mo/share/gcc-4.4.4-glibc-2.11.1-multilib-1.0/arm-fsl-linux-gnueabi/bin/arm-linux-gcc    -o CMakeFiles/cmTC_a89b7.dir/testCCompiler.c.o   -c /home/mo/share/netconf2_new/sysrepo/build/CMakeFiles/CMakeTmp/testCCompiler.c
Linking C executable cmTC_a89b7
/usr/local/bin/cmake -E cmake_link_script CMakeFiles/cmTC_a89b7.dir/link.txt --verbose=1
/home/mo/share/gcc-4.4.4-glibc-2.11.1-multilib-1.0/arm-fsl-linux-gnueabi/bin/arm-linux-gcc      -rdynamic CMakeFiles/cmTC_a89b7.dir/testCCompiler.c.o  -o cmTC_a89b7 
make[1]: Leaving directory '/home/mo/share/netconf2_new/sysrepo/build/CMakeFiles/CMakeTmp'



Detecting C compiler ABI info compiled with the following output:
Change Dir: /home/mo/share/netconf2_new/sysrepo/build/CMakeFiles/CMakeTmp

Run Build Command(s):/usr/bin/make cmTC_35437/fast && /usr/bin/make  -f CMakeFiles/cmTC_35437.dir/build.make CMakeFiles/cmTC_35437.dir/build
make[1]: Entering directory '/home/mo/share/netconf2_new/sysrepo/build/CMakeFiles/CMakeTmp'
Building C object CMakeFiles/cmTC_35437.dir/CMakeCCompilerABI.c.o
/home/mo/share/gcc-4.4.4-glibc-2.11.1-multilib-1.0/arm-fsl-linux-gnueabi/bin/arm-linux-gcc   -v -o CMakeFiles/cmTC_35437.dir/CMakeCCompilerABI.c.o   -c /usr/local/share/cmake-3.17/Modules/CMakeCCompilerABI.c
Using built-in specs.
Target: arm-fsl-linux-gnueabi
Configured with: /work/arm-toolchains/tmp/src/gcc-4.4.4/configure --build=i686-build_pc-linux-gnu --host=i686-build_pc-linux-gnu --target=arm-fsl-linux-gnueabi --prefix=/work/arm_fsl_gcc_4.4.4_multilib --with-sysroot=/work/arm_fsl_gcc_4.4.4_multilib/arm-fsl-linux-gnueabi/multi-libs --enable-languages=c,c++ --with-pkgversion=4.4.4_09.06.2010 --enable-__cxa_atexit --disable-libmudflap --with-host-libstdcxx='-static-libgcc -Wl,-Bstatic,-lstdc++,-Bdynamic -lm' --with-gmp=/work/arm-toolchains/tmp/arm-fsl-linux-gnueabi/build/static --with-mpfr=/work/arm-toolchains/tmp/arm-fsl-linux-gnueabi/build/static --with-ppl=/work/arm-toolchains/tmp/arm-fsl-linux-gnueabi/build/static --with-cloog=/work/arm-toolchains/tmp/arm-fsl-linux-gnueabi/build/static --enable-threads=posix --enable-target-optspace --with-local-prefix=/work/arm_fsl_gcc_4.4.4_multilib/arm-fsl-linux-gnueabi/multi-libs --disable-nls --enable-symvers=gnu --enable-c99 --enable-long-long --enable-multilib --with-system-zlib --enable-lto
Thread model: posix
gcc version 4.4.4 (4.4.4_09.06.2010) 
COLLECT_GCC_OPTIONS='-v' '-o' 'CMakeFiles/cmTC_35437.dir/CMakeCCompilerABI.c.o' '-c'
 /home/mo/share/gcc-4.4.4-glibc-2.11.1-multilib-1.0/arm-fsl-linux-gnueabi/bin/../libexec/gcc/arm-fsl-linux-gnueabi/4.4.4/cc1 -quiet -v -iprefix /home/mo/share/gcc-4.4.4-glibc-2.11.1-multilib-1.0/arm-fsl-linux-gnueabi/bin/../lib/gcc/arm-fsl-linux-gnueabi/4.4.4/ -isysroot /home/mo/share/gcc-4.4.4-glibc-2.11.1-multilib-1.0/arm-fsl-linux-gnueabi/bin/../arm-fsl-linux-gnueabi/multi-libs /usr/local/share/cmake-3.17/Modules/CMakeCCompilerABI.c -D_FORTIFY_SOURCE=2 -quiet -dumpbase CMakeCCompilerABI.c -auxbase-strip CMakeFiles/cmTC_35437.dir/CMakeCCompilerABI.c.o -version -o /tmp/ccJsdAM3.s
ignoring nonexistent directory "/home/mo/share/gcc-4.4.4-glibc-2.11.1-multilib-1.0/arm-fsl-linux-gnueabi/bin/../arm-fsl-linux-gnueabi/multi-libs/work/arm_fsl_gcc_4.4.4_multilib/arm-fsl-linux-gnueabi/multi-libs/include"
ignoring duplicate directory "/home/mo/share/gcc-4.4.4-glibc-2.11.1-multilib-1.0/arm-fsl-linux-gnueabi/bin/../lib/gcc/../../lib/gcc/arm-fsl-linux-gnueabi/4.4.4/include"
ignoring duplicate directory "/home/mo/share/gcc-4.4.4-glibc-2.11.1-multilib-1.0/arm-fsl-linux-gnueabi/bin/../lib/gcc/../../lib/gcc/arm-fsl-linux-gnueabi/4.4.4/include-fixed"
ignoring duplicate directory "/home/mo/share/gcc-4.4.4-glibc-2.11.1-multilib-1.0/arm-fsl-linux-gnueabi/bin/../lib/gcc/../../lib/gcc/arm-fsl-linux-gnueabi/4.4.4/../../../../arm-fsl-linux-gnueabi/include"
ignoring duplicate directory "/home/mo/share/gcc-4.4.4-glibc-2.11.1-multilib-1.0/arm-fsl-linux-gnueabi/bin/../arm-fsl-linux-gnueabi/multi-libs/usr/include"
#include "..." search starts here:
#include <...> search starts here:
 /home/mo/share/gcc-4.4.4-glibc-2.11.1-multilib-1.0/arm-fsl-linux-gnueabi/bin/../lib/gcc/arm-fsl-linux-gnueabi/4.4.4/include
 /home/mo/share/gcc-4.4.4-glibc-2.11.1-multilib-1.0/arm-fsl-linux-gnueabi/bin/../lib/gcc/arm-fsl-linux-gnueabi/4.4.4/include-fixed
 /home/mo/share/gcc-4.4.4-glibc-2.11.1-multilib-1.0/arm-fsl-linux-gnueabi/bin/../lib/gcc/arm-fsl-linux-gnueabi/4.4.4/../../../../arm-fsl-linux-gnueabi/include
End of search list.
GNU C (4.4.4_09.06.2010) version 4.4.4 (arm-fsl-linux-gnueabi)
	compiled by GNU C version 4.1.2, GMP version 4.3.2, MPFR version 2.4.2-p2.
GGC heuristics: --param ggc-min-expand=100 --param ggc-min-heapsize=131072
Compiler executable checksum: 787c3c897e17f3d41759590be58dd346
COLLECT_GCC_OPTIONS='-v' '-o' 'CMakeFiles/cmTC_35437.dir/CMakeCCompilerABI.c.o' '-c'
 /home/mo/share/gcc-4.4.4-glibc-2.11.1-multilib-1.0/arm-fsl-linux-gnueabi/bin/../lib/gcc/arm-fsl-linux-gnueabi/4.4.4/../../../../arm-fsl-linux-gnueabi/bin/as -meabi=5 -o CMakeFiles/cmTC_35437.dir/CMakeCCompilerABI.c.o /tmp/ccJsdAM3.s
COMPILER_PATH=/home/mo/share/gcc-4.4.4-glibc-2.11.1-multilib-1.0/arm-fsl-linux-gnueabi/bin/../libexec/gcc/arm-fsl-linux-gnueabi/4.4.4/:/home/mo/share/gcc-4.4.4-glibc-2.11.1-multilib-1.0/arm-fsl-linux-gnueabi/bin/../libexec/gcc/:/home/mo/share/gcc-4.4.4-glibc-2.11.1-multilib-1.0/arm-fsl-linux-gnueabi/bin/../lib/gcc/arm-fsl-linux-gnueabi/4.4.4/../../../../arm-fsl-linux-gnueabi/bin/
LIBRARY_PATH=/home/mo/share/gcc-4.4.4-glibc-2.11.1-multilib-1.0/arm-fsl-linux-gnueabi/bin/../lib/gcc/arm-fsl-linux-gnueabi/4.4.4/:/home/mo/share/gcc-4.4.4-glibc-2.11.1-multilib-1.0/arm-fsl-linux-gnueabi/bin/../lib/gcc/:/home/mo/share/gcc-4.4.4-glibc-2.11.1-multilib-1.0/arm-fsl-linux-gnueabi/bin/../arm-fsl-linux-gnueabi/multi-libs/lib/:/home/mo/share/gcc-4.4.4-glibc-2.11.1-multilib-1.0/arm-fsl-linux-gnueabi/bin/../arm-fsl-linux-gnueabi/multi-libs/usr/lib/
COLLECT_GCC_OPTIONS='-v' '-o' 'CMakeFiles/cmTC_35437.dir/CMakeCCompilerABI.c.o' '-c'
Linking C executable cmTC_35437
/usr/local/bin/cmake -E cmake_link_script CMakeFiles/cmTC_35437.dir/link.txt --verbose=1
/home/mo/share/gcc-4.4.4-glibc-2.11.1-multilib-1.0/arm-fsl-linux-gnueabi/bin/arm-linux-gcc     -v -rdynamic CMakeFiles/cmTC_35437.dir/CMakeCCompilerABI.c.o  -o cmTC_35437 
Using built-in specs.
Target: arm-fsl-linux-gnueabi
Configured with: /work/arm-toolchains/tmp/src/gcc-4.4.4/configure --build=i686-build_pc-linux-gnu --host=i686-build_pc-linux-gnu --target=arm-fsl-linux-gnueabi --prefix=/work/arm_fsl_gcc_4.4.4_multilib --with-sysroot=/work/arm_fsl_gcc_4.4.4_multilib/arm-fsl-linux-gnueabi/multi-libs --enable-languages=c,c++ --with-pkgversion=4.4.4_09.06.2010 --enable-__cxa_atexit --disable-libmudflap --with-host-libstdcxx='-static-libgcc -Wl,-Bstatic,-lstdc++,-Bdynamic -lm' --with-gmp=/work/arm-toolchains/tmp/arm-fsl-linux-gnueabi/build/static --with-mpfr=/work/arm-toolchains/tmp/arm-fsl-linux-gnueabi/build/static --with-ppl=/work/arm-toolchains/tmp/arm-fsl-linux-gnueabi/build/static --with-cloog=/work/arm-toolchains/tmp/arm-fsl-linux-gnueabi/build/static --enable-threads=posix --enable-target-optspace --with-local-prefix=/work/arm_fsl_gcc_4.4.4_multilib/arm-fsl-linux-gnueabi/multi-libs --disable-nls --enable-symvers=gnu --enable-c99 --enable-long-long --enable-multilib --with-system-zlib --enable-lto
Thread model: posix
gcc version 4.4.4 (4.4.4_09.06.2010) 
COMPILER_PATH=/home/mo/share/gcc-4.4.4-glibc-2.11.1-multilib-1.0/arm-fsl-linux-gnueabi/bin/../libexec/gcc/arm-fsl-linux-gnueabi/4.4.4/:/home/mo/share/gcc-4.4.4-glibc-2.11.1-multilib-1.0/arm-fsl-linux-gnueabi/bin/../libexec/gcc/:/home/mo/share/gcc-4.4.4-glibc-2.11.1-multilib-1.0/arm-fsl-linux-gnueabi/bin/../lib/gcc/arm-fsl-linux-gnueabi/4.4.4/../../../../arm-fsl-linux-gnueabi/bin/
LIBRARY_PATH=/home/mo/share/gcc-4.4.4-glibc-2.11.1-multilib-1.0/arm-fsl-linux-gnueabi/bin/../lib/gcc/arm-fsl-linux-gnueabi/4.4.4/:/home/mo/share/gcc-4.4.4-glibc-2.11.1-multilib-1.0/arm-fsl-linux-gnueabi/bin/../lib/gcc/:/home/mo/share/gcc-4.4.4-glibc-2.11.1-multilib-1.0/arm-fsl-linux-gnueabi/bin/../arm-fsl-linux-gnueabi/multi-libs/lib/:/home/mo/share/gcc-4.4.4-glibc-2.11.1-multilib-1.0/arm-fsl-linux-gnueabi/bin/../arm-fsl-linux-gnueabi/multi-libs/usr/lib/
COLLECT_GCC_OPTIONS='-v' '-rdynamic' '-o' 'cmTC_35437'
 /home/mo/share/gcc-4.4.4-glibc-2.11.1-multilib-1.0/arm-fsl-linux-gnueabi/bin/../libexec/gcc/arm-fsl-linux-gnueabi/4.4.4/collect2 --sysroot=/home/mo/share/gcc-4.4.4-glibc-2.11.1-multilib-1.0/arm-fsl-linux-gnueabi/bin/../arm-fsl-linux-gnueabi/multi-libs --eh-frame-hdr -export-dynamic -dynamic-linker /lib/ld-linux.so.3 -X -m armelf_linux_eabi -o cmTC_35437 /home/mo/share/gcc-4.4.4-glibc-2.11.1-multilib-1.0/arm-fsl-linux-gnueabi/bin/../arm-fsl-linux-gnueabi/multi-libs/usr/lib/crt1.o /home/mo/share/gcc-4.4.4-glibc-2.11.1-multilib-1.0/arm-fsl-linux-gnueabi/bin/../arm-fsl-linux-gnueabi/multi-libs/usr/lib/crti.o /home/mo/share/gcc-4.4.4-glibc-2.11.1-multilib-1.0/arm-fsl-linux-gnueabi/bin/../lib/gcc/arm-fsl-linux-gnueabi/4.4.4/crtbegin.o -L/home/mo/share/gcc-4.4.4-glibc-2.11.1-multilib-1.0/arm-fsl-linux-gnueabi/bin/../lib/gcc/arm-fsl-linux-gnueabi/4.4.4 -L/home/mo/share/gcc-4.4.4-glibc-2.11.1-multilib-1.0/arm-fsl-linux-gnueabi/bin/../lib/gcc -L/home/mo/share/gcc-4.4.4-glibc-2.11.1-multilib-1.0/arm-fsl-linux-gnueabi/bin/../arm-fsl-linux-gnueabi/multi-libs/lib -L/home/mo/share/gcc-4.4.4-glibc-2.11.1-multilib-1.0/arm-fsl-linux-gnueabi/bin/../arm-fsl-linux-gnueabi/multi-libs/usr/lib CMakeFiles/cmTC_35437.dir/CMakeCCompilerABI.c.o -lgcc --as-needed -lgcc_s --no-as-needed -lc -lgcc --as-needed -lgcc_s --no-as-needed /home/mo/share/gcc-4.4.4-glibc-2.11.1-multilib-1.0/arm-fsl-linux-gnueabi/bin/../lib/gcc/arm-fsl-linux-gnueabi/4.4.4/crtend.o /home/mo/share/gcc-4.4.4-glibc-2.11.1-multilib-1.0/arm-fsl-linux-gnueabi/bin/../arm-fsl-linux-gnueabi/multi-libs/usr/lib/crtn.o
make[1]: Leaving directory '/home/mo/share/netconf2_new/sysrepo/build/CMakeFiles/CMakeTmp'



Parsed C implicit include dir info from above output: rv=done
  found start of include info
  found start of implicit include info
    add: [/home/mo/share/gcc-4.4.4-glibc-2.11.1-multilib-1.0/arm-fsl-linux-gnueabi/bin/../lib/gcc/arm-fsl-linux-gnueabi/4.4.4/include]
    add: [/home/mo/share/gcc-4.4.4-glibc-2.11.1-multilib-1.0/arm-fsl-linux-gnueabi/bin/../lib/gcc/arm-fsl-linux-gnueabi/4.4.4/include-fixed]
    add: [/home/mo/share/gcc-4.4.4-glibc-2.11.1-multilib-1.0/arm-fsl-linux-gnueabi/bin/../lib/gcc/arm-fsl-linux-gnueabi/4.4.4/../../../../arm-fsl-linux-gnueabi/include]
  end of search list found
  collapse include dir [/home/mo/share/gcc-4.4.4-glibc-2.11.1-multilib-1.0/arm-fsl-linux-gnueabi/bin/../lib/gcc/arm-fsl-linux-gnueabi/4.4.4/include] ==> [/home/mo/share/gcc-4.4.4-glibc-2.11.1-multilib-1.0/arm-fsl-linux-gnueabi/lib/gcc/arm-fsl-linux-gnueabi/4.4.4/include]
  collapse include dir [/home/mo/share/gcc-4.4.4-glibc-2.11.1-multilib-1.0/arm-fsl-linux-gnueabi/bin/../lib/gcc/arm-fsl-linux-gnueabi/4.4.4/include-fixed] ==> [/home/mo/share/gcc-4.4.4-glibc-2.11.1-multilib-1.0/arm-fsl-linux-gnueabi/lib/gcc/arm-fsl-linux-gnueabi/4.4.4/include-fixed]
  collapse include dir [/home/mo/share/gcc-4.4.4-glibc-2.11.1-multilib-1.0/arm-fsl-linux-gnueabi/bin/../lib/gcc/arm-fsl-linux-gnueabi/4.4.4/../../../../arm-fsl-linux-gnueabi/include] ==> [/home/mo/share/gcc-4.4.4-glibc-2.11.1-multilib-1.0/arm-fsl-linux-gnueabi/arm-fsl-linux-gnueabi/include]
  implicit include dirs: [/home/mo/share/gcc-4.4.4-glibc-2.11.1-multilib-1.0/arm-fsl-linux-gnueabi/lib/gcc/arm-fsl-linux-gnueabi/4.4.4/include;/home/mo/share/gcc-4.4.4-glibc-2.11.1-multilib-1.0/arm-fsl-linux-gnueabi/lib/gcc/arm-fsl-linux-gnueabi/4.4.4/include-fixed;/home/mo/share/gcc-4.4.4-glibc-2.11.1-multilib-1.0/arm-fsl-linux-gnueabi/arm-fsl-linux-gnueabi/include]


Parsed C implicit link information from above output:
  link line regex: [^( *|.*[/\])(ld|CMAKE_LINK_STARTFILE-NOTFOUND|([^/\]+-)?ld|collect2)[^/\]*( |$)]
  ignore line: [Change Dir: /home/mo/share/netconf2_new/sysrepo/build/CMakeFiles/CMakeTmp]
  ignore line: []
  ignore line: [Run Build Command(s):/usr/bin/make cmTC_35437/fast && /usr/bin/make  -f CMakeFiles/cmTC_35437.dir/build.make CMakeFiles/cmTC_35437.dir/build]
  ignore line: [make[1]: Entering directory '/home/mo/share/netconf2_new/sysrepo/build/CMakeFiles/CMakeTmp']
  ignore line: [Building C object CMakeFiles/cmTC_35437.dir/CMakeCCompilerABI.c.o]
  ignore line: [/home/mo/share/gcc-4.4.4-glibc-2.11.1-multilib-1.0/arm-fsl-linux-gnueabi/bin/arm-linux-gcc   -v -o CMakeFiles/cmTC_35437.dir/CMakeCCompilerABI.c.o   -c /usr/local/share/cmake-3.17/Modules/CMakeCCompilerABI.c]
  ignore line: [Using built-in specs.]
  ignore line: [Target: arm-fsl-linux-gnueabi]
  ignore line: [Configured with: /work/arm-toolchains/tmp/src/gcc-4.4.4/configure --build=i686-build_pc-linux-gnu --host=i686-build_pc-linux-gnu --target=arm-fsl-linux-gnueabi --prefix=/work/arm_fsl_gcc_4.4.4_multilib --with-sysroot=/work/arm_fsl_gcc_4.4.4_multilib/arm-fsl-linux-gnueabi/multi-libs --enable-languages=c c++ --with-pkgversion=4.4.4_09.06.2010 --enable-__cxa_atexit --disable-libmudflap --with-host-libstdcxx='-static-libgcc -Wl -Bstatic -lstdc++ -Bdynamic -lm' --with-gmp=/work/arm-toolchains/tmp/arm-fsl-linux-gnueabi/build/static --with-mpfr=/work/arm-toolchains/tmp/arm-fsl-linux-gnueabi/build/static --with-ppl=/work/arm-toolchains/tmp/arm-fsl-linux-gnueabi/build/static --with-cloog=/work/arm-toolchains/tmp/arm-fsl-linux-gnueabi/build/static --enable-threads=posix --enable-target-optspace --with-local-prefix=/work/arm_fsl_gcc_4.4.4_multilib/arm-fsl-linux-gnueabi/multi-libs --disable-nls --enable-symvers=gnu --enable-c99 --enable-long-long --enable-multilib --with-system-zlib --enable-lto]
  ignore line: [Thread model: posix]
  ignore line: [gcc version 4.4.4 (4.4.4_09.06.2010) ]
  ignore line: [COLLECT_GCC_OPTIONS='-v' '-o' 'CMakeFiles/cmTC_35437.dir/CMakeCCompilerABI.c.o' '-c']
  ignore line: [ /home/mo/share/gcc-4.4.4-glibc-2.11.1-multilib-1.0/arm-fsl-linux-gnueabi/bin/../libexec/gcc/arm-fsl-linux-gnueabi/4.4.4/cc1 -quiet -v -iprefix /home/mo/share/gcc-4.4.4-glibc-2.11.1-multilib-1.0/arm-fsl-linux-gnueabi/bin/../lib/gcc/arm-fsl-linux-gnueabi/4.4.4/ -isysroot /home/mo/share/gcc-4.4.4-glibc-2.11.1-multilib-1.0/arm-fsl-linux-gnueabi/bin/../arm-fsl-linux-gnueabi/multi-libs /usr/local/share/cmake-3.17/Modules/CMakeCCompilerABI.c -D_FORTIFY_SOURCE=2 -quiet -dumpbase CMakeCCompilerABI.c -auxbase-strip CMakeFiles/cmTC_35437.dir/CMakeCCompilerABI.c.o -version -o /tmp/ccJsdAM3.s]
  ignore line: [ignoring nonexistent directory "/home/mo/share/gcc-4.4.4-glibc-2.11.1-multilib-1.0/arm-fsl-linux-gnueabi/bin/../arm-fsl-linux-gnueabi/multi-libs/work/arm_fsl_gcc_4.4.4_multilib/arm-fsl-linux-gnueabi/multi-libs/include"]
  ignore line: [ignoring duplicate directory "/home/mo/share/gcc-4.4.4-glibc-2.11.1-multilib-1.0/arm-fsl-linux-gnueabi/bin/../lib/gcc/../../lib/gcc/arm-fsl-linux-gnueabi/4.4.4/include"]
  ignore line: [ignoring duplicate directory "/home/mo/share/gcc-4.4.4-glibc-2.11.1-multilib-1.0/arm-fsl-linux-gnueabi/bin/../lib/gcc/../../lib/gcc/arm-fsl-linux-gnueabi/4.4.4/include-fixed"]
  ignore line: [ignoring duplicate directory "/home/mo/share/gcc-4.4.4-glibc-2.11.1-multilib-1.0/arm-fsl-linux-gnueabi/bin/../lib/gcc/../../lib/gcc/arm-fsl-linux-gnueabi/4.4.4/../../../../arm-fsl-linux-gnueabi/include"]
  ignore line: [ignoring duplicate directory "/home/mo/share/gcc-4.4.4-glibc-2.11.1-multilib-1.0/arm-fsl-linux-gnueabi/bin/../arm-fsl-linux-gnueabi/multi-libs/usr/include"]
  ignore line: [#include "..." search starts here:]
  ignore line: [#include <...> search starts here:]
  ignore line: [ /home/mo/share/gcc-4.4.4-glibc-2.11.1-multilib-1.0/arm-fsl-linux-gnueabi/bin/../lib/gcc/arm-fsl-linux-gnueabi/4.4.4/include]
  ignore line: [ /home/mo/share/gcc-4.4.4-glibc-2.11.1-multilib-1.0/arm-fsl-linux-gnueabi/bin/../lib/gcc/arm-fsl-linux-gnueabi/4.4.4/include-fixed]
  ignore line: [ /home/mo/share/gcc-4.4.4-glibc-2.11.1-multilib-1.0/arm-fsl-linux-gnueabi/bin/../lib/gcc/arm-fsl-linux-gnueabi/4.4.4/../../../../arm-fsl-linux-gnueabi/include]
  ignore line: [End of search list.]
  ignore line: [GNU C (4.4.4_09.06.2010) version 4.4.4 (arm-fsl-linux-gnueabi)]
  ignore line: [	compiled by GNU C version 4.1.2  GMP version 4.3.2  MPFR version 2.4.2-p2.]
  ignore line: [GGC heuristics: --param ggc-min-expand=100 --param ggc-min-heapsize=131072]
  ignore line: [Compiler executable checksum: 787c3c897e17f3d41759590be58dd346]
  ignore line: [COLLECT_GCC_OPTIONS='-v' '-o' 'CMakeFiles/cmTC_35437.dir/CMakeCCompilerABI.c.o' '-c']
  ignore line: [ /home/mo/share/gcc-4.4.4-glibc-2.11.1-multilib-1.0/arm-fsl-linux-gnueabi/bin/../lib/gcc/arm-fsl-linux-gnueabi/4.4.4/../../../../arm-fsl-linux-gnueabi/bin/as -meabi=5 -o CMakeFiles/cmTC_35437.dir/CMakeCCompilerABI.c.o /tmp/ccJsdAM3.s]
  ignore line: [COMPILER_PATH=/home/mo/share/gcc-4.4.4-glibc-2.11.1-multilib-1.0/arm-fsl-linux-gnueabi/bin/../libexec/gcc/arm-fsl-linux-gnueabi/4.4.4/:/home/mo/share/gcc-4.4.4-glibc-2.11.1-multilib-1.0/arm-fsl-linux-gnueabi/bin/../libexec/gcc/:/home/mo/share/gcc-4.4.4-glibc-2.11.1-multilib-1.0/arm-fsl-linux-gnueabi/bin/../lib/gcc/arm-fsl-linux-gnueabi/4.4.4/../../../../arm-fsl-linux-gnueabi/bin/]
  ignore line: [LIBRARY_PATH=/home/mo/share/gcc-4.4.4-glibc-2.11.1-multilib-1.0/arm-fsl-linux-gnueabi/bin/../lib/gcc/arm-fsl-linux-gnueabi/4.4.4/:/home/mo/share/gcc-4.4.4-glibc-2.11.1-multilib-1.0/arm-fsl-linux-gnueabi/bin/../lib/gcc/:/home/mo/share/gcc-4.4.4-glibc-2.11.1-multilib-1.0/arm-fsl-linux-gnueabi/bin/../arm-fsl-linux-gnueabi/multi-libs/lib/:/home/mo/share/gcc-4.4.4-glibc-2.11.1-multilib-1.0/arm-fsl-linux-gnueabi/bin/../arm-fsl-linux-gnueabi/multi-libs/usr/lib/]
  ignore line: [COLLECT_GCC_OPTIONS='-v' '-o' 'CMakeFiles/cmTC_35437.dir/CMakeCCompilerABI.c.o' '-c']
  ignore line: [Linking C executable cmTC_35437]
  ignore line: [/usr/local/bin/cmake -E cmake_link_script CMakeFiles/cmTC_35437.dir/link.txt --verbose=1]
  ignore line: [/home/mo/share/gcc-4.4.4-glibc-2.11.1-multilib-1.0/arm-fsl-linux-gnueabi/bin/arm-linux-gcc     -v -rdynamic CMakeFiles/cmTC_35437.dir/CMakeCCompilerABI.c.o  -o cmTC_35437 ]
  ignore line: [Using built-in specs.]
  ignore line: [Target: arm-fsl-linux-gnueabi]
  ignore line: [Configured with: /work/arm-toolchains/tmp/src/gcc-4.4.4/configure --build=i686-build_pc-linux-gnu --host=i686-build_pc-linux-gnu --target=arm-fsl-linux-gnueabi --prefix=/work/arm_fsl_gcc_4.4.4_multilib --with-sysroot=/work/arm_fsl_gcc_4.4.4_multilib/arm-fsl-linux-gnueabi/multi-libs --enable-languages=c c++ --with-pkgversion=4.4.4_09.06.2010 --enable-__cxa_atexit --disable-libmudflap --with-host-libstdcxx='-static-libgcc -Wl -Bstatic -lstdc++ -Bdynamic -lm' --with-gmp=/work/arm-toolchains/tmp/arm-fsl-linux-gnueabi/build/static --with-mpfr=/work/arm-toolchains/tmp/arm-fsl-linux-gnueabi/build/static --with-ppl=/work/arm-toolchains/tmp/arm-fsl-linux-gnueabi/build/static --with-cloog=/work/arm-toolchains/tmp/arm-fsl-linux-gnueabi/build/static --enable-threads=posix --enable-target-optspace --with-local-prefix=/work/arm_fsl_gcc_4.4.4_multilib/arm-fsl-linux-gnueabi/multi-libs --disable-nls --enable-symvers=gnu --enable-c99 --enable-long-long --enable-multilib --with-system-zlib --enable-lto]
  ignore line: [Thread model: posix]
  ignore line: [gcc version 4.4.4 (4.4.4_09.06.2010) ]
  ignore line: [COMPILER_PATH=/home/mo/share/gcc-4.4.4-glibc-2.11.1-multilib-1.0/arm-fsl-linux-gnueabi/bin/../libexec/gcc/arm-fsl-linux-gnueabi/4.4.4/:/home/mo/share/gcc-4.4.4-glibc-2.11.1-multilib-1.0/arm-fsl-linux-gnueabi/bin/../libexec/gcc/:/home/mo/share/gcc-4.4.4-glibc-2.11.1-multilib-1.0/arm-fsl-linux-gnueabi/bin/../lib/gcc/arm-fsl-linux-gnueabi/4.4.4/../../../../arm-fsl-linux-gnueabi/bin/]
  ignore line: [LIBRARY_PATH=/home/mo/share/gcc-4.4.4-glibc-2.11.1-multilib-1.0/arm-fsl-linux-gnueabi/bin/../lib/gcc/arm-fsl-linux-gnueabi/4.4.4/:/home/mo/share/gcc-4.4.4-glibc-2.11.1-multilib-1.0/arm-fsl-linux-gnueabi/bin/../lib/gcc/:/home/mo/share/gcc-4.4.4-glibc-2.11.1-multilib-1.0/arm-fsl-linux-gnueabi/bin/../arm-fsl-linux-gnueabi/multi-libs/lib/:/home/mo/share/gcc-4.4.4-glibc-2.11.1-multilib-1.0/arm-fsl-linux-gnueabi/bin/../arm-fsl-linux-gnueabi/multi-libs/usr/lib/]
  ignore line: [COLLECT_GCC_OPTIONS='-v' '-rdynamic' '-o' 'cmTC_35437']
  link line: [ /home/mo/share/gcc-4.4.4-glibc-2.11.1-multilib-1.0/arm-fsl-linux-gnueabi/bin/../libexec/gcc/arm-fsl-linux-gnueabi/4.4.4/collect2 --sysroot=/home/mo/share/gcc-4.4.4-glibc-2.11.1-multilib-1.0/arm-fsl-linux-gnueabi/bin/../arm-fsl-linux-gnueabi/multi-libs --eh-frame-hdr -export-dynamic -dynamic-linker /lib/ld-linux.so.3 -X -m armelf_linux_eabi -o cmTC_35437 /home/mo/share/gcc-4.4.4-glibc-2.11.1-multilib-1.0/arm-fsl-linux-gnueabi/bin/../arm-fsl-linux-gnueabi/multi-libs/usr/lib/crt1.o /home/mo/share/gcc-4.4.4-glibc-2.11.1-multilib-1.0/arm-fsl-linux-gnueabi/bin/../arm-fsl-linux-gnueabi/multi-libs/usr/lib/crti.o /home/mo/share/gcc-4.4.4-glibc-2.11.1-multilib-1.0/arm-fsl-linux-gnueabi/bin/../lib/gcc/arm-fsl-linux-gnueabi/4.4.4/crtbegin.o -L/home/mo/share/gcc-4.4.4-glibc-2.11.1-multilib-1.0/arm-fsl-linux-gnueabi/bin/../lib/gcc/arm-fsl-linux-gnueabi/4.4.4 -L/home/mo/share/gcc-4.4.4-glibc-2.11.1-multilib-1.0/arm-fsl-linux-gnueabi/bin/../lib/gcc -L/home/mo/share/gcc-4.4.4-glibc-2.11.1-multilib-1.0/arm-fsl-linux-gnueabi/bin/../arm-fsl-linux-gnueabi/multi-libs/lib -L/home/mo/share/gcc-4.4.4-glibc-2.11.1-multilib-1.0/arm-fsl-linux-gnueabi/bin/../arm-fsl-linux-gnueabi/multi-libs/usr/lib CMakeFiles/cmTC_35437.dir/CMakeCCompilerABI.c.o -lgcc --as-needed -lgcc_s --no-as-needed -lc -lgcc --as-needed -lgcc_s --no-as-needed /home/mo/share/gcc-4.4.4-glibc-2.11.1-multilib-1.0/arm-fsl-linux-gnueabi/bin/../lib/gcc/arm-fsl-linux-gnueabi/4.4.4/crtend.o /home/mo/share/gcc-4.4.4-glibc-2.11.1-multilib-1.0/arm-fsl-linux-gnueabi/bin/../arm-fsl-linux-gnueabi/multi-libs/usr/lib/crtn.o]
    arg [/home/mo/share/gcc-4.4.4-glibc-2.11.1-multilib-1.0/arm-fsl-linux-gnueabi/bin/../libexec/gcc/arm-fsl-linux-gnueabi/4.4.4/collect2] ==> ignore
    arg [--sysroot=/home/mo/share/gcc-4.4.4-glibc-2.11.1-multilib-1.0/arm-fsl-linux-gnueabi/bin/../arm-fsl-linux-gnueabi/multi-libs] ==> ignore
    arg [--eh-frame-hdr] ==> ignore
    arg [-export-dynamic] ==> ignore
    arg [-dynamic-linker] ==> ignore
    arg [/lib/ld-linux.so.3] ==> ignore
    arg [-X] ==> ignore
    arg [-m] ==> ignore
    arg [armelf_linux_eabi] ==> ignore
    arg [-o] ==> ignore
    arg [cmTC_35437] ==> ignore
    arg [/home/mo/share/gcc-4.4.4-glibc-2.11.1-multilib-1.0/arm-fsl-linux-gnueabi/bin/../arm-fsl-linux-gnueabi/multi-libs/usr/lib/crt1.o] ==> ignore
    arg [/home/mo/share/gcc-4.4.4-glibc-2.11.1-multilib-1.0/arm-fsl-linux-gnueabi/bin/../arm-fsl-linux-gnueabi/multi-libs/usr/lib/crti.o] ==> ignore
    arg [/home/mo/share/gcc-4.4.4-glibc-2.11.1-multilib-1.0/arm-fsl-linux-gnueabi/bin/../lib/gcc/arm-fsl-linux-gnueabi/4.4.4/crtbegin.o] ==> ignore
    arg [-L/home/mo/share/gcc-4.4.4-glibc-2.11.1-multilib-1.0/arm-fsl-linux-gnueabi/bin/../lib/gcc/arm-fsl-linux-gnueabi/4.4.4] ==> dir [/home/mo/share/gcc-4.4.4-glibc-2.11.1-multilib-1.0/arm-fsl-linux-gnueabi/bin/../lib/gcc/arm-fsl-linux-gnueabi/4.4.4]
    arg [-L/home/mo/share/gcc-4.4.4-glibc-2.11.1-multilib-1.0/arm-fsl-linux-gnueabi/bin/../lib/gcc] ==> dir [/home/mo/share/gcc-4.4.4-glibc-2.11.1-multilib-1.0/arm-fsl-linux-gnueabi/bin/../lib/gcc]
    arg [-L/home/mo/share/gcc-4.4.4-glibc-2.11.1-multilib-1.0/arm-fsl-linux-gnueabi/bin/../arm-fsl-linux-gnueabi/multi-libs/lib] ==> dir [/home/mo/share/gcc-4.4.4-glibc-2.11.1-multilib-1.0/arm-fsl-linux-gnueabi/bin/../arm-fsl-linux-gnueabi/multi-libs/lib]
    arg [-L/home/mo/share/gcc-4.4.4-glibc-2.11.1-multilib-1.0/arm-fsl-linux-gnueabi/bin/../arm-fsl-linux-gnueabi/multi-libs/usr/lib] ==> dir [/home/mo/share/gcc-4.4.4-glibc-2.11.1-multilib-1.0/arm-fsl-linux-gnueabi/bin/../arm-fsl-linux-gnueabi/multi-libs/usr/lib]
    arg [CMakeFiles/cmTC_35437.dir/CMakeCCompilerABI.c.o] ==> ignore
    arg [-lgcc] ==> lib [gcc]
    arg [--as-needed] ==> ignore
    arg [-lgcc_s] ==> lib [gcc_s]
    arg [--no-as-needed] ==> ignore
    arg [-lc] ==> lib [c]
    arg [-lgcc] ==> lib [gcc]
    arg [--as-needed] ==> ignore
    arg [-lgcc_s] ==> lib [gcc_s]
    arg [--no-as-needed] ==> ignore
    arg [/home/mo/share/gcc-4.4.4-glibc-2.11.1-multilib-1.0/arm-fsl-linux-gnueabi/bin/../lib/gcc/arm-fsl-linux-gnueabi/4.4.4/crtend.o] ==> ignore
    arg [/home/mo/share/gcc-4.4.4-glibc-2.11.1-multilib-1.0/arm-fsl-linux-gnueabi/bin/../arm-fsl-linux-gnueabi/multi-libs/usr/lib/crtn.o] ==> ignore
  collapse library dir [/home/mo/share/gcc-4.4.4-glibc-2.11.1-multilib-1.0/arm-fsl-linux-gnueabi/bin/../lib/gcc/arm-fsl-linux-gnueabi/4.4.4] ==> [/home/mo/share/gcc-4.4.4-glibc-2.11.1-multilib-1.0/arm-fsl-linux-gnueabi/lib/gcc/arm-fsl-linux-gnueabi/4.4.4]
  collapse library dir [/home/mo/share/gcc-4.4.4-glibc-2.11.1-multilib-1.0/arm-fsl-linux-gnueabi/bin/../lib/gcc] ==> [/home/mo/share/gcc-4.4.4-glibc-2.11.1-multilib-1.0/arm-fsl-linux-gnueabi/lib/gcc]
  collapse library dir [/home/mo/share/gcc-4.4.4-glibc-2.11.1-multilib-1.0/arm-fsl-linux-gnueabi/bin/../arm-fsl-linux-gnueabi/multi-libs/lib] ==> [/home/mo/share/gcc-4.4.4-glibc-2.11.1-multilib-1.0/arm-fsl-linux-gnueabi/arm-fsl-linux-gnueabi/multi-libs/lib]
  collapse library dir [/home/mo/share/gcc-4.4.4-glibc-2.11.1-multilib-1.0/arm-fsl-linux-gnueabi/bin/../arm-fsl-linux-gnueabi/multi-libs/usr/lib] ==> [/home/mo/share/gcc-4.4.4-glibc-2.11.1-multilib-1.0/arm-fsl-linux-gnueabi/arm-fsl-linux-gnueabi/multi-libs/usr/lib]
  implicit libs: [gcc;gcc_s;c;gcc;gcc_s]
  implicit dirs: [/home/mo/share/gcc-4.4.4-glibc-2.11.1-multilib-1.0/arm-fsl-linux-gnueabi/lib/gcc/arm-fsl-linux-gnueabi/4.4.4;/home/mo/share/gcc-4.4.4-glibc-2.11.1-multilib-1.0/arm-fsl-linux-gnueabi/lib/gcc;/home/mo/share/gcc-4.4.4-glibc-2.11.1-multilib-1.0/arm-fsl-linux-gnueabi/arm-fsl-linux-gnueabi/multi-libs/lib;/home/mo/share/gcc-4.4.4-glibc-2.11.1-multilib-1.0/arm-fsl-linux-gnueabi/arm-fsl-linux-gnueabi/multi-libs/usr/lib]
  implicit fwks: []


Determining if the CXX compiler works passed with the following output:
Change Dir: /home/mo/share/netconf2_new/sysrepo/build/CMakeFiles/CMakeTmp

Run Build Command(s):/usr/bin/make cmTC_d5a0d/fast && /usr/bin/make  -f CMakeFiles/cmTC_d5a0d.dir/build.make CMakeFiles/cmTC_d5a0d.dir/build
make[1]: Entering directory '/home/mo/share/netconf2_new/sysrepo/build/CMakeFiles/CMakeTmp'
Building CXX object CMakeFiles/cmTC_d5a0d.dir/testCXXCompiler.cxx.o
/home/mo/share/gcc-4.4.4-glibc-2.11.1-multilib-1.0/arm-fsl-linux-gnueabi/bin/arm-linux-g++     -o CMakeFiles/cmTC_d5a0d.dir/testCXXCompiler.cxx.o -c /home/mo/share/netconf2_new/sysrepo/build/CMakeFiles/CMakeTmp/testCXXCompiler.cxx
Linking CXX executable cmTC_d5a0d
/usr/local/bin/cmake -E cmake_link_script CMakeFiles/cmTC_d5a0d.dir/link.txt --verbose=1
/home/mo/share/gcc-4.4.4-glibc-2.11.1-multilib-1.0/arm-fsl-linux-gnueabi/bin/arm-linux-g++       -rdynamic CMakeFiles/cmTC_d5a0d.dir/testCXXCompiler.cxx.o  -o cmTC_d5a0d 
make[1]: Leaving directory '/home/mo/share/netconf2_new/sysrepo/build/CMakeFiles/CMakeTmp'



Detecting CXX compiler ABI info compiled with the following output:
Change Dir: /home/mo/share/netconf2_new/sysrepo/build/CMakeFiles/CMakeTmp

Run Build Command(s):/usr/bin/make cmTC_2c8a6/fast && /usr/bin/make  -f CMakeFiles/cmTC_2c8a6.dir/build.make CMakeFiles/cmTC_2c8a6.dir/build
make[1]: Entering directory '/home/mo/share/netconf2_new/sysrepo/build/CMakeFiles/CMakeTmp'
Building CXX object CMakeFiles/cmTC_2c8a6.dir/CMakeCXXCompilerABI.cpp.o
/home/mo/share/gcc-4.4.4-glibc-2.11.1-multilib-1.0/arm-fsl-linux-gnueabi/bin/arm-linux-g++    -v -o CMakeFiles/cmTC_2c8a6.dir/CMakeCXXCompilerABI.cpp.o -c /usr/local/share/cmake-3.17/Modules/CMakeCXXCompilerABI.cpp
Using built-in specs.
Target: arm-fsl-linux-gnueabi
Configured with: /work/arm-toolchains/tmp/src/gcc-4.4.4/configure --build=i686-build_pc-linux-gnu --host=i686-build_pc-linux-gnu --target=arm-fsl-linux-gnueabi --prefix=/work/arm_fsl_gcc_4.4.4_multilib --with-sysroot=/work/arm_fsl_gcc_4.4.4_multilib/arm-fsl-linux-gnueabi/multi-libs --enable-languages=c,c++ --with-pkgversion=4.4.4_09.06.2010 --enable-__cxa_atexit --disable-libmudflap --with-host-libstdcxx='-static-libgcc -Wl,-Bstatic,-lstdc++,-Bdynamic -lm' --with-gmp=/work/arm-toolchains/tmp/arm-fsl-linux-gnueabi/build/static --with-mpfr=/work/arm-toolchains/tmp/arm-fsl-linux-gnueabi/build/static --with-ppl=/work/arm-toolchains/tmp/arm-fsl-linux-gnueabi/build/static --with-cloog=/work/arm-toolchains/tmp/arm-fsl-linux-gnueabi/build/static --enable-threads=posix --enable-target-optspace --with-local-prefix=/work/arm_fsl_gcc_4.4.4_multilib/arm-fsl-linux-gnueabi/multi-libs --disable-nls --enable-symvers=gnu --enable-c99 --enable-long-long --enable-multilib --with-system-zlib --enable-lto
Thread model: posix
gcc version 4.4.4 (4.4.4_09.06.2010) 
COLLECT_GCC_OPTIONS='-v' '-o' 'CMakeFiles/cmTC_2c8a6.dir/CMakeCXXCompilerABI.cpp.o' '-c' '-shared-libgcc'
 /home/mo/share/gcc-4.4.4-glibc-2.11.1-multilib-1.0/arm-fsl-linux-gnueabi/bin/../libexec/gcc/arm-fsl-linux-gnueabi/4.4.4/cc1plus -quiet -v -iprefix /home/mo/share/gcc-4.4.4-glibc-2.11.1-multilib-1.0/arm-fsl-linux-gnueabi/bin/../lib/gcc/arm-fsl-linux-gnueabi/4.4.4/ -isysroot /home/mo/share/gcc-4.4.4-glibc-2.11.1-multilib-1.0/arm-fsl-linux-gnueabi/bin/../arm-fsl-linux-gnueabi/multi-libs -D_GNU_SOURCE /usr/local/share/cmake-3.17/Modules/CMakeCXXCompilerABI.cpp -D_FORTIFY_SOURCE=2 -quiet -dumpbase CMakeCXXCompilerABI.cpp -auxbase-strip CMakeFiles/cmTC_2c8a6.dir/CMakeCXXCompilerABI.cpp.o -version -o /tmp/ccUMrqPf.s
ignoring duplicate directory "/home/mo/share/gcc-4.4.4-glibc-2.11.1-multilib-1.0/arm-fsl-linux-gnueabi/bin/../lib/gcc/../../lib/gcc/arm-fsl-linux-gnueabi/4.4.4/../../../../arm-fsl-linux-gnueabi/include/c++/4.4.4"
ignoring duplicate directory "/home/mo/share/gcc-4.4.4-glibc-2.11.1-multilib-1.0/arm-fsl-linux-gnueabi/bin/../lib/gcc/../../lib/gcc/arm-fsl-linux-gnueabi/4.4.4/../../../../arm-fsl-linux-gnueabi/include/c++/4.4.4/arm-fsl-linux-gnueabi"
ignoring duplicate directory "/home/mo/share/gcc-4.4.4-glibc-2.11.1-multilib-1.0/arm-fsl-linux-gnueabi/bin/../lib/gcc/../../lib/gcc/arm-fsl-linux-gnueabi/4.4.4/../../../../arm-fsl-linux-gnueabi/include/c++/4.4.4/backward"
ignoring nonexistent directory "/home/mo/share/gcc-4.4.4-glibc-2.11.1-multilib-1.0/arm-fsl-linux-gnueabi/bin/../arm-fsl-linux-gnueabi/multi-libs/work/arm_fsl_gcc_4.4.4_multilib/arm-fsl-linux-gnueabi/multi-libs/include"
ignoring duplicate directory "/home/mo/share/gcc-4.4.4-glibc-2.11.1-multilib-1.0/arm-fsl-linux-gnueabi/bin/../lib/gcc/../../lib/gcc/arm-fsl-linux-gnueabi/4.4.4/include"
ignoring duplicate directory "/home/mo/share/gcc-4.4.4-glibc-2.11.1-multilib-1.0/arm-fsl-linux-gnueabi/bin/../lib/gcc/../../lib/gcc/arm-fsl-linux-gnueabi/4.4.4/include-fixed"
ignoring duplicate directory "/home/mo/share/gcc-4.4.4-glibc-2.11.1-multilib-1.0/arm-fsl-linux-gnueabi/bin/../lib/gcc/../../lib/gcc/arm-fsl-linux-gnueabi/4.4.4/../../../../arm-fsl-linux-gnueabi/include"
ignoring duplicate directory "/home/mo/share/gcc-4.4.4-glibc-2.11.1-multilib-1.0/arm-fsl-linux-gnueabi/bin/../arm-fsl-linux-gnueabi/multi-libs/usr/include"
#include "..." search starts here:
#include <...> search starts here:
 /home/mo/share/gcc-4.4.4-glibc-2.11.1-multilib-1.0/arm-fsl-linux-gnueabi/bin/../lib/gcc/arm-fsl-linux-gnueabi/4.4.4/../../../../arm-fsl-linux-gnueabi/include/c++/4.4.4
 /home/mo/share/gcc-4.4.4-glibc-2.11.1-multilib-1.0/arm-fsl-linux-gnueabi/bin/../lib/gcc/arm-fsl-linux-gnueabi/4.4.4/../../../../arm-fsl-linux-gnueabi/include/c++/4.4.4/arm-fsl-linux-gnueabi
 /home/mo/share/gcc-4.4.4-glibc-2.11.1-multilib-1.0/arm-fsl-linux-gnueabi/bin/../lib/gcc/arm-fsl-linux-gnueabi/4.4.4/../../../../arm-fsl-linux-gnueabi/include/c++/4.4.4/backward
 /home/mo/share/gcc-4.4.4-glibc-2.11.1-multilib-1.0/arm-fsl-linux-gnueabi/bin/../lib/gcc/arm-fsl-linux-gnueabi/4.4.4/include
 /home/mo/share/gcc-4.4.4-glibc-2.11.1-multilib-1.0/arm-fsl-linux-gnueabi/bin/../lib/gcc/arm-fsl-linux-gnueabi/4.4.4/include-fixed
 /home/mo/share/gcc-4.4.4-glibc-2.11.1-multilib-1.0/arm-fsl-linux-gnueabi/bin/../lib/gcc/arm-fsl-linux-gnueabi/4.4.4/../../../../arm-fsl-linux-gnueabi/include
End of search list.
GNU C++ (4.4.4_09.06.2010) version 4.4.4 (arm-fsl-linux-gnueabi)
	compiled by GNU C version 4.1.2, GMP version 4.3.2, MPFR version 2.4.2-p2.
GGC heuristics: --param ggc-min-expand=100 --param ggc-min-heapsize=131072
Compiler executable checksum: da7668c679308c83638ae4d232e6595a
COLLECT_GCC_OPTIONS='-v' '-o' 'CMakeFiles/cmTC_2c8a6.dir/CMakeCXXCompilerABI.cpp.o' '-c' '-shared-libgcc'
 /home/mo/share/gcc-4.4.4-glibc-2.11.1-multilib-1.0/arm-fsl-linux-gnueabi/bin/../lib/gcc/arm-fsl-linux-gnueabi/4.4.4/../../../../arm-fsl-linux-gnueabi/bin/as -meabi=5 -o CMakeFiles/cmTC_2c8a6.dir/CMakeCXXCompilerABI.cpp.o /tmp/ccUMrqPf.s
COMPILER_PATH=/home/mo/share/gcc-4.4.4-glibc-2.11.1-multilib-1.0/arm-fsl-linux-gnueabi/bin/../libexec/gcc/arm-fsl-linux-gnueabi/4.4.4/:/home/mo/share/gcc-4.4.4-glibc-2.11.1-multilib-1.0/arm-fsl-linux-gnueabi/bin/../libexec/gcc/:/home/mo/share/gcc-4.4.4-glibc-2.11.1-multilib-1.0/arm-fsl-linux-gnueabi/bin/../lib/gcc/arm-fsl-linux-gnueabi/4.4.4/../../../../arm-fsl-linux-gnueabi/bin/
LIBRARY_PATH=/home/mo/share/gcc-4.4.4-glibc-2.11.1-multilib-1.0/arm-fsl-linux-gnueabi/bin/../lib/gcc/arm-fsl-linux-gnueabi/4.4.4/:/home/mo/share/gcc-4.4.4-glibc-2.11.1-multilib-1.0/arm-fsl-linux-gnueabi/bin/../lib/gcc/:/home/mo/share/gcc-4.4.4-glibc-2.11.1-multilib-1.0/arm-fsl-linux-gnueabi/bin/../arm-fsl-linux-gnueabi/multi-libs/lib/:/home/mo/share/gcc-4.4.4-glibc-2.11.1-multilib-1.0/arm-fsl-linux-gnueabi/bin/../arm-fsl-linux-gnueabi/multi-libs/usr/lib/
COLLECT_GCC_OPTIONS='-v' '-o' 'CMakeFiles/cmTC_2c8a6.dir/CMakeCXXCompilerABI.cpp.o' '-c' '-shared-libgcc'
Linking CXX executable cmTC_2c8a6
/usr/local/bin/cmake -E cmake_link_script CMakeFiles/cmTC_2c8a6.dir/link.txt --verbose=1
/home/mo/share/gcc-4.4.4-glibc-2.11.1-multilib-1.0/arm-fsl-linux-gnueabi/bin/arm-linux-g++      -v -rdynamic CMakeFiles/cmTC_2c8a6.dir/CMakeCXXCompilerABI.cpp.o  -o cmTC_2c8a6 
Using built-in specs.
Target: arm-fsl-linux-gnueabi
Configured with: /work/arm-toolchains/tmp/src/gcc-4.4.4/configure --build=i686-build_pc-linux-gnu --host=i686-build_pc-linux-gnu --target=arm-fsl-linux-gnueabi --prefix=/work/arm_fsl_gcc_4.4.4_multilib --with-sysroot=/work/arm_fsl_gcc_4.4.4_multilib/arm-fsl-linux-gnueabi/multi-libs --enable-languages=c,c++ --with-pkgversion=4.4.4_09.06.2010 --enable-__cxa_atexit --disable-libmudflap --with-host-libstdcxx='-static-libgcc -Wl,-Bstatic,-lstdc++,-Bdynamic -lm' --with-gmp=/work/arm-toolchains/tmp/arm-fsl-linux-gnueabi/build/static --with-mpfr=/work/arm-toolchains/tmp/arm-fsl-linux-gnueabi/build/static --with-ppl=/work/arm-toolchains/tmp/arm-fsl-linux-gnueabi/build/static --with-cloog=/work/arm-toolchains/tmp/arm-fsl-linux-gnueabi/build/static --enable-threads=posix --enable-target-optspace --with-local-prefix=/work/arm_fsl_gcc_4.4.4_multilib/arm-fsl-linux-gnueabi/multi-libs --disable-nls --enable-symvers=gnu --enable-c99 --enable-long-long --enable-multilib --with-system-zlib --enable-lto
Thread model: posix
gcc version 4.4.4 (4.4.4_09.06.2010) 
COMPILER_PATH=/home/mo/share/gcc-4.4.4-glibc-2.11.1-multilib-1.0/arm-fsl-linux-gnueabi/bin/../libexec/gcc/arm-fsl-linux-gnueabi/4.4.4/:/home/mo/share/gcc-4.4.4-glibc-2.11.1-multilib-1.0/arm-fsl-linux-gnueabi/bin/../libexec/gcc/:/home/mo/share/gcc-4.4.4-glibc-2.11.1-multilib-1.0/arm-fsl-linux-gnueabi/bin/../lib/gcc/arm-fsl-linux-gnueabi/4.4.4/../../../../arm-fsl-linux-gnueabi/bin/
LIBRARY_PATH=/home/mo/share/gcc-4.4.4-glibc-2.11.1-multilib-1.0/arm-fsl-linux-gnueabi/bin/../lib/gcc/arm-fsl-linux-gnueabi/4.4.4/:/home/mo/share/gcc-4.4.4-glibc-2.11.1-multilib-1.0/arm-fsl-linux-gnueabi/bin/../lib/gcc/:/home/mo/share/gcc-4.4.4-glibc-2.11.1-multilib-1.0/arm-fsl-linux-gnueabi/bin/../arm-fsl-linux-gnueabi/multi-libs/lib/:/home/mo/share/gcc-4.4.4-glibc-2.11.1-multilib-1.0/arm-fsl-linux-gnueabi/bin/../arm-fsl-linux-gnueabi/multi-libs/usr/lib/
COLLECT_GCC_OPTIONS='-v' '-rdynamic' '-o' 'cmTC_2c8a6' '-shared-libgcc'
 /home/mo/share/gcc-4.4.4-glibc-2.11.1-multilib-1.0/arm-fsl-linux-gnueabi/bin/../libexec/gcc/arm-fsl-linux-gnueabi/4.4.4/collect2 --sysroot=/home/mo/share/gcc-4.4.4-glibc-2.11.1-multilib-1.0/arm-fsl-linux-gnueabi/bin/../arm-fsl-linux-gnueabi/multi-libs --eh-frame-hdr -export-dynamic -dynamic-linker /lib/ld-linux.so.3 -X -m armelf_linux_eabi -o cmTC_2c8a6 /home/mo/share/gcc-4.4.4-glibc-2.11.1-multilib-1.0/arm-fsl-linux-gnueabi/bin/../arm-fsl-linux-gnueabi/multi-libs/usr/lib/crt1.o /home/mo/share/gcc-4.4.4-glibc-2.11.1-multilib-1.0/arm-fsl-linux-gnueabi/bin/../arm-fsl-linux-gnueabi/multi-libs/usr/lib/crti.o /home/mo/share/gcc-4.4.4-glibc-2.11.1-multilib-1.0/arm-fsl-linux-gnueabi/bin/../lib/gcc/arm-fsl-linux-gnueabi/4.4.4/crtbegin.o -L/home/mo/share/gcc-4.4.4-glibc-2.11.1-multilib-1.0/arm-fsl-linux-gnueabi/bin/../lib/gcc/arm-fsl-linux-gnueabi/4.4.4 -L/home/mo/share/gcc-4.4.4-glibc-2.11.1-multilib-1.0/arm-fsl-linux-gnueabi/bin/../lib/gcc -L/home/mo/share/gcc-4.4.4-glibc-2.11.1-multilib-1.0/arm-fsl-linux-gnueabi/bin/../arm-fsl-linux-gnueabi/multi-libs/lib -L/home/mo/share/gcc-4.4.4-glibc-2.11.1-multilib-1.0/arm-fsl-linux-gnueabi/bin/../arm-fsl-linux-gnueabi/multi-libs/usr/lib CMakeFiles/cmTC_2c8a6.dir/CMakeCXXCompilerABI.cpp.o -lstdc++ -lm -lgcc_s -lgcc -lc -lgcc_s -lgcc /home/mo/share/gcc-4.4.4-glibc-2.11.1-multilib-1.0/arm-fsl-linux-gnueabi/bin/../lib/gcc/arm-fsl-linux-gnueabi/4.4.4/crtend.o /home/mo/share/gcc-4.4.4-glibc-2.11.1-multilib-1.0/arm-fsl-linux-gnueabi/bin/../arm-fsl-linux-gnueabi/multi-libs/usr/lib/crtn.o
make[1]: Leaving directory '/home/mo/share/netconf2_new/sysrepo/build/CMakeFiles/CMakeTmp'



Parsed CXX implicit include dir info from above output: rv=done
  found start of include info
  found start of implicit include info
    add: [/home/mo/share/gcc-4.4.4-glibc-2.11.1-multilib-1.0/arm-fsl-linux-gnueabi/bin/../lib/gcc/arm-fsl-linux-gnueabi/4.4.4/../../../../arm-fsl-linux-gnueabi/include/c++/4.4.4]
    add: [/home/mo/share/gcc-4.4.4-glibc-2.11.1-multilib-1.0/arm-fsl-linux-gnueabi/bin/../lib/gcc/arm-fsl-linux-gnueabi/4.4.4/../../../../arm-fsl-linux-gnueabi/include/c++/4.4.4/arm-fsl-linux-gnueabi]
    add: [/home/mo/share/gcc-4.4.4-glibc-2.11.1-multilib-1.0/arm-fsl-linux-gnueabi/bin/../lib/gcc/arm-fsl-linux-gnueabi/4.4.4/../../../../arm-fsl-linux-gnueabi/include/c++/4.4.4/backward]
    add: [/home/mo/share/gcc-4.4.4-glibc-2.11.1-multilib-1.0/arm-fsl-linux-gnueabi/bin/../lib/gcc/arm-fsl-linux-gnueabi/4.4.4/include]
    add: [/home/mo/share/gcc-4.4.4-glibc-2.11.1-multilib-1.0/arm-fsl-linux-gnueabi/bin/../lib/gcc/arm-fsl-linux-gnueabi/4.4.4/include-fixed]
    add: [/home/mo/share/gcc-4.4.4-glibc-2.11.1-multilib-1.0/arm-fsl-linux-gnueabi/bin/../lib/gcc/arm-fsl-linux-gnueabi/4.4.4/../../../../arm-fsl-linux-gnueabi/include]
  end of search list found
  collapse include dir [/home/mo/share/gcc-4.4.4-glibc-2.11.1-multilib-1.0/arm-fsl-linux-gnueabi/bin/../lib/gcc/arm-fsl-linux-gnueabi/4.4.4/../../../../arm-fsl-linux-gnueabi/include/c++/4.4.4] ==> [/home/mo/share/gcc-4.4.4-glibc-2.11.1-multilib-1.0/arm-fsl-linux-gnueabi/arm-fsl-linux-gnueabi/include/c++/4.4.4]
  collapse include dir [/home/mo/share/gcc-4.4.4-glibc-2.11.1-multilib-1.0/arm-fsl-linux-gnueabi/bin/../lib/gcc/arm-fsl-linux-gnueabi/4.4.4/../../../../arm-fsl-linux-gnueabi/include/c++/4.4.4/arm-fsl-linux-gnueabi] ==> [/home/mo/share/gcc-4.4.4-glibc-2.11.1-multilib-1.0/arm-fsl-linux-gnueabi/arm-fsl-linux-gnueabi/include/c++/4.4.4/arm-fsl-linux-gnueabi]
  collapse include dir [/home/mo/share/gcc-4.4.4-glibc-2.11.1-multilib-1.0/arm-fsl-linux-gnueabi/bin/../lib/gcc/arm-fsl-linux-gnueabi/4.4.4/../../../../arm-fsl-linux-gnueabi/include/c++/4.4.4/backward] ==> [/home/mo/share/gcc-4.4.4-glibc-2.11.1-multilib-1.0/arm-fsl-linux-gnueabi/arm-fsl-linux-gnueabi/include/c++/4.4.4/backward]
  collapse include dir [/home/mo/share/gcc-4.4.4-glibc-2.11.1-multilib-1.0/arm-fsl-linux-gnueabi/bin/../lib/gcc/arm-fsl-linux-gnueabi/4.4.4/include] ==> [/home/mo/share/gcc-4.4.4-glibc-2.11.1-multilib-1.0/arm-fsl-linux-gnueabi/lib/gcc/arm-fsl-linux-gnueabi/4.4.4/include]
  collapse include dir [/home/mo/share/gcc-4.4.4-glibc-2.11.1-multilib-1.0/arm-fsl-linux-gnueabi/bin/../lib/gcc/arm-fsl-linux-gnueabi/4.4.4/include-fixed] ==> [/home/mo/share/gcc-4.4.4-glibc-2.11.1-multilib-1.0/arm-fsl-linux-gnueabi/lib/gcc/arm-fsl-linux-gnueabi/4.4.4/include-fixed]
  collapse include dir [/home/mo/share/gcc-4.4.4-glibc-2.11.1-multilib-1.0/arm-fsl-linux-gnueabi/bin/../lib/gcc/arm-fsl-linux-gnueabi/4.4.4/../../../../arm-fsl-linux-gnueabi/include] ==> [/home/mo/share/gcc-4.4.4-glibc-2.11.1-multilib-1.0/arm-fsl-linux-gnueabi/arm-fsl-linux-gnueabi/include]
  implicit include dirs: [/home/mo/share/gcc-4.4.4-glibc-2.11.1-multilib-1.0/arm-fsl-linux-gnueabi/arm-fsl-linux-gnueabi/include/c++/4.4.4;/home/mo/share/gcc-4.4.4-glibc-2.11.1-multilib-1.0/arm-fsl-linux-gnueabi/arm-fsl-linux-gnueabi/include/c++/4.4.4/arm-fsl-linux-gnueabi;/home/mo/share/gcc-4.4.4-glibc-2.11.1-multilib-1.0/arm-fsl-linux-gnueabi/arm-fsl-linux-gnueabi/include/c++/4.4.4/backward;/home/mo/share/gcc-4.4.4-glibc-2.11.1-multilib-1.0/arm-fsl-linux-gnueabi/lib/gcc/arm-fsl-linux-gnueabi/4.4.4/include;/home/mo/share/gcc-4.4.4-glibc-2.11.1-multilib-1.0/arm-fsl-linux-gnueabi/lib/gcc/arm-fsl-linux-gnueabi/4.4.4/include-fixed;/home/mo/share/gcc-4.4.4-glibc-2.11.1-multilib-1.0/arm-fsl-linux-gnueabi/arm-fsl-linux-gnueabi/include]


Parsed CXX implicit link information from above output:
  link line regex: [^( *|.*[/\])(ld|CMAKE_LINK_STARTFILE-NOTFOUND|([^/\]+-)?ld|collect2)[^/\]*( |$)]
  ignore line: [Change Dir: /home/mo/share/netconf2_new/sysrepo/build/CMakeFiles/CMakeTmp]
  ignore line: []
  ignore line: [Run Build Command(s):/usr/bin/make cmTC_2c8a6/fast && /usr/bin/make  -f CMakeFiles/cmTC_2c8a6.dir/build.make CMakeFiles/cmTC_2c8a6.dir/build]
  ignore line: [make[1]: Entering directory '/home/mo/share/netconf2_new/sysrepo/build/CMakeFiles/CMakeTmp']
  ignore line: [Building CXX object CMakeFiles/cmTC_2c8a6.dir/CMakeCXXCompilerABI.cpp.o]
  ignore line: [/home/mo/share/gcc-4.4.4-glibc-2.11.1-multilib-1.0/arm-fsl-linux-gnueabi/bin/arm-linux-g++    -v -o CMakeFiles/cmTC_2c8a6.dir/CMakeCXXCompilerABI.cpp.o -c /usr/local/share/cmake-3.17/Modules/CMakeCXXCompilerABI.cpp]
  ignore line: [Using built-in specs.]
  ignore line: [Target: arm-fsl-linux-gnueabi]
  ignore line: [Configured with: /work/arm-toolchains/tmp/src/gcc-4.4.4/configure --build=i686-build_pc-linux-gnu --host=i686-build_pc-linux-gnu --target=arm-fsl-linux-gnueabi --prefix=/work/arm_fsl_gcc_4.4.4_multilib --with-sysroot=/work/arm_fsl_gcc_4.4.4_multilib/arm-fsl-linux-gnueabi/multi-libs --enable-languages=c c++ --with-pkgversion=4.4.4_09.06.2010 --enable-__cxa_atexit --disable-libmudflap --with-host-libstdcxx='-static-libgcc -Wl -Bstatic -lstdc++ -Bdynamic -lm' --with-gmp=/work/arm-toolchains/tmp/arm-fsl-linux-gnueabi/build/static --with-mpfr=/work/arm-toolchains/tmp/arm-fsl-linux-gnueabi/build/static --with-ppl=/work/arm-toolchains/tmp/arm-fsl-linux-gnueabi/build/static --with-cloog=/work/arm-toolchains/tmp/arm-fsl-linux-gnueabi/build/static --enable-threads=posix --enable-target-optspace --with-local-prefix=/work/arm_fsl_gcc_4.4.4_multilib/arm-fsl-linux-gnueabi/multi-libs --disable-nls --enable-symvers=gnu --enable-c99 --enable-long-long --enable-multilib --with-system-zlib --enable-lto]
  ignore line: [Thread model: posix]
  ignore line: [gcc version 4.4.4 (4.4.4_09.06.2010) ]
  ignore line: [COLLECT_GCC_OPTIONS='-v' '-o' 'CMakeFiles/cmTC_2c8a6.dir/CMakeCXXCompilerABI.cpp.o' '-c' '-shared-libgcc']
  ignore line: [ /home/mo/share/gcc-4.4.4-glibc-2.11.1-multilib-1.0/arm-fsl-linux-gnueabi/bin/../libexec/gcc/arm-fsl-linux-gnueabi/4.4.4/cc1plus -quiet -v -iprefix /home/mo/share/gcc-4.4.4-glibc-2.11.1-multilib-1.0/arm-fsl-linux-gnueabi/bin/../lib/gcc/arm-fsl-linux-gnueabi/4.4.4/ -isysroot /home/mo/share/gcc-4.4.4-glibc-2.11.1-multilib-1.0/arm-fsl-linux-gnueabi/bin/../arm-fsl-linux-gnueabi/multi-libs -D_GNU_SOURCE /usr/local/share/cmake-3.17/Modules/CMakeCXXCompilerABI.cpp -D_FORTIFY_SOURCE=2 -quiet -dumpbase CMakeCXXCompilerABI.cpp -auxbase-strip CMakeFiles/cmTC_2c8a6.dir/CMakeCXXCompilerABI.cpp.o -version -o /tmp/ccUMrqPf.s]
  ignore line: [ignoring duplicate directory "/home/mo/share/gcc-4.4.4-glibc-2.11.1-multilib-1.0/arm-fsl-linux-gnueabi/bin/../lib/gcc/../../lib/gcc/arm-fsl-linux-gnueabi/4.4.4/../../../../arm-fsl-linux-gnueabi/include/c++/4.4.4"]
  ignore line: [ignoring duplicate directory "/home/mo/share/gcc-4.4.4-glibc-2.11.1-multilib-1.0/arm-fsl-linux-gnueabi/bin/../lib/gcc/../../lib/gcc/arm-fsl-linux-gnueabi/4.4.4/../../../../arm-fsl-linux-gnueabi/include/c++/4.4.4/arm-fsl-linux-gnueabi"]
  ignore line: [ignoring duplicate directory "/home/mo/share/gcc-4.4.4-glibc-2.11.1-multilib-1.0/arm-fsl-linux-gnueabi/bin/../lib/gcc/../../lib/gcc/arm-fsl-linux-gnueabi/4.4.4/../../../../arm-fsl-linux-gnueabi/include/c++/4.4.4/backward"]
  ignore line: [ignoring nonexistent directory "/home/mo/share/gcc-4.4.4-glibc-2.11.1-multilib-1.0/arm-fsl-linux-gnueabi/bin/../arm-fsl-linux-gnueabi/multi-libs/work/arm_fsl_gcc_4.4.4_multilib/arm-fsl-linux-gnueabi/multi-libs/include"]
  ignore line: [ignoring duplicate directory "/home/mo/share/gcc-4.4.4-glibc-2.11.1-multilib-1.0/arm-fsl-linux-gnueabi/bin/../lib/gcc/../../lib/gcc/arm-fsl-linux-gnueabi/4.4.4/include"]
  ignore line: [ignoring duplicate directory "/home/mo/share/gcc-4.4.4-glibc-2.11.1-multilib-1.0/arm-fsl-linux-gnueabi/bin/../lib/gcc/../../lib/gcc/arm-fsl-linux-gnueabi/4.4.4/include-fixed"]
  ignore line: [ignoring duplicate directory "/home/mo/share/gcc-4.4.4-glibc-2.11.1-multilib-1.0/arm-fsl-linux-gnueabi/bin/../lib/gcc/../../lib/gcc/arm-fsl-linux-gnueabi/4.4.4/../../../../arm-fsl-linux-gnueabi/include"]
  ignore line: [ignoring duplicate directory "/home/mo/share/gcc-4.4.4-glibc-2.11.1-multilib-1.0/arm-fsl-linux-gnueabi/bin/../arm-fsl-linux-gnueabi/multi-libs/usr/include"]
  ignore line: [#include "..." search starts here:]
  ignore line: [#include <...> search starts here:]
  ignore line: [ /home/mo/share/gcc-4.4.4-glibc-2.11.1-multilib-1.0/arm-fsl-linux-gnueabi/bin/../lib/gcc/arm-fsl-linux-gnueabi/4.4.4/../../../../arm-fsl-linux-gnueabi/include/c++/4.4.4]
  ignore line: [ /home/mo/share/gcc-4.4.4-glibc-2.11.1-multilib-1.0/arm-fsl-linux-gnueabi/bin/../lib/gcc/arm-fsl-linux-gnueabi/4.4.4/../../../../arm-fsl-linux-gnueabi/include/c++/4.4.4/arm-fsl-linux-gnueabi]
  ignore line: [ /home/mo/share/gcc-4.4.4-glibc-2.11.1-multilib-1.0/arm-fsl-linux-gnueabi/bin/../lib/gcc/arm-fsl-linux-gnueabi/4.4.4/../../../../arm-fsl-linux-gnueabi/include/c++/4.4.4/backward]
  ignore line: [ /home/mo/share/gcc-4.4.4-glibc-2.11.1-multilib-1.0/arm-fsl-linux-gnueabi/bin/../lib/gcc/arm-fsl-linux-gnueabi/4.4.4/include]
  ignore line: [ /home/mo/share/gcc-4.4.4-glibc-2.11.1-multilib-1.0/arm-fsl-linux-gnueabi/bin/../lib/gcc/arm-fsl-linux-gnueabi/4.4.4/include-fixed]
  ignore line: [ /home/mo/share/gcc-4.4.4-glibc-2.11.1-multilib-1.0/arm-fsl-linux-gnueabi/bin/../lib/gcc/arm-fsl-linux-gnueabi/4.4.4/../../../../arm-fsl-linux-gnueabi/include]
  ignore line: [End of search list.]
  ignore line: [GNU C++ (4.4.4_09.06.2010) version 4.4.4 (arm-fsl-linux-gnueabi)]
  ignore line: [	compiled by GNU C version 4.1.2  GMP version 4.3.2  MPFR version 2.4.2-p2.]
  ignore line: [GGC heuristics: --param ggc-min-expand=100 --param ggc-min-heapsize=131072]
  ignore line: [Compiler executable checksum: da7668c679308c83638ae4d232e6595a]
  ignore line: [COLLECT_GCC_OPTIONS='-v' '-o' 'CMakeFiles/cmTC_2c8a6.dir/CMakeCXXCompilerABI.cpp.o' '-c' '-shared-libgcc']
  ignore line: [ /home/mo/share/gcc-4.4.4-glibc-2.11.1-multilib-1.0/arm-fsl-linux-gnueabi/bin/../lib/gcc/arm-fsl-linux-gnueabi/4.4.4/../../../../arm-fsl-linux-gnueabi/bin/as -meabi=5 -o CMakeFiles/cmTC_2c8a6.dir/CMakeCXXCompilerABI.cpp.o /tmp/ccUMrqPf.s]
  ignore line: [COMPILER_PATH=/home/mo/share/gcc-4.4.4-glibc-2.11.1-multilib-1.0/arm-fsl-linux-gnueabi/bin/../libexec/gcc/arm-fsl-linux-gnueabi/4.4.4/:/home/mo/share/gcc-4.4.4-glibc-2.11.1-multilib-1.0/arm-fsl-linux-gnueabi/bin/../libexec/gcc/:/home/mo/share/gcc-4.4.4-glibc-2.11.1-multilib-1.0/arm-fsl-linux-gnueabi/bin/../lib/gcc/arm-fsl-linux-gnueabi/4.4.4/../../../../arm-fsl-linux-gnueabi/bin/]
  ignore line: [LIBRARY_PATH=/home/mo/share/gcc-4.4.4-glibc-2.11.1-multilib-1.0/arm-fsl-linux-gnueabi/bin/../lib/gcc/arm-fsl-linux-gnueabi/4.4.4/:/home/mo/share/gcc-4.4.4-glibc-2.11.1-multilib-1.0/arm-fsl-linux-gnueabi/bin/../lib/gcc/:/home/mo/share/gcc-4.4.4-glibc-2.11.1-multilib-1.0/arm-fsl-linux-gnueabi/bin/../arm-fsl-linux-gnueabi/multi-libs/lib/:/home/mo/share/gcc-4.4.4-glibc-2.11.1-multilib-1.0/arm-fsl-linux-gnueabi/bin/../arm-fsl-linux-gnueabi/multi-libs/usr/lib/]
  ignore line: [COLLECT_GCC_OPTIONS='-v' '-o' 'CMakeFiles/cmTC_2c8a6.dir/CMakeCXXCompilerABI.cpp.o' '-c' '-shared-libgcc']
  ignore line: [Linking CXX executable cmTC_2c8a6]
  ignore line: [/usr/local/bin/cmake -E cmake_link_script CMakeFiles/cmTC_2c8a6.dir/link.txt --verbose=1]
  ignore line: [/home/mo/share/gcc-4.4.4-glibc-2.11.1-multilib-1.0/arm-fsl-linux-gnueabi/bin/arm-linux-g++      -v -rdynamic CMakeFiles/cmTC_2c8a6.dir/CMakeCXXCompilerABI.cpp.o  -o cmTC_2c8a6 ]
  ignore line: [Using built-in specs.]
  ignore line: [Target: arm-fsl-linux-gnueabi]
  ignore line: [Configured with: /work/arm-toolchains/tmp/src/gcc-4.4.4/configure --build=i686-build_pc-linux-gnu --host=i686-build_pc-linux-gnu --target=arm-fsl-linux-gnueabi --prefix=/work/arm_fsl_gcc_4.4.4_multilib --with-sysroot=/work/arm_fsl_gcc_4.4.4_multilib/arm-fsl-linux-gnueabi/multi-libs --enable-languages=c c++ --with-pkgversion=4.4.4_09.06.2010 --enable-__cxa_atexit --disable-libmudflap --with-host-libstdcxx='-static-libgcc -Wl -Bstatic -lstdc++ -Bdynamic -lm' --with-gmp=/work/arm-toolchains/tmp/arm-fsl-linux-gnueabi/build/static --with-mpfr=/work/arm-toolchains/tmp/arm-fsl-linux-gnueabi/build/static --with-ppl=/work/arm-toolchains/tmp/arm-fsl-linux-gnueabi/build/static --with-cloog=/work/arm-toolchains/tmp/arm-fsl-linux-gnueabi/build/static --enable-threads=posix --enable-target-optspace --with-local-prefix=/work/arm_fsl_gcc_4.4.4_multilib/arm-fsl-linux-gnueabi/multi-libs --disable-nls --enable-symvers=gnu --enable-c99 --enable-long-long --enable-multilib --with-system-zlib --enable-lto]
  ignore line: [Thread model: posix]
  ignore line: [gcc version 4.4.4 (4.4.4_09.06.2010) ]
  ignore line: [COMPILER_PATH=/home/mo/share/gcc-4.4.4-glibc-2.11.1-multilib-1.0/arm-fsl-linux-gnueabi/bin/../libexec/gcc/arm-fsl-linux-gnueabi/4.4.4/:/home/mo/share/gcc-4.4.4-glibc-2.11.1-multilib-1.0/arm-fsl-linux-gnueabi/bin/../libexec/gcc/:/home/mo/share/gcc-4.4.4-glibc-2.11.1-multilib-1.0/arm-fsl-linux-gnueabi/bin/../lib/gcc/arm-fsl-linux-gnueabi/4.4.4/../../../../arm-fsl-linux-gnueabi/bin/]
  ignore line: [LIBRARY_PATH=/home/mo/share/gcc-4.4.4-glibc-2.11.1-multilib-1.0/arm-fsl-linux-gnueabi/bin/../lib/gcc/arm-fsl-linux-gnueabi/4.4.4/:/home/mo/share/gcc-4.4.4-glibc-2.11.1-multilib-1.0/arm-fsl-linux-gnueabi/bin/../lib/gcc/:/home/mo/share/gcc-4.4.4-glibc-2.11.1-multilib-1.0/arm-fsl-linux-gnueabi/bin/../arm-fsl-linux-gnueabi/multi-libs/lib/:/home/mo/share/gcc-4.4.4-glibc-2.11.1-multilib-1.0/arm-fsl-linux-gnueabi/bin/../arm-fsl-linux-gnueabi/multi-libs/usr/lib/]
  ignore line: [COLLECT_GCC_OPTIONS='-v' '-rdynamic' '-o' 'cmTC_2c8a6' '-shared-libgcc']
  link line: [ /home/mo/share/gcc-4.4.4-glibc-2.11.1-multilib-1.0/arm-fsl-linux-gnueabi/bin/../libexec/gcc/arm-fsl-linux-gnueabi/4.4.4/collect2 --sysroot=/home/mo/share/gcc-4.4.4-glibc-2.11.1-multilib-1.0/arm-fsl-linux-gnueabi/bin/../arm-fsl-linux-gnueabi/multi-libs --eh-frame-hdr -export-dynamic -dynamic-linker /lib/ld-linux.so.3 -X -m armelf_linux_eabi -o cmTC_2c8a6 /home/mo/share/gcc-4.4.4-glibc-2.11.1-multilib-1.0/arm-fsl-linux-gnueabi/bin/../arm-fsl-linux-gnueabi/multi-libs/usr/lib/crt1.o /home/mo/share/gcc-4.4.4-glibc-2.11.1-multilib-1.0/arm-fsl-linux-gnueabi/bin/../arm-fsl-linux-gnueabi/multi-libs/usr/lib/crti.o /home/mo/share/gcc-4.4.4-glibc-2.11.1-multilib-1.0/arm-fsl-linux-gnueabi/bin/../lib/gcc/arm-fsl-linux-gnueabi/4.4.4/crtbegin.o -L/home/mo/share/gcc-4.4.4-glibc-2.11.1-multilib-1.0/arm-fsl-linux-gnueabi/bin/../lib/gcc/arm-fsl-linux-gnueabi/4.4.4 -L/home/mo/share/gcc-4.4.4-glibc-2.11.1-multilib-1.0/arm-fsl-linux-gnueabi/bin/../lib/gcc -L/home/mo/share/gcc-4.4.4-glibc-2.11.1-multilib-1.0/arm-fsl-linux-gnueabi/bin/../arm-fsl-linux-gnueabi/multi-libs/lib -L/home/mo/share/gcc-4.4.4-glibc-2.11.1-multilib-1.0/arm-fsl-linux-gnueabi/bin/../arm-fsl-linux-gnueabi/multi-libs/usr/lib CMakeFiles/cmTC_2c8a6.dir/CMakeCXXCompilerABI.cpp.o -lstdc++ -lm -lgcc_s -lgcc -lc -lgcc_s -lgcc /home/mo/share/gcc-4.4.4-glibc-2.11.1-multilib-1.0/arm-fsl-linux-gnueabi/bin/../lib/gcc/arm-fsl-linux-gnueabi/4.4.4/crtend.o /home/mo/share/gcc-4.4.4-glibc-2.11.1-multilib-1.0/arm-fsl-linux-gnueabi/bin/../arm-fsl-linux-gnueabi/multi-libs/usr/lib/crtn.o]
    arg [/home/mo/share/gcc-4.4.4-glibc-2.11.1-multilib-1.0/arm-fsl-linux-gnueabi/bin/../libexec/gcc/arm-fsl-linux-gnueabi/4.4.4/collect2] ==> ignore
    arg [--sysroot=/home/mo/share/gcc-4.4.4-glibc-2.11.1-multilib-1.0/arm-fsl-linux-gnueabi/bin/../arm-fsl-linux-gnueabi/multi-libs] ==> ignore
    arg [--eh-frame-hdr] ==> ignore
    arg [-export-dynamic] ==> ignore
    arg [-dynamic-linker] ==> ignore
    arg [/lib/ld-linux.so.3] ==> ignore
    arg [-X] ==> ignore
    arg [-m] ==> ignore
    arg [armelf_linux_eabi] ==> ignore
    arg [-o] ==> ignore
    arg [cmTC_2c8a6] ==> ignore
    arg [/home/mo/share/gcc-4.4.4-glibc-2.11.1-multilib-1.0/arm-fsl-linux-gnueabi/bin/../arm-fsl-linux-gnueabi/multi-libs/usr/lib/crt1.o] ==> ignore
    arg [/home/mo/share/gcc-4.4.4-glibc-2.11.1-multilib-1.0/arm-fsl-linux-gnueabi/bin/../arm-fsl-linux-gnueabi/multi-libs/usr/lib/crti.o] ==> ignore
    arg [/home/mo/share/gcc-4.4.4-glibc-2.11.1-multilib-1.0/arm-fsl-linux-gnueabi/bin/../lib/gcc/arm-fsl-linux-gnueabi/4.4.4/crtbegin.o] ==> ignore
    arg [-L/home/mo/share/gcc-4.4.4-glibc-2.11.1-multilib-1.0/arm-fsl-linux-gnueabi/bin/../lib/gcc/arm-fsl-linux-gnueabi/4.4.4] ==> dir [/home/mo/share/gcc-4.4.4-glibc-2.11.1-multilib-1.0/arm-fsl-linux-gnueabi/bin/../lib/gcc/arm-fsl-linux-gnueabi/4.4.4]
    arg [-L/home/mo/share/gcc-4.4.4-glibc-2.11.1-multilib-1.0/arm-fsl-linux-gnueabi/bin/../lib/gcc] ==> dir [/home/mo/share/gcc-4.4.4-glibc-2.11.1-multilib-1.0/arm-fsl-linux-gnueabi/bin/../lib/gcc]
    arg [-L/home/mo/share/gcc-4.4.4-glibc-2.11.1-multilib-1.0/arm-fsl-linux-gnueabi/bin/../arm-fsl-linux-gnueabi/multi-libs/lib] ==> dir [/home/mo/share/gcc-4.4.4-glibc-2.11.1-multilib-1.0/arm-fsl-linux-gnueabi/bin/../arm-fsl-linux-gnueabi/multi-libs/lib]
    arg [-L/home/mo/share/gcc-4.4.4-glibc-2.11.1-multilib-1.0/arm-fsl-linux-gnueabi/bin/../arm-fsl-linux-gnueabi/multi-libs/usr/lib] ==> dir [/home/mo/share/gcc-4.4.4-glibc-2.11.1-multilib-1.0/arm-fsl-linux-gnueabi/bin/../arm-fsl-linux-gnueabi/multi-libs/usr/lib]
    arg [CMakeFiles/cmTC_2c8a6.dir/CMakeCXXCompilerABI.cpp.o] ==> ignore
    arg [-lstdc++] ==> lib [stdc++]
    arg [-lm] ==> lib [m]
    arg [-lgcc_s] ==> lib [gcc_s]
    arg [-lgcc] ==> lib [gcc]
    arg [-lc] ==> lib [c]
    arg [-lgcc_s] ==> lib [gcc_s]
    arg [-lgcc] ==> lib [gcc]
    arg [/home/mo/share/gcc-4.4.4-glibc-2.11.1-multilib-1.0/arm-fsl-linux-gnueabi/bin/../lib/gcc/arm-fsl-linux-gnueabi/4.4.4/crtend.o] ==> ignore
    arg [/home/mo/share/gcc-4.4.4-glibc-2.11.1-multilib-1.0/arm-fsl-linux-gnueabi/bin/../arm-fsl-linux-gnueabi/multi-libs/usr/lib/crtn.o] ==> ignore
  collapse library dir [/home/mo/share/gcc-4.4.4-glibc-2.11.1-multilib-1.0/arm-fsl-linux-gnueabi/bin/../lib/gcc/arm-fsl-linux-gnueabi/4.4.4] ==> [/home/mo/share/gcc-4.4.4-glibc-2.11.1-multilib-1.0/arm-fsl-linux-gnueabi/lib/gcc/arm-fsl-linux-gnueabi/4.4.4]
  collapse library dir [/home/mo/share/gcc-4.4.4-glibc-2.11.1-multilib-1.0/arm-fsl-linux-gnueabi/bin/../lib/gcc] ==> [/home/mo/share/gcc-4.4.4-glibc-2.11.1-multilib-1.0/arm-fsl-linux-gnueabi/lib/gcc]
  collapse library dir [/home/mo/share/gcc-4.4.4-glibc-2.11.1-multilib-1.0/arm-fsl-linux-gnueabi/bin/../arm-fsl-linux-gnueabi/multi-libs/lib] ==> [/home/mo/share/gcc-4.4.4-glibc-2.11.1-multilib-1.0/arm-fsl-linux-gnueabi/arm-fsl-linux-gnueabi/multi-libs/lib]
  collapse library dir [/home/mo/share/gcc-4.4.4-glibc-2.11.1-multilib-1.0/arm-fsl-linux-gnueabi/bin/../arm-fsl-linux-gnueabi/multi-libs/usr/lib] ==> [/home/mo/share/gcc-4.4.4-glibc-2.11.1-multilib-1.0/arm-fsl-linux-gnueabi/arm-fsl-linux-gnueabi/multi-libs/usr/lib]
  implicit libs: [stdc++;m;gcc_s;gcc;c;gcc_s;gcc]
  implicit dirs: [/home/mo/share/gcc-4.4.4-glibc-2.11.1-multilib-1.0/arm-fsl-linux-gnueabi/lib/gcc/arm-fsl-linux-gnueabi/4.4.4;/home/mo/share/gcc-4.4.4-glibc-2.11.1-multilib-1.0/arm-fsl-linux-gnueabi/lib/gcc;/home/mo/share/gcc-4.4.4-glibc-2.11.1-multilib-1.0/arm-fsl-linux-gnueabi/arm-fsl-linux-gnueabi/multi-libs/lib;/home/mo/share/gcc-4.4.4-glibc-2.11.1-multilib-1.0/arm-fsl-linux-gnueabi/arm-fsl-linux-gnueabi/multi-libs/usr/lib]
  implicit fwks: []




Detecting CXX [-std=c++0x] compiler features compiled with the following output:
Change Dir: /home/mo/share/netconf2_new/sysrepo/build/CMakeFiles/CMakeTmp

Run Build Command(s):/usr/bin/make cmTC_8f97c/fast && /usr/bin/make  -f CMakeFiles/cmTC_8f97c.dir/build.make CMakeFiles/cmTC_8f97c.dir/build
make[1]: Entering directory '/home/mo/share/netconf2_new/sysrepo/build/CMakeFiles/CMakeTmp'
Building CXX object CMakeFiles/cmTC_8f97c.dir/feature_tests.cxx.o
/home/mo/share/gcc-4.4.4-glibc-2.11.1-multilib-1.0/arm-fsl-linux-gnueabi/bin/arm-linux-g++    -std=c++0x -o CMakeFiles/cmTC_8f97c.dir/feature_tests.cxx.o -c /home/mo/share/netconf2_new/sysrepo/build/CMakeFiles/feature_tests.cxx
Linking CXX executable cmTC_8f97c
/usr/local/bin/cmake -E cmake_link_script CMakeFiles/cmTC_8f97c.dir/link.txt --verbose=1
/home/mo/share/gcc-4.4.4-glibc-2.11.1-multilib-1.0/arm-fsl-linux-gnueabi/bin/arm-linux-g++       -rdynamic CMakeFiles/cmTC_8f97c.dir/feature_tests.cxx.o  -o cmTC_8f97c 
make[1]: Leaving directory '/home/mo/share/netconf2_new/sysrepo/build/CMakeFiles/CMakeTmp'



    Feature record: CXX_FEATURE:1cxx_template_template_parameters
    Feature record: CXX_FEATURE:0cxx_alias_templates
    Feature record: CXX_FEATURE:0cxx_alignas
    Feature record: CXX_FEATURE:0cxx_alignof
    Feature record: CXX_FEATURE:0cxx_attributes
    Feature record: CXX_FEATURE:1cxx_auto_type
    Feature record: CXX_FEATURE:0cxx_constexpr
    Feature record: CXX_FEATURE:1cxx_decltype
    Feature record: CXX_FEATURE:0cxx_decltype_incomplete_return_types
    Feature record: CXX_FEATURE:1cxx_default_function_template_args
    Feature record: CXX_FEATURE:1cxx_defaulted_functions
    Feature record: CXX_FEATURE:0cxx_defaulted_move_initializers
    Feature record: CXX_FEATURE:0cxx_delegating_constructors
    Feature record: CXX_FEATURE:1cxx_deleted_functions
    Feature record: CXX_FEATURE:0cxx_enum_forward_declarations
    Feature record: CXX_FEATURE:0cxx_explicit_conversions
    Feature record: CXX_FEATURE:0cxx_extended_friend_declarations
    Feature record: CXX_FEATURE:1cxx_extern_templates
    Feature record: CXX_FEATURE:0cxx_final
    Feature record: CXX_FEATURE:1cxx_func_identifier
    Feature record: CXX_FEATURE:1cxx_generalized_initializers
    Feature record: CXX_FEATURE:0cxx_inheriting_constructors
    Feature record: CXX_FEATURE:1cxx_inline_namespaces
    Feature record: CXX_FEATURE:0cxx_lambdas
    Feature record: CXX_FEATURE:0cxx_local_type_template_args
    Feature record: CXX_FEATURE:1cxx_long_long_type
    Feature record: CXX_FEATURE:0cxx_noexcept
    Feature record: CXX_FEATURE:0cxx_nonstatic_member_init
    Feature record: CXX_FEATURE:0cxx_nullptr
    Feature record: CXX_FEATURE:0cxx_override
    Feature record: CXX_FEATURE:0cxx_range_for
    Feature record: CXX_FEATURE:0cxx_raw_string_literals
    Feature record: CXX_FEATURE:0cxx_reference_qualified_functions
    Feature record: CXX_FEATURE:1cxx_right_angle_brackets
    Feature record: CXX_FEATURE:1cxx_rvalue_references
    Feature record: CXX_FEATURE:1cxx_sizeof_member
    Feature record: CXX_FEATURE:1cxx_static_assert
    Feature record: CXX_FEATURE:1cxx_strong_enums
    Feature record: CXX_FEATURE:0cxx_thread_local
    Feature record: CXX_FEATURE:1cxx_trailing_return_types
    Feature record: CXX_FEATURE:1cxx_unicode_literals
    Feature record: CXX_FEATURE:1cxx_uniform_initialization
    Feature record: CXX_FEATURE:0cxx_unrestricted_unions
    Feature record: CXX_FEATURE:0cxx_user_literals
    Feature record: CXX_FEATURE:1cxx_variadic_macros
    Feature record: CXX_FEATURE:1cxx_variadic_templates
    Feature record: CXX_FEATURE:0cxx_aggregate_default_initializers
    Feature record: CXX_FEATURE:0cxx_attribute_deprecated
    Feature record: CXX_FEATURE:0cxx_binary_literals
    Feature record: CXX_FEATURE:0cxx_contextual_conversions
    Feature record: CXX_FEATURE:0cxx_decltype_auto
    Feature record: CXX_FEATURE:0cxx_digit_separators
    Feature record: CXX_FEATURE:0cxx_generic_lambdas
    Feature record: CXX_FEATURE:0cxx_lambda_init_captures
    Feature record: CXX_FEATURE:0cxx_relaxed_constexpr
    Feature record: CXX_FEATURE:0cxx_return_type_deduction
    Feature record: CXX_FEATURE:0cxx_variable_templates


Detecting CXX [-std=c++98] compiler features compiled with the following output:
Change Dir: /home/mo/share/netconf2_new/sysrepo/build/CMakeFiles/CMakeTmp

Run Build Command(s):/usr/bin/make cmTC_e1e21/fast && /usr/bin/make  -f CMakeFiles/cmTC_e1e21.dir/build.make CMakeFiles/cmTC_e1e21.dir/build
make[1]: Entering directory '/home/mo/share/netconf2_new/sysrepo/build/CMakeFiles/CMakeTmp'
Building CXX object CMakeFiles/cmTC_e1e21.dir/feature_tests.cxx.o
/home/mo/share/gcc-4.4.4-glibc-2.11.1-multilib-1.0/arm-fsl-linux-gnueabi/bin/arm-linux-g++    -std=c++98 -o CMakeFiles/cmTC_e1e21.dir/feature_tests.cxx.o -c /home/mo/share/netconf2_new/sysrepo/build/CMakeFiles/feature_tests.cxx
Linking CXX executable cmTC_e1e21
/usr/local/bin/cmake -E cmake_link_script CMakeFiles/cmTC_e1e21.dir/link.txt --verbose=1
/home/mo/share/gcc-4.4.4-glibc-2.11.1-multilib-1.0/arm-fsl-linux-gnueabi/bin/arm-linux-g++       -rdynamic CMakeFiles/cmTC_e1e21.dir/feature_tests.cxx.o  -o cmTC_e1e21 
make[1]: Leaving directory '/home/mo/share/netconf2_new/sysrepo/build/CMakeFiles/CMakeTmp'



    Feature record: CXX_FEATURE:1cxx_template_template_parameters
    Feature record: CXX_FEATURE:0cxx_alias_templates
    Feature record: CXX_FEATURE:0cxx_alignas
    Feature record: CXX_FEATURE:0cxx_alignof
    Feature record: CXX_FEATURE:0cxx_attributes
    Feature record: CXX_FEATURE:0cxx_auto_type
    Feature record: CXX_FEATURE:0cxx_constexpr
    Feature record: CXX_FEATURE:0cxx_decltype
    Feature record: CXX_FEATURE:0cxx_decltype_incomplete_return_types
    Feature record: CXX_FEATURE:0cxx_default_function_template_args
    Feature record: CXX_FEATURE:0cxx_defaulted_functions
    Feature record: CXX_FEATURE:0cxx_defaulted_move_initializers
    Feature record: CXX_FEATURE:0cxx_delegating_constructors
    Feature record: CXX_FEATURE:0cxx_deleted_functions
    Feature record: CXX_FEATURE:0cxx_enum_forward_declarations
    Feature record: CXX_FEATURE:0cxx_explicit_conversions
    Feature record: CXX_FEATURE:0cxx_extended_friend_declarations
    Feature record: CXX_FEATURE:0cxx_extern_templates
    Feature record: CXX_FEATURE:0cxx_final
    Feature record: CXX_FEATURE:0cxx_func_identifier
    Feature record: CXX_FEATURE:0cxx_generalized_initializers
    Feature record: CXX_FEATURE:0cxx_inheriting_constructors
    Feature record: CXX_FEATURE:0cxx_inline_namespaces
    Feature record: CXX_FEATURE:0cxx_lambdas
    Feature record: CXX_FEATURE:0cxx_local_type_template_args
    Feature record: CXX_FEATURE:0cxx_long_long_type
    Feature record: CXX_FEATURE:0cxx_noexcept
    Feature record: CXX_FEATURE:0cxx_nonstatic_member_init
    Feature record: CXX_FEATURE:0cxx_nullptr
    Feature record: CXX_FEATURE:0cxx_override
    Feature record: CXX_FEATURE:0cxx_range_for
    Feature record: CXX_FEATURE:0cxx_raw_string_literals
    Feature record: CXX_FEATURE:0cxx_reference_qualified_functions
    Feature record: CXX_FEATURE:0cxx_right_angle_brackets
    Feature record: CXX_FEATURE:0cxx_rvalue_references
    Feature record: CXX_FEATURE:0cxx_sizeof_member
    Feature record: CXX_FEATURE:0cxx_static_assert
    Feature record: CXX_FEATURE:0cxx_strong_enums
    Feature record: CXX_FEATURE:0cxx_thread_local
    Feature record: CXX_FEATURE:0cxx_trailing_return_types
    Feature record: CXX_FEATURE:0cxx_unicode_literals
    Feature record: CXX_FEATURE:0cxx_uniform_initialization
    Feature record: CXX_FEATURE:0cxx_unrestricted_unions
    Feature record: CXX_FEATURE:0cxx_user_literals
    Feature record: CXX_FEATURE:0cxx_variadic_macros
    Feature record: CXX_FEATURE:0cxx_variadic_templates
    Feature record: CXX_FEATURE:0cxx_aggregate_default_initializers
    Feature record: CXX_FEATURE:0cxx_attribute_deprecated
    Feature record: CXX_FEATURE:0cxx_binary_literals
    Feature record: CXX_FEATURE:0cxx_contextual_conversions
    Feature record: CXX_FEATURE:0cxx_decltype_auto
    Feature record: CXX_FEATURE:0cxx_digit_separators
    Feature record: CXX_FEATURE:0cxx_generic_lambdas
    Feature record: CXX_FEATURE:0cxx_lambda_init_captures
    Feature record: CXX_FEATURE:0cxx_relaxed_constexpr
    Feature record: CXX_FEATURE:0cxx_return_type_deduction
    Feature record: CXX_FEATURE:0cxx_variable_templates
Determining if the vdprintf exist passed with the following output:
Change Dir: /home/mo/share/netconf2_new/sysrepo/build/CMakeFiles/CMakeTmp

Run Build Command(s):/usr/bin/make cmTC_b60ce/fast && /usr/bin/make  -f CMakeFiles/cmTC_b60ce.dir/build.make CMakeFiles/cmTC_b60ce.dir/build
make[1]: Entering directory '/home/mo/share/netconf2_new/sysrepo/build/CMakeFiles/CMakeTmp'
Building C object CMakeFiles/cmTC_b60ce.dir/CheckSymbolExists.c.o
/home/mo/share/gcc-4.4.4-glibc-2.11.1-multilib-1.0/arm-fsl-linux-gnueabi/bin/arm-linux-gcc -D_GNU_SOURCE -D_POSIX_C_SOURCE=200809L -D__BSD_VISIBLE=1  -Wall -lrt -pthread -Wextra  -std=c99    -o CMakeFiles/cmTC_b60ce.dir/CheckSymbolExists.c.o   -c /home/mo/share/netconf2_new/sysrepo/build/CMakeFiles/CMakeTmp/CheckSymbolExists.c
Linking C executable cmTC_b60ce
/usr/local/bin/cmake -E cmake_link_script CMakeFiles/cmTC_b60ce.dir/link.txt --verbose=1
/home/mo/share/gcc-4.4.4-glibc-2.11.1-multilib-1.0/arm-fsl-linux-gnueabi/bin/arm-linux-gcc   -Wall -lrt -pthread -Wextra  -std=c99     -rdynamic CMakeFiles/cmTC_b60ce.dir/CheckSymbolExists.c.o  -o cmTC_b60ce 
make[1]: Leaving directory '/home/mo/share/netconf2_new/sysrepo/build/CMakeFiles/CMakeTmp'


File /home/mo/share/netconf2_new/sysrepo/build/CMakeFiles/CMakeTmp/CheckSymbolExists.c:
/* */
#include <stdio.h>
#include <stdarg.h>

int main(int argc, char** argv)
{
  (void)argv;
#ifndef vdprintf
  return ((int*)(&vdprintf))[argc];
#else
  (void)argc;
  return 0;
#endif
}
Determining if the asprintf exist passed with the following output:
Change Dir: /home/mo/share/netconf2_new/sysrepo/build/CMakeFiles/CMakeTmp

Run Build Command(s):/usr/bin/make cmTC_41419/fast && /usr/bin/make  -f CMakeFiles/cmTC_41419.dir/build.make CMakeFiles/cmTC_41419.dir/build
make[1]: Entering directory '/home/mo/share/netconf2_new/sysrepo/build/CMakeFiles/CMakeTmp'
Building C object CMakeFiles/cmTC_41419.dir/CheckSymbolExists.c.o
/home/mo/share/gcc-4.4.4-glibc-2.11.1-multilib-1.0/arm-fsl-linux-gnueabi/bin/arm-linux-gcc -D_GNU_SOURCE -D_POSIX_C_SOURCE=200809L -D__BSD_VISIBLE=1  -Wall -lrt -pthread -Wextra  -std=c99    -o CMakeFiles/cmTC_41419.dir/CheckSymbolExists.c.o   -c /home/mo/share/netconf2_new/sysrepo/build/CMakeFiles/CMakeTmp/CheckSymbolExists.c
Linking C executable cmTC_41419
/usr/local/bin/cmake -E cmake_link_script CMakeFiles/cmTC_41419.dir/link.txt --verbose=1
/home/mo/share/gcc-4.4.4-glibc-2.11.1-multilib-1.0/arm-fsl-linux-gnueabi/bin/arm-linux-gcc   -Wall -lrt -pthread -Wextra  -std=c99     -rdynamic CMakeFiles/cmTC_41419.dir/CheckSymbolExists.c.o  -o cmTC_41419 
make[1]: Leaving directory '/home/mo/share/netconf2_new/sysrepo/build/CMakeFiles/CMakeTmp'


File /home/mo/share/netconf2_new/sysrepo/build/CMakeFiles/CMakeTmp/CheckSymbolExists.c:
/* */
#include <stdio.h>

int main(int argc, char** argv)
{
  (void)argv;
#ifndef asprintf
  return ((int*)(&asprintf))[argc];
#else
  (void)argc;
  return 0;
#endif
}
Determining if the vasprintf exist passed with the following output:
Change Dir: /home/mo/share/netconf2_new/sysrepo/build/CMakeFiles/CMakeTmp

Run Build Command(s):/usr/bin/make cmTC_94bfc/fast && /usr/bin/make  -f CMakeFiles/cmTC_94bfc.dir/build.make CMakeFiles/cmTC_94bfc.dir/build
make[1]: Entering directory '/home/mo/share/netconf2_new/sysrepo/build/CMakeFiles/CMakeTmp'
Building C object CMakeFiles/cmTC_94bfc.dir/CheckSymbolExists.c.o
/home/mo/share/gcc-4.4.4-glibc-2.11.1-multilib-1.0/arm-fsl-linux-gnueabi/bin/arm-linux-gcc -D_GNU_SOURCE -D_POSIX_C_SOURCE=200809L -D__BSD_VISIBLE=1  -Wall -lrt -pthread -Wextra  -std=c99    -o CMakeFiles/cmTC_94bfc.dir/CheckSymbolExists.c.o   -c /home/mo/share/netconf2_new/sysrepo/build/CMakeFiles/CMakeTmp/CheckSymbolExists.c
Linking C executable cmTC_94bfc
/usr/local/bin/cmake -E cmake_link_script CMakeFiles/cmTC_94bfc.dir/link.txt --verbose=1
/home/mo/share/gcc-4.4.4-glibc-2.11.1-multilib-1.0/arm-fsl-linux-gnueabi/bin/arm-linux-gcc   -Wall -lrt -pthread -Wextra  -std=c99     -rdynamic CMakeFiles/cmTC_94bfc.dir/CheckSymbolExists.c.o  -o cmTC_94bfc 
make[1]: Leaving directory '/home/mo/share/netconf2_new/sysrepo/build/CMakeFiles/CMakeTmp'


File /home/mo/share/netconf2_new/sysrepo/build/CMakeFiles/CMakeTmp/CheckSymbolExists.c:
/* */
#include <stdio.h>

int main(int argc, char** argv)
{
  (void)argv;
#ifndef vasprintf
  return ((int*)(&vasprintf))[argc];
#else
  (void)argc;
  return 0;
#endif
}
Determining if the get_current_dir_name exist passed with the following output:
Change Dir: /home/mo/share/netconf2_new/sysrepo/build/CMakeFiles/CMakeTmp

Run Build Command(s):/usr/bin/make cmTC_4da6f/fast && /usr/bin/make  -f CMakeFiles/cmTC_4da6f.dir/build.make CMakeFiles/cmTC_4da6f.dir/build
make[1]: Entering directory '/home/mo/share/netconf2_new/sysrepo/build/CMakeFiles/CMakeTmp'
Building C object CMakeFiles/cmTC_4da6f.dir/CheckSymbolExists.c.o
/home/mo/share/gcc-4.4.4-glibc-2.11.1-multilib-1.0/arm-fsl-linux-gnueabi/bin/arm-linux-gcc -D_GNU_SOURCE -D_POSIX_C_SOURCE=200809L -D__BSD_VISIBLE=1  -Wall -lrt -pthread -Wextra  -std=c99    -o CMakeFiles/cmTC_4da6f.dir/CheckSymbolExists.c.o   -c /home/mo/share/netconf2_new/sysrepo/build/CMakeFiles/CMakeTmp/CheckSymbolExists.c
Linking C executable cmTC_4da6f
/usr/local/bin/cmake -E cmake_link_script CMakeFiles/cmTC_4da6f.dir/link.txt --verbose=1
/home/mo/share/gcc-4.4.4-glibc-2.11.1-multilib-1.0/arm-fsl-linux-gnueabi/bin/arm-linux-gcc   -Wall -lrt -pthread -Wextra  -std=c99     -rdynamic CMakeFiles/cmTC_4da6f.dir/CheckSymbolExists.c.o  -o cmTC_4da6f 
make[1]: Leaving directory '/home/mo/share/netconf2_new/sysrepo/build/CMakeFiles/CMakeTmp'


File /home/mo/share/netconf2_new/sysrepo/build/CMakeFiles/CMakeTmp/CheckSymbolExists.c:
/* */
#include <unistd.h>

int main(int argc, char** argv)
{
  (void)argv;
#ifndef get_current_dir_name
  return ((int*)(&get_current_dir_name))[argc];
#else
  (void)argc;
  return 0;
#endif
}
Determining if the strndup exist passed with the following output:
Change Dir: /home/mo/share/netconf2_new/sysrepo/build/CMakeFiles/CMakeTmp

Run Build Command(s):/usr/bin/make cmTC_767e1/fast && /usr/bin/make  -f CMakeFiles/cmTC_767e1.dir/build.make CMakeFiles/cmTC_767e1.dir/build
make[1]: Entering directory '/home/mo/share/netconf2_new/sysrepo/build/CMakeFiles/CMakeTmp'
Building C object CMakeFiles/cmTC_767e1.dir/CheckSymbolExists.c.o
/home/mo/share/gcc-4.4.4-glibc-2.11.1-multilib-1.0/arm-fsl-linux-gnueabi/bin/arm-linux-gcc -D_GNU_SOURCE -D_POSIX_C_SOURCE=200809L -D__BSD_VISIBLE=1  -Wall -lrt -pthread -Wextra  -std=c99    -o CMakeFiles/cmTC_767e1.dir/CheckSymbolExists.c.o   -c /home/mo/share/netconf2_new/sysrepo/build/CMakeFiles/CMakeTmp/CheckSymbolExists.c
Linking C executable cmTC_767e1
/usr/local/bin/cmake -E cmake_link_script CMakeFiles/cmTC_767e1.dir/link.txt --verbose=1
/home/mo/share/gcc-4.4.4-glibc-2.11.1-multilib-1.0/arm-fsl-linux-gnueabi/bin/arm-linux-gcc   -Wall -lrt -pthread -Wextra  -std=c99     -rdynamic CMakeFiles/cmTC_767e1.dir/CheckSymbolExists.c.o  -o cmTC_767e1 
make[1]: Leaving directory '/home/mo/share/netconf2_new/sysrepo/build/CMakeFiles/CMakeTmp'


File /home/mo/share/netconf2_new/sysrepo/build/CMakeFiles/CMakeTmp/CheckSymbolExists.c:
/* */
#include <string.h>

int main(int argc, char** argv)
{
  (void)argv;
#ifndef strndup
  return ((int*)(&strndup))[argc];
#else
  (void)argc;
  return 0;
#endif
}
Determining if the getline exist passed with the following output:
Change Dir: /home/mo/share/netconf2_new/sysrepo/build/CMakeFiles/CMakeTmp

Run Build Command(s):/usr/bin/make cmTC_bab3b/fast && /usr/bin/make  -f CMakeFiles/cmTC_bab3b.dir/build.make CMakeFiles/cmTC_bab3b.dir/build
make[1]: Entering directory '/home/mo/share/netconf2_new/sysrepo/build/CMakeFiles/CMakeTmp'
Building C object CMakeFiles/cmTC_bab3b.dir/CheckSymbolExists.c.o
/home/mo/share/gcc-4.4.4-glibc-2.11.1-multilib-1.0/arm-fsl-linux-gnueabi/bin/arm-linux-gcc -D_GNU_SOURCE -D_POSIX_C_SOURCE=200809L -D__BSD_VISIBLE=1  -Wall -lrt -pthread -Wextra  -std=c99    -o CMakeFiles/cmTC_bab3b.dir/CheckSymbolExists.c.o   -c /home/mo/share/netconf2_new/sysrepo/build/CMakeFiles/CMakeTmp/CheckSymbolExists.c
Linking C executable cmTC_bab3b
/usr/local/bin/cmake -E cmake_link_script CMakeFiles/cmTC_bab3b.dir/link.txt --verbose=1
/home/mo/share/gcc-4.4.4-glibc-2.11.1-multilib-1.0/arm-fsl-linux-gnueabi/bin/arm-linux-gcc   -Wall -lrt -pthread -Wextra  -std=c99     -rdynamic CMakeFiles/cmTC_bab3b.dir/CheckSymbolExists.c.o  -o cmTC_bab3b 
make[1]: Leaving directory '/home/mo/share/netconf2_new/sysrepo/build/CMakeFiles/CMakeTmp'


File /home/mo/share/netconf2_new/sysrepo/build/CMakeFiles/CMakeTmp/CheckSymbolExists.c:
/* */
#include <stdio.h>

int main(int argc, char** argv)
{
  (void)argv;
#ifndef getline
  return ((int*)(&getline))[argc];
#else
  (void)argc;
  return 0;
#endif
}
Determining if the include file sys/types.h exists passed with the following output:
Change Dir: /home/mo/share/netconf2_new/sysrepo/build/CMakeFiles/CMakeTmp

Run Build Command(s):/usr/bin/make cmTC_bd200/fast && /usr/bin/make  -f CMakeFiles/cmTC_bd200.dir/build.make CMakeFiles/cmTC_bd200.dir/build
make[1]: Entering directory '/home/mo/share/netconf2_new/sysrepo/build/CMakeFiles/CMakeTmp'
Building C object CMakeFiles/cmTC_bd200.dir/CheckIncludeFile.c.o
/home/mo/share/gcc-4.4.4-glibc-2.11.1-multilib-1.0/arm-fsl-linux-gnueabi/bin/arm-linux-gcc -D_GNU_SOURCE -D_POSIX_C_SOURCE=200809L -D__BSD_VISIBLE=1  -Wall -lrt -pthread -Wextra  -std=c99    -o CMakeFiles/cmTC_bd200.dir/CheckIncludeFile.c.o   -c /home/mo/share/netconf2_new/sysrepo/build/CMakeFiles/CMakeTmp/CheckIncludeFile.c
Linking C executable cmTC_bd200
/usr/local/bin/cmake -E cmake_link_script CMakeFiles/cmTC_bd200.dir/link.txt --verbose=1
/home/mo/share/gcc-4.4.4-glibc-2.11.1-multilib-1.0/arm-fsl-linux-gnueabi/bin/arm-linux-gcc   -Wall -lrt -pthread -Wextra  -std=c99     -rdynamic CMakeFiles/cmTC_bd200.dir/CheckIncludeFile.c.o  -o cmTC_bd200 
make[1]: Leaving directory '/home/mo/share/netconf2_new/sysrepo/build/CMakeFiles/CMakeTmp'



Determining if the include file stdint.h exists passed with the following output:
Change Dir: /home/mo/share/netconf2_new/sysrepo/build/CMakeFiles/CMakeTmp

Run Build Command(s):/usr/bin/make cmTC_4e135/fast && /usr/bin/make  -f CMakeFiles/cmTC_4e135.dir/build.make CMakeFiles/cmTC_4e135.dir/build
make[1]: Entering directory '/home/mo/share/netconf2_new/sysrepo/build/CMakeFiles/CMakeTmp'
Building C object CMakeFiles/cmTC_4e135.dir/CheckIncludeFile.c.o
/home/mo/share/gcc-4.4.4-glibc-2.11.1-multilib-1.0/arm-fsl-linux-gnueabi/bin/arm-linux-gcc -D_GNU_SOURCE -D_POSIX_C_SOURCE=200809L -D__BSD_VISIBLE=1  -Wall -lrt -pthread -Wextra  -std=c99    -o CMakeFiles/cmTC_4e135.dir/CheckIncludeFile.c.o   -c /home/mo/share/netconf2_new/sysrepo/build/CMakeFiles/CMakeTmp/CheckIncludeFile.c
Linking C executable cmTC_4e135
/usr/local/bin/cmake -E cmake_link_script CMakeFiles/cmTC_4e135.dir/link.txt --verbose=1
/home/mo/share/gcc-4.4.4-glibc-2.11.1-multilib-1.0/arm-fsl-linux-gnueabi/bin/arm-linux-gcc   -Wall -lrt -pthread -Wextra  -std=c99     -rdynamic CMakeFiles/cmTC_4e135.dir/CheckIncludeFile.c.o  -o cmTC_4e135 
make[1]: Leaving directory '/home/mo/share/netconf2_new/sysrepo/build/CMakeFiles/CMakeTmp'



Determining if the include file stddef.h exists passed with the following output:
Change Dir: /home/mo/share/netconf2_new/sysrepo/build/CMakeFiles/CMakeTmp

Run Build Command(s):/usr/bin/make cmTC_ea4df/fast && /usr/bin/make  -f CMakeFiles/cmTC_ea4df.dir/build.make CMakeFiles/cmTC_ea4df.dir/build
make[1]: Entering directory '/home/mo/share/netconf2_new/sysrepo/build/CMakeFiles/CMakeTmp'
Building C object CMakeFiles/cmTC_ea4df.dir/CheckIncludeFile.c.o
/home/mo/share/gcc-4.4.4-glibc-2.11.1-multilib-1.0/arm-fsl-linux-gnueabi/bin/arm-linux-gcc -D_GNU_SOURCE -D_POSIX_C_SOURCE=200809L -D__BSD_VISIBLE=1  -Wall -lrt -pthread -Wextra  -std=c99    -o CMakeFiles/cmTC_ea4df.dir/CheckIncludeFile.c.o   -c /home/mo/share/netconf2_new/sysrepo/build/CMakeFiles/CMakeTmp/CheckIncludeFile.c
Linking C executable cmTC_ea4df
/usr/local/bin/cmake -E cmake_link_script CMakeFiles/cmTC_ea4df.dir/link.txt --verbose=1
/home/mo/share/gcc-4.4.4-glibc-2.11.1-multilib-1.0/arm-fsl-linux-gnueabi/bin/arm-linux-gcc   -Wall -lrt -pthread -Wextra  -std=c99     -rdynamic CMakeFiles/cmTC_ea4df.dir/CheckIncludeFile.c.o  -o cmTC_ea4df 
make[1]: Leaving directory '/home/mo/share/netconf2_new/sysrepo/build/CMakeFiles/CMakeTmp'



Determining size of unsigned short passed with the following output:
Change Dir: /home/mo/share/netconf2_new/sysrepo/build/CMakeFiles/CMakeTmp

Run Build Command(s):/usr/bin/make cmTC_80128/fast && /usr/bin/make  -f CMakeFiles/cmTC_80128.dir/build.make CMakeFiles/cmTC_80128.dir/build
make[1]: Entering directory '/home/mo/share/netconf2_new/sysrepo/build/CMakeFiles/CMakeTmp'
Building C object CMakeFiles/cmTC_80128.dir/CMAKE_SIZEOF_UNSIGNED_SHORT.c.o
/home/mo/share/gcc-4.4.4-glibc-2.11.1-multilib-1.0/arm-fsl-linux-gnueabi/bin/arm-linux-gcc -D_GNU_SOURCE -D_POSIX_C_SOURCE=200809L -D__BSD_VISIBLE=1  -Wall -lrt -pthread -Wextra  -std=c99    -o CMakeFiles/cmTC_80128.dir/CMAKE_SIZEOF_UNSIGNED_SHORT.c.o   -c /home/mo/share/netconf2_new/sysrepo/build/CMakeFiles/CheckTypeSize/CMAKE_SIZEOF_UNSIGNED_SHORT.c
Linking C executable cmTC_80128
/usr/local/bin/cmake -E cmake_link_script CMakeFiles/cmTC_80128.dir/link.txt --verbose=1
/home/mo/share/gcc-4.4.4-glibc-2.11.1-multilib-1.0/arm-fsl-linux-gnueabi/bin/arm-linux-gcc   -Wall -lrt -pthread -Wextra  -std=c99     -rdynamic CMakeFiles/cmTC_80128.dir/CMAKE_SIZEOF_UNSIGNED_SHORT.c.o  -o cmTC_80128 
make[1]: Leaving directory '/home/mo/share/netconf2_new/sysrepo/build/CMakeFiles/CMakeTmp'



Determining if the system is big endian passed with the following output:
Change Dir: /home/mo/share/netconf2_new/sysrepo/build/CMakeFiles/CMakeTmp

Run Build Command(s):/usr/bin/make cmTC_87e3b/fast && /usr/bin/make  -f CMakeFiles/cmTC_87e3b.dir/build.make CMakeFiles/cmTC_87e3b.dir/build
make[1]: Entering directory '/home/mo/share/netconf2_new/sysrepo/build/CMakeFiles/CMakeTmp'
Building C object CMakeFiles/cmTC_87e3b.dir/TestEndianess.c.o
/home/mo/share/gcc-4.4.4-glibc-2.11.1-multilib-1.0/arm-fsl-linux-gnueabi/bin/arm-linux-gcc   -Wall -lrt -pthread -Wextra  -std=c99    -o CMakeFiles/cmTC_87e3b.dir/TestEndianess.c.o   -c /home/mo/share/netconf2_new/sysrepo/build/CMakeFiles/CMakeTmp/TestEndianess.c
Linking C executable cmTC_87e3b
/usr/local/bin/cmake -E cmake_link_script CMakeFiles/cmTC_87e3b.dir/link.txt --verbose=1
/home/mo/share/gcc-4.4.4-glibc-2.11.1-multilib-1.0/arm-fsl-linux-gnueabi/bin/arm-linux-gcc   -Wall -lrt -pthread -Wextra  -std=c99     -rdynamic CMakeFiles/cmTC_87e3b.dir/TestEndianess.c.o  -o cmTC_87e3b 
make[1]: Leaving directory '/home/mo/share/netconf2_new/sysrepo/build/CMakeFiles/CMakeTmp'


TestEndianess.c:
/* A 16 bit integer is required. */
typedef unsigned short cmakeint16;

/* On a little endian machine, these 16bit ints will give "THIS IS LITTLE ENDIAN."
   On a big endian machine the characters will be exchanged pairwise. */
const cmakeint16 info_little[] =  {0x4854, 0x5349, 0x4920, 0x2053, 0x494c, 0x5454, 0x454c, 0x4520, 0x444e, 0x4149, 0x2e4e, 0x0000};

/* on a big endian machine, these 16bit ints will give "THIS IS BIG ENDIAN."
   On a little endian machine the characters will be exchanged pairwise. */
const cmakeint16 info_big[] =     {0x5448, 0x4953, 0x2049, 0x5320, 0x4249, 0x4720, 0x454e, 0x4449, 0x414e, 0x2e2e, 0x0000};

#ifdef __CLASSIC_C__
int main(argc, argv) int argc; char *argv[];
#else
int main(int argc, char *argv[])
#endif
{
  int require = 0;
  require += info_little[argc];
  require += info_big[argc];
  (void)argv;
  return require;
}


Determining if the function pthread_mutex_timedlock exists passed with the following output:
Change Dir: /home/mo/share/netconf2_new/sysrepo/build/CMakeFiles/CMakeTmp

Run Build Command(s):/usr/bin/make cmTC_0f990/fast && /usr/bin/make  -f CMakeFiles/cmTC_0f990.dir/build.make CMakeFiles/cmTC_0f990.dir/build
make[1]: Entering directory '/home/mo/share/netconf2_new/sysrepo/build/CMakeFiles/CMakeTmp'
Building C object CMakeFiles/cmTC_0f990.dir/CheckFunctionExists.c.o
/home/mo/share/gcc-4.4.4-glibc-2.11.1-multilib-1.0/arm-fsl-linux-gnueabi/bin/arm-linux-gcc -D_DEFAULT_SOURCE -D_GNU_SOURCE  -Wall -lrt -pthread -Wextra  -std=c99 -DCHECK_FUNCTION_EXISTS=pthread_mutex_timedlock -fPIE   -o CMakeFiles/cmTC_0f990.dir/CheckFunctionExists.c.o   -c /usr/local/share/cmake-3.17/Modules/CheckFunctionExists.c
Linking C executable cmTC_0f990
/usr/local/bin/cmake -E cmake_link_script CMakeFiles/cmTC_0f990.dir/link.txt --verbose=1
/home/mo/share/gcc-4.4.4-glibc-2.11.1-multilib-1.0/arm-fsl-linux-gnueabi/bin/arm-linux-gcc   -Wall -lrt -pthread -Wextra  -std=c99 -DCHECK_FUNCTION_EXISTS=pthread_mutex_timedlock    -rdynamic CMakeFiles/cmTC_0f990.dir/CheckFunctionExists.c.o  -o cmTC_0f990  -lpthread 
make[1]: Leaving directory '/home/mo/share/netconf2_new/sysrepo/build/CMakeFiles/CMakeTmp'



Determining if the eaccess exist passed with the following output:
Change Dir: /home/mo/share/netconf2_new/sysrepo/build/CMakeFiles/CMakeTmp

Run Build Command(s):/usr/bin/make cmTC_d7c99/fast && /usr/bin/make  -f CMakeFiles/cmTC_d7c99.dir/build.make CMakeFiles/cmTC_d7c99.dir/build
make[1]: Entering directory '/home/mo/share/netconf2_new/sysrepo/build/CMakeFiles/CMakeTmp'
Building C object CMakeFiles/cmTC_d7c99.dir/CheckSymbolExists.c.o
/home/mo/share/gcc-4.4.4-glibc-2.11.1-multilib-1.0/arm-fsl-linux-gnueabi/bin/arm-linux-gcc -D_DEFAULT_SOURCE -D_GNU_SOURCE  -Wall -lrt -pthread -Wextra  -std=c99  -fPIE   -o CMakeFiles/cmTC_d7c99.dir/CheckSymbolExists.c.o   -c /home/mo/share/netconf2_new/sysrepo/build/CMakeFiles/CMakeTmp/CheckSymbolExists.c
Linking C executable cmTC_d7c99
/usr/local/bin/cmake -E cmake_link_script CMakeFiles/cmTC_d7c99.dir/link.txt --verbose=1
/home/mo/share/gcc-4.4.4-glibc-2.11.1-multilib-1.0/arm-fsl-linux-gnueabi/bin/arm-linux-gcc   -Wall -lrt -pthread -Wextra  -std=c99     -rdynamic CMakeFiles/cmTC_d7c99.dir/CheckSymbolExists.c.o  -o cmTC_d7c99  -lpthread 
make[1]: Leaving directory '/home/mo/share/netconf2_new/sysrepo/build/CMakeFiles/CMakeTmp'


File /home/mo/share/netconf2_new/sysrepo/build/CMakeFiles/CMakeTmp/CheckSymbolExists.c:
/* */
#include <unistd.h>

int main(int argc, char** argv)
{
  (void)argv;
#ifndef eaccess
  return ((int*)(&eaccess))[argc];
#else
  (void)argc;
  return 0;
#endif
}
Determining if the mkstemps exist passed with the following output:
Change Dir: /home/mo/share/netconf2_new/sysrepo/build/CMakeFiles/CMakeTmp

Run Build Command(s):/usr/bin/make cmTC_24931/fast && /usr/bin/make  -f CMakeFiles/cmTC_24931.dir/build.make CMakeFiles/cmTC_24931.dir/build
make[1]: Entering directory '/home/mo/share/netconf2_new/sysrepo/build/CMakeFiles/CMakeTmp'
Building C object CMakeFiles/cmTC_24931.dir/CheckSymbolExists.c.o
/home/mo/share/gcc-4.4.4-glibc-2.11.1-multilib-1.0/arm-fsl-linux-gnueabi/bin/arm-linux-gcc -D_DEFAULT_SOURCE -D_GNU_SOURCE  -Wall -lrt -pthread -Wextra  -std=c99  -fPIE   -o CMakeFiles/cmTC_24931.dir/CheckSymbolExists.c.o   -c /home/mo/share/netconf2_new/sysrepo/build/CMakeFiles/CMakeTmp/CheckSymbolExists.c
Linking C executable cmTC_24931
/usr/local/bin/cmake -E cmake_link_script CMakeFiles/cmTC_24931.dir/link.txt --verbose=1
/home/mo/share/gcc-4.4.4-glibc-2.11.1-multilib-1.0/arm-fsl-linux-gnueabi/bin/arm-linux-gcc   -Wall -lrt -pthread -Wextra  -std=c99     -rdynamic CMakeFiles/cmTC_24931.dir/CheckSymbolExists.c.o  -o cmTC_24931  -lpthread 
make[1]: Leaving directory '/home/mo/share/netconf2_new/sysrepo/build/CMakeFiles/CMakeTmp'


File /home/mo/share/netconf2_new/sysrepo/build/CMakeFiles/CMakeTmp/CheckSymbolExists.c:
/* */
#include <stdlib.h>

int main(int argc, char** argv)
{
  (void)argv;
#ifndef mkstemps
  return ((int*)(&mkstemps))[argc];
#else
  (void)argc;
  return 0;
#endif
}
