Performing C SOURCE FILE Test CMAKE_HAVE_LIBC_PTHREAD failed with the following output:
Change Dir: /home/mo/share/netconf2_new/netopeer2/build/CMakeFiles/CMakeTmp

Run Build Command(s):/usr/bin/make cmTC_1f1fd/fast && /usr/bin/make  -f CMakeFiles/cmTC_1f1fd.dir/build.make CMakeFiles/cmTC_1f1fd.dir/build
make[1]: Entering directory '/home/mo/share/netconf2_new/netopeer2/build/CMakeFiles/CMakeTmp'
Building C object CMakeFiles/cmTC_1f1fd.dir/src.c.o
/home/mo/share/gcc-4.4.4-glibc-2.11.1-multilib-1.0/arm-fsl-linux-gnueabi/bin/arm-linux-gcc -D_GNU_SOURCE -D_POSIX_C_SOURCE=200809L -D__BSD_VISIBLE=1  -DCMAKE_HAVE_LIBC_PTHREAD   -o CMakeFiles/cmTC_1f1fd.dir/src.c.o   -c /home/mo/share/netconf2_new/netopeer2/build/CMakeFiles/CMakeTmp/src.c
Linking C executable cmTC_1f1fd
/usr/local/bin/cmake -E cmake_link_script CMakeFiles/cmTC_1f1fd.dir/link.txt --verbose=1
/home/mo/share/gcc-4.4.4-glibc-2.11.1-multilib-1.0/arm-fsl-linux-gnueabi/bin/arm-linux-gcc  -DCMAKE_HAVE_LIBC_PTHREAD    -rdynamic CMakeFiles/cmTC_1f1fd.dir/src.c.o  -o cmTC_1f1fd 
CMakeFiles/cmTC_1f1fd.dir/src.c.o: In function `main':
src.c:(.text+0x44): undefined reference to `pthread_create'
src.c:(.text+0x50): undefined reference to `pthread_detach'
src.c:(.text+0x5c): undefined reference to `pthread_cancel'
src.c:(.text+0x6c): undefined reference to `pthread_join'
src.c:(.text+0x7c): undefined reference to `pthread_atfork'
collect2: ld returned 1 exit status
CMakeFiles/cmTC_1f1fd.dir/build.make:106: recipe for target 'cmTC_1f1fd' failed
make[1]: *** [cmTC_1f1fd] Error 1
make[1]: Leaving directory '/home/mo/share/netconf2_new/netopeer2/build/CMakeFiles/CMakeTmp'
Makefile:141: recipe for target 'cmTC_1f1fd/fast' failed
make: *** [cmTC_1f1fd/fast] Error 2


Source file was:
#include <pthread.h>

void* test_func(void* data)
{
  return data;
}

int main(void)
{
  pthread_t thread;
  pthread_create(&thread, NULL, test_func, NULL);
  pthread_detach(thread);
  pthread_cancel(thread);
  pthread_join(thread, NULL);
  pthread_atfork(NULL, NULL, NULL);
  pthread_exit(NULL);

  return 0;
}

Determining if the function pthread_create exists in the pthreads failed with the following output:
Change Dir: /home/mo/share/netconf2_new/netopeer2/build/CMakeFiles/CMakeTmp

Run Build Command(s):/usr/bin/make cmTC_7d2b9/fast && /usr/bin/make  -f CMakeFiles/cmTC_7d2b9.dir/build.make CMakeFiles/cmTC_7d2b9.dir/build
make[1]: Entering directory '/home/mo/share/netconf2_new/netopeer2/build/CMakeFiles/CMakeTmp'
Building C object CMakeFiles/cmTC_7d2b9.dir/CheckFunctionExists.c.o
/home/mo/share/gcc-4.4.4-glibc-2.11.1-multilib-1.0/arm-fsl-linux-gnueabi/bin/arm-linux-gcc -D_GNU_SOURCE -D_POSIX_C_SOURCE=200809L -D__BSD_VISIBLE=1  -DCHECK_FUNCTION_EXISTS=pthread_create   -o CMakeFiles/cmTC_7d2b9.dir/CheckFunctionExists.c.o   -c /usr/local/share/cmake-3.17/Modules/CheckFunctionExists.c
Linking C executable cmTC_7d2b9
/usr/local/bin/cmake -E cmake_link_script CMakeFiles/cmTC_7d2b9.dir/link.txt --verbose=1
/home/mo/share/gcc-4.4.4-glibc-2.11.1-multilib-1.0/arm-fsl-linux-gnueabi/bin/arm-linux-gcc  -DCHECK_FUNCTION_EXISTS=pthread_create    -rdynamic CMakeFiles/cmTC_7d2b9.dir/CheckFunctionExists.c.o  -o cmTC_7d2b9  -lpthreads 
/home/mo/share/gcc-4.4.4-glibc-2.11.1-multilib-1.0/arm-fsl-linux-gnueabi/bin/../lib/gcc/arm-fsl-linux-gnueabi/4.4.4/../../../../arm-fsl-linux-gnueabi/bin/ld: cannot find -lpthreads
collect2: ld returned 1 exit status
CMakeFiles/cmTC_7d2b9.dir/build.make:106: recipe for target 'cmTC_7d2b9' failed
make[1]: *** [cmTC_7d2b9] Error 1
make[1]: Leaving directory '/home/mo/share/netconf2_new/netopeer2/build/CMakeFiles/CMakeTmp'
Makefile:141: recipe for target 'cmTC_7d2b9/fast' failed
make: *** [cmTC_7d2b9/fast] Error 2



Determining if the include file stdatomic.h exists failed with the following output:
Change Dir: /home/mo/share/netconf2_new/netopeer2/build/CMakeFiles/CMakeTmp

Run Build Command(s):/usr/bin/make cmTC_0b31b/fast && /usr/bin/make  -f CMakeFiles/cmTC_0b31b.dir/build.make CMakeFiles/cmTC_0b31b.dir/build
make[1]: Entering directory '/home/mo/share/netconf2_new/netopeer2/build/CMakeFiles/CMakeTmp'
Building C object CMakeFiles/cmTC_0b31b.dir/CheckIncludeFile.c.o
/home/mo/share/gcc-4.4.4-glibc-2.11.1-multilib-1.0/arm-fsl-linux-gnueabi/bin/arm-linux-gcc -D_GNU_SOURCE -D_POSIX_C_SOURCE=200809L -D__BSD_VISIBLE=1  -lpthread   -o CMakeFiles/cmTC_0b31b.dir/CheckIncludeFile.c.o   -c /home/mo/share/netconf2_new/netopeer2/build/CMakeFiles/CMakeTmp/CheckIncludeFile.c
/home/mo/share/netconf2_new/netopeer2/build/CMakeFiles/CMakeTmp/CheckIncludeFile.c:1:23: error: stdatomic.h: No such file or directory
CMakeFiles/cmTC_0b31b.dir/build.make:85: recipe for target 'CMakeFiles/cmTC_0b31b.dir/CheckIncludeFile.c.o' failed
make[1]: *** [CMakeFiles/cmTC_0b31b.dir/CheckIncludeFile.c.o] Error 1
make[1]: Leaving directory '/home/mo/share/netconf2_new/netopeer2/build/CMakeFiles/CMakeTmp'
Makefile:141: recipe for target 'cmTC_0b31b/fast' failed
make: *** [cmTC_0b31b/fast] Error 2



