The system is: Linux - 4.15.0-112-generic - x86_64
Compiling the C compiler identification source file "CMakeCCompilerId.c" succeeded.
Compiler: /home/mo/share/gcc-4.4.4-glibc-2.11.1-multilib-1.0/arm-fsl-linux-gnueabi/bin/arm-linux-gcc 
Build flags: 
Id flags:  

The output was:
0


Compilation of the C compiler identification source "CMakeCCompilerId.c" produced "a.out"

The C compiler identification is GNU, found in "/home/mo/share/netconf2_new/netopeer2/build/CMakeFiles/3.17.3/CompilerIdC/a.out"

Determining if the C compiler works passed with the following output:
Change Dir: /home/mo/share/netconf2_new/netopeer2/build/CMakeFiles/CMakeTmp

Run Build Command(s):/usr/bin/make cmTC_cd30d/fast && /usr/bin/make  -f CMakeFiles/cmTC_cd30d.dir/build.make CMakeFiles/cmTC_cd30d.dir/build
make[1]: Entering directory '/home/mo/share/netconf2_new/netopeer2/build/CMakeFiles/CMakeTmp'
Building C object CMakeFiles/cmTC_cd30d.dir/testCCompiler.c.o
/home/mo/share/gcc-4.4.4-glibc-2.11.1-multilib-1.0/arm-fsl-linux-gnueabi/bin/arm-linux-gcc    -o CMakeFiles/cmTC_cd30d.dir/testCCompiler.c.o   -c /home/mo/share/netconf2_new/netopeer2/build/CMakeFiles/CMakeTmp/testCCompiler.c
Linking C executable cmTC_cd30d
/usr/local/bin/cmake -E cmake_link_script CMakeFiles/cmTC_cd30d.dir/link.txt --verbose=1
/home/mo/share/gcc-4.4.4-glibc-2.11.1-multilib-1.0/arm-fsl-linux-gnueabi/bin/arm-linux-gcc      -rdynamic CMakeFiles/cmTC_cd30d.dir/testCCompiler.c.o  -o cmTC_cd30d 
make[1]: Leaving directory '/home/mo/share/netconf2_new/netopeer2/build/CMakeFiles/CMakeTmp'



Detecting C compiler ABI info compiled with the following output:
Change Dir: /home/mo/share/netconf2_new/netopeer2/build/CMakeFiles/CMakeTmp

Run Build Command(s):/usr/bin/make cmTC_0b54e/fast && /usr/bin/make  -f CMakeFiles/cmTC_0b54e.dir/build.make CMakeFiles/cmTC_0b54e.dir/build
make[1]: Entering directory '/home/mo/share/netconf2_new/netopeer2/build/CMakeFiles/CMakeTmp'
Building C object CMakeFiles/cmTC_0b54e.dir/CMakeCCompilerABI.c.o
/home/mo/share/gcc-4.4.4-glibc-2.11.1-multilib-1.0/arm-fsl-linux-gnueabi/bin/arm-linux-gcc   -v -o CMakeFiles/cmTC_0b54e.dir/CMakeCCompilerABI.c.o   -c /usr/local/share/cmake-3.17/Modules/CMakeCCompilerABI.c
Using built-in specs.
Target: arm-fsl-linux-gnueabi
Configured with: /work/arm-toolchains/tmp/src/gcc-4.4.4/configure --build=i686-build_pc-linux-gnu --host=i686-build_pc-linux-gnu --target=arm-fsl-linux-gnueabi --prefix=/work/arm_fsl_gcc_4.4.4_multilib --with-sysroot=/work/arm_fsl_gcc_4.4.4_multilib/arm-fsl-linux-gnueabi/multi-libs --enable-languages=c,c++ --with-pkgversion=4.4.4_09.06.2010 --enable-__cxa_atexit --disable-libmudflap --with-host-libstdcxx='-static-libgcc -Wl,-Bstatic,-lstdc++,-Bdynamic -lm' --with-gmp=/work/arm-toolchains/tmp/arm-fsl-linux-gnueabi/build/static --with-mpfr=/work/arm-toolchains/tmp/arm-fsl-linux-gnueabi/build/static --with-ppl=/work/arm-toolchains/tmp/arm-fsl-linux-gnueabi/build/static --with-cloog=/work/arm-toolchains/tmp/arm-fsl-linux-gnueabi/build/static --enable-threads=posix --enable-target-optspace --with-local-prefix=/work/arm_fsl_gcc_4.4.4_multilib/arm-fsl-linux-gnueabi/multi-libs --disable-nls --enable-symvers=gnu --enable-c99 --enable-long-long --enable-multilib --with-system-zlib --enable-lto
Thread model: posix
gcc version 4.4.4 (4.4.4_09.06.2010) 
COLLECT_GCC_OPTIONS='-v' '-o' 'CMakeFiles/cmTC_0b54e.dir/CMakeCCompilerABI.c.o' '-c'
 /home/mo/share/gcc-4.4.4-glibc-2.11.1-multilib-1.0/arm-fsl-linux-gnueabi/bin/../libexec/gcc/arm-fsl-linux-gnueabi/4.4.4/cc1 -quiet -v -iprefix /home/mo/share/gcc-4.4.4-glibc-2.11.1-multilib-1.0/arm-fsl-linux-gnueabi/bin/../lib/gcc/arm-fsl-linux-gnueabi/4.4.4/ -isysroot /home/mo/share/gcc-4.4.4-glibc-2.11.1-multilib-1.0/arm-fsl-linux-gnueabi/bin/../arm-fsl-linux-gnueabi/multi-libs /usr/local/share/cmake-3.17/Modules/CMakeCCompilerABI.c -D_FORTIFY_SOURCE=2 -quiet -dumpbase CMakeCCompilerABI.c -auxbase-strip CMakeFiles/cmTC_0b54e.dir/CMakeCCompilerABI.c.o -version -o /tmp/ccnMzqvT.s
ignoring nonexistent directory "/home/mo/share/gcc-4.4.4-glibc-2.11.1-multilib-1.0/arm-fsl-linux-gnueabi/bin/../arm-fsl-linux-gnueabi/multi-libs/work/arm_fsl_gcc_4.4.4_multilib/arm-fsl-linux-gnueabi/multi-libs/include"
ignoring duplicate directory "/home/mo/share/gcc-4.4.4-glibc-2.11.1-multilib-1.0/arm-fsl-linux-gnueabi/bin/../lib/gcc/../../lib/gcc/arm-fsl-linux-gnueabi/4.4.4/include"
ignoring duplicate directory "/home/mo/share/gcc-4.4.4-glibc-2.11.1-multilib-1.0/arm-fsl-linux-gnueabi/bin/../lib/gcc/../../lib/gcc/arm-fsl-linux-gnueabi/4.4.4/include-fixed"
ignoring duplicate directory "/home/mo/share/gcc-4.4.4-glibc-2.11.1-multilib-1.0/arm-fsl-linux-gnueabi/bin/../lib/gcc/../../lib/gcc/arm-fsl-linux-gnueabi/4.4.4/../../../../arm-fsl-linux-gnueabi/include"
ignoring duplicate directory "/home/mo/share/gcc-4.4.4-glibc-2.11.1-multilib-1.0/arm-fsl-linux-gnueabi/bin/../arm-fsl-linux-gnueabi/multi-libs/usr/include"
#include "..." search starts here:
#include <...> search starts here:
 /home/mo/share/gcc-4.4.4-glibc-2.11.1-multilib-1.0/arm-fsl-linux-gnueabi/bin/../lib/gcc/arm-fsl-linux-gnueabi/4.4.4/include
 /home/mo/share/gcc-4.4.4-glibc-2.11.1-multilib-1.0/arm-fsl-linux-gnueabi/bin/../lib/gcc/arm-fsl-linux-gnueabi/4.4.4/include-fixed
 /home/mo/share/gcc-4.4.4-glibc-2.11.1-multilib-1.0/arm-fsl-linux-gnueabi/bin/../lib/gcc/arm-fsl-linux-gnueabi/4.4.4/../../../../arm-fsl-linux-gnueabi/include
End of search list.
GNU C (4.4.4_09.06.2010) version 4.4.4 (arm-fsl-linux-gnueabi)
	compiled by GNU C version 4.1.2, GMP version 4.3.2, MPFR version 2.4.2-p2.
GGC heuristics: --param ggc-min-expand=100 --param ggc-min-heapsize=131072
Compiler executable checksum: 787c3c897e17f3d41759590be58dd346
COLLECT_GCC_OPTIONS='-v' '-o' 'CMakeFiles/cmTC_0b54e.dir/CMakeCCompilerABI.c.o' '-c'
 /home/mo/share/gcc-4.4.4-glibc-2.11.1-multilib-1.0/arm-fsl-linux-gnueabi/bin/../lib/gcc/arm-fsl-linux-gnueabi/4.4.4/../../../../arm-fsl-linux-gnueabi/bin/as -meabi=5 -o CMakeFiles/cmTC_0b54e.dir/CMakeCCompilerABI.c.o /tmp/ccnMzqvT.s
COMPILER_PATH=/home/mo/share/gcc-4.4.4-glibc-2.11.1-multilib-1.0/arm-fsl-linux-gnueabi/bin/../libexec/gcc/arm-fsl-linux-gnueabi/4.4.4/:/home/mo/share/gcc-4.4.4-glibc-2.11.1-multilib-1.0/arm-fsl-linux-gnueabi/bin/../libexec/gcc/:/home/mo/share/gcc-4.4.4-glibc-2.11.1-multilib-1.0/arm-fsl-linux-gnueabi/bin/../lib/gcc/arm-fsl-linux-gnueabi/4.4.4/../../../../arm-fsl-linux-gnueabi/bin/
LIBRARY_PATH=/home/mo/share/gcc-4.4.4-glibc-2.11.1-multilib-1.0/arm-fsl-linux-gnueabi/bin/../lib/gcc/arm-fsl-linux-gnueabi/4.4.4/:/home/mo/share/gcc-4.4.4-glibc-2.11.1-multilib-1.0/arm-fsl-linux-gnueabi/bin/../lib/gcc/:/home/mo/share/gcc-4.4.4-glibc-2.11.1-multilib-1.0/arm-fsl-linux-gnueabi/bin/../arm-fsl-linux-gnueabi/multi-libs/lib/:/home/mo/share/gcc-4.4.4-glibc-2.11.1-multilib-1.0/arm-fsl-linux-gnueabi/bin/../arm-fsl-linux-gnueabi/multi-libs/usr/lib/
COLLECT_GCC_OPTIONS='-v' '-o' 'CMakeFiles/cmTC_0b54e.dir/CMakeCCompilerABI.c.o' '-c'
Linking C executable cmTC_0b54e
/usr/local/bin/cmake -E cmake_link_script CMakeFiles/cmTC_0b54e.dir/link.txt --verbose=1
/home/mo/share/gcc-4.4.4-glibc-2.11.1-multilib-1.0/arm-fsl-linux-gnueabi/bin/arm-linux-gcc     -v -rdynamic CMakeFiles/cmTC_0b54e.dir/CMakeCCompilerABI.c.o  -o cmTC_0b54e 
Using built-in specs.
Target: arm-fsl-linux-gnueabi
Configured with: /work/arm-toolchains/tmp/src/gcc-4.4.4/configure --build=i686-build_pc-linux-gnu --host=i686-build_pc-linux-gnu --target=arm-fsl-linux-gnueabi --prefix=/work/arm_fsl_gcc_4.4.4_multilib --with-sysroot=/work/arm_fsl_gcc_4.4.4_multilib/arm-fsl-linux-gnueabi/multi-libs --enable-languages=c,c++ --with-pkgversion=4.4.4_09.06.2010 --enable-__cxa_atexit --disable-libmudflap --with-host-libstdcxx='-static-libgcc -Wl,-Bstatic,-lstdc++,-Bdynamic -lm' --with-gmp=/work/arm-toolchains/tmp/arm-fsl-linux-gnueabi/build/static --with-mpfr=/work/arm-toolchains/tmp/arm-fsl-linux-gnueabi/build/static --with-ppl=/work/arm-toolchains/tmp/arm-fsl-linux-gnueabi/build/static --with-cloog=/work/arm-toolchains/tmp/arm-fsl-linux-gnueabi/build/static --enable-threads=posix --enable-target-optspace --with-local-prefix=/work/arm_fsl_gcc_4.4.4_multilib/arm-fsl-linux-gnueabi/multi-libs --disable-nls --enable-symvers=gnu --enable-c99 --enable-long-long --enable-multilib --with-system-zlib --enable-lto
Thread model: posix
gcc version 4.4.4 (4.4.4_09.06.2010) 
COMPILER_PATH=/home/mo/share/gcc-4.4.4-glibc-2.11.1-multilib-1.0/arm-fsl-linux-gnueabi/bin/../libexec/gcc/arm-fsl-linux-gnueabi/4.4.4/:/home/mo/share/gcc-4.4.4-glibc-2.11.1-multilib-1.0/arm-fsl-linux-gnueabi/bin/../libexec/gcc/:/home/mo/share/gcc-4.4.4-glibc-2.11.1-multilib-1.0/arm-fsl-linux-gnueabi/bin/../lib/gcc/arm-fsl-linux-gnueabi/4.4.4/../../../../arm-fsl-linux-gnueabi/bin/
LIBRARY_PATH=/home/mo/share/gcc-4.4.4-glibc-2.11.1-multilib-1.0/arm-fsl-linux-gnueabi/bin/../lib/gcc/arm-fsl-linux-gnueabi/4.4.4/:/home/mo/share/gcc-4.4.4-glibc-2.11.1-multilib-1.0/arm-fsl-linux-gnueabi/bin/../lib/gcc/:/home/mo/share/gcc-4.4.4-glibc-2.11.1-multilib-1.0/arm-fsl-linux-gnueabi/bin/../arm-fsl-linux-gnueabi/multi-libs/lib/:/home/mo/share/gcc-4.4.4-glibc-2.11.1-multilib-1.0/arm-fsl-linux-gnueabi/bin/../arm-fsl-linux-gnueabi/multi-libs/usr/lib/
COLLECT_GCC_OPTIONS='-v' '-rdynamic' '-o' 'cmTC_0b54e'
 /home/mo/share/gcc-4.4.4-glibc-2.11.1-multilib-1.0/arm-fsl-linux-gnueabi/bin/../libexec/gcc/arm-fsl-linux-gnueabi/4.4.4/collect2 --sysroot=/home/mo/share/gcc-4.4.4-glibc-2.11.1-multilib-1.0/arm-fsl-linux-gnueabi/bin/../arm-fsl-linux-gnueabi/multi-libs --eh-frame-hdr -export-dynamic -dynamic-linker /lib/ld-linux.so.3 -X -m armelf_linux_eabi -o cmTC_0b54e /home/mo/share/gcc-4.4.4-glibc-2.11.1-multilib-1.0/arm-fsl-linux-gnueabi/bin/../arm-fsl-linux-gnueabi/multi-libs/usr/lib/crt1.o /home/mo/share/gcc-4.4.4-glibc-2.11.1-multilib-1.0/arm-fsl-linux-gnueabi/bin/../arm-fsl-linux-gnueabi/multi-libs/usr/lib/crti.o /home/mo/share/gcc-4.4.4-glibc-2.11.1-multilib-1.0/arm-fsl-linux-gnueabi/bin/../lib/gcc/arm-fsl-linux-gnueabi/4.4.4/crtbegin.o -L/home/mo/share/gcc-4.4.4-glibc-2.11.1-multilib-1.0/arm-fsl-linux-gnueabi/bin/../lib/gcc/arm-fsl-linux-gnueabi/4.4.4 -L/home/mo/share/gcc-4.4.4-glibc-2.11.1-multilib-1.0/arm-fsl-linux-gnueabi/bin/../lib/gcc -L/home/mo/share/gcc-4.4.4-glibc-2.11.1-multilib-1.0/arm-fsl-linux-gnueabi/bin/../arm-fsl-linux-gnueabi/multi-libs/lib -L/home/mo/share/gcc-4.4.4-glibc-2.11.1-multilib-1.0/arm-fsl-linux-gnueabi/bin/../arm-fsl-linux-gnueabi/multi-libs/usr/lib CMakeFiles/cmTC_0b54e.dir/CMakeCCompilerABI.c.o -lgcc --as-needed -lgcc_s --no-as-needed -lc -lgcc --as-needed -lgcc_s --no-as-needed /home/mo/share/gcc-4.4.4-glibc-2.11.1-multilib-1.0/arm-fsl-linux-gnueabi/bin/../lib/gcc/arm-fsl-linux-gnueabi/4.4.4/crtend.o /home/mo/share/gcc-4.4.4-glibc-2.11.1-multilib-1.0/arm-fsl-linux-gnueabi/bin/../arm-fsl-linux-gnueabi/multi-libs/usr/lib/crtn.o
make[1]: Leaving directory '/home/mo/share/netconf2_new/netopeer2/build/CMakeFiles/CMakeTmp'



Parsed C implicit include dir info from above output: rv=done
  found start of include info
  found start of implicit include info
    add: [/home/mo/share/gcc-4.4.4-glibc-2.11.1-multilib-1.0/arm-fsl-linux-gnueabi/bin/../lib/gcc/arm-fsl-linux-gnueabi/4.4.4/include]
    add: [/home/mo/share/gcc-4.4.4-glibc-2.11.1-multilib-1.0/arm-fsl-linux-gnueabi/bin/../lib/gcc/arm-fsl-linux-gnueabi/4.4.4/include-fixed]
    add: [/home/mo/share/gcc-4.4.4-glibc-2.11.1-multilib-1.0/arm-fsl-linux-gnueabi/bin/../lib/gcc/arm-fsl-linux-gnueabi/4.4.4/../../../../arm-fsl-linux-gnueabi/include]
  end of search list found
  collapse include dir [/home/mo/share/gcc-4.4.4-glibc-2.11.1-multilib-1.0/arm-fsl-linux-gnueabi/bin/../lib/gcc/arm-fsl-linux-gnueabi/4.4.4/include] ==> [/home/mo/share/gcc-4.4.4-glibc-2.11.1-multilib-1.0/arm-fsl-linux-gnueabi/lib/gcc/arm-fsl-linux-gnueabi/4.4.4/include]
  collapse include dir [/home/mo/share/gcc-4.4.4-glibc-2.11.1-multilib-1.0/arm-fsl-linux-gnueabi/bin/../lib/gcc/arm-fsl-linux-gnueabi/4.4.4/include-fixed] ==> [/home/mo/share/gcc-4.4.4-glibc-2.11.1-multilib-1.0/arm-fsl-linux-gnueabi/lib/gcc/arm-fsl-linux-gnueabi/4.4.4/include-fixed]
  collapse include dir [/home/mo/share/gcc-4.4.4-glibc-2.11.1-multilib-1.0/arm-fsl-linux-gnueabi/bin/../lib/gcc/arm-fsl-linux-gnueabi/4.4.4/../../../../arm-fsl-linux-gnueabi/include] ==> [/home/mo/share/gcc-4.4.4-glibc-2.11.1-multilib-1.0/arm-fsl-linux-gnueabi/arm-fsl-linux-gnueabi/include]
  implicit include dirs: [/home/mo/share/gcc-4.4.4-glibc-2.11.1-multilib-1.0/arm-fsl-linux-gnueabi/lib/gcc/arm-fsl-linux-gnueabi/4.4.4/include;/home/mo/share/gcc-4.4.4-glibc-2.11.1-multilib-1.0/arm-fsl-linux-gnueabi/lib/gcc/arm-fsl-linux-gnueabi/4.4.4/include-fixed;/home/mo/share/gcc-4.4.4-glibc-2.11.1-multilib-1.0/arm-fsl-linux-gnueabi/arm-fsl-linux-gnueabi/include]


Parsed C implicit link information from above output:
  link line regex: [^( *|.*[/\])(ld|CMAKE_LINK_STARTFILE-NOTFOUND|([^/\]+-)?ld|collect2)[^/\]*( |$)]
  ignore line: [Change Dir: /home/mo/share/netconf2_new/netopeer2/build/CMakeFiles/CMakeTmp]
  ignore line: []
  ignore line: [Run Build Command(s):/usr/bin/make cmTC_0b54e/fast && /usr/bin/make  -f CMakeFiles/cmTC_0b54e.dir/build.make CMakeFiles/cmTC_0b54e.dir/build]
  ignore line: [make[1]: Entering directory '/home/mo/share/netconf2_new/netopeer2/build/CMakeFiles/CMakeTmp']
  ignore line: [Building C object CMakeFiles/cmTC_0b54e.dir/CMakeCCompilerABI.c.o]
  ignore line: [/home/mo/share/gcc-4.4.4-glibc-2.11.1-multilib-1.0/arm-fsl-linux-gnueabi/bin/arm-linux-gcc   -v -o CMakeFiles/cmTC_0b54e.dir/CMakeCCompilerABI.c.o   -c /usr/local/share/cmake-3.17/Modules/CMakeCCompilerABI.c]
  ignore line: [Using built-in specs.]
  ignore line: [Target: arm-fsl-linux-gnueabi]
  ignore line: [Configured with: /work/arm-toolchains/tmp/src/gcc-4.4.4/configure --build=i686-build_pc-linux-gnu --host=i686-build_pc-linux-gnu --target=arm-fsl-linux-gnueabi --prefix=/work/arm_fsl_gcc_4.4.4_multilib --with-sysroot=/work/arm_fsl_gcc_4.4.4_multilib/arm-fsl-linux-gnueabi/multi-libs --enable-languages=c c++ --with-pkgversion=4.4.4_09.06.2010 --enable-__cxa_atexit --disable-libmudflap --with-host-libstdcxx='-static-libgcc -Wl -Bstatic -lstdc++ -Bdynamic -lm' --with-gmp=/work/arm-toolchains/tmp/arm-fsl-linux-gnueabi/build/static --with-mpfr=/work/arm-toolchains/tmp/arm-fsl-linux-gnueabi/build/static --with-ppl=/work/arm-toolchains/tmp/arm-fsl-linux-gnueabi/build/static --with-cloog=/work/arm-toolchains/tmp/arm-fsl-linux-gnueabi/build/static --enable-threads=posix --enable-target-optspace --with-local-prefix=/work/arm_fsl_gcc_4.4.4_multilib/arm-fsl-linux-gnueabi/multi-libs --disable-nls --enable-symvers=gnu --enable-c99 --enable-long-long --enable-multilib --with-system-zlib --enable-lto]
  ignore line: [Thread model: posix]
  ignore line: [gcc version 4.4.4 (4.4.4_09.06.2010) ]
  ignore line: [COLLECT_GCC_OPTIONS='-v' '-o' 'CMakeFiles/cmTC_0b54e.dir/CMakeCCompilerABI.c.o' '-c']
  ignore line: [ /home/mo/share/gcc-4.4.4-glibc-2.11.1-multilib-1.0/arm-fsl-linux-gnueabi/bin/../libexec/gcc/arm-fsl-linux-gnueabi/4.4.4/cc1 -quiet -v -iprefix /home/mo/share/gcc-4.4.4-glibc-2.11.1-multilib-1.0/arm-fsl-linux-gnueabi/bin/../lib/gcc/arm-fsl-linux-gnueabi/4.4.4/ -isysroot /home/mo/share/gcc-4.4.4-glibc-2.11.1-multilib-1.0/arm-fsl-linux-gnueabi/bin/../arm-fsl-linux-gnueabi/multi-libs /usr/local/share/cmake-3.17/Modules/CMakeCCompilerABI.c -D_FORTIFY_SOURCE=2 -quiet -dumpbase CMakeCCompilerABI.c -auxbase-strip CMakeFiles/cmTC_0b54e.dir/CMakeCCompilerABI.c.o -version -o /tmp/ccnMzqvT.s]
  ignore line: [ignoring nonexistent directory "/home/mo/share/gcc-4.4.4-glibc-2.11.1-multilib-1.0/arm-fsl-linux-gnueabi/bin/../arm-fsl-linux-gnueabi/multi-libs/work/arm_fsl_gcc_4.4.4_multilib/arm-fsl-linux-gnueabi/multi-libs/include"]
  ignore line: [ignoring duplicate directory "/home/mo/share/gcc-4.4.4-glibc-2.11.1-multilib-1.0/arm-fsl-linux-gnueabi/bin/../lib/gcc/../../lib/gcc/arm-fsl-linux-gnueabi/4.4.4/include"]
  ignore line: [ignoring duplicate directory "/home/mo/share/gcc-4.4.4-glibc-2.11.1-multilib-1.0/arm-fsl-linux-gnueabi/bin/../lib/gcc/../../lib/gcc/arm-fsl-linux-gnueabi/4.4.4/include-fixed"]
  ignore line: [ignoring duplicate directory "/home/mo/share/gcc-4.4.4-glibc-2.11.1-multilib-1.0/arm-fsl-linux-gnueabi/bin/../lib/gcc/../../lib/gcc/arm-fsl-linux-gnueabi/4.4.4/../../../../arm-fsl-linux-gnueabi/include"]
  ignore line: [ignoring duplicate directory "/home/mo/share/gcc-4.4.4-glibc-2.11.1-multilib-1.0/arm-fsl-linux-gnueabi/bin/../arm-fsl-linux-gnueabi/multi-libs/usr/include"]
  ignore line: [#include "..." search starts here:]
  ignore line: [#include <...> search starts here:]
  ignore line: [ /home/mo/share/gcc-4.4.4-glibc-2.11.1-multilib-1.0/arm-fsl-linux-gnueabi/bin/../lib/gcc/arm-fsl-linux-gnueabi/4.4.4/include]
  ignore line: [ /home/mo/share/gcc-4.4.4-glibc-2.11.1-multilib-1.0/arm-fsl-linux-gnueabi/bin/../lib/gcc/arm-fsl-linux-gnueabi/4.4.4/include-fixed]
  ignore line: [ /home/mo/share/gcc-4.4.4-glibc-2.11.1-multilib-1.0/arm-fsl-linux-gnueabi/bin/../lib/gcc/arm-fsl-linux-gnueabi/4.4.4/../../../../arm-fsl-linux-gnueabi/include]
  ignore line: [End of search list.]
  ignore line: [GNU C (4.4.4_09.06.2010) version 4.4.4 (arm-fsl-linux-gnueabi)]
  ignore line: [	compiled by GNU C version 4.1.2  GMP version 4.3.2  MPFR version 2.4.2-p2.]
  ignore line: [GGC heuristics: --param ggc-min-expand=100 --param ggc-min-heapsize=131072]
  ignore line: [Compiler executable checksum: 787c3c897e17f3d41759590be58dd346]
  ignore line: [COLLECT_GCC_OPTIONS='-v' '-o' 'CMakeFiles/cmTC_0b54e.dir/CMakeCCompilerABI.c.o' '-c']
  ignore line: [ /home/mo/share/gcc-4.4.4-glibc-2.11.1-multilib-1.0/arm-fsl-linux-gnueabi/bin/../lib/gcc/arm-fsl-linux-gnueabi/4.4.4/../../../../arm-fsl-linux-gnueabi/bin/as -meabi=5 -o CMakeFiles/cmTC_0b54e.dir/CMakeCCompilerABI.c.o /tmp/ccnMzqvT.s]
  ignore line: [COMPILER_PATH=/home/mo/share/gcc-4.4.4-glibc-2.11.1-multilib-1.0/arm-fsl-linux-gnueabi/bin/../libexec/gcc/arm-fsl-linux-gnueabi/4.4.4/:/home/mo/share/gcc-4.4.4-glibc-2.11.1-multilib-1.0/arm-fsl-linux-gnueabi/bin/../libexec/gcc/:/home/mo/share/gcc-4.4.4-glibc-2.11.1-multilib-1.0/arm-fsl-linux-gnueabi/bin/../lib/gcc/arm-fsl-linux-gnueabi/4.4.4/../../../../arm-fsl-linux-gnueabi/bin/]
  ignore line: [LIBRARY_PATH=/home/mo/share/gcc-4.4.4-glibc-2.11.1-multilib-1.0/arm-fsl-linux-gnueabi/bin/../lib/gcc/arm-fsl-linux-gnueabi/4.4.4/:/home/mo/share/gcc-4.4.4-glibc-2.11.1-multilib-1.0/arm-fsl-linux-gnueabi/bin/../lib/gcc/:/home/mo/share/gcc-4.4.4-glibc-2.11.1-multilib-1.0/arm-fsl-linux-gnueabi/bin/../arm-fsl-linux-gnueabi/multi-libs/lib/:/home/mo/share/gcc-4.4.4-glibc-2.11.1-multilib-1.0/arm-fsl-linux-gnueabi/bin/../arm-fsl-linux-gnueabi/multi-libs/usr/lib/]
  ignore line: [COLLECT_GCC_OPTIONS='-v' '-o' 'CMakeFiles/cmTC_0b54e.dir/CMakeCCompilerABI.c.o' '-c']
  ignore line: [Linking C executable cmTC_0b54e]
  ignore line: [/usr/local/bin/cmake -E cmake_link_script CMakeFiles/cmTC_0b54e.dir/link.txt --verbose=1]
  ignore line: [/home/mo/share/gcc-4.4.4-glibc-2.11.1-multilib-1.0/arm-fsl-linux-gnueabi/bin/arm-linux-gcc     -v -rdynamic CMakeFiles/cmTC_0b54e.dir/CMakeCCompilerABI.c.o  -o cmTC_0b54e ]
  ignore line: [Using built-in specs.]
  ignore line: [Target: arm-fsl-linux-gnueabi]
  ignore line: [Configured with: /work/arm-toolchains/tmp/src/gcc-4.4.4/configure --build=i686-build_pc-linux-gnu --host=i686-build_pc-linux-gnu --target=arm-fsl-linux-gnueabi --prefix=/work/arm_fsl_gcc_4.4.4_multilib --with-sysroot=/work/arm_fsl_gcc_4.4.4_multilib/arm-fsl-linux-gnueabi/multi-libs --enable-languages=c c++ --with-pkgversion=4.4.4_09.06.2010 --enable-__cxa_atexit --disable-libmudflap --with-host-libstdcxx='-static-libgcc -Wl -Bstatic -lstdc++ -Bdynamic -lm' --with-gmp=/work/arm-toolchains/tmp/arm-fsl-linux-gnueabi/build/static --with-mpfr=/work/arm-toolchains/tmp/arm-fsl-linux-gnueabi/build/static --with-ppl=/work/arm-toolchains/tmp/arm-fsl-linux-gnueabi/build/static --with-cloog=/work/arm-toolchains/tmp/arm-fsl-linux-gnueabi/build/static --enable-threads=posix --enable-target-optspace --with-local-prefix=/work/arm_fsl_gcc_4.4.4_multilib/arm-fsl-linux-gnueabi/multi-libs --disable-nls --enable-symvers=gnu --enable-c99 --enable-long-long --enable-multilib --with-system-zlib --enable-lto]
  ignore line: [Thread model: posix]
  ignore line: [gcc version 4.4.4 (4.4.4_09.06.2010) ]
  ignore line: [COMPILER_PATH=/home/mo/share/gcc-4.4.4-glibc-2.11.1-multilib-1.0/arm-fsl-linux-gnueabi/bin/../libexec/gcc/arm-fsl-linux-gnueabi/4.4.4/:/home/mo/share/gcc-4.4.4-glibc-2.11.1-multilib-1.0/arm-fsl-linux-gnueabi/bin/../libexec/gcc/:/home/mo/share/gcc-4.4.4-glibc-2.11.1-multilib-1.0/arm-fsl-linux-gnueabi/bin/../lib/gcc/arm-fsl-linux-gnueabi/4.4.4/../../../../arm-fsl-linux-gnueabi/bin/]
  ignore line: [LIBRARY_PATH=/home/mo/share/gcc-4.4.4-glibc-2.11.1-multilib-1.0/arm-fsl-linux-gnueabi/bin/../lib/gcc/arm-fsl-linux-gnueabi/4.4.4/:/home/mo/share/gcc-4.4.4-glibc-2.11.1-multilib-1.0/arm-fsl-linux-gnueabi/bin/../lib/gcc/:/home/mo/share/gcc-4.4.4-glibc-2.11.1-multilib-1.0/arm-fsl-linux-gnueabi/bin/../arm-fsl-linux-gnueabi/multi-libs/lib/:/home/mo/share/gcc-4.4.4-glibc-2.11.1-multilib-1.0/arm-fsl-linux-gnueabi/bin/../arm-fsl-linux-gnueabi/multi-libs/usr/lib/]
  ignore line: [COLLECT_GCC_OPTIONS='-v' '-rdynamic' '-o' 'cmTC_0b54e']
  link line: [ /home/mo/share/gcc-4.4.4-glibc-2.11.1-multilib-1.0/arm-fsl-linux-gnueabi/bin/../libexec/gcc/arm-fsl-linux-gnueabi/4.4.4/collect2 --sysroot=/home/mo/share/gcc-4.4.4-glibc-2.11.1-multilib-1.0/arm-fsl-linux-gnueabi/bin/../arm-fsl-linux-gnueabi/multi-libs --eh-frame-hdr -export-dynamic -dynamic-linker /lib/ld-linux.so.3 -X -m armelf_linux_eabi -o cmTC_0b54e /home/mo/share/gcc-4.4.4-glibc-2.11.1-multilib-1.0/arm-fsl-linux-gnueabi/bin/../arm-fsl-linux-gnueabi/multi-libs/usr/lib/crt1.o /home/mo/share/gcc-4.4.4-glibc-2.11.1-multilib-1.0/arm-fsl-linux-gnueabi/bin/../arm-fsl-linux-gnueabi/multi-libs/usr/lib/crti.o /home/mo/share/gcc-4.4.4-glibc-2.11.1-multilib-1.0/arm-fsl-linux-gnueabi/bin/../lib/gcc/arm-fsl-linux-gnueabi/4.4.4/crtbegin.o -L/home/mo/share/gcc-4.4.4-glibc-2.11.1-multilib-1.0/arm-fsl-linux-gnueabi/bin/../lib/gcc/arm-fsl-linux-gnueabi/4.4.4 -L/home/mo/share/gcc-4.4.4-glibc-2.11.1-multilib-1.0/arm-fsl-linux-gnueabi/bin/../lib/gcc -L/home/mo/share/gcc-4.4.4-glibc-2.11.1-multilib-1.0/arm-fsl-linux-gnueabi/bin/../arm-fsl-linux-gnueabi/multi-libs/lib -L/home/mo/share/gcc-4.4.4-glibc-2.11.1-multilib-1.0/arm-fsl-linux-gnueabi/bin/../arm-fsl-linux-gnueabi/multi-libs/usr/lib CMakeFiles/cmTC_0b54e.dir/CMakeCCompilerABI.c.o -lgcc --as-needed -lgcc_s --no-as-needed -lc -lgcc --as-needed -lgcc_s --no-as-needed /home/mo/share/gcc-4.4.4-glibc-2.11.1-multilib-1.0/arm-fsl-linux-gnueabi/bin/../lib/gcc/arm-fsl-linux-gnueabi/4.4.4/crtend.o /home/mo/share/gcc-4.4.4-glibc-2.11.1-multilib-1.0/arm-fsl-linux-gnueabi/bin/../arm-fsl-linux-gnueabi/multi-libs/usr/lib/crtn.o]
    arg [/home/mo/share/gcc-4.4.4-glibc-2.11.1-multilib-1.0/arm-fsl-linux-gnueabi/bin/../libexec/gcc/arm-fsl-linux-gnueabi/4.4.4/collect2] ==> ignore
    arg [--sysroot=/home/mo/share/gcc-4.4.4-glibc-2.11.1-multilib-1.0/arm-fsl-linux-gnueabi/bin/../arm-fsl-linux-gnueabi/multi-libs] ==> ignore
    arg [--eh-frame-hdr] ==> ignore
    arg [-export-dynamic] ==> ignore
    arg [-dynamic-linker] ==> ignore
    arg [/lib/ld-linux.so.3] ==> ignore
    arg [-X] ==> ignore
    arg [-m] ==> ignore
    arg [armelf_linux_eabi] ==> ignore
    arg [-o] ==> ignore
    arg [cmTC_0b54e] ==> ignore
    arg [/home/mo/share/gcc-4.4.4-glibc-2.11.1-multilib-1.0/arm-fsl-linux-gnueabi/bin/../arm-fsl-linux-gnueabi/multi-libs/usr/lib/crt1.o] ==> ignore
    arg [/home/mo/share/gcc-4.4.4-glibc-2.11.1-multilib-1.0/arm-fsl-linux-gnueabi/bin/../arm-fsl-linux-gnueabi/multi-libs/usr/lib/crti.o] ==> ignore
    arg [/home/mo/share/gcc-4.4.4-glibc-2.11.1-multilib-1.0/arm-fsl-linux-gnueabi/bin/../lib/gcc/arm-fsl-linux-gnueabi/4.4.4/crtbegin.o] ==> ignore
    arg [-L/home/mo/share/gcc-4.4.4-glibc-2.11.1-multilib-1.0/arm-fsl-linux-gnueabi/bin/../lib/gcc/arm-fsl-linux-gnueabi/4.4.4] ==> dir [/home/mo/share/gcc-4.4.4-glibc-2.11.1-multilib-1.0/arm-fsl-linux-gnueabi/bin/../lib/gcc/arm-fsl-linux-gnueabi/4.4.4]
    arg [-L/home/mo/share/gcc-4.4.4-glibc-2.11.1-multilib-1.0/arm-fsl-linux-gnueabi/bin/../lib/gcc] ==> dir [/home/mo/share/gcc-4.4.4-glibc-2.11.1-multilib-1.0/arm-fsl-linux-gnueabi/bin/../lib/gcc]
    arg [-L/home/mo/share/gcc-4.4.4-glibc-2.11.1-multilib-1.0/arm-fsl-linux-gnueabi/bin/../arm-fsl-linux-gnueabi/multi-libs/lib] ==> dir [/home/mo/share/gcc-4.4.4-glibc-2.11.1-multilib-1.0/arm-fsl-linux-gnueabi/bin/../arm-fsl-linux-gnueabi/multi-libs/lib]
    arg [-L/home/mo/share/gcc-4.4.4-glibc-2.11.1-multilib-1.0/arm-fsl-linux-gnueabi/bin/../arm-fsl-linux-gnueabi/multi-libs/usr/lib] ==> dir [/home/mo/share/gcc-4.4.4-glibc-2.11.1-multilib-1.0/arm-fsl-linux-gnueabi/bin/../arm-fsl-linux-gnueabi/multi-libs/usr/lib]
    arg [CMakeFiles/cmTC_0b54e.dir/CMakeCCompilerABI.c.o] ==> ignore
    arg [-lgcc] ==> lib [gcc]
    arg [--as-needed] ==> ignore
    arg [-lgcc_s] ==> lib [gcc_s]
    arg [--no-as-needed] ==> ignore
    arg [-lc] ==> lib [c]
    arg [-lgcc] ==> lib [gcc]
    arg [--as-needed] ==> ignore
    arg [-lgcc_s] ==> lib [gcc_s]
    arg [--no-as-needed] ==> ignore
    arg [/home/mo/share/gcc-4.4.4-glibc-2.11.1-multilib-1.0/arm-fsl-linux-gnueabi/bin/../lib/gcc/arm-fsl-linux-gnueabi/4.4.4/crtend.o] ==> ignore
    arg [/home/mo/share/gcc-4.4.4-glibc-2.11.1-multilib-1.0/arm-fsl-linux-gnueabi/bin/../arm-fsl-linux-gnueabi/multi-libs/usr/lib/crtn.o] ==> ignore
  collapse library dir [/home/mo/share/gcc-4.4.4-glibc-2.11.1-multilib-1.0/arm-fsl-linux-gnueabi/bin/../lib/gcc/arm-fsl-linux-gnueabi/4.4.4] ==> [/home/mo/share/gcc-4.4.4-glibc-2.11.1-multilib-1.0/arm-fsl-linux-gnueabi/lib/gcc/arm-fsl-linux-gnueabi/4.4.4]
  collapse library dir [/home/mo/share/gcc-4.4.4-glibc-2.11.1-multilib-1.0/arm-fsl-linux-gnueabi/bin/../lib/gcc] ==> [/home/mo/share/gcc-4.4.4-glibc-2.11.1-multilib-1.0/arm-fsl-linux-gnueabi/lib/gcc]
  collapse library dir [/home/mo/share/gcc-4.4.4-glibc-2.11.1-multilib-1.0/arm-fsl-linux-gnueabi/bin/../arm-fsl-linux-gnueabi/multi-libs/lib] ==> [/home/mo/share/gcc-4.4.4-glibc-2.11.1-multilib-1.0/arm-fsl-linux-gnueabi/arm-fsl-linux-gnueabi/multi-libs/lib]
  collapse library dir [/home/mo/share/gcc-4.4.4-glibc-2.11.1-multilib-1.0/arm-fsl-linux-gnueabi/bin/../arm-fsl-linux-gnueabi/multi-libs/usr/lib] ==> [/home/mo/share/gcc-4.4.4-glibc-2.11.1-multilib-1.0/arm-fsl-linux-gnueabi/arm-fsl-linux-gnueabi/multi-libs/usr/lib]
  implicit libs: [gcc;gcc_s;c;gcc;gcc_s]
  implicit dirs: [/home/mo/share/gcc-4.4.4-glibc-2.11.1-multilib-1.0/arm-fsl-linux-gnueabi/lib/gcc/arm-fsl-linux-gnueabi/4.4.4;/home/mo/share/gcc-4.4.4-glibc-2.11.1-multilib-1.0/arm-fsl-linux-gnueabi/lib/gcc;/home/mo/share/gcc-4.4.4-glibc-2.11.1-multilib-1.0/arm-fsl-linux-gnueabi/arm-fsl-linux-gnueabi/multi-libs/lib;/home/mo/share/gcc-4.4.4-glibc-2.11.1-multilib-1.0/arm-fsl-linux-gnueabi/arm-fsl-linux-gnueabi/multi-libs/usr/lib]
  implicit fwks: []


Determining if the vdprintf exist passed with the following output:
Change Dir: /home/mo/share/netconf2_new/netopeer2/build/CMakeFiles/CMakeTmp

Run Build Command(s):/usr/bin/make cmTC_39d1c/fast && /usr/bin/make  -f CMakeFiles/cmTC_39d1c.dir/build.make CMakeFiles/cmTC_39d1c.dir/build
make[1]: Entering directory '/home/mo/share/netconf2_new/netopeer2/build/CMakeFiles/CMakeTmp'
Building C object CMakeFiles/cmTC_39d1c.dir/CheckSymbolExists.c.o
/home/mo/share/gcc-4.4.4-glibc-2.11.1-multilib-1.0/arm-fsl-linux-gnueabi/bin/arm-linux-gcc -D_GNU_SOURCE -D_POSIX_C_SOURCE=200809L -D__BSD_VISIBLE=1   -o CMakeFiles/cmTC_39d1c.dir/CheckSymbolExists.c.o   -c /home/mo/share/netconf2_new/netopeer2/build/CMakeFiles/CMakeTmp/CheckSymbolExists.c
Linking C executable cmTC_39d1c
/usr/local/bin/cmake -E cmake_link_script CMakeFiles/cmTC_39d1c.dir/link.txt --verbose=1
/home/mo/share/gcc-4.4.4-glibc-2.11.1-multilib-1.0/arm-fsl-linux-gnueabi/bin/arm-linux-gcc      -rdynamic CMakeFiles/cmTC_39d1c.dir/CheckSymbolExists.c.o  -o cmTC_39d1c 
make[1]: Leaving directory '/home/mo/share/netconf2_new/netopeer2/build/CMakeFiles/CMakeTmp'


File /home/mo/share/netconf2_new/netopeer2/build/CMakeFiles/CMakeTmp/CheckSymbolExists.c:
/* */
#include <stdio.h>
#include <stdarg.h>

int main(int argc, char** argv)
{
  (void)argv;
#ifndef vdprintf
  return ((int*)(&vdprintf))[argc];
#else
  (void)argc;
  return 0;
#endif
}
Determining if the asprintf exist passed with the following output:
Change Dir: /home/mo/share/netconf2_new/netopeer2/build/CMakeFiles/CMakeTmp

Run Build Command(s):/usr/bin/make cmTC_18d6a/fast && /usr/bin/make  -f CMakeFiles/cmTC_18d6a.dir/build.make CMakeFiles/cmTC_18d6a.dir/build
make[1]: Entering directory '/home/mo/share/netconf2_new/netopeer2/build/CMakeFiles/CMakeTmp'
Building C object CMakeFiles/cmTC_18d6a.dir/CheckSymbolExists.c.o
/home/mo/share/gcc-4.4.4-glibc-2.11.1-multilib-1.0/arm-fsl-linux-gnueabi/bin/arm-linux-gcc -D_GNU_SOURCE -D_POSIX_C_SOURCE=200809L -D__BSD_VISIBLE=1   -o CMakeFiles/cmTC_18d6a.dir/CheckSymbolExists.c.o   -c /home/mo/share/netconf2_new/netopeer2/build/CMakeFiles/CMakeTmp/CheckSymbolExists.c
Linking C executable cmTC_18d6a
/usr/local/bin/cmake -E cmake_link_script CMakeFiles/cmTC_18d6a.dir/link.txt --verbose=1
/home/mo/share/gcc-4.4.4-glibc-2.11.1-multilib-1.0/arm-fsl-linux-gnueabi/bin/arm-linux-gcc      -rdynamic CMakeFiles/cmTC_18d6a.dir/CheckSymbolExists.c.o  -o cmTC_18d6a 
make[1]: Leaving directory '/home/mo/share/netconf2_new/netopeer2/build/CMakeFiles/CMakeTmp'


File /home/mo/share/netconf2_new/netopeer2/build/CMakeFiles/CMakeTmp/CheckSymbolExists.c:
/* */
#include <stdio.h>

int main(int argc, char** argv)
{
  (void)argv;
#ifndef asprintf
  return ((int*)(&asprintf))[argc];
#else
  (void)argc;
  return 0;
#endif
}
Determining if the vasprintf exist passed with the following output:
Change Dir: /home/mo/share/netconf2_new/netopeer2/build/CMakeFiles/CMakeTmp

Run Build Command(s):/usr/bin/make cmTC_be592/fast && /usr/bin/make  -f CMakeFiles/cmTC_be592.dir/build.make CMakeFiles/cmTC_be592.dir/build
make[1]: Entering directory '/home/mo/share/netconf2_new/netopeer2/build/CMakeFiles/CMakeTmp'
Building C object CMakeFiles/cmTC_be592.dir/CheckSymbolExists.c.o
/home/mo/share/gcc-4.4.4-glibc-2.11.1-multilib-1.0/arm-fsl-linux-gnueabi/bin/arm-linux-gcc -D_GNU_SOURCE -D_POSIX_C_SOURCE=200809L -D__BSD_VISIBLE=1   -o CMakeFiles/cmTC_be592.dir/CheckSymbolExists.c.o   -c /home/mo/share/netconf2_new/netopeer2/build/CMakeFiles/CMakeTmp/CheckSymbolExists.c
Linking C executable cmTC_be592
/usr/local/bin/cmake -E cmake_link_script CMakeFiles/cmTC_be592.dir/link.txt --verbose=1
/home/mo/share/gcc-4.4.4-glibc-2.11.1-multilib-1.0/arm-fsl-linux-gnueabi/bin/arm-linux-gcc      -rdynamic CMakeFiles/cmTC_be592.dir/CheckSymbolExists.c.o  -o cmTC_be592 
make[1]: Leaving directory '/home/mo/share/netconf2_new/netopeer2/build/CMakeFiles/CMakeTmp'


File /home/mo/share/netconf2_new/netopeer2/build/CMakeFiles/CMakeTmp/CheckSymbolExists.c:
/* */
#include <stdio.h>

int main(int argc, char** argv)
{
  (void)argv;
#ifndef vasprintf
  return ((int*)(&vasprintf))[argc];
#else
  (void)argc;
  return 0;
#endif
}
Determining if the get_current_dir_name exist passed with the following output:
Change Dir: /home/mo/share/netconf2_new/netopeer2/build/CMakeFiles/CMakeTmp

Run Build Command(s):/usr/bin/make cmTC_4265f/fast && /usr/bin/make  -f CMakeFiles/cmTC_4265f.dir/build.make CMakeFiles/cmTC_4265f.dir/build
make[1]: Entering directory '/home/mo/share/netconf2_new/netopeer2/build/CMakeFiles/CMakeTmp'
Building C object CMakeFiles/cmTC_4265f.dir/CheckSymbolExists.c.o
/home/mo/share/gcc-4.4.4-glibc-2.11.1-multilib-1.0/arm-fsl-linux-gnueabi/bin/arm-linux-gcc -D_GNU_SOURCE -D_POSIX_C_SOURCE=200809L -D__BSD_VISIBLE=1   -o CMakeFiles/cmTC_4265f.dir/CheckSymbolExists.c.o   -c /home/mo/share/netconf2_new/netopeer2/build/CMakeFiles/CMakeTmp/CheckSymbolExists.c
Linking C executable cmTC_4265f
/usr/local/bin/cmake -E cmake_link_script CMakeFiles/cmTC_4265f.dir/link.txt --verbose=1
/home/mo/share/gcc-4.4.4-glibc-2.11.1-multilib-1.0/arm-fsl-linux-gnueabi/bin/arm-linux-gcc      -rdynamic CMakeFiles/cmTC_4265f.dir/CheckSymbolExists.c.o  -o cmTC_4265f 
make[1]: Leaving directory '/home/mo/share/netconf2_new/netopeer2/build/CMakeFiles/CMakeTmp'


File /home/mo/share/netconf2_new/netopeer2/build/CMakeFiles/CMakeTmp/CheckSymbolExists.c:
/* */
#include <unistd.h>

int main(int argc, char** argv)
{
  (void)argv;
#ifndef get_current_dir_name
  return ((int*)(&get_current_dir_name))[argc];
#else
  (void)argc;
  return 0;
#endif
}
Determining if the strndup exist passed with the following output:
Change Dir: /home/mo/share/netconf2_new/netopeer2/build/CMakeFiles/CMakeTmp

Run Build Command(s):/usr/bin/make cmTC_10f7b/fast && /usr/bin/make  -f CMakeFiles/cmTC_10f7b.dir/build.make CMakeFiles/cmTC_10f7b.dir/build
make[1]: Entering directory '/home/mo/share/netconf2_new/netopeer2/build/CMakeFiles/CMakeTmp'
Building C object CMakeFiles/cmTC_10f7b.dir/CheckSymbolExists.c.o
/home/mo/share/gcc-4.4.4-glibc-2.11.1-multilib-1.0/arm-fsl-linux-gnueabi/bin/arm-linux-gcc -D_GNU_SOURCE -D_POSIX_C_SOURCE=200809L -D__BSD_VISIBLE=1   -o CMakeFiles/cmTC_10f7b.dir/CheckSymbolExists.c.o   -c /home/mo/share/netconf2_new/netopeer2/build/CMakeFiles/CMakeTmp/CheckSymbolExists.c
Linking C executable cmTC_10f7b
/usr/local/bin/cmake -E cmake_link_script CMakeFiles/cmTC_10f7b.dir/link.txt --verbose=1
/home/mo/share/gcc-4.4.4-glibc-2.11.1-multilib-1.0/arm-fsl-linux-gnueabi/bin/arm-linux-gcc      -rdynamic CMakeFiles/cmTC_10f7b.dir/CheckSymbolExists.c.o  -o cmTC_10f7b 
make[1]: Leaving directory '/home/mo/share/netconf2_new/netopeer2/build/CMakeFiles/CMakeTmp'


File /home/mo/share/netconf2_new/netopeer2/build/CMakeFiles/CMakeTmp/CheckSymbolExists.c:
/* */
#include <string.h>

int main(int argc, char** argv)
{
  (void)argv;
#ifndef strndup
  return ((int*)(&strndup))[argc];
#else
  (void)argc;
  return 0;
#endif
}
Determining if the getline exist passed with the following output:
Change Dir: /home/mo/share/netconf2_new/netopeer2/build/CMakeFiles/CMakeTmp

Run Build Command(s):/usr/bin/make cmTC_52c7c/fast && /usr/bin/make  -f CMakeFiles/cmTC_52c7c.dir/build.make CMakeFiles/cmTC_52c7c.dir/build
make[1]: Entering directory '/home/mo/share/netconf2_new/netopeer2/build/CMakeFiles/CMakeTmp'
Building C object CMakeFiles/cmTC_52c7c.dir/CheckSymbolExists.c.o
/home/mo/share/gcc-4.4.4-glibc-2.11.1-multilib-1.0/arm-fsl-linux-gnueabi/bin/arm-linux-gcc -D_GNU_SOURCE -D_POSIX_C_SOURCE=200809L -D__BSD_VISIBLE=1   -o CMakeFiles/cmTC_52c7c.dir/CheckSymbolExists.c.o   -c /home/mo/share/netconf2_new/netopeer2/build/CMakeFiles/CMakeTmp/CheckSymbolExists.c
Linking C executable cmTC_52c7c
/usr/local/bin/cmake -E cmake_link_script CMakeFiles/cmTC_52c7c.dir/link.txt --verbose=1
/home/mo/share/gcc-4.4.4-glibc-2.11.1-multilib-1.0/arm-fsl-linux-gnueabi/bin/arm-linux-gcc      -rdynamic CMakeFiles/cmTC_52c7c.dir/CheckSymbolExists.c.o  -o cmTC_52c7c 
make[1]: Leaving directory '/home/mo/share/netconf2_new/netopeer2/build/CMakeFiles/CMakeTmp'


File /home/mo/share/netconf2_new/netopeer2/build/CMakeFiles/CMakeTmp/CheckSymbolExists.c:
/* */
#include <stdio.h>

int main(int argc, char** argv)
{
  (void)argv;
#ifndef getline
  return ((int*)(&getline))[argc];
#else
  (void)argc;
  return 0;
#endif
}
Determining if the strdupa exist passed with the following output:
Change Dir: /home/mo/share/netconf2_new/netopeer2/build/CMakeFiles/CMakeTmp

Run Build Command(s):/usr/bin/make cmTC_c8160/fast && /usr/bin/make  -f CMakeFiles/cmTC_c8160.dir/build.make CMakeFiles/cmTC_c8160.dir/build
make[1]: Entering directory '/home/mo/share/netconf2_new/netopeer2/build/CMakeFiles/CMakeTmp'
Building C object CMakeFiles/cmTC_c8160.dir/CheckSymbolExists.c.o
/home/mo/share/gcc-4.4.4-glibc-2.11.1-multilib-1.0/arm-fsl-linux-gnueabi/bin/arm-linux-gcc -D_GNU_SOURCE -D_POSIX_C_SOURCE=200809L -D__BSD_VISIBLE=1   -o CMakeFiles/cmTC_c8160.dir/CheckSymbolExists.c.o   -c /home/mo/share/netconf2_new/netopeer2/build/CMakeFiles/CMakeTmp/CheckSymbolExists.c
Linking C executable cmTC_c8160
/usr/local/bin/cmake -E cmake_link_script CMakeFiles/cmTC_c8160.dir/link.txt --verbose=1
/home/mo/share/gcc-4.4.4-glibc-2.11.1-multilib-1.0/arm-fsl-linux-gnueabi/bin/arm-linux-gcc      -rdynamic CMakeFiles/cmTC_c8160.dir/CheckSymbolExists.c.o  -o cmTC_c8160 
make[1]: Leaving directory '/home/mo/share/netconf2_new/netopeer2/build/CMakeFiles/CMakeTmp'


File /home/mo/share/netconf2_new/netopeer2/build/CMakeFiles/CMakeTmp/CheckSymbolExists.c:
/* */
#include <string.h>

int main(int argc, char** argv)
{
  (void)argv;
#ifndef strdupa
  return ((int*)(&strdupa))[argc];
#else
  (void)argc;
  return 0;
#endif
}
Determining if the strchrnul exist passed with the following output:
Change Dir: /home/mo/share/netconf2_new/netopeer2/build/CMakeFiles/CMakeTmp

Run Build Command(s):/usr/bin/make cmTC_7776c/fast && /usr/bin/make  -f CMakeFiles/cmTC_7776c.dir/build.make CMakeFiles/cmTC_7776c.dir/build
make[1]: Entering directory '/home/mo/share/netconf2_new/netopeer2/build/CMakeFiles/CMakeTmp'
Building C object CMakeFiles/cmTC_7776c.dir/CheckSymbolExists.c.o
/home/mo/share/gcc-4.4.4-glibc-2.11.1-multilib-1.0/arm-fsl-linux-gnueabi/bin/arm-linux-gcc -D_GNU_SOURCE -D_POSIX_C_SOURCE=200809L -D__BSD_VISIBLE=1   -o CMakeFiles/cmTC_7776c.dir/CheckSymbolExists.c.o   -c /home/mo/share/netconf2_new/netopeer2/build/CMakeFiles/CMakeTmp/CheckSymbolExists.c
Linking C executable cmTC_7776c
/usr/local/bin/cmake -E cmake_link_script CMakeFiles/cmTC_7776c.dir/link.txt --verbose=1
/home/mo/share/gcc-4.4.4-glibc-2.11.1-multilib-1.0/arm-fsl-linux-gnueabi/bin/arm-linux-gcc      -rdynamic CMakeFiles/cmTC_7776c.dir/CheckSymbolExists.c.o  -o cmTC_7776c 
make[1]: Leaving directory '/home/mo/share/netconf2_new/netopeer2/build/CMakeFiles/CMakeTmp'


File /home/mo/share/netconf2_new/netopeer2/build/CMakeFiles/CMakeTmp/CheckSymbolExists.c:
/* */
#include <string.h>

int main(int argc, char** argv)
{
  (void)argv;
#ifndef strchrnul
  return ((int*)(&strchrnul))[argc];
#else
  (void)argc;
  return 0;
#endif
}
Determining if the include file sys/types.h exists passed with the following output:
Change Dir: /home/mo/share/netconf2_new/netopeer2/build/CMakeFiles/CMakeTmp

Run Build Command(s):/usr/bin/make cmTC_a78e6/fast && /usr/bin/make  -f CMakeFiles/cmTC_a78e6.dir/build.make CMakeFiles/cmTC_a78e6.dir/build
make[1]: Entering directory '/home/mo/share/netconf2_new/netopeer2/build/CMakeFiles/CMakeTmp'
Building C object CMakeFiles/cmTC_a78e6.dir/CheckIncludeFile.c.o
/home/mo/share/gcc-4.4.4-glibc-2.11.1-multilib-1.0/arm-fsl-linux-gnueabi/bin/arm-linux-gcc -D_GNU_SOURCE -D_POSIX_C_SOURCE=200809L -D__BSD_VISIBLE=1   -o CMakeFiles/cmTC_a78e6.dir/CheckIncludeFile.c.o   -c /home/mo/share/netconf2_new/netopeer2/build/CMakeFiles/CMakeTmp/CheckIncludeFile.c
Linking C executable cmTC_a78e6
/usr/local/bin/cmake -E cmake_link_script CMakeFiles/cmTC_a78e6.dir/link.txt --verbose=1
/home/mo/share/gcc-4.4.4-glibc-2.11.1-multilib-1.0/arm-fsl-linux-gnueabi/bin/arm-linux-gcc      -rdynamic CMakeFiles/cmTC_a78e6.dir/CheckIncludeFile.c.o  -o cmTC_a78e6 
make[1]: Leaving directory '/home/mo/share/netconf2_new/netopeer2/build/CMakeFiles/CMakeTmp'



Determining if the include file stdint.h exists passed with the following output:
Change Dir: /home/mo/share/netconf2_new/netopeer2/build/CMakeFiles/CMakeTmp

Run Build Command(s):/usr/bin/make cmTC_5e83a/fast && /usr/bin/make  -f CMakeFiles/cmTC_5e83a.dir/build.make CMakeFiles/cmTC_5e83a.dir/build
make[1]: Entering directory '/home/mo/share/netconf2_new/netopeer2/build/CMakeFiles/CMakeTmp'
Building C object CMakeFiles/cmTC_5e83a.dir/CheckIncludeFile.c.o
/home/mo/share/gcc-4.4.4-glibc-2.11.1-multilib-1.0/arm-fsl-linux-gnueabi/bin/arm-linux-gcc -D_GNU_SOURCE -D_POSIX_C_SOURCE=200809L -D__BSD_VISIBLE=1   -o CMakeFiles/cmTC_5e83a.dir/CheckIncludeFile.c.o   -c /home/mo/share/netconf2_new/netopeer2/build/CMakeFiles/CMakeTmp/CheckIncludeFile.c
Linking C executable cmTC_5e83a
/usr/local/bin/cmake -E cmake_link_script CMakeFiles/cmTC_5e83a.dir/link.txt --verbose=1
/home/mo/share/gcc-4.4.4-glibc-2.11.1-multilib-1.0/arm-fsl-linux-gnueabi/bin/arm-linux-gcc      -rdynamic CMakeFiles/cmTC_5e83a.dir/CheckIncludeFile.c.o  -o cmTC_5e83a 
make[1]: Leaving directory '/home/mo/share/netconf2_new/netopeer2/build/CMakeFiles/CMakeTmp'



Determining if the include file stddef.h exists passed with the following output:
Change Dir: /home/mo/share/netconf2_new/netopeer2/build/CMakeFiles/CMakeTmp

Run Build Command(s):/usr/bin/make cmTC_14fd6/fast && /usr/bin/make  -f CMakeFiles/cmTC_14fd6.dir/build.make CMakeFiles/cmTC_14fd6.dir/build
make[1]: Entering directory '/home/mo/share/netconf2_new/netopeer2/build/CMakeFiles/CMakeTmp'
Building C object CMakeFiles/cmTC_14fd6.dir/CheckIncludeFile.c.o
/home/mo/share/gcc-4.4.4-glibc-2.11.1-multilib-1.0/arm-fsl-linux-gnueabi/bin/arm-linux-gcc -D_GNU_SOURCE -D_POSIX_C_SOURCE=200809L -D__BSD_VISIBLE=1   -o CMakeFiles/cmTC_14fd6.dir/CheckIncludeFile.c.o   -c /home/mo/share/netconf2_new/netopeer2/build/CMakeFiles/CMakeTmp/CheckIncludeFile.c
Linking C executable cmTC_14fd6
/usr/local/bin/cmake -E cmake_link_script CMakeFiles/cmTC_14fd6.dir/link.txt --verbose=1
/home/mo/share/gcc-4.4.4-glibc-2.11.1-multilib-1.0/arm-fsl-linux-gnueabi/bin/arm-linux-gcc      -rdynamic CMakeFiles/cmTC_14fd6.dir/CheckIncludeFile.c.o  -o cmTC_14fd6 
make[1]: Leaving directory '/home/mo/share/netconf2_new/netopeer2/build/CMakeFiles/CMakeTmp'



Determining size of unsigned short passed with the following output:
Change Dir: /home/mo/share/netconf2_new/netopeer2/build/CMakeFiles/CMakeTmp

Run Build Command(s):/usr/bin/make cmTC_157a6/fast && /usr/bin/make  -f CMakeFiles/cmTC_157a6.dir/build.make CMakeFiles/cmTC_157a6.dir/build
make[1]: Entering directory '/home/mo/share/netconf2_new/netopeer2/build/CMakeFiles/CMakeTmp'
Building C object CMakeFiles/cmTC_157a6.dir/CMAKE_SIZEOF_UNSIGNED_SHORT.c.o
/home/mo/share/gcc-4.4.4-glibc-2.11.1-multilib-1.0/arm-fsl-linux-gnueabi/bin/arm-linux-gcc -D_GNU_SOURCE -D_POSIX_C_SOURCE=200809L -D__BSD_VISIBLE=1   -o CMakeFiles/cmTC_157a6.dir/CMAKE_SIZEOF_UNSIGNED_SHORT.c.o   -c /home/mo/share/netconf2_new/netopeer2/build/CMakeFiles/CheckTypeSize/CMAKE_SIZEOF_UNSIGNED_SHORT.c
Linking C executable cmTC_157a6
/usr/local/bin/cmake -E cmake_link_script CMakeFiles/cmTC_157a6.dir/link.txt --verbose=1
/home/mo/share/gcc-4.4.4-glibc-2.11.1-multilib-1.0/arm-fsl-linux-gnueabi/bin/arm-linux-gcc      -rdynamic CMakeFiles/cmTC_157a6.dir/CMAKE_SIZEOF_UNSIGNED_SHORT.c.o  -o cmTC_157a6 
make[1]: Leaving directory '/home/mo/share/netconf2_new/netopeer2/build/CMakeFiles/CMakeTmp'



Determining if the system is big endian passed with the following output:
Change Dir: /home/mo/share/netconf2_new/netopeer2/build/CMakeFiles/CMakeTmp

Run Build Command(s):/usr/bin/make cmTC_32287/fast && /usr/bin/make  -f CMakeFiles/cmTC_32287.dir/build.make CMakeFiles/cmTC_32287.dir/build
make[1]: Entering directory '/home/mo/share/netconf2_new/netopeer2/build/CMakeFiles/CMakeTmp'
Building C object CMakeFiles/cmTC_32287.dir/TestEndianess.c.o
/home/mo/share/gcc-4.4.4-glibc-2.11.1-multilib-1.0/arm-fsl-linux-gnueabi/bin/arm-linux-gcc    -o CMakeFiles/cmTC_32287.dir/TestEndianess.c.o   -c /home/mo/share/netconf2_new/netopeer2/build/CMakeFiles/CMakeTmp/TestEndianess.c
Linking C executable cmTC_32287
/usr/local/bin/cmake -E cmake_link_script CMakeFiles/cmTC_32287.dir/link.txt --verbose=1
/home/mo/share/gcc-4.4.4-glibc-2.11.1-multilib-1.0/arm-fsl-linux-gnueabi/bin/arm-linux-gcc      -rdynamic CMakeFiles/cmTC_32287.dir/TestEndianess.c.o  -o cmTC_32287 
make[1]: Leaving directory '/home/mo/share/netconf2_new/netopeer2/build/CMakeFiles/CMakeTmp'


TestEndianess.c:
/* A 16 bit integer is required. */
typedef unsigned short cmakeint16;

/* On a little endian machine, these 16bit ints will give "THIS IS LITTLE ENDIAN."
   On a big endian machine the characters will be exchanged pairwise. */
const cmakeint16 info_little[] =  {0x4854, 0x5349, 0x4920, 0x2053, 0x494c, 0x5454, 0x454c, 0x4520, 0x444e, 0x4149, 0x2e4e, 0x0000};

/* on a big endian machine, these 16bit ints will give "THIS IS BIG ENDIAN."
   On a little endian machine the characters will be exchanged pairwise. */
const cmakeint16 info_big[] =     {0x5448, 0x4953, 0x2049, 0x5320, 0x4249, 0x4720, 0x454e, 0x4449, 0x414e, 0x2e2e, 0x0000};

#ifdef __CLASSIC_C__
int main(argc, argv) int argc; char *argv[];
#else
int main(int argc, char *argv[])
#endif
{
  int require = 0;
  require += info_little[argc];
  require += info_big[argc];
  (void)argv;
  return require;
}


Determining if the include file pthread.h exists passed with the following output:
Change Dir: /home/mo/share/netconf2_new/netopeer2/build/CMakeFiles/CMakeTmp

Run Build Command(s):/usr/bin/make cmTC_8b8af/fast && /usr/bin/make  -f CMakeFiles/cmTC_8b8af.dir/build.make CMakeFiles/cmTC_8b8af.dir/build
make[1]: Entering directory '/home/mo/share/netconf2_new/netopeer2/build/CMakeFiles/CMakeTmp'
Building C object CMakeFiles/cmTC_8b8af.dir/CheckIncludeFile.c.o
/home/mo/share/gcc-4.4.4-glibc-2.11.1-multilib-1.0/arm-fsl-linux-gnueabi/bin/arm-linux-gcc -D_GNU_SOURCE -D_POSIX_C_SOURCE=200809L -D__BSD_VISIBLE=1   -o CMakeFiles/cmTC_8b8af.dir/CheckIncludeFile.c.o   -c /home/mo/share/netconf2_new/netopeer2/build/CMakeFiles/CMakeTmp/CheckIncludeFile.c
Linking C executable cmTC_8b8af
/usr/local/bin/cmake -E cmake_link_script CMakeFiles/cmTC_8b8af.dir/link.txt --verbose=1
/home/mo/share/gcc-4.4.4-glibc-2.11.1-multilib-1.0/arm-fsl-linux-gnueabi/bin/arm-linux-gcc      -rdynamic CMakeFiles/cmTC_8b8af.dir/CheckIncludeFile.c.o  -o cmTC_8b8af 
make[1]: Leaving directory '/home/mo/share/netconf2_new/netopeer2/build/CMakeFiles/CMakeTmp'



Determining if the function pthread_create exists in the pthread passed with the following output:
Change Dir: /home/mo/share/netconf2_new/netopeer2/build/CMakeFiles/CMakeTmp

Run Build Command(s):/usr/bin/make cmTC_34141/fast && /usr/bin/make  -f CMakeFiles/cmTC_34141.dir/build.make CMakeFiles/cmTC_34141.dir/build
make[1]: Entering directory '/home/mo/share/netconf2_new/netopeer2/build/CMakeFiles/CMakeTmp'
Building C object CMakeFiles/cmTC_34141.dir/CheckFunctionExists.c.o
/home/mo/share/gcc-4.4.4-glibc-2.11.1-multilib-1.0/arm-fsl-linux-gnueabi/bin/arm-linux-gcc -D_GNU_SOURCE -D_POSIX_C_SOURCE=200809L -D__BSD_VISIBLE=1  -DCHECK_FUNCTION_EXISTS=pthread_create   -o CMakeFiles/cmTC_34141.dir/CheckFunctionExists.c.o   -c /usr/local/share/cmake-3.17/Modules/CheckFunctionExists.c
Linking C executable cmTC_34141
/usr/local/bin/cmake -E cmake_link_script CMakeFiles/cmTC_34141.dir/link.txt --verbose=1
/home/mo/share/gcc-4.4.4-glibc-2.11.1-multilib-1.0/arm-fsl-linux-gnueabi/bin/arm-linux-gcc  -DCHECK_FUNCTION_EXISTS=pthread_create    -rdynamic CMakeFiles/cmTC_34141.dir/CheckFunctionExists.c.o  -o cmTC_34141  -lpthread 
make[1]: Leaving directory '/home/mo/share/netconf2_new/netopeer2/build/CMakeFiles/CMakeTmp'



Determining if the function eaccess exists passed with the following output:
Change Dir: /home/mo/share/netconf2_new/netopeer2/build/CMakeFiles/CMakeTmp

Run Build Command(s):/usr/bin/make cmTC_76b1f/fast && /usr/bin/make  -f CMakeFiles/cmTC_76b1f.dir/build.make CMakeFiles/cmTC_76b1f.dir/build
make[1]: Entering directory '/home/mo/share/netconf2_new/netopeer2/build/CMakeFiles/CMakeTmp'
Building C object CMakeFiles/cmTC_76b1f.dir/CheckFunctionExists.c.o
/home/mo/share/gcc-4.4.4-glibc-2.11.1-multilib-1.0/arm-fsl-linux-gnueabi/bin/arm-linux-gcc -D_GNU_SOURCE -D_POSIX_C_SOURCE=200809L -D__BSD_VISIBLE=1 -I/home/mo/share/netconf2/lib/libssh/_install/include -I/home/mo/share/netconf2/lib/libnetconf2/_install/include -I/home/mo/share/netconf2/lib/openssl/debug/output/include -I/opt/libyang/include -I/opt/libnetconf2/include -I/opt/sysrepo/include  -DCHECK_FUNCTION_EXISTS=eaccess -lpthread   -o CMakeFiles/cmTC_76b1f.dir/CheckFunctionExists.c.o   -c /usr/local/share/cmake-3.17/Modules/CheckFunctionExists.c
Linking C executable cmTC_76b1f
/usr/local/bin/cmake -E cmake_link_script CMakeFiles/cmTC_76b1f.dir/link.txt --verbose=1
/home/mo/share/gcc-4.4.4-glibc-2.11.1-multilib-1.0/arm-fsl-linux-gnueabi/bin/arm-linux-gcc  -DCHECK_FUNCTION_EXISTS=eaccess -lpthread    -rdynamic CMakeFiles/cmTC_76b1f.dir/CheckFunctionExists.c.o  -o cmTC_76b1f  -Wl,-rpath,/home/mo/share/netconf2/lib/libssh/_install/lib:/home/mo/share/netconf2/lib/openssl/debug/output/lib:/opt/libyang/lib:/opt/libnetconf2/lib:/opt/sysrepo/lib /home/mo/share/netconf2/lib/libssh/_install/lib/libssh.so.4.8.1 /home/mo/share/netconf2/lib/openssl/debug/output/lib/libcrypto.so.1.1 /home/mo/share/netconf2/lib/openssl/debug/output/lib/libssl.a /opt/libyang/lib/libyang.so.1.8.4 /opt/libnetconf2/lib/libnetconf2.so.1.3.5 /opt/sysrepo/lib/libsysrepo.so.5.5.8 /opt/libnetconf2/lib/libnetconf2.so.1.3.5 /home/mo/share/netconf2/lib/libssh/_install/lib/libssh.so.4.8.1 /home/mo/share/netconf2/lib/openssl/debug/output/lib/libcrypto.so.1.1 /home/mo/share/netconf2/lib/openssl/debug/output/lib/libssl.so /home/mo/share/netconf2/lib/openssl/debug/output/lib/libcrypto.so /home/mo/share/netconf2/lib/openssl/debug/output/lib/libssl.a /opt/libyang/lib/libyang.so.1.8.4 /opt/sysrepo/lib/libsysrepo.so.5.5.8 /home/mo/share/netconf2/lib/openssl/debug/output/lib/libssl.so /home/mo/share/netconf2/lib/openssl/debug/output/lib/libcrypto.so 
make[1]: Leaving directory '/home/mo/share/netconf2_new/netopeer2/build/CMakeFiles/CMakeTmp'



Determining if the function mkstemps exists passed with the following output:
Change Dir: /home/mo/share/netconf2_new/netopeer2/build/CMakeFiles/CMakeTmp

Run Build Command(s):/usr/bin/make cmTC_ed69e/fast && /usr/bin/make  -f CMakeFiles/cmTC_ed69e.dir/build.make CMakeFiles/cmTC_ed69e.dir/build
make[1]: Entering directory '/home/mo/share/netconf2_new/netopeer2/build/CMakeFiles/CMakeTmp'
Building C object CMakeFiles/cmTC_ed69e.dir/CheckFunctionExists.c.o
/home/mo/share/gcc-4.4.4-glibc-2.11.1-multilib-1.0/arm-fsl-linux-gnueabi/bin/arm-linux-gcc -D_GNU_SOURCE -D_POSIX_C_SOURCE=200809L -D__BSD_VISIBLE=1 -I/home/mo/share/netconf2/lib/libssh/_install/include -I/home/mo/share/netconf2/lib/libnetconf2/_install/include -I/home/mo/share/netconf2/lib/openssl/debug/output/include -I/opt/libyang/include -I/opt/libnetconf2/include -I/opt/sysrepo/include  -DCHECK_FUNCTION_EXISTS=mkstemps -lpthread   -o CMakeFiles/cmTC_ed69e.dir/CheckFunctionExists.c.o   -c /usr/local/share/cmake-3.17/Modules/CheckFunctionExists.c
Linking C executable cmTC_ed69e
/usr/local/bin/cmake -E cmake_link_script CMakeFiles/cmTC_ed69e.dir/link.txt --verbose=1
/home/mo/share/gcc-4.4.4-glibc-2.11.1-multilib-1.0/arm-fsl-linux-gnueabi/bin/arm-linux-gcc  -DCHECK_FUNCTION_EXISTS=mkstemps -lpthread    -rdynamic CMakeFiles/cmTC_ed69e.dir/CheckFunctionExists.c.o  -o cmTC_ed69e  -Wl,-rpath,/home/mo/share/netconf2/lib/libssh/_install/lib:/home/mo/share/netconf2/lib/openssl/debug/output/lib:/opt/libyang/lib:/opt/libnetconf2/lib:/opt/sysrepo/lib /home/mo/share/netconf2/lib/libssh/_install/lib/libssh.so.4.8.1 /home/mo/share/netconf2/lib/openssl/debug/output/lib/libcrypto.so.1.1 /home/mo/share/netconf2/lib/openssl/debug/output/lib/libssl.a /opt/libyang/lib/libyang.so.1.8.4 /opt/libnetconf2/lib/libnetconf2.so.1.3.5 /opt/sysrepo/lib/libsysrepo.so.5.5.8 /opt/libnetconf2/lib/libnetconf2.so.1.3.5 /home/mo/share/netconf2/lib/libssh/_install/lib/libssh.so.4.8.1 /home/mo/share/netconf2/lib/openssl/debug/output/lib/libcrypto.so.1.1 /home/mo/share/netconf2/lib/openssl/debug/output/lib/libssl.so /home/mo/share/netconf2/lib/openssl/debug/output/lib/libcrypto.so /home/mo/share/netconf2/lib/openssl/debug/output/lib/libssl.a /opt/libyang/lib/libyang.so.1.8.4 /opt/sysrepo/lib/libsysrepo.so.5.5.8 /home/mo/share/netconf2/lib/openssl/debug/output/lib/libssl.so /home/mo/share/netconf2/lib/openssl/debug/output/lib/libcrypto.so 
make[1]: Leaving directory '/home/mo/share/netconf2_new/netopeer2/build/CMakeFiles/CMakeTmp'



