Performing C SOURCE FILE Test CMAKE_HAVE_LIBC_PTHREAD failed with the following output:
Change Dir: /home/mo/share/netconf2_new/libyang/build/CMakeFiles/CMakeTmp

Run Build Command(s):/usr/bin/make cmTC_a6d0d/fast && /usr/bin/make  -f CMakeFiles/cmTC_a6d0d.dir/build.make CMakeFiles/cmTC_a6d0d.dir/build
make[1]: Entering directory '/home/mo/share/netconf2_new/libyang/build/CMakeFiles/CMakeTmp'
Building C object CMakeFiles/cmTC_a6d0d.dir/src.c.o
/home/mo/share/gcc-4.4.4-glibc-2.11.1-multilib-1.0/arm-fsl-linux-gnueabi/bin/arm-linux-gcc -D_GNU_SOURCE -D_POSIX_C_SOURCE=200809L -D__BSD_VISIBLE=1  -Wall -Wextra -std=gnu99 -DCMAKE_HAVE_LIBC_PTHREAD -fPIE   -o CMakeFiles/cmTC_a6d0d.dir/src.c.o   -c /home/mo/share/netconf2_new/libyang/build/CMakeFiles/CMakeTmp/src.c
Linking C executable cmTC_a6d0d
/usr/local/bin/cmake -E cmake_link_script CMakeFiles/cmTC_a6d0d.dir/link.txt --verbose=1
/home/mo/share/gcc-4.4.4-glibc-2.11.1-multilib-1.0/arm-fsl-linux-gnueabi/bin/arm-linux-gcc  -Wall -Wextra -std=gnu99 -DCMAKE_HAVE_LIBC_PTHREAD    -rdynamic CMakeFiles/cmTC_a6d0d.dir/src.c.o  -o cmTC_a6d0d 
CMakeFiles/cmTC_a6d0d.dir/src.c.o: In function `main':
src.c:(.text+0x54): undefined reference to `pthread_create'
src.c:(.text+0x60): undefined reference to `pthread_detach'
src.c:(.text+0x6c): undefined reference to `pthread_cancel'
src.c:(.text+0x7c): undefined reference to `pthread_join'
src.c:(.text+0x8c): undefined reference to `pthread_atfork'
collect2: ld returned 1 exit status
CMakeFiles/cmTC_a6d0d.dir/build.make:106: recipe for target 'cmTC_a6d0d' failed
make[1]: *** [cmTC_a6d0d] Error 1
make[1]: Leaving directory '/home/mo/share/netconf2_new/libyang/build/CMakeFiles/CMakeTmp'
Makefile:141: recipe for target 'cmTC_a6d0d/fast' failed
make: *** [cmTC_a6d0d/fast] Error 2


Source file was:
#include <pthread.h>

void* test_func(void* data)
{
  return data;
}

int main(void)
{
  pthread_t thread;
  pthread_create(&thread, NULL, test_func, NULL);
  pthread_detach(thread);
  pthread_cancel(thread);
  pthread_join(thread, NULL);
  pthread_atfork(NULL, NULL, NULL);
  pthread_exit(NULL);

  return 0;
}

Determining if the function pthread_create exists in the pthreads failed with the following output:
Change Dir: /home/mo/share/netconf2_new/libyang/build/CMakeFiles/CMakeTmp

Run Build Command(s):/usr/bin/make cmTC_657d1/fast && /usr/bin/make  -f CMakeFiles/cmTC_657d1.dir/build.make CMakeFiles/cmTC_657d1.dir/build
make[1]: Entering directory '/home/mo/share/netconf2_new/libyang/build/CMakeFiles/CMakeTmp'
Building C object CMakeFiles/cmTC_657d1.dir/CheckFunctionExists.c.o
/home/mo/share/gcc-4.4.4-glibc-2.11.1-multilib-1.0/arm-fsl-linux-gnueabi/bin/arm-linux-gcc -D_GNU_SOURCE -D_POSIX_C_SOURCE=200809L -D__BSD_VISIBLE=1  -Wall -Wextra -std=gnu99 -DCHECK_FUNCTION_EXISTS=pthread_create -fPIE   -o CMakeFiles/cmTC_657d1.dir/CheckFunctionExists.c.o   -c /usr/local/share/cmake-3.17/Modules/CheckFunctionExists.c
Linking C executable cmTC_657d1
/usr/local/bin/cmake -E cmake_link_script CMakeFiles/cmTC_657d1.dir/link.txt --verbose=1
/home/mo/share/gcc-4.4.4-glibc-2.11.1-multilib-1.0/arm-fsl-linux-gnueabi/bin/arm-linux-gcc  -Wall -Wextra -std=gnu99 -DCHECK_FUNCTION_EXISTS=pthread_create    -rdynamic CMakeFiles/cmTC_657d1.dir/CheckFunctionExists.c.o  -o cmTC_657d1  -lpthreads 
/home/mo/share/gcc-4.4.4-glibc-2.11.1-multilib-1.0/arm-fsl-linux-gnueabi/bin/../lib/gcc/arm-fsl-linux-gnueabi/4.4.4/../../../../arm-fsl-linux-gnueabi/bin/ld: cannot find -lpthreads
collect2: ld returned 1 exit status
CMakeFiles/cmTC_657d1.dir/build.make:106: recipe for target 'cmTC_657d1' failed
make[1]: *** [cmTC_657d1] Error 1
make[1]: Leaving directory '/home/mo/share/netconf2_new/libyang/build/CMakeFiles/CMakeTmp'
Makefile:141: recipe for target 'cmTC_657d1/fast' failed
make: *** [cmTC_657d1/fast] Error 2



